16:23:57.434 [main                     ] DEBUG Logger               - Configured Logger
16:23:57.455 [main                     ] DEBUG GameApplication      - Logging settings
Title: Space_Game
Version: 1.0
Width: 1920
Height: 1080
Fullscreen: false
Intro: false
Profiling: false
Single step:false
App Mode: DEVELOPER
Menu Key: ESCAPE
Stage Style: DECORATED
Scene Factory: class main.spacegame.SpaceGameApp$1

16:23:57.717 [JavaFX Application Thread] DEBUG FXGLApplication      - Initializing FXGL
16:23:57.723 [JavaFX Application Thread] INFO  Engine               - FXGL-17.3 (30.03.2023 11.54) on WINDOWS (J:19 FX:20)
16:23:57.724 [JavaFX Application Thread] DEBUG Engine               - JRE Vendor Name: Oracle Corporation
16:23:57.724 [JavaFX Application Thread] DEBUG Engine               - Running on OS: Windows 11 version 10.0
16:23:57.724 [JavaFX Application Thread] DEBUG Engine               - Architecture: amd64
16:23:57.724 [JavaFX Application Thread] INFO  Engine               - Source code and latest versions at: https://github.com/AlmasB/FXGL
16:23:57.724 [JavaFX Application Thread] INFO  Engine               -       Ask questions and discuss at: https://github.com/AlmasB/FXGL/discussions
16:23:57.724 [JavaFX Application Thread] INFO  Engine               -              Join the FXGL chat at: https://gitter.im/AlmasB/FXGL
16:23:57.810 [JavaFX Application Thread] DEBUG PrimaryStageWindow   - Creating a JavaFX scene
16:23:57.810 [JavaFX Application Thread] DEBUG PrimaryStageWindow   - Target size > screen size
16:23:57.846 [JavaFX Application Thread] DEBUG PrimaryStageWindow   - Target settings size: 1920.0 x 1080.0
16:23:57.847 [JavaFX Application Thread] DEBUG PrimaryStageWindow   - Scaled scene size:    1425.0 x 815.0
16:23:57.847 [JavaFX Application Thread] DEBUG PrimaryStageWindow   - Scaled ratio: (0.7421875, 0.7546296296296297)
16:23:57.848 [JavaFX Application Thread] DEBUG PrimaryStageWindow   - Set initial scene to FXGLStartupScene
16:23:57.850 [JavaFX Application Thread] DEBUG PrimaryStageWindow   - Opening main window
16:23:57.923 [JavaFX Application Thread] DEBUG PrimaryStageWindow   - Window border size: (15.0, 37.79998779296875)
16:23:57.924 [JavaFX Application Thread] DEBUG PrimaryStageWindow   - Scaled size: 1425.0 x 815.0
16:23:57.924 [JavaFX Application Thread] DEBUG PrimaryStageWindow   - Scaled ratio: (0.7421875, 0.7546296296296297)
16:23:57.924 [JavaFX Application Thread] DEBUG PrimaryStageWindow   - Scene size: 1425.0 x 815.0
16:23:57.924 [JavaFX Application Thread] DEBUG PrimaryStageWindow   - Stage size: 1440.0 x 852.7999877929688
16:23:57.931 [FXGL Background Thread 1 ] DEBUG Engine               - Initializing environment variables
16:23:57.980 [FXGL Background Thread 1 ] DEBUG FXGLAssetLoaderServi - User app class for loading assets: class main.spacegame.SpaceGameApp
16:23:57.980 [FXGL Background Thread 1 ] DEBUG GameApplicationServi - Applying CSS: fxgl_dark.css
16:23:57.980 [FXGL Background Thread 1 ] DEBUG FXGLAssetLoaderServi - Loading from file system: jar:file:/C:/Users/alprn/Downloads/fxgl-17.3-uber.jar!/fxglassets/ui/css/fxgl_dark.css
16:23:58.014 [FXGL Background Thread 1 ] DEBUG GameApplicationServi - Initializing application scenes
16:23:58.049 [FXGL Background Thread 1 ] DEBUG GameWorld            - Game world initialized
16:23:58.089 [FXGL Background Thread 1 ] DEBUG PhysicsWorld         - Physics world initialized: appHeight=1080, physics.ppm=50,0
16:23:58.091 [FXGL Background Thread 1 ] DEBUG PhysicsWorld         - Using strategy: BRUTE_FORCE
16:23:58.094 [FXGL Background Thread 1 ] DEBUG GameScene            - Game scene initialized: 1920x1080
16:23:58.097 [FXGL Background Thread 1 ] DEBUG FXGLAssetLoaderServi - Loading from file system: file:/C:/Users/alprn/AppData/Roaming/Code/User/workspaceStorage/ec1441a8a0761acebfe3a6df0b9694e6/redhat.java/jdt_ws/SpaceGame_4ede68d8/bin/assets/textures/mainmenu.jpeg
16:23:58.178 [FXGL Background Thread 1 ] DEBUG FXGL.DefaultMenu     - createMenuBodyGameMenu()
16:23:58.188 [FXGL Background Thread 1 ] DEBUG FXGL.DefaultMenu     - createOptionsMenu()
16:23:58.193 [FXGL Background Thread 1 ] DEBUG FXGLAssetLoaderServi - Loading from file system: jar:file:/C:/Users/alprn/Downloads/fxgl-17.3-uber.jar!/fxglassets/textures/particles/smoke.png
16:23:58.252 [FXGL Background Thread 1 ] DEBUG FXGLAssetLoaderServi - Loading from file system: jar:file:/C:/Users/alprn/Downloads/fxgl-17.3-uber.jar!/fxglassets/textures/particles/trace_horizontal.png
16:23:58.286 [FXGL Background Thread 1 ] DEBUG GameApplicationServi - Application scenes initialized
16:23:58.294 [FXGL Background Thread 1 ] DEBUG SystemBundleService  - Loading FXGL system data
16:23:58.297 [FXGL Background Thread 1 ] DEBUG FileSystemAccess     - Reading from: C:\Users\alprn\Desktop\SpaceGame\system\fxgl.bundle
16:23:58.303 [FXGL Background Thread 1 ] DEBUG SystemBundleService  - Bundle FXGL: {}
16:23:58.304 [FXGL Background Thread 1 ] DEBUG UpdaterService       - Checking for updates
16:23:58.307 [FXGL Background Thread 4 ] DEBUG FXGLApplication      - Loading fonts
16:23:58.307 [FXGL Background Thread 4 ] DEBUG FXGLAssetLoaderServi - Loading from file system: jar:file:/C:/Users/alprn/Downloads/fxgl-17.3-uber.jar!/fxglassets/ui/fonts/VarelaRound-Regular.ttf
16:23:58.307 [FXGL Background Thread 1 ] DEBUG FXGLApplication      - Loading default localization
16:23:58.309 [FXGL Background Thread 1 ] WARN  FXGLAssetLoaderServi - Asset "/assets/languages/englısh.lang" was not found!
16:23:58.309 [FXGL Background Thread 1 ] WARN  FXGLAssetLoaderServi - Failed to load PROPERTY_MAP
16:23:58.315 [FXGL Background Thread 1 ] WARN  LocalizationService  - menu.pressAnyKey is not localized for language ENGLISH
16:23:58.316 [FXGL Background Thread 1 ] INFO  FXGLApplication      - FXGL initialization took: 0,385 sec
16:23:58.317 [JavaFX Application Thread] DEBUG FXGLAssetLoaderServi - Loading from file system: jar:file:/C:/Users/alprn/Downloads/fxgl-17.3-uber.jar!/fxglassets/textures/fxgl_icon.png
16:23:58.335 [JavaFX Application Thread] DEBUG FXGLAssetLoaderServi - Loading from file system: jar:file:/C:/Users/alprn/Downloads/fxgl-17.3-uber.jar!/fxglassets/textures/fxgl_default_cursor.png
16:23:58.345 [JavaFX Application Thread] DEBUG Input                - Registered new binding: Screenshot - CTRL+8
16:23:58.347 [JavaFX Application Thread] DEBUG Input                - Registered new binding: System info dump - CTRL+9
16:23:58.347 [JavaFX Application Thread] DEBUG Input                - Registered new binding: Restart - CTRL+R
16:23:58.348 [JavaFX Application Thread] DEBUG Input                - Registered new binding: Toggle Debug Camera - CTRL+7
16:23:58.350 [JavaFX Application Thread] DEBUG LoopRunner           - Starting loop
16:23:58.350 [JavaFX Application Thread] DEBUG LoopRunner           - Initializing JavaFX AnimationTimerLoop
16:23:58.353 [JavaFX Application Thread] DEBUG Input                - Clearing active input actions
16:23:58.360 [JavaFX Application Thread] DEBUG GameApplicationServi - Removing overlay from FXGLStartupScene and adding to FXGLMainMenuDummyScene
16:23:58.361 [JavaFX Application Thread] DEBUG PrimaryStageWindow   - FXGLStartupScene -> FXGLMainMenuDummyScene
16:23:58.361 [JavaFX Application Thread] DEBUG PrimaryStageWindow   - Push state: SpaceGameMainMenu
16:23:58.361 [JavaFX Application Thread] DEBUG Input                - Clearing active input actions
16:23:58.371 [JavaFX Application Thread] DEBUG GameApplicationServi - Removing overlay from FXGLMainMenuDummyScene and adding to SpaceGameMainMenu
16:23:58.371 [JavaFX Application Thread] DEBUG PrimaryStageWindow   - FXGLMainMenuDummyScene -> SpaceGameMainMenu
16:23:58.380 [FXGL Background Thread 4 ] DEBUG FXGLAssetLoaderServi - Loading from file system: jar:file:/C:/Users/alprn/Downloads/fxgl-17.3-uber.jar!/fxglassets/ui/fonts/Abel-Regular.ttf
16:23:58.386 [FXGL Background Thread 4 ] DEBUG FXGLAssetLoaderServi - Loading from file system: jar:file:/C:/Users/alprn/Downloads/fxgl-17.3-uber.jar!/fxglassets/ui/fonts/TerminalLandMono-Regular.otf
16:23:58.392 [FXGL Background Thread 4 ] DEBUG FXGLAssetLoaderServi - Loading from file system: jar:file:/C:/Users/alprn/Downloads/fxgl-17.3-uber.jar!/fxglassets/ui/fonts/Courier-Prime.ttf
16:23:58.407 [JavaFX Application Thread] DEBUG FXGLApplication      - Registering font factories with UI factory
16:24:00.344 [JavaFX Application Thread] DEBUG FXGLApplication      - Exiting FXGL
16:24:00.344 [JavaFX Application Thread] DEBUG LoopRunner           - Stopping loop
16:24:00.344 [JavaFX Application Thread] DEBUG SystemBundleService  - Saving FXGL system data
16:24:00.349 [JavaFX Application Thread] DEBUG FileSystemAccess     - Writing to: C:\Users\alprn\Desktop\SpaceGame\system\fxgl.bundle
16:24:00.353 [JavaFX Application Thread] DEBUG Async                - Shutting down background threads
16:24:00.353 [JavaFX Application Thread] DEBUG PrimaryStageWindow   - Closing main window
16:24:00.362 [JavaFX Application Thread] DEBUG Logger               - Closing Logger
