16:30:19.728 [main                     ] DEBUG Logger               - Configured Logger
16:30:19.745 [main                     ] DEBUG GameApplication      - Logging settings
Title: Space_Game
Version: 1.0
Width: 1920
Height: 1080
Fullscreen: true
Intro: false
Profiling: true
Single step:false
App Mode: DEVELOPER
Menu Key: ESCAPE
Stage Style: DECORATED
Scene Factory: class main.spacegame.SpaceGameApp$1

16:30:19.996 [JavaFX Application Thread] DEBUG FXGLApplication      - Initializing FXGL
16:30:19.999 [JavaFX Application Thread] INFO  Engine               - FXGL-17.3 (30.03.2023 11.54) on WINDOWS (J:19 FX:20)
16:30:20.000 [JavaFX Application Thread] DEBUG Engine               - JRE Vendor Name: Oracle Corporation
16:30:20.000 [JavaFX Application Thread] DEBUG Engine               - Running on OS: Windows 11 version 10.0
16:30:20.000 [JavaFX Application Thread] DEBUG Engine               - Architecture: amd64
16:30:20.000 [JavaFX Application Thread] INFO  Engine               - Source code and latest versions at: https://github.com/AlmasB/FXGL
16:30:20.000 [JavaFX Application Thread] INFO  Engine               -       Ask questions and discuss at: https://github.com/AlmasB/FXGL/discussions
16:30:20.000 [JavaFX Application Thread] INFO  Engine               -              Join the FXGL chat at: https://gitter.im/AlmasB/FXGL
16:30:20.087 [JavaFX Application Thread] DEBUG PrimaryStageWindow   - Creating a JavaFX scene
16:30:20.088 [JavaFX Application Thread] DEBUG PrimaryStageWindow   - Target size > screen size
16:30:20.126 [JavaFX Application Thread] DEBUG PrimaryStageWindow   - Target settings size: 1920.0 x 1080.0
16:30:20.126 [JavaFX Application Thread] DEBUG PrimaryStageWindow   - Scaled scene size:    1511.0 x 864.0
16:30:20.126 [JavaFX Application Thread] DEBUG PrimaryStageWindow   - Scaled ratio: (0.7869791666666667, 0.8)
16:30:20.128 [JavaFX Application Thread] DEBUG PrimaryStageWindow   - Set initial scene to FXGLStartupScene
16:30:20.131 [JavaFX Application Thread] DEBUG PrimaryStageWindow   - Opening main window
16:30:20.193 [JavaFX Application Thread] DEBUG PrimaryStageWindow   - Window border size: (14.5999755859375, 37.5999755859375)
16:30:20.194 [JavaFX Application Thread] DEBUG PrimaryStageWindow   - Scaled size: 1511.0 x 864.0
16:30:20.194 [JavaFX Application Thread] DEBUG PrimaryStageWindow   - Scaled ratio: (0.7869791666666667, 0.8)
16:30:20.195 [JavaFX Application Thread] DEBUG PrimaryStageWindow   - Scene size: 1511.0 x 864.0
16:30:20.195 [JavaFX Application Thread] DEBUG PrimaryStageWindow   - Stage size: 1525.5999755859375 x 901.5999755859375
16:30:20.269 [JavaFX Application Thread] DEBUG PrimaryStageWindow   - Going fullscreen
16:30:20.281 [FXGL Background Thread 1 ] DEBUG Engine               - Initializing environment variables
16:30:20.329 [FXGL Background Thread 1 ] DEBUG FXGLAssetLoaderServi - User app class for loading assets: class main.spacegame.SpaceGameApp
16:30:20.330 [FXGL Background Thread 1 ] DEBUG GameApplicationServi - Applying CSS: fxgl_dark.css
16:30:20.330 [FXGL Background Thread 1 ] DEBUG FXGLAssetLoaderServi - Loading from file system: jar:file:/C:/Users/alprn/Downloads/fxgl-17.3-uber.jar!/fxglassets/ui/css/fxgl_dark.css
16:30:20.361 [FXGL Background Thread 1 ] DEBUG GameApplicationServi - Initializing application scenes
16:30:20.400 [FXGL Background Thread 1 ] DEBUG GameWorld            - Game world initialized
16:30:20.445 [FXGL Background Thread 1 ] DEBUG PhysicsWorld         - Physics world initialized: appHeight=1080, physics.ppm=50,0
16:30:20.446 [FXGL Background Thread 1 ] DEBUG PhysicsWorld         - Using strategy: GRID_INDEXING
16:30:20.450 [FXGL Background Thread 1 ] DEBUG GameScene            - Game scene initialized: 1920x1080
16:30:20.455 [FXGL Background Thread 1 ] DEBUG FXGLAssetLoaderServi - Loading from file system: file:/C:/Users/alprn/AppData/Roaming/Code/User/workspaceStorage/78d877b89292864788bc45c330f464d6/redhat.java/jdt_ws/CS102PROJECT_F-NAL-1_21edc4da/bin/assets/textures/mainmenu.png
16:30:20.579 [FXGL Background Thread 1 ] DEBUG FXGLAssetLoaderServi - Loading from file system: file:/C:/Users/alprn/AppData/Roaming/Code/User/workspaceStorage/78d877b89292864788bc45c330f464d6/redhat.java/jdt_ws/CS102PROJECT_F-NAL-1_21edc4da/bin/assets/textures/credits.png
16:30:20.618 [FXGL Background Thread 1 ] DEBUG FXGLAssetLoaderServi - Loading from file system: file:/C:/Users/alprn/AppData/Roaming/Code/User/workspaceStorage/78d877b89292864788bc45c330f464d6/redhat.java/jdt_ws/CS102PROJECT_F-NAL-1_21edc4da/bin/assets/textures/gameMenu.png
16:30:20.660 [FXGL Background Thread 1 ] DEBUG GameApplicationServi - Application scenes initialized
16:30:20.668 [FXGL Background Thread 1 ] DEBUG SystemBundleService  - Loading FXGL system data
16:30:20.671 [FXGL Background Thread 1 ] DEBUG FileSystemAccess     - Reading from: C:\Users\alprn\CS102PROJECT_F-NAL-1\system\fxgl.bundle
16:30:20.677 [FXGL Background Thread 1 ] DEBUG SystemBundleService  - Bundle FXGL: {}
16:30:20.677 [FXGL Background Thread 1 ] DEBUG UpdaterService       - Checking for updates
16:30:20.688 [FXGL Background Thread 4 ] DEBUG FXGLApplication      - Loading fonts
16:30:20.688 [FXGL Background Thread 4 ] DEBUG FXGLAssetLoaderServi - Loading from file system: jar:file:/C:/Users/alprn/Downloads/fxgl-17.3-uber.jar!/fxglassets/ui/fonts/VarelaRound-Regular.ttf
16:30:20.689 [FXGL Background Thread 1 ] DEBUG FXGLApplication      - Loading default localization
16:30:20.691 [FXGL Background Thread 1 ] WARN  FXGLAssetLoaderServi - Asset "/assets/languages/englısh.lang" was not found!
16:30:20.691 [FXGL Background Thread 1 ] WARN  FXGLAssetLoaderServi - Failed to load PROPERTY_MAP
16:30:20.701 [FXGL Background Thread 1 ] INFO  FXGLApplication      - FXGL initialization took: 0,420 sec
16:30:20.712 [JavaFX Application Thread] DEBUG Input                - Registered new binding: action0 - V
16:30:20.712 [JavaFX Application Thread] DEBUG Input                - Registered new binding: Up - W
16:30:20.712 [JavaFX Application Thread] DEBUG Input                - Registered new binding: Down - S
16:30:20.712 [JavaFX Application Thread] DEBUG Input                - Registered new binding: Left - A
16:30:20.713 [JavaFX Application Thread] DEBUG Input                - Registered new binding: Right - D
16:30:20.714 [JavaFX Application Thread] DEBUG Input                - Registered new binding: Shoot Mouse - LMB
16:30:20.715 [JavaFX Application Thread] WARN  FXGLAssetLoaderServi - Asset "/assets/music/dans eden sincap ama epilepsi garantili (100).mp3" was not found!
16:30:20.715 [JavaFX Application Thread] WARN  FXGLAssetLoaderServi - Failed to load MUSIC
16:30:20.716 [JavaFX Application Thread] DEBUG AudioPlayer          - Playing music com.almasb.fxgl.audio.Music@1632e693
16:30:20.716 [JavaFX Application Thread] DEBUG FXGLAssetLoaderServi - Loading from file system: jar:file:/C:/Users/alprn/Downloads/fxgl-17.3-uber.jar!/fxglassets/textures/fxgl_icon.png
16:30:20.732 [JavaFX Application Thread] DEBUG FXGLAssetLoaderServi - Loading from file system: jar:file:/C:/Users/alprn/Downloads/fxgl-17.3-uber.jar!/fxglassets/textures/fxgl_default_cursor.png
16:30:20.734 [JavaFX Application Thread] DEBUG Input                - Registered new binding: Screenshot - CTRL+8
16:30:20.734 [JavaFX Application Thread] DEBUG Input                - Registered new binding: System info dump - CTRL+9
16:30:20.735 [JavaFX Application Thread] DEBUG Input                - Registered new binding: Restart - CTRL+R
16:30:20.735 [JavaFX Application Thread] DEBUG Input                - Registered new binding: Toggle Debug Camera - CTRL+7
16:30:20.737 [JavaFX Application Thread] DEBUG LoopRunner           - Starting loop
16:30:20.737 [JavaFX Application Thread] DEBUG LoopRunner           - Initializing JavaFX AnimationTimerLoop
16:30:20.739 [FXGL Background Thread 4 ] DEBUG FXGLAssetLoaderServi - Loading from file system: jar:file:/C:/Users/alprn/Downloads/fxgl-17.3-uber.jar!/fxglassets/ui/fonts/Abel-Regular.ttf
16:30:20.741 [JavaFX Application Thread] DEBUG Input                - Clearing active input actions
16:30:20.743 [FXGL Background Thread 4 ] DEBUG FXGLAssetLoaderServi - Loading from file system: jar:file:/C:/Users/alprn/Downloads/fxgl-17.3-uber.jar!/fxglassets/ui/fonts/TerminalLandMono-Regular.otf
16:30:20.754 [FXGL Background Thread 4 ] DEBUG FXGLAssetLoaderServi - Loading from file system: jar:file:/C:/Users/alprn/Downloads/fxgl-17.3-uber.jar!/fxglassets/ui/fonts/Courier-Prime.ttf
16:30:20.757 [JavaFX Application Thread] DEBUG PrimaryStageWindow   - FXGLStartupScene -> FXGLMainMenuDummyScene
16:30:20.757 [JavaFX Application Thread] DEBUG PrimaryStageWindow   - Push state: SpaceGameMainMenu
16:30:20.757 [JavaFX Application Thread] DEBUG Input                - Clearing active input actions
16:30:20.762 [JavaFX Application Thread] DEBUG GameApplicationServi - Removing overlay from FXGLMainMenuDummyScene and adding to SpaceGameMainMenu
16:30:20.768 [JavaFX Application Thread] DEBUG PrimaryStageWindow   - FXGLMainMenuDummyScene -> SpaceGameMainMenu
16:30:20.804 [JavaFX Application Thread] DEBUG FXGLApplication      - Registering font factories with UI factory
16:30:23.687 [FXGL Background Thread 3 ] DEBUG Engine               - Logging environment variables
16:30:23.687 [FXGL Background Thread 3 ] DEBUG Engine               - achievements: []
16:30:23.687 [FXGL Background Thread 3 ] DEBUG Engine               - actualHeight: 864.0
16:30:23.687 [FXGL Background Thread 3 ] DEBUG Engine               - actualHeightProperty: ReadOnlyDoubleProperty [value: 864.0]
16:30:23.687 [FXGL Background Thread 3 ] DEBUG Engine               - actualWidth: 1536.0
16:30:23.687 [FXGL Background Thread 3 ] DEBUG Engine               - actualWidthProperty: ReadOnlyDoubleProperty [value: 1536.0]
16:30:23.688 [FXGL Background Thread 3 ] DEBUG Engine               - appIcon: fxgl_icon.png
16:30:23.688 [FXGL Background Thread 3 ] DEBUG Engine               - applicationMode: DEVELOPER
16:30:23.688 [FXGL Background Thread 3 ] DEBUG Engine               - cSSList: [fxgl_dark.css]
16:30:23.688 [FXGL Background Thread 3 ] DEBUG Engine               - collisionDetectionStrategy: GRID_INDEXING
16:30:23.688 [FXGL Background Thread 3 ] DEBUG Engine               - configClass: Optional.empty
16:30:23.688 [FXGL Background Thread 3 ] DEBUG Engine               - credits: []
16:30:23.689 [FXGL Background Thread 3 ] DEBUG Engine               - defaultCursor: CursorInfo(imageName=fxgl_default_cursor.png, hotspotX=7.0, hotspotY=6.0)
16:30:23.690 [FXGL Background Thread 3 ] DEBUG Engine               - devBBoxColorProperty: ObjectProperty [value: 0xff0000ff]
16:30:23.690 [FXGL Background Thread 3 ] DEBUG Engine               - devEnableDebugCameraProperty: BooleanProperty [value: false]
16:30:23.690 [FXGL Background Thread 3 ] DEBUG Engine               - devSensorColorProperty: ObjectProperty [value: 0xffff00ff]
16:30:23.690 [FXGL Background Thread 3 ] DEBUG Engine               - devShowBBoxProperty: BooleanProperty [value: false]
16:30:23.690 [FXGL Background Thread 3 ] DEBUG Engine               - devShowPositionProperty: BooleanProperty [value: false]
16:30:23.690 [FXGL Background Thread 3 ] DEBUG Engine               - enabledMenuItems: []
16:30:23.690 [FXGL Background Thread 3 ] DEBUG Engine               - engineServices: [class com.almasb.fxgl.app.services.FXGLAssetLoaderService, class com.almasb.fxgl.app.FXGLApplication$GameApplicationService, class com.almasb.fxgl.app.services.FXGLDialogService, class com.almasb.fxgl.app.services.IOTaskExecutorService, class com.almasb.fxgl.io.FileSystemService, class com.almasb.fxgl.localization.LocalizationService, class com.almasb.fxgl.app.services.SystemBundleService, class com.almasb.fxgl.profile.SaveLoadService, class com.almasb.fxgl.ui.FXGLUIFactoryServiceProvider, class com.almasb.fxgl.ui.FXGLDialogFactoryServiceProvider, class com.almasb.fxgl.audio.AudioPlayer, class com.almasb.fxgl.notification.impl.NotificationServiceProvider, class com.almasb.fxgl.achievement.AchievementService, class com.almasb.fxgl.cutscene.CutsceneService, class com.almasb.fxgl.minigames.MiniGameService, class com.almasb.fxgl.net.NetService, class com.almasb.fxgl.app.services.UpdaterService, class com.almasb.fxgl.dev.DevService, class main.spacegame.service.HighScoreService, class main.spacegame.level.LevelService, class com.almasb.fxgl.dev.profiling.ProfilerService]
16:30:23.690 [FXGL Background Thread 3 ] DEBUG Engine               - fontGame: Abel-Regular.ttf
16:30:23.690 [FXGL Background Thread 3 ] DEBUG Engine               - fontMono: TerminalLandMono-Regular.otf
16:30:23.690 [FXGL Background Thread 3 ] DEBUG Engine               - fontSizeScaleUI: 1.0
16:30:23.690 [FXGL Background Thread 3 ] DEBUG Engine               - fontText: Courier-Prime.ttf
16:30:23.690 [FXGL Background Thread 3 ] DEBUG Engine               - fontUI: VarelaRound-Regular.ttf
16:30:23.690 [FXGL Background Thread 3 ] DEBUG Engine               - fullScreen: BooleanProperty [value: true]
16:30:23.690 [FXGL Background Thread 3 ] DEBUG Engine               - gameDifficulty: MEDIUM
16:30:23.690 [FXGL Background Thread 3 ] DEBUG Engine               - gameDifficultyProperty: ObjectProperty [value: MEDIUM]
16:30:23.690 [FXGL Background Thread 3 ] DEBUG Engine               - globalMusicVolume: 0.5
16:30:23.690 [FXGL Background Thread 3 ] DEBUG Engine               - globalMusicVolumeProperty: DoubleProperty [value: 0.5]
16:30:23.690 [FXGL Background Thread 3 ] DEBUG Engine               - globalSoundVolume: 0.5
16:30:23.690 [FXGL Background Thread 3 ] DEBUG Engine               - globalSoundVolumeProperty: DoubleProperty [value: 0.7]
16:30:23.690 [FXGL Background Thread 3 ] DEBUG Engine               - height: 1080
16:30:23.690 [FXGL Background Thread 3 ] DEBUG Engine               - is3D: false
16:30:23.690 [FXGL Background Thread 3 ] DEBUG Engine               - isAndroid: false
16:30:23.690 [FXGL Background Thread 3 ] DEBUG Engine               - isBrowser: false
16:30:23.690 [FXGL Background Thread 3 ] DEBUG Engine               - isClickFeedbackEnabled: false
16:30:23.690 [FXGL Background Thread 3 ] DEBUG Engine               - isCloseConfirmation: false
16:30:23.690 [FXGL Background Thread 3 ] DEBUG Engine               - isDesktop: true
16:30:23.690 [FXGL Background Thread 3 ] DEBUG Engine               - isDeveloperMenuEnabled: false
16:30:23.690 [FXGL Background Thread 3 ] DEBUG Engine               - isEmbedded: false
16:30:23.690 [FXGL Background Thread 3 ] DEBUG Engine               - isEntityPreloadEnabled: true
16:30:23.690 [FXGL Background Thread 3 ] DEBUG Engine               - isExperimentalTiledLargeMap: false
16:30:23.690 [FXGL Background Thread 3 ] DEBUG Engine               - isFileSystemWriteAllowed: true
16:30:23.690 [FXGL Background Thread 3 ] DEBUG Engine               - isFullScreenAllowed: true
16:30:23.690 [FXGL Background Thread 3 ] DEBUG Engine               - isFullScreenFromStart: true
16:30:23.690 [FXGL Background Thread 3 ] DEBUG Engine               - isGameMenuEnabled: true
16:30:23.690 [FXGL Background Thread 3 ] DEBUG Engine               - isIOS: false
16:30:23.691 [FXGL Background Thread 3 ] DEBUG Engine               - isIntroEnabled: false
16:30:23.691 [FXGL Background Thread 3 ] DEBUG Engine               - isLinux: false
16:30:23.691 [FXGL Background Thread 3 ] DEBUG Engine               - isMac: false
16:30:23.691 [FXGL Background Thread 3 ] DEBUG Engine               - isMainMenuEnabled: true
16:30:23.691 [FXGL Background Thread 3 ] DEBUG Engine               - isManualResizeEnabled: false
16:30:23.691 [FXGL Background Thread 3 ] DEBUG Engine               - isMobile: false
16:30:23.691 [FXGL Background Thread 3 ] DEBUG Engine               - isNative: false
16:30:23.691 [FXGL Background Thread 3 ] DEBUG Engine               - isPauseMusicWhenMinimized: true
16:30:23.691 [FXGL Background Thread 3 ] DEBUG Engine               - isPreserveResizeRatio: false
16:30:23.691 [FXGL Background Thread 3 ] DEBUG Engine               - isProfilingEnabled: true
16:30:23.691 [FXGL Background Thread 3 ] DEBUG Engine               - isScaleAffectedOnResize: true
16:30:23.691 [FXGL Background Thread 3 ] DEBUG Engine               - isSingleStep: false
16:30:23.691 [FXGL Background Thread 3 ] DEBUG Engine               - isUserProfileEnabled: false
16:30:23.691 [FXGL Background Thread 3 ] DEBUG Engine               - isWindows: true
16:30:23.691 [FXGL Background Thread 3 ] DEBUG Engine               - language: ObjectProperty [value: ENGLISH]
16:30:23.691 [FXGL Background Thread 3 ] DEBUG Engine               - menuKey: ESCAPE
16:30:23.691 [FXGL Background Thread 3 ] DEBUG Engine               - mouseSensitivity: 0.2
16:30:23.691 [FXGL Background Thread 3 ] DEBUG Engine               - notificationViewClass: class com.almasb.fxgl.notification.view.XboxNotificationView
16:30:23.691 [FXGL Background Thread 3 ] DEBUG Engine               - pixelsPerMeter: 50.0
16:30:23.691 [FXGL Background Thread 3 ] DEBUG Engine               - platform: WINDOWS
16:30:23.691 [FXGL Background Thread 3 ] DEBUG Engine               - prefHeightProperty: ReadOnlyDoubleProperty [value: 1080.0]
16:30:23.691 [FXGL Background Thread 3 ] DEBUG Engine               - prefWidthProperty: ReadOnlyDoubleProperty [value: 1920.0]
16:30:23.691 [FXGL Background Thread 3 ] DEBUG Engine               - profileDir: profiles/
16:30:23.691 [FXGL Background Thread 3 ] DEBUG Engine               - profileName: StringProperty [value: DEFAULT]
16:30:23.691 [FXGL Background Thread 3 ] DEBUG Engine               - randomSeed: -1
16:30:23.691 [FXGL Background Thread 3 ] DEBUG Engine               - runtimeInfo: RuntimeInfo(platform=WINDOWS, version=17.3, build=30.03.2023 11.54)
16:30:23.691 [FXGL Background Thread 3 ] DEBUG Engine               - saveFileExt: sav
16:30:23.691 [FXGL Background Thread 3 ] DEBUG Engine               - scaledHeightProp$fxgl: DoubleProperty [bound, value: 864.0]
16:30:23.691 [FXGL Background Thread 3 ] DEBUG Engine               - scaledWidthProp$fxgl: DoubleProperty [bound, value: 1536.0]
16:30:23.691 [FXGL Background Thread 3 ] DEBUG Engine               - sceneFactory: main.spacegame.SpaceGameApp$1@79a05e07
16:30:23.691 [FXGL Background Thread 3 ] DEBUG Engine               - secondsIn24h: 60
16:30:23.691 [FXGL Background Thread 3 ] DEBUG Engine               - soundMenuBack: menu/back.wav
16:30:23.691 [FXGL Background Thread 3 ] DEBUG Engine               - soundMenuPress: menu/press.wav
16:30:23.691 [FXGL Background Thread 3 ] DEBUG Engine               - soundMenuSelect: menu/select.wav
16:30:23.692 [FXGL Background Thread 3 ] DEBUG Engine               - soundNotification: core/notification.wav
16:30:23.692 [FXGL Background Thread 3 ] DEBUG Engine               - stageStyle: DECORATED
16:30:23.692 [FXGL Background Thread 3 ] DEBUG Engine               - supportedLanguages: [ENGLISH, FRENCH, GERMAN, HUNGARIAN, RUSSIAN]
16:30:23.692 [FXGL Background Thread 3 ] DEBUG Engine               - ticksPerSecond: -1
16:30:23.692 [FXGL Background Thread 3 ] DEBUG Engine               - title: Space_Game
16:30:23.692 [FXGL Background Thread 3 ] DEBUG Engine               - urlGithub: https://github.com/AlmasB/FXGL
16:30:23.692 [FXGL Background Thread 3 ] DEBUG Engine               - urlLeaderboard: http://fxgl-top.herokuapp.com/
16:30:23.692 [FXGL Background Thread 3 ] DEBUG Engine               - urlPOM: https://raw.githubusercontent.com/AlmasB/FXGL/release/README.md
16:30:23.692 [FXGL Background Thread 3 ] DEBUG Engine               - userAppClass: class main.spacegame.SpaceGameApp
16:30:23.692 [FXGL Background Thread 3 ] DEBUG Engine               - version: 1.0
16:30:23.692 [FXGL Background Thread 3 ] DEBUG Engine               - versionCheckDays: 7
16:30:23.692 [FXGL Background Thread 3 ] DEBUG Engine               - width: 1920
16:30:23.692 [FXGL Background Thread 3 ] DEBUG Engine               - Logging services
16:30:23.692 [FXGL Background Thread 3 ] DEBUG Engine               - class com.almasb.fxgl.app.services.FXGLAssetLoaderService
16:30:23.692 [FXGL Background Thread 3 ] DEBUG Engine               - class com.almasb.fxgl.app.FXGLApplication$GameApplicationService
16:30:23.692 [FXGL Background Thread 3 ] DEBUG Engine               - class com.almasb.fxgl.app.services.FXGLDialogService
16:30:23.692 [FXGL Background Thread 3 ] DEBUG Engine               - class com.almasb.fxgl.app.services.IOTaskExecutorService
16:30:23.692 [FXGL Background Thread 3 ] DEBUG Engine               - class com.almasb.fxgl.io.FileSystemService
16:30:23.692 [FXGL Background Thread 3 ] DEBUG Engine               - class com.almasb.fxgl.localization.LocalizationService
16:30:23.692 [FXGL Background Thread 3 ] DEBUG Engine               - class com.almasb.fxgl.app.services.SystemBundleService
16:30:23.692 [FXGL Background Thread 3 ] DEBUG Engine               - class com.almasb.fxgl.profile.SaveLoadService
16:30:23.692 [FXGL Background Thread 3 ] DEBUG Engine               - class com.almasb.fxgl.ui.FXGLUIFactoryServiceProvider
16:30:23.692 [FXGL Background Thread 3 ] DEBUG Engine               - class com.almasb.fxgl.ui.FXGLDialogFactoryServiceProvider
16:30:23.692 [FXGL Background Thread 3 ] DEBUG Engine               - class com.almasb.fxgl.audio.AudioPlayer
16:30:23.692 [FXGL Background Thread 3 ] DEBUG Engine               - class com.almasb.fxgl.notification.impl.NotificationServiceProvider
16:30:23.692 [FXGL Background Thread 3 ] DEBUG Engine               - class com.almasb.fxgl.achievement.AchievementService
16:30:23.692 [FXGL Background Thread 3 ] DEBUG Engine               - class com.almasb.fxgl.cutscene.CutsceneService
16:30:23.692 [FXGL Background Thread 3 ] DEBUG Engine               - class com.almasb.fxgl.minigames.MiniGameService
16:30:23.692 [FXGL Background Thread 3 ] DEBUG Engine               - class com.almasb.fxgl.net.NetService
16:30:23.692 [FXGL Background Thread 3 ] DEBUG Engine               - class com.almasb.fxgl.app.services.UpdaterService
16:30:23.692 [FXGL Background Thread 3 ] DEBUG Engine               - class com.almasb.fxgl.dev.DevService
16:30:23.692 [FXGL Background Thread 3 ] DEBUG Engine               - class main.spacegame.service.HighScoreService
16:30:23.692 [FXGL Background Thread 3 ] DEBUG Engine               - class main.spacegame.level.LevelService
16:30:23.692 [FXGL Background Thread 3 ] DEBUG Engine               - class com.almasb.fxgl.dev.profiling.ProfilerService
16:30:30.411 [JavaFX Application Thread] DEBUG Menu                 - fireNewGame()
16:30:30.412 [JavaFX Application Thread] DEBUG GameApplicationServi - Starting new game
16:30:30.412 [JavaFX Application Thread] DEBUG PrimaryStageWindow   - Pop state: SpaceGameMainMenu
16:30:30.412 [JavaFX Application Thread] DEBUG Input                - Clearing active input actions
16:30:30.412 [JavaFX Application Thread] DEBUG GameApplicationServi - Removing overlay from SpaceGameMainMenu and adding to FXGLMainMenuDummyScene
16:30:30.413 [JavaFX Application Thread] DEBUG PrimaryStageWindow   - FXGLMainMenuDummyScene <- SpaceGameMainMenu
16:30:30.413 [JavaFX Application Thread] DEBUG Input                - Clearing active input actions
16:30:30.422 [JavaFX Application Thread] DEBUG GameApplicationServi - Removing overlay from FXGLMainMenuDummyScene and adding to FXGLLoadingScene
16:30:30.423 [JavaFX Application Thread] DEBUG PrimaryStageWindow   - FXGLMainMenuDummyScene -> FXGLLoadingScene
16:30:30.423 [JavaFX Application Thread] DEBUG GameApplicationServi - Clearing previous game
16:30:30.423 [JavaFX Application Thread] DEBUG GameScene            - Clearing game scene
16:30:30.423 [JavaFX Application Thread] DEBUG GameWorld            - Clearing game world
16:30:30.423 [JavaFX Application Thread] DEBUG PhysicsWorld         - Clearing physics world
16:30:30.424 [FXGL Background Thread 2 ] DEBUG FXGLApplication      - Initializing game
16:30:30.429 [FXGL Background Thread 2 ] INFO  FXGLApplication      - Game initialization took: 0,004 sec
16:30:30.453 [JavaFX Application Thread] DEBUG Input                - Clearing active input actions
16:30:30.460 [JavaFX Application Thread] DEBUG GameApplicationServi - Removing overlay from FXGLLoadingScene and adding to GameScene
16:30:30.460 [JavaFX Application Thread] DEBUG PrimaryStageWindow   - FXGLLoadingScene -> GameScene
16:30:35.074 [JavaFX Application Thread] DEBUG PrimaryStageWindow   - Push state: SpaceGamePauseMenu
16:30:35.074 [JavaFX Application Thread] DEBUG Input                - Clearing active input actions
16:30:35.075 [JavaFX Application Thread] DEBUG GameApplicationServi - Removing overlay from GameScene and adding to SpaceGamePauseMenu
16:30:35.076 [JavaFX Application Thread] DEBUG PrimaryStageWindow   - GameScene -> SpaceGamePauseMenu
16:30:36.030 [JavaFX Application Thread] DEBUG PrimaryStageWindow   - Pop state: SpaceGamePauseMenu
16:30:36.030 [JavaFX Application Thread] DEBUG Input                - Clearing active input actions
16:30:36.031 [JavaFX Application Thread] DEBUG GameApplicationServi - Removing overlay from SpaceGamePauseMenu and adding to GameScene
16:30:36.031 [JavaFX Application Thread] DEBUG PrimaryStageWindow   - GameScene <- SpaceGamePauseMenu
16:30:36.690 [JavaFX Application Thread] DEBUG PrimaryStageWindow   - Push state: SpaceGamePauseMenu
16:30:36.690 [JavaFX Application Thread] DEBUG Input                - Clearing active input actions
16:30:36.690 [JavaFX Application Thread] DEBUG GameApplicationServi - Removing overlay from GameScene and adding to SpaceGamePauseMenu
16:30:36.691 [JavaFX Application Thread] DEBUG PrimaryStageWindow   - GameScene -> SpaceGamePauseMenu
16:30:37.689 [JavaFX Application Thread] DEBUG Menu                 - fireExit()
16:30:37.689 [JavaFX Application Thread] WARN  LocalizationService  - dialog.exitGame is not localized for language ENGLISH
16:30:37.691 [JavaFX Application Thread] WARN  LocalizationService  - dialog.yes is not localized for language ENGLISH
16:30:37.696 [JavaFX Application Thread] WARN  LocalizationService  - dialog.no is not localized for language ENGLISH
16:30:37.697 [JavaFX Application Thread] DEBUG PrimaryStageWindow   - Push state: DialogSubScene
16:30:37.697 [JavaFX Application Thread] DEBUG Input                - Clearing active input actions
16:30:37.700 [JavaFX Application Thread] DEBUG GameApplicationServi - Removing overlay from SpaceGamePauseMenu and adding to DialogSubScene
16:30:37.701 [JavaFX Application Thread] DEBUG PrimaryStageWindow   - SpaceGamePauseMenu -> DialogSubScene
16:30:39.209 [JavaFX Application Thread] DEBUG PrimaryStageWindow   - Pop state: DialogSubScene
16:30:39.209 [JavaFX Application Thread] DEBUG Input                - Clearing active input actions
16:30:39.210 [JavaFX Application Thread] DEBUG GameApplicationServi - Removing overlay from DialogSubScene and adding to SpaceGamePauseMenu
16:30:39.210 [JavaFX Application Thread] DEBUG PrimaryStageWindow   - SpaceGamePauseMenu <- DialogSubScene
16:30:39.210 [JavaFX Application Thread] DEBUG FXGLApplication      - Exiting FXGL
16:30:39.210 [JavaFX Application Thread] DEBUG LoopRunner           - Stopping loop
16:30:39.210 [JavaFX Application Thread] DEBUG SystemBundleService  - Saving FXGL system data
16:30:39.212 [JavaFX Application Thread] DEBUG FileSystemAccess     - Writing to: C:\Users\alprn\CS102PROJECT_F-NAL-1\system\fxgl.bundle
16:30:39.214 [JavaFX Application Thread] INFO  ProfilerWindow       - Profiler (FPS) - 2154 frames
16:30:39.214 [JavaFX Application Thread] INFO  ProfilerWindow       - Average: 112.98467966573816
16:30:39.215 [JavaFX Application Thread] INFO  ProfilerWindow       - Minimum: 60.0
16:30:39.215 [JavaFX Application Thread] INFO  ProfilerWindow       - Maximum: 144.0
16:30:39.216 [JavaFX Application Thread] INFO  ProfilerWindow       - Profiler (CPU (ms)) - 2154 frames
16:30:39.216 [JavaFX Application Thread] INFO  ProfilerWindow       - Average: 0.2027531295264621
16:30:39.216 [JavaFX Application Thread] INFO  ProfilerWindow       - Minimum: 0.0
16:30:39.216 [JavaFX Application Thread] INFO  ProfilerWindow       - Maximum: 4.4989
16:30:39.216 [JavaFX Application Thread] INFO  ProfilerWindow       - Profiler (RAM (MB)) - 2154 frames
16:30:39.216 [JavaFX Application Thread] INFO  ProfilerWindow       - Average: 78.06666765416676
16:30:39.217 [JavaFX Application Thread] INFO  ProfilerWindow       - Minimum: 38.5706787109375
16:30:39.217 [JavaFX Application Thread] INFO  ProfilerWindow       - Maximum: 118.93668365478516
16:30:39.218 [JavaFX Application Thread] INFO  ProfilerService      - Estimated GC runs: 7
16:30:39.218 [JavaFX Application Thread] DEBUG Async                - Shutting down background threads
16:30:39.218 [JavaFX Application Thread] DEBUG PrimaryStageWindow   - Closing main window
16:30:39.234 [JavaFX Application Thread] DEBUG Logger               - Closing Logger
