19:19:19.740 [main                     ] DEBUG Logger               - Configured Logger
19:19:19.755 [main                     ] DEBUG GameApplication      - Logging settings
Title: Space_Game
Version: 1.0
Width: 1920
Height: 1080
Fullscreen: true
Intro: false
Profiling: true
Single step:false
App Mode: DEVELOPER
Menu Key: ESCAPE
Stage Style: DECORATED
Scene Factory: class main.spacegame.SpaceGameApp$1

19:19:19.998 [JavaFX Application Thread] DEBUG FXGLApplication      - Initializing FXGL
19:19:20.000 [JavaFX Application Thread] INFO  Engine               - FXGL-17.3 (30.03.2023 11.54) on WINDOWS (J:19 FX:20)
19:19:20.001 [JavaFX Application Thread] DEBUG Engine               - JRE Vendor Name: Oracle Corporation
19:19:20.001 [JavaFX Application Thread] DEBUG Engine               - Running on OS: Windows 11 version 10.0
19:19:20.001 [JavaFX Application Thread] DEBUG Engine               - Architecture: amd64
19:19:20.001 [JavaFX Application Thread] INFO  Engine               - Source code and latest versions at: https://github.com/AlmasB/FXGL
19:19:20.002 [JavaFX Application Thread] INFO  Engine               -       Ask questions and discuss at: https://github.com/AlmasB/FXGL/discussions
19:19:20.002 [JavaFX Application Thread] INFO  Engine               -              Join the FXGL chat at: https://gitter.im/AlmasB/FXGL
19:19:20.093 [JavaFX Application Thread] DEBUG PrimaryStageWindow   - Creating a JavaFX scene
19:19:20.094 [JavaFX Application Thread] DEBUG PrimaryStageWindow   - Target size > screen size
19:19:20.131 [JavaFX Application Thread] DEBUG PrimaryStageWindow   - Target settings size: 1920.0 x 1080.0
19:19:20.131 [JavaFX Application Thread] DEBUG PrimaryStageWindow   - Scaled scene size:    1511.0 x 864.0
19:19:20.131 [JavaFX Application Thread] DEBUG PrimaryStageWindow   - Scaled ratio: (0.7869791666666667, 0.8)
19:19:20.131 [JavaFX Application Thread] DEBUG PrimaryStageWindow   - Set initial scene to FXGLStartupScene
19:19:20.135 [JavaFX Application Thread] DEBUG PrimaryStageWindow   - Opening main window
19:19:20.199 [JavaFX Application Thread] DEBUG PrimaryStageWindow   - Window border size: (14.5999755859375, 37.5999755859375)
19:19:20.199 [JavaFX Application Thread] DEBUG PrimaryStageWindow   - Scaled size: 1511.0 x 864.0
19:19:20.199 [JavaFX Application Thread] DEBUG PrimaryStageWindow   - Scaled ratio: (0.7869791666666667, 0.8)
19:19:20.200 [JavaFX Application Thread] DEBUG PrimaryStageWindow   - Scene size: 1511.0 x 864.0
19:19:20.200 [JavaFX Application Thread] DEBUG PrimaryStageWindow   - Stage size: 1525.5999755859375 x 901.5999755859375
19:19:20.268 [JavaFX Application Thread] DEBUG PrimaryStageWindow   - Going fullscreen
19:19:20.277 [FXGL Background Thread 1 ] DEBUG Engine               - Initializing environment variables
19:19:20.322 [FXGL Background Thread 1 ] DEBUG FXGLAssetLoaderServi - User app class for loading assets: class main.spacegame.SpaceGameApp
19:19:20.322 [FXGL Background Thread 1 ] DEBUG GameApplicationServi - Applying CSS: fxgl_dark.css
19:19:20.323 [FXGL Background Thread 1 ] DEBUG FXGLAssetLoaderServi - Loading from file system: jar:file:/C:/Users/alprn/Downloads/fxgl-17.3-uber.jar!/fxglassets/ui/css/fxgl_dark.css
19:19:20.361 [FXGL Background Thread 1 ] DEBUG GameApplicationServi - Initializing application scenes
19:19:20.398 [FXGL Background Thread 1 ] DEBUG GameWorld            - Game world initialized
19:19:20.458 [FXGL Background Thread 1 ] DEBUG PhysicsWorld         - Physics world initialized: appHeight=1080, physics.ppm=50,0
19:19:20.459 [FXGL Background Thread 1 ] DEBUG PhysicsWorld         - Using strategy: GRID_INDEXING
19:19:20.464 [FXGL Background Thread 1 ] DEBUG GameScene            - Game scene initialized: 1920x1080
19:19:20.467 [FXGL Background Thread 1 ] DEBUG FXGLAssetLoaderServi - Loading from file system: file:/C:/Users/alprn/AppData/Roaming/Code/User/workspaceStorage/78d877b89292864788bc45c330f464d6/redhat.java/jdt_ws/CS102PROJECT_F-NAL-1_21edc4da/bin/assets/textures/mainmenu.png
19:19:20.588 [FXGL Background Thread 1 ] DEBUG FXGLAssetLoaderServi - Loading from file system: file:/C:/Users/alprn/AppData/Roaming/Code/User/workspaceStorage/78d877b89292864788bc45c330f464d6/redhat.java/jdt_ws/CS102PROJECT_F-NAL-1_21edc4da/bin/assets/textures/credits.png
19:19:20.614 [FXGL Background Thread 1 ] DEBUG FXGLAssetLoaderServi - Loading from file system: file:/C:/Users/alprn/AppData/Roaming/Code/User/workspaceStorage/78d877b89292864788bc45c330f464d6/redhat.java/jdt_ws/CS102PROJECT_F-NAL-1_21edc4da/bin/assets/textures/gameMenu.png
19:19:20.642 [FXGL Background Thread 1 ] DEBUG GameApplicationServi - Application scenes initialized
19:19:20.650 [FXGL Background Thread 1 ] DEBUG SystemBundleService  - Loading FXGL system data
19:19:20.653 [FXGL Background Thread 1 ] DEBUG FileSystemAccess     - Reading from: C:\Users\alprn\CS102PROJECT_F-NAL-1\system\fxgl.bundle
19:19:20.659 [FXGL Background Thread 1 ] DEBUG SystemBundleService  - Bundle FXGL: {}
19:19:20.659 [FXGL Background Thread 1 ] DEBUG UpdaterService       - Checking for updates
19:19:20.670 [FXGL Background Thread 4 ] DEBUG FXGLApplication      - Loading fonts
19:19:20.671 [FXGL Background Thread 4 ] DEBUG FXGLAssetLoaderServi - Loading from file system: jar:file:/C:/Users/alprn/Downloads/fxgl-17.3-uber.jar!/fxglassets/ui/fonts/VarelaRound-Regular.ttf
19:19:20.671 [FXGL Background Thread 1 ] DEBUG FXGLApplication      - Loading default localization
19:19:20.673 [FXGL Background Thread 1 ] WARN  FXGLAssetLoaderServi - Asset "/assets/languages/englısh.lang" was not found!
19:19:20.673 [FXGL Background Thread 1 ] WARN  FXGLAssetLoaderServi - Failed to load PROPERTY_MAP
19:19:20.679 [FXGL Background Thread 1 ] INFO  FXGLApplication      - FXGL initialization took: 0,402 sec
19:19:20.694 [JavaFX Application Thread] DEBUG Input                - Registered new binding: action0 - V
19:19:20.694 [JavaFX Application Thread] DEBUG Input                - Registered new binding: Up - W
19:19:20.694 [JavaFX Application Thread] DEBUG Input                - Registered new binding: Down - S
19:19:20.695 [JavaFX Application Thread] DEBUG Input                - Registered new binding: Left - A
19:19:20.695 [JavaFX Application Thread] DEBUG Input                - Registered new binding: Right - D
19:19:20.696 [JavaFX Application Thread] DEBUG Input                - Registered new binding: Shoot Mouse - LMB
19:19:20.696 [JavaFX Application Thread] DEBUG Input                - Registered new binding: MouseRight - RMB
19:19:20.697 [JavaFX Application Thread] WARN  FXGLAssetLoaderServi - Asset "/assets/music/dans eden sincap ama epilepsi garantili (100).mp3" was not found!
19:19:20.697 [JavaFX Application Thread] WARN  FXGLAssetLoaderServi - Failed to load MUSIC
19:19:20.700 [JavaFX Application Thread] DEBUG AudioPlayer          - Playing music com.almasb.fxgl.audio.Music@469fa269
19:19:20.700 [JavaFX Application Thread] DEBUG FXGLAssetLoaderServi - Loading from file system: jar:file:/C:/Users/alprn/Downloads/fxgl-17.3-uber.jar!/fxglassets/textures/fxgl_icon.png
19:19:20.723 [FXGL Background Thread 4 ] DEBUG FXGLAssetLoaderServi - Loading from file system: jar:file:/C:/Users/alprn/Downloads/fxgl-17.3-uber.jar!/fxglassets/ui/fonts/Abel-Regular.ttf
19:19:20.724 [JavaFX Application Thread] DEBUG FXGLAssetLoaderServi - Loading from file system: jar:file:/C:/Users/alprn/Downloads/fxgl-17.3-uber.jar!/fxglassets/textures/fxgl_default_cursor.png
19:19:20.727 [JavaFX Application Thread] DEBUG Input                - Registered new binding: Screenshot - CTRL+8
19:19:20.727 [JavaFX Application Thread] DEBUG Input                - Registered new binding: System info dump - CTRL+9
19:19:20.728 [JavaFX Application Thread] DEBUG Input                - Registered new binding: Restart - CTRL+R
19:19:20.728 [JavaFX Application Thread] DEBUG Input                - Registered new binding: Toggle Debug Camera - CTRL+7
19:19:20.728 [FXGL Background Thread 4 ] DEBUG FXGLAssetLoaderServi - Loading from file system: jar:file:/C:/Users/alprn/Downloads/fxgl-17.3-uber.jar!/fxglassets/ui/fonts/TerminalLandMono-Regular.otf
19:19:20.731 [JavaFX Application Thread] DEBUG LoopRunner           - Starting loop
19:19:20.731 [JavaFX Application Thread] DEBUG LoopRunner           - Initializing JavaFX AnimationTimerLoop
19:19:20.733 [FXGL Background Thread 4 ] DEBUG FXGLAssetLoaderServi - Loading from file system: jar:file:/C:/Users/alprn/Downloads/fxgl-17.3-uber.jar!/fxglassets/ui/fonts/Courier-Prime.ttf
19:19:20.734 [JavaFX Application Thread] DEBUG Input                - Clearing active input actions
19:19:20.740 [JavaFX Application Thread] DEBUG GameApplicationServi - Removing overlay from FXGLStartupScene and adding to FXGLMainMenuDummyScene
19:19:20.743 [JavaFX Application Thread] DEBUG PrimaryStageWindow   - FXGLStartupScene -> FXGLMainMenuDummyScene
19:19:20.743 [JavaFX Application Thread] DEBUG PrimaryStageWindow   - Push state: SpaceGameMainMenu
19:19:20.743 [JavaFX Application Thread] DEBUG Input                - Clearing active input actions
19:19:20.748 [JavaFX Application Thread] DEBUG GameApplicationServi - Removing overlay from FXGLMainMenuDummyScene and adding to SpaceGameMainMenu
19:19:20.751 [JavaFX Application Thread] DEBUG PrimaryStageWindow   - FXGLMainMenuDummyScene -> SpaceGameMainMenu
19:19:20.784 [JavaFX Application Thread] DEBUG FXGLApplication      - Registering font factories with UI factory
19:19:22.188 [JavaFX Application Thread] DEBUG Menu                 - fireNewGame()
19:19:22.189 [JavaFX Application Thread] DEBUG GameApplicationServi - Starting new game
19:19:22.189 [JavaFX Application Thread] DEBUG PrimaryStageWindow   - Pop state: SpaceGameMainMenu
19:19:22.189 [JavaFX Application Thread] DEBUG Input                - Clearing active input actions
19:19:22.193 [JavaFX Application Thread] DEBUG GameApplicationServi - Removing overlay from SpaceGameMainMenu and adding to FXGLMainMenuDummyScene
19:19:22.194 [JavaFX Application Thread] DEBUG PrimaryStageWindow   - FXGLMainMenuDummyScene <- SpaceGameMainMenu
19:19:22.194 [JavaFX Application Thread] DEBUG Input                - Clearing active input actions
19:19:22.202 [JavaFX Application Thread] DEBUG GameApplicationServi - Removing overlay from FXGLMainMenuDummyScene and adding to FXGLLoadingScene
19:19:22.203 [JavaFX Application Thread] DEBUG PrimaryStageWindow   - FXGLMainMenuDummyScene -> FXGLLoadingScene
19:19:22.204 [JavaFX Application Thread] DEBUG GameApplicationServi - Clearing previous game
19:19:22.204 [JavaFX Application Thread] DEBUG GameScene            - Clearing game scene
19:19:22.204 [JavaFX Application Thread] DEBUG GameWorld            - Clearing game world
19:19:22.204 [JavaFX Application Thread] DEBUG PhysicsWorld         - Clearing physics world
19:19:22.206 [FXGL Background Thread 2 ] DEBUG FXGLApplication      - Initializing game
19:19:22.214 [FXGL Background Thread 2 ] DEBUG FXGLAssetLoaderServi - Loading from file system: file:/C:/Users/alprn/AppData/Roaming/Code/User/workspaceStorage/78d877b89292864788bc45c330f464d6/redhat.java/jdt_ws/CS102PROJECT_F-NAL-1_21edc4da/bin/assets/textures/Bomb.png
19:19:22.215 [FXGL Background Thread 2 ] DEBUG FXGLAssetLoaderServi - Loading from file system: file:/C:/Users/alprn/AppData/Roaming/Code/User/workspaceStorage/78d877b89292864788bc45c330f464d6/redhat.java/jdt_ws/CS102PROJECT_F-NAL-1_21edc4da/bin/assets/textures/Bullet.png
19:19:22.222 [FXGL Background Thread 2 ] DEBUG FXGLAssetLoaderServi - Loading from file system: file:/C:/Users/alprn/AppData/Roaming/Code/User/workspaceStorage/78d877b89292864788bc45c330f464d6/redhat.java/jdt_ws/CS102PROJECT_F-NAL-1_21edc4da/bin/assets/textures/WingedAlien.png
19:19:22.224 [FXGL Background Thread 2 ] DEBUG FXGLAssetLoaderServi - Loading from file system: file:/C:/Users/alprn/AppData/Roaming/Code/User/workspaceStorage/78d877b89292864788bc45c330f464d6/redhat.java/jdt_ws/CS102PROJECT_F-NAL-1_21edc4da/bin/assets/textures/Bomber.png
19:19:22.227 [FXGL Background Thread 2 ] DEBUG FXGLAssetLoaderServi - Loading from file system: file:/C:/Users/alprn/AppData/Roaming/Code/User/workspaceStorage/78d877b89292864788bc45c330f464d6/redhat.java/jdt_ws/CS102PROJECT_F-NAL-1_21edc4da/bin/assets/textures/Boss.png
19:19:22.240 [FXGL Background Thread 2 ] DEBUG FXGLAssetLoaderServi - Loading from file system: file:/C:/Users/alprn/AppData/Roaming/Code/User/workspaceStorage/78d877b89292864788bc45c330f464d6/redhat.java/jdt_ws/CS102PROJECT_F-NAL-1_21edc4da/bin/assets/textures/AmongUs.png
19:19:22.257 [FXGL Background Thread 2 ] DEBUG FXGLAssetLoaderServi - Loading from file system: file:/C:/Users/alprn/AppData/Roaming/Code/User/workspaceStorage/78d877b89292864788bc45c330f464d6/redhat.java/jdt_ws/CS102PROJECT_F-NAL-1_21edc4da/bin/assets/textures/background/bg_0.png
19:19:22.379 [FXGL Background Thread 2 ] DEBUG FXGLAssetLoaderServi - Loading from file system: file:/C:/Users/alprn/AppData/Roaming/Code/User/workspaceStorage/78d877b89292864788bc45c330f464d6/redhat.java/jdt_ws/CS102PROJECT_F-NAL-1_21edc4da/bin/assets/textures/front.png
19:19:22.425 [FXGL Background Thread 2 ] DEBUG FXGLAssetLoaderServi - Loading from file system: file:/C:/Users/alprn/AppData/Roaming/Code/User/workspaceStorage/78d877b89292864788bc45c330f464d6/redhat.java/jdt_ws/CS102PROJECT_F-NAL-1_21edc4da/bin/assets/textures/front.png
19:19:22.430 [FXGL Background Thread 2 ] INFO  FXGLApplication      - Game initialization took: 0,223 sec
19:19:22.431 [JavaFX Application Thread] DEBUG Input                - Clearing active input actions
19:19:22.436 [JavaFX Application Thread] DEBUG GameApplicationServi - Removing overlay from FXGLLoadingScene and adding to GameScene
19:19:22.436 [JavaFX Application Thread] DEBUG PrimaryStageWindow   - FXGLLoadingScene -> GameScene
19:19:23.669 [FXGL Background Thread 3 ] DEBUG Engine               - Logging environment variables
19:19:23.669 [FXGL Background Thread 3 ] DEBUG Engine               - achievements: []
19:19:23.669 [FXGL Background Thread 3 ] DEBUG Engine               - actualHeight: 864.0
19:19:23.669 [FXGL Background Thread 3 ] DEBUG Engine               - actualHeightProperty: ReadOnlyDoubleProperty [value: 864.0]
19:19:23.669 [FXGL Background Thread 3 ] DEBUG Engine               - actualWidth: 1536.0
19:19:23.669 [FXGL Background Thread 3 ] DEBUG Engine               - actualWidthProperty: ReadOnlyDoubleProperty [value: 1536.0]
19:19:23.669 [FXGL Background Thread 3 ] DEBUG Engine               - appIcon: fxgl_icon.png
19:19:23.669 [FXGL Background Thread 3 ] DEBUG Engine               - applicationMode: DEVELOPER
19:19:23.669 [FXGL Background Thread 3 ] DEBUG Engine               - cSSList: [fxgl_dark.css]
19:19:23.670 [FXGL Background Thread 3 ] DEBUG Engine               - collisionDetectionStrategy: GRID_INDEXING
19:19:23.670 [FXGL Background Thread 3 ] DEBUG Engine               - configClass: Optional.empty
19:19:23.670 [FXGL Background Thread 3 ] DEBUG Engine               - credits: []
19:19:23.670 [FXGL Background Thread 3 ] DEBUG Engine               - defaultCursor: CursorInfo(imageName=fxgl_default_cursor.png, hotspotX=7.0, hotspotY=6.0)
19:19:23.670 [FXGL Background Thread 3 ] DEBUG Engine               - devBBoxColorProperty: ObjectProperty [value: 0xff0000ff]
19:19:23.670 [FXGL Background Thread 3 ] DEBUG Engine               - devEnableDebugCameraProperty: BooleanProperty [value: false]
19:19:23.670 [FXGL Background Thread 3 ] DEBUG Engine               - devSensorColorProperty: ObjectProperty [value: 0xffff00ff]
19:19:23.671 [FXGL Background Thread 3 ] DEBUG Engine               - devShowBBoxProperty: BooleanProperty [value: false]
19:19:23.671 [FXGL Background Thread 3 ] DEBUG Engine               - devShowPositionProperty: BooleanProperty [value: false]
19:19:23.671 [FXGL Background Thread 3 ] DEBUG Engine               - enabledMenuItems: []
19:19:23.671 [FXGL Background Thread 3 ] DEBUG Engine               - engineServices: [class com.almasb.fxgl.app.services.FXGLAssetLoaderService, class com.almasb.fxgl.app.FXGLApplication$GameApplicationService, class com.almasb.fxgl.app.services.FXGLDialogService, class com.almasb.fxgl.app.services.IOTaskExecutorService, class com.almasb.fxgl.io.FileSystemService, class com.almasb.fxgl.localization.LocalizationService, class com.almasb.fxgl.app.services.SystemBundleService, class com.almasb.fxgl.profile.SaveLoadService, class com.almasb.fxgl.ui.FXGLUIFactoryServiceProvider, class com.almasb.fxgl.ui.FXGLDialogFactoryServiceProvider, class com.almasb.fxgl.audio.AudioPlayer, class com.almasb.fxgl.notification.impl.NotificationServiceProvider, class com.almasb.fxgl.achievement.AchievementService, class com.almasb.fxgl.cutscene.CutsceneService, class com.almasb.fxgl.minigames.MiniGameService, class com.almasb.fxgl.net.NetService, class com.almasb.fxgl.app.services.UpdaterService, class com.almasb.fxgl.dev.DevService, class main.spacegame.service.HighScoreService, class main.spacegame.level.LevelService, class com.almasb.fxgl.dev.profiling.ProfilerService]
19:19:23.671 [FXGL Background Thread 3 ] DEBUG Engine               - fontGame: Abel-Regular.ttf
19:19:23.671 [FXGL Background Thread 3 ] DEBUG Engine               - fontMono: TerminalLandMono-Regular.otf
19:19:23.671 [FXGL Background Thread 3 ] DEBUG Engine               - fontSizeScaleUI: 1.0
19:19:23.671 [FXGL Background Thread 3 ] DEBUG Engine               - fontText: Courier-Prime.ttf
19:19:23.671 [FXGL Background Thread 3 ] DEBUG Engine               - fontUI: VarelaRound-Regular.ttf
19:19:23.671 [FXGL Background Thread 3 ] DEBUG Engine               - fullScreen: BooleanProperty [value: true]
19:19:23.671 [FXGL Background Thread 3 ] DEBUG Engine               - gameDifficulty: MEDIUM
19:19:23.671 [FXGL Background Thread 3 ] DEBUG Engine               - gameDifficultyProperty: ObjectProperty [value: MEDIUM]
19:19:23.671 [FXGL Background Thread 3 ] DEBUG Engine               - globalMusicVolume: 0.5
19:19:23.671 [FXGL Background Thread 3 ] DEBUG Engine               - globalMusicVolumeProperty: DoubleProperty [value: 0.7]
19:19:23.671 [FXGL Background Thread 3 ] DEBUG Engine               - globalSoundVolume: 0.5
19:19:23.671 [FXGL Background Thread 3 ] DEBUG Engine               - globalSoundVolumeProperty: DoubleProperty [value: 0.7]
19:19:23.671 [FXGL Background Thread 3 ] DEBUG Engine               - height: 1080
19:19:23.671 [FXGL Background Thread 3 ] DEBUG Engine               - is3D: false
19:19:23.671 [FXGL Background Thread 3 ] DEBUG Engine               - isAndroid: false
19:19:23.671 [FXGL Background Thread 3 ] DEBUG Engine               - isBrowser: false
19:19:23.671 [FXGL Background Thread 3 ] DEBUG Engine               - isClickFeedbackEnabled: false
19:19:23.671 [FXGL Background Thread 3 ] DEBUG Engine               - isCloseConfirmation: false
19:19:23.671 [FXGL Background Thread 3 ] DEBUG Engine               - isDesktop: true
19:19:23.671 [FXGL Background Thread 3 ] DEBUG Engine               - isDeveloperMenuEnabled: false
19:19:23.671 [FXGL Background Thread 3 ] DEBUG Engine               - isEmbedded: false
19:19:23.671 [FXGL Background Thread 3 ] DEBUG Engine               - isEntityPreloadEnabled: true
19:19:23.671 [FXGL Background Thread 3 ] DEBUG Engine               - isExperimentalTiledLargeMap: false
19:19:23.671 [FXGL Background Thread 3 ] DEBUG Engine               - isFileSystemWriteAllowed: true
19:19:23.671 [FXGL Background Thread 3 ] DEBUG Engine               - isFullScreenAllowed: true
19:19:23.671 [FXGL Background Thread 3 ] DEBUG Engine               - isFullScreenFromStart: true
19:19:23.671 [FXGL Background Thread 3 ] DEBUG Engine               - isGameMenuEnabled: true
19:19:23.671 [FXGL Background Thread 3 ] DEBUG Engine               - isIOS: false
19:19:23.671 [FXGL Background Thread 3 ] DEBUG Engine               - isIntroEnabled: false
19:19:23.671 [FXGL Background Thread 3 ] DEBUG Engine               - isLinux: false
19:19:23.671 [FXGL Background Thread 3 ] DEBUG Engine               - isMac: false
19:19:23.671 [FXGL Background Thread 3 ] DEBUG Engine               - isMainMenuEnabled: true
19:19:23.672 [FXGL Background Thread 3 ] DEBUG Engine               - isManualResizeEnabled: false
19:19:23.672 [FXGL Background Thread 3 ] DEBUG Engine               - isMobile: false
19:19:23.672 [FXGL Background Thread 3 ] DEBUG Engine               - isNative: false
19:19:23.672 [FXGL Background Thread 3 ] DEBUG Engine               - isPauseMusicWhenMinimized: true
19:19:23.672 [FXGL Background Thread 3 ] DEBUG Engine               - isPreserveResizeRatio: false
19:19:23.672 [FXGL Background Thread 3 ] DEBUG Engine               - isProfilingEnabled: true
19:19:23.672 [FXGL Background Thread 3 ] DEBUG Engine               - isScaleAffectedOnResize: true
19:19:23.672 [FXGL Background Thread 3 ] DEBUG Engine               - isSingleStep: false
19:19:23.672 [FXGL Background Thread 3 ] DEBUG Engine               - isUserProfileEnabled: false
19:19:23.672 [FXGL Background Thread 3 ] DEBUG Engine               - isWindows: true
19:19:23.672 [FXGL Background Thread 3 ] DEBUG Engine               - language: ObjectProperty [value: ENGLISH]
19:19:23.672 [FXGL Background Thread 3 ] DEBUG Engine               - menuKey: ESCAPE
19:19:23.672 [FXGL Background Thread 3 ] DEBUG Engine               - mouseSensitivity: 0.2
19:19:23.672 [FXGL Background Thread 3 ] DEBUG Engine               - notificationViewClass: class com.almasb.fxgl.notification.view.XboxNotificationView
19:19:23.672 [FXGL Background Thread 3 ] DEBUG Engine               - pixelsPerMeter: 50.0
19:19:23.672 [FXGL Background Thread 3 ] DEBUG Engine               - platform: WINDOWS
19:19:23.672 [FXGL Background Thread 3 ] DEBUG Engine               - prefHeightProperty: ReadOnlyDoubleProperty [value: 1080.0]
19:19:23.673 [FXGL Background Thread 3 ] DEBUG Engine               - prefWidthProperty: ReadOnlyDoubleProperty [value: 1920.0]
19:19:23.673 [FXGL Background Thread 3 ] DEBUG Engine               - profileDir: profiles/
19:19:23.673 [FXGL Background Thread 3 ] DEBUG Engine               - profileName: StringProperty [value: DEFAULT]
19:19:23.673 [FXGL Background Thread 3 ] DEBUG Engine               - randomSeed: -1
19:19:23.674 [FXGL Background Thread 3 ] DEBUG Engine               - runtimeInfo: RuntimeInfo(platform=WINDOWS, version=17.3, build=30.03.2023 11.54)
19:19:23.674 [FXGL Background Thread 3 ] DEBUG Engine               - saveFileExt: sav
19:19:23.674 [FXGL Background Thread 3 ] DEBUG Engine               - scaledHeightProp$fxgl: DoubleProperty [bound, value: 864.0]
19:19:23.674 [FXGL Background Thread 3 ] DEBUG Engine               - scaledWidthProp$fxgl: DoubleProperty [bound, value: 1536.0]
19:19:23.674 [FXGL Background Thread 3 ] DEBUG Engine               - sceneFactory: main.spacegame.SpaceGameApp$1@6ab7eca6
19:19:23.674 [FXGL Background Thread 3 ] DEBUG Engine               - secondsIn24h: 60
19:19:23.674 [FXGL Background Thread 3 ] DEBUG Engine               - soundMenuBack: menu/back.wav
19:19:23.674 [FXGL Background Thread 3 ] DEBUG Engine               - soundMenuPress: menu/press.wav
19:19:23.674 [FXGL Background Thread 3 ] DEBUG Engine               - soundMenuSelect: menu/select.wav
19:19:23.674 [FXGL Background Thread 3 ] DEBUG Engine               - soundNotification: core/notification.wav
19:19:23.674 [FXGL Background Thread 3 ] DEBUG Engine               - stageStyle: DECORATED
19:19:23.674 [FXGL Background Thread 3 ] DEBUG Engine               - supportedLanguages: [ENGLISH, FRENCH, GERMAN, HUNGARIAN, RUSSIAN]
19:19:23.674 [FXGL Background Thread 3 ] DEBUG Engine               - ticksPerSecond: -1
19:19:23.674 [FXGL Background Thread 3 ] DEBUG Engine               - title: Space_Game
19:19:23.674 [FXGL Background Thread 3 ] DEBUG Engine               - urlGithub: https://github.com/AlmasB/FXGL
19:19:23.674 [FXGL Background Thread 3 ] DEBUG Engine               - urlLeaderboard: http://fxgl-top.herokuapp.com/
19:19:23.674 [FXGL Background Thread 3 ] DEBUG Engine               - urlPOM: https://raw.githubusercontent.com/AlmasB/FXGL/release/README.md
19:19:23.674 [FXGL Background Thread 3 ] DEBUG Engine               - userAppClass: class main.spacegame.SpaceGameApp
19:19:23.674 [FXGL Background Thread 3 ] DEBUG Engine               - version: 1.0
19:19:23.674 [FXGL Background Thread 3 ] DEBUG Engine               - versionCheckDays: 7
19:19:23.674 [FXGL Background Thread 3 ] DEBUG Engine               - width: 1920
19:19:23.674 [FXGL Background Thread 3 ] DEBUG Engine               - Logging services
19:19:23.674 [FXGL Background Thread 3 ] DEBUG Engine               - class com.almasb.fxgl.app.services.FXGLAssetLoaderService
19:19:23.674 [FXGL Background Thread 3 ] DEBUG Engine               - class com.almasb.fxgl.app.FXGLApplication$GameApplicationService
19:19:23.674 [FXGL Background Thread 3 ] DEBUG Engine               - class com.almasb.fxgl.app.services.FXGLDialogService
19:19:23.674 [FXGL Background Thread 3 ] DEBUG Engine               - class com.almasb.fxgl.app.services.IOTaskExecutorService
19:19:23.675 [FXGL Background Thread 3 ] DEBUG Engine               - class com.almasb.fxgl.io.FileSystemService
19:19:23.675 [FXGL Background Thread 3 ] DEBUG Engine               - class com.almasb.fxgl.localization.LocalizationService
19:19:23.675 [FXGL Background Thread 3 ] DEBUG Engine               - class com.almasb.fxgl.app.services.SystemBundleService
19:19:23.675 [FXGL Background Thread 3 ] DEBUG Engine               - class com.almasb.fxgl.profile.SaveLoadService
19:19:23.675 [FXGL Background Thread 3 ] DEBUG Engine               - class com.almasb.fxgl.ui.FXGLUIFactoryServiceProvider
19:19:23.675 [FXGL Background Thread 3 ] DEBUG Engine               - class com.almasb.fxgl.ui.FXGLDialogFactoryServiceProvider
19:19:23.675 [FXGL Background Thread 3 ] DEBUG Engine               - class com.almasb.fxgl.audio.AudioPlayer
19:19:23.675 [FXGL Background Thread 3 ] DEBUG Engine               - class com.almasb.fxgl.notification.impl.NotificationServiceProvider
19:19:23.675 [FXGL Background Thread 3 ] DEBUG Engine               - class com.almasb.fxgl.achievement.AchievementService
19:19:23.675 [FXGL Background Thread 3 ] DEBUG Engine               - class com.almasb.fxgl.cutscene.CutsceneService
19:19:23.675 [FXGL Background Thread 3 ] DEBUG Engine               - class com.almasb.fxgl.minigames.MiniGameService
19:19:23.675 [FXGL Background Thread 3 ] DEBUG Engine               - class com.almasb.fxgl.net.NetService
19:19:23.675 [FXGL Background Thread 3 ] DEBUG Engine               - class com.almasb.fxgl.app.services.UpdaterService
19:19:23.675 [FXGL Background Thread 3 ] DEBUG Engine               - class com.almasb.fxgl.dev.DevService
19:19:23.675 [FXGL Background Thread 3 ] DEBUG Engine               - class main.spacegame.service.HighScoreService
19:19:23.675 [FXGL Background Thread 3 ] DEBUG Engine               - class main.spacegame.level.LevelService
19:19:23.675 [FXGL Background Thread 3 ] DEBUG Engine               - class com.almasb.fxgl.dev.profiling.ProfilerService
19:19:23.782 [JavaFX Application Thread] DEBUG FXGLAssetLoaderServi - Loading from file system: file:/C:/Users/alprn/AppData/Roaming/Code/User/workspaceStorage/78d877b89292864788bc45c330f464d6/redhat.java/jdt_ws/CS102PROJECT_F-NAL-1_21edc4da/bin/assets/sounds/shoot3.wav
19:19:24.050 [JavaFX Application Thread] DEBUG FXGLAssetLoaderServi - Loading from file system: file:/C:/Users/alprn/AppData/Roaming/Code/User/workspaceStorage/78d877b89292864788bc45c330f464d6/redhat.java/jdt_ws/CS102PROJECT_F-NAL-1_21edc4da/bin/assets/sounds/shoot1.wav
19:19:24.250 [JavaFX Application Thread] DEBUG FXGLAssetLoaderServi - Loading from file system: file:/C:/Users/alprn/AppData/Roaming/Code/User/workspaceStorage/78d877b89292864788bc45c330f464d6/redhat.java/jdt_ws/CS102PROJECT_F-NAL-1_21edc4da/bin/assets/sounds/shoot2.wav
19:19:27.517 [JavaFX Application Thread] DEBUG FXGLAssetLoaderServi - Loading from file system: file:/C:/Users/alprn/AppData/Roaming/Code/User/workspaceStorage/78d877b89292864788bc45c330f464d6/redhat.java/jdt_ws/CS102PROJECT_F-NAL-1_21edc4da/bin/assets/sounds/shoot4.wav
19:19:35.523 [JavaFX Application Thread] DEBUG LoopRunner           - Stopping loop
19:19:35.524 [JavaFX Application Thread] FATAL FXGLApplication      - Uncaught Exception:
java.lang.IndexOutOfBoundsException: Index: 0, Size: 0
	at com.almasb.fxgl.core.collection.Array.checkRange(Array.java:612)
	at com.almasb.fxgl.core.collection.Array.get(Array.java:165)
	at main.spacegame.level.Level.onUpdate(Level.java:52)
	at main.spacegame.level.LevelService.onGameUpdate(LevelService.java:29)
	at com.almasb.fxgl.app.Engine.onGameUpdate(Engine.kt:138)
	at com.almasb.fxgl.app.FXGLApplication.postServicesInit$lambda$7(FXGLApplication.kt:182)
	at com.almasb.fxgl.scene.Scene.update(Scene.kt:113)
	at com.almasb.fxgl.app.MainWindow$update$1.invoke(MainWindow.kt:115)
	at com.almasb.fxgl.app.MainWindow$update$1.invoke(MainWindow.kt:115)
	at com.almasb.fxgl.core.fsm.StateMachine.runOnActiveStates(StateMachine.kt:69)
	at com.almasb.fxgl.app.MainWindow.update(MainWindow.kt:115)
	at com.almasb.fxgl.app.FXGLApplication$GameApplicationService.onUpdate(FXGLApplication.kt:426)
	at com.almasb.fxgl.app.Engine.loop(Engine.kt:134)
	at com.almasb.fxgl.app.Engine.access$loop(Engine.kt:24)
	at com.almasb.fxgl.app.Engine$loop$1.invoke(Engine.kt:28)
	at com.almasb.fxgl.app.Engine$loop$1.invoke(Engine.kt:28)
	at com.almasb.fxgl.app.LoopRunner.frame(LoopRunner.kt:103)
	at com.almasb.fxgl.app.LoopRunner.access$frame(LoopRunner.kt:23)
	at com.almasb.fxgl.app.LoopRunner$impl$2$1.onTick(LoopRunner.kt:57)
	at com.almasb.fxgl.app.AnimationTimerLoop$timer$1.handle(LoopRunner.kt:137)
	at javafx.animation.AnimationTimer$AnimationTimerReceiver.lambda$handle$0(AnimationTimer.java:58)
	at java.base/java.security.AccessController.doPrivileged(AccessController.java:399)
	at javafx.animation.AnimationTimer$AnimationTimerReceiver.handle(AnimationTimer.java:57)
	at com.sun.scenario.animation.AbstractPrimaryTimer.timePulseImpl(AbstractPrimaryTimer.java:356)
	at com.sun.scenario.animation.AbstractPrimaryTimer$MainLoop.run(AbstractPrimaryTimer.java:266)
	at com.sun.javafx.tk.quantum.QuantumToolkit.pulse(QuantumToolkit.java:588)
	at com.sun.javafx.tk.quantum.QuantumToolkit.pulse(QuantumToolkit.java:572)
	at com.sun.javafx.tk.quantum.QuantumToolkit.pulseFromQueue(QuantumToolkit.java:565)
	at com.sun.javafx.tk.quantum.QuantumToolkit.lambda$runToolkit$11(QuantumToolkit.java:352)
	at com.sun.glass.ui.InvokeLaterDispatcher$Future.run(InvokeLaterDispatcher.java:95)
	at com.sun.glass.ui.win.WinApplication._runLoop(Native Method)
	at com.sun.glass.ui.win.WinApplication.lambda$runLoop$3(WinApplication.java:185)
	at java.base/java.lang.Thread.run(Thread.java:1589)

19:19:35.528 [JavaFX Application Thread] FATAL FXGLApplication      - Application will now exit
19:19:35.554 [JavaFX Application Thread] DEBUG PrimaryStageWindow   - Push state: ErrorSubScene
19:19:35.554 [JavaFX Application Thread] DEBUG Input                - Clearing active input actions
19:19:35.560 [JavaFX Application Thread] DEBUG GameApplicationServi - Removing overlay from GameScene and adding to ErrorSubScene
19:19:35.560 [JavaFX Application Thread] DEBUG PrimaryStageWindow   - GameScene -> ErrorSubScene
19:20:26.923 [JavaFX Application Thread] DEBUG FXGLApplication      - Exiting FXGL
19:20:26.923 [JavaFX Application Thread] DEBUG Async                - Shutting down background threads
19:20:26.924 [JavaFX Application Thread] DEBUG PrimaryStageWindow   - Closing main window
19:20:26.938 [JavaFX Application Thread] DEBUG Logger               - Closing Logger
