18:37:22.593 [main                     ] DEBUG Logger               - Configured Logger
18:37:22.611 [main                     ] DEBUG GameApplication      - Logging settings
Title: Space_Game
Version: 1.0
Width: 1920
Height: 1080
Fullscreen: true
Intro: false
Profiling: true
Single step:false
App Mode: DEVELOPER
Menu Key: ESCAPE
Stage Style: DECORATED
Scene Factory: class main.spacegame.SpaceGameApp$1

18:37:22.857 [JavaFX Application Thread] DEBUG FXGLApplication      - Initializing FXGL
18:37:22.860 [JavaFX Application Thread] INFO  Engine               - FXGL-17.3 (30.03.2023 11.54) on WINDOWS (J:19 FX:20)
18:37:22.860 [JavaFX Application Thread] DEBUG Engine               - JRE Vendor Name: Oracle Corporation
18:37:22.861 [JavaFX Application Thread] DEBUG Engine               - Running on OS: Windows 11 version 10.0
18:37:22.861 [JavaFX Application Thread] DEBUG Engine               - Architecture: amd64
18:37:22.861 [JavaFX Application Thread] INFO  Engine               - Source code and latest versions at: https://github.com/AlmasB/FXGL
18:37:22.861 [JavaFX Application Thread] INFO  Engine               -       Ask questions and discuss at: https://github.com/AlmasB/FXGL/discussions
18:37:22.861 [JavaFX Application Thread] INFO  Engine               -              Join the FXGL chat at: https://gitter.im/AlmasB/FXGL
18:37:22.945 [JavaFX Application Thread] DEBUG PrimaryStageWindow   - Creating a JavaFX scene
18:37:22.945 [JavaFX Application Thread] DEBUG PrimaryStageWindow   - Target size > screen size
18:37:22.983 [JavaFX Application Thread] DEBUG PrimaryStageWindow   - Target settings size: 1920.0 x 1080.0
18:37:22.983 [JavaFX Application Thread] DEBUG PrimaryStageWindow   - Scaled scene size:    1511.0 x 864.0
18:37:22.983 [JavaFX Application Thread] DEBUG PrimaryStageWindow   - Scaled ratio: (0.7869791666666667, 0.8)
18:37:22.984 [JavaFX Application Thread] DEBUG PrimaryStageWindow   - Set initial scene to FXGLStartupScene
18:37:22.987 [JavaFX Application Thread] DEBUG PrimaryStageWindow   - Opening main window
18:37:23.054 [JavaFX Application Thread] DEBUG PrimaryStageWindow   - Window border size: (14.5999755859375, 37.5999755859375)
18:37:23.054 [JavaFX Application Thread] DEBUG PrimaryStageWindow   - Scaled size: 1511.0 x 864.0
18:37:23.054 [JavaFX Application Thread] DEBUG PrimaryStageWindow   - Scaled ratio: (0.7869791666666667, 0.8)
18:37:23.054 [JavaFX Application Thread] DEBUG PrimaryStageWindow   - Scene size: 1511.0 x 864.0
18:37:23.054 [JavaFX Application Thread] DEBUG PrimaryStageWindow   - Stage size: 1525.5999755859375 x 901.5999755859375
18:37:23.127 [JavaFX Application Thread] DEBUG PrimaryStageWindow   - Going fullscreen
18:37:23.138 [FXGL Background Thread 1 ] DEBUG Engine               - Initializing environment variables
18:37:23.185 [FXGL Background Thread 1 ] DEBUG FXGLAssetLoaderServi - User app class for loading assets: class main.spacegame.SpaceGameApp
18:37:23.186 [FXGL Background Thread 1 ] DEBUG GameApplicationServi - Applying CSS: fxgl_dark.css
18:37:23.186 [FXGL Background Thread 1 ] DEBUG FXGLAssetLoaderServi - Loading from file system: jar:file:/C:/Users/alprn/Downloads/fxgl-17.3-uber.jar!/fxglassets/ui/css/fxgl_dark.css
18:37:23.216 [FXGL Background Thread 1 ] DEBUG GameApplicationServi - Initializing application scenes
18:37:23.250 [FXGL Background Thread 1 ] DEBUG GameWorld            - Game world initialized
18:37:23.293 [FXGL Background Thread 1 ] DEBUG PhysicsWorld         - Physics world initialized: appHeight=1080, physics.ppm=50,0
18:37:23.294 [FXGL Background Thread 1 ] DEBUG PhysicsWorld         - Using strategy: GRID_INDEXING
18:37:23.298 [FXGL Background Thread 1 ] DEBUG GameScene            - Game scene initialized: 1920x1080
18:37:23.301 [FXGL Background Thread 1 ] DEBUG FXGLAssetLoaderServi - Loading from file system: file:/C:/Users/alprn/AppData/Roaming/Code/User/workspaceStorage/78d877b89292864788bc45c330f464d6/redhat.java/jdt_ws/CS102PROJECT_F-NAL-1_21edc4da/bin/assets/textures/mainmenu.png
18:37:23.420 [FXGL Background Thread 1 ] DEBUG FXGLAssetLoaderServi - Loading from file system: file:/C:/Users/alprn/AppData/Roaming/Code/User/workspaceStorage/78d877b89292864788bc45c330f464d6/redhat.java/jdt_ws/CS102PROJECT_F-NAL-1_21edc4da/bin/assets/textures/credits.png
18:37:23.452 [FXGL Background Thread 1 ] DEBUG FXGLAssetLoaderServi - Loading from file system: file:/C:/Users/alprn/AppData/Roaming/Code/User/workspaceStorage/78d877b89292864788bc45c330f464d6/redhat.java/jdt_ws/CS102PROJECT_F-NAL-1_21edc4da/bin/assets/textures/gameMenu.png
18:37:23.489 [FXGL Background Thread 1 ] DEBUG GameApplicationServi - Application scenes initialized
18:37:23.497 [FXGL Background Thread 1 ] DEBUG SystemBundleService  - Loading FXGL system data
18:37:23.500 [FXGL Background Thread 1 ] DEBUG FileSystemAccess     - Reading from: C:\Users\alprn\CS102PROJECT_F-NAL-1\system\fxgl.bundle
18:37:23.506 [FXGL Background Thread 1 ] DEBUG SystemBundleService  - Bundle FXGL: {}
18:37:23.506 [FXGL Background Thread 1 ] DEBUG UpdaterService       - Checking for updates
18:37:23.518 [FXGL Background Thread 4 ] DEBUG FXGLApplication      - Loading fonts
18:37:23.519 [FXGL Background Thread 4 ] DEBUG FXGLAssetLoaderServi - Loading from file system: jar:file:/C:/Users/alprn/Downloads/fxgl-17.3-uber.jar!/fxglassets/ui/fonts/VarelaRound-Regular.ttf
18:37:23.519 [FXGL Background Thread 1 ] DEBUG FXGLApplication      - Loading default localization
18:37:23.521 [FXGL Background Thread 1 ] WARN  FXGLAssetLoaderServi - Asset "/assets/languages/englısh.lang" was not found!
18:37:23.523 [FXGL Background Thread 1 ] WARN  FXGLAssetLoaderServi - Failed to load PROPERTY_MAP
18:37:23.530 [FXGL Background Thread 1 ] INFO  FXGLApplication      - FXGL initialization took: 0,392 sec
18:37:23.540 [JavaFX Application Thread] DEBUG Input                - Registered new binding: action0 - V
18:37:23.541 [JavaFX Application Thread] DEBUG Input                - Registered new binding: Up - W
18:37:23.541 [JavaFX Application Thread] DEBUG Input                - Registered new binding: Down - S
18:37:23.541 [JavaFX Application Thread] DEBUG Input                - Registered new binding: Left - A
18:37:23.541 [JavaFX Application Thread] DEBUG Input                - Registered new binding: Right - D
18:37:23.542 [JavaFX Application Thread] DEBUG Input                - Registered new binding: Shoot Mouse - LMB
18:37:23.542 [JavaFX Application Thread] DEBUG Input                - Registered new binding: MouseRight - RMB
18:37:23.543 [JavaFX Application Thread] WARN  FXGLAssetLoaderServi - Asset "/assets/music/dans eden sincap ama epilepsi garantili (100).mp3" was not found!
18:37:23.543 [JavaFX Application Thread] WARN  FXGLAssetLoaderServi - Failed to load MUSIC
18:37:23.545 [JavaFX Application Thread] DEBUG AudioPlayer          - Playing music com.almasb.fxgl.audio.Music@4c616fc5
18:37:23.546 [JavaFX Application Thread] DEBUG FXGLAssetLoaderServi - Loading from file system: jar:file:/C:/Users/alprn/Downloads/fxgl-17.3-uber.jar!/fxglassets/textures/fxgl_icon.png
18:37:23.562 [FXGL Background Thread 4 ] DEBUG FXGLAssetLoaderServi - Loading from file system: jar:file:/C:/Users/alprn/Downloads/fxgl-17.3-uber.jar!/fxglassets/ui/fonts/Abel-Regular.ttf
18:37:23.563 [JavaFX Application Thread] DEBUG FXGLAssetLoaderServi - Loading from file system: jar:file:/C:/Users/alprn/Downloads/fxgl-17.3-uber.jar!/fxglassets/textures/fxgl_default_cursor.png
18:37:23.566 [JavaFX Application Thread] DEBUG Input                - Registered new binding: Screenshot - CTRL+8
18:37:23.566 [JavaFX Application Thread] DEBUG Input                - Registered new binding: System info dump - CTRL+9
18:37:23.566 [JavaFX Application Thread] DEBUG Input                - Registered new binding: Restart - CTRL+R
18:37:23.567 [JavaFX Application Thread] DEBUG Input                - Registered new binding: Toggle Debug Camera - CTRL+7
18:37:23.569 [JavaFX Application Thread] DEBUG LoopRunner           - Starting loop
18:37:23.569 [JavaFX Application Thread] DEBUG LoopRunner           - Initializing JavaFX AnimationTimerLoop
18:37:23.572 [JavaFX Application Thread] DEBUG Input                - Clearing active input actions
18:37:23.573 [FXGL Background Thread 4 ] DEBUG FXGLAssetLoaderServi - Loading from file system: jar:file:/C:/Users/alprn/Downloads/fxgl-17.3-uber.jar!/fxglassets/ui/fonts/TerminalLandMono-Regular.otf
18:37:23.583 [FXGL Background Thread 4 ] DEBUG FXGLAssetLoaderServi - Loading from file system: jar:file:/C:/Users/alprn/Downloads/fxgl-17.3-uber.jar!/fxglassets/ui/fonts/Courier-Prime.ttf
18:37:23.586 [JavaFX Application Thread] DEBUG GameApplicationServi - Removing overlay from FXGLStartupScene and adding to FXGLMainMenuDummyScene
18:37:23.589 [JavaFX Application Thread] DEBUG PrimaryStageWindow   - FXGLStartupScene -> FXGLMainMenuDummyScene
18:37:23.589 [JavaFX Application Thread] DEBUG PrimaryStageWindow   - Push state: SpaceGameMainMenu
18:37:23.589 [JavaFX Application Thread] DEBUG Input                - Clearing active input actions
18:37:23.593 [JavaFX Application Thread] DEBUG GameApplicationServi - Removing overlay from FXGLMainMenuDummyScene and adding to SpaceGameMainMenu
18:37:23.596 [JavaFX Application Thread] DEBUG PrimaryStageWindow   - FXGLMainMenuDummyScene -> SpaceGameMainMenu
18:37:23.632 [JavaFX Application Thread] DEBUG FXGLApplication      - Registering font factories with UI factory
18:37:24.762 [JavaFX Application Thread] DEBUG Menu                 - fireNewGame()
18:37:24.763 [JavaFX Application Thread] DEBUG GameApplicationServi - Starting new game
18:37:24.763 [JavaFX Application Thread] DEBUG PrimaryStageWindow   - Pop state: SpaceGameMainMenu
18:37:24.763 [JavaFX Application Thread] DEBUG Input                - Clearing active input actions
18:37:24.764 [JavaFX Application Thread] DEBUG GameApplicationServi - Removing overlay from SpaceGameMainMenu and adding to FXGLMainMenuDummyScene
18:37:24.764 [JavaFX Application Thread] DEBUG PrimaryStageWindow   - FXGLMainMenuDummyScene <- SpaceGameMainMenu
18:37:24.764 [JavaFX Application Thread] DEBUG Input                - Clearing active input actions
18:37:24.772 [JavaFX Application Thread] DEBUG GameApplicationServi - Removing overlay from FXGLMainMenuDummyScene and adding to FXGLLoadingScene
18:37:24.773 [JavaFX Application Thread] DEBUG PrimaryStageWindow   - FXGLMainMenuDummyScene -> FXGLLoadingScene
18:37:24.773 [JavaFX Application Thread] DEBUG GameApplicationServi - Clearing previous game
18:37:24.773 [JavaFX Application Thread] DEBUG GameScene            - Clearing game scene
18:37:24.773 [JavaFX Application Thread] DEBUG GameWorld            - Clearing game world
18:37:24.774 [JavaFX Application Thread] DEBUG PhysicsWorld         - Clearing physics world
18:37:24.775 [FXGL Background Thread 2 ] DEBUG FXGLApplication      - Initializing game
18:37:24.783 [FXGL Background Thread 2 ] DEBUG FXGLAssetLoaderServi - Loading from file system: file:/C:/Users/alprn/AppData/Roaming/Code/User/workspaceStorage/78d877b89292864788bc45c330f464d6/redhat.java/jdt_ws/CS102PROJECT_F-NAL-1_21edc4da/bin/assets/textures/Bomb.png
18:37:24.785 [FXGL Background Thread 2 ] DEBUG FXGLAssetLoaderServi - Loading from file system: file:/C:/Users/alprn/AppData/Roaming/Code/User/workspaceStorage/78d877b89292864788bc45c330f464d6/redhat.java/jdt_ws/CS102PROJECT_F-NAL-1_21edc4da/bin/assets/textures/Bullet.png
18:37:24.792 [FXGL Background Thread 2 ] DEBUG FXGLAssetLoaderServi - Loading from file system: file:/C:/Users/alprn/AppData/Roaming/Code/User/workspaceStorage/78d877b89292864788bc45c330f464d6/redhat.java/jdt_ws/CS102PROJECT_F-NAL-1_21edc4da/bin/assets/textures/WingedAlien.png
18:37:24.798 [FXGL Background Thread 2 ] DEBUG FXGLAssetLoaderServi - Loading from file system: file:/C:/Users/alprn/AppData/Roaming/Code/User/workspaceStorage/78d877b89292864788bc45c330f464d6/redhat.java/jdt_ws/CS102PROJECT_F-NAL-1_21edc4da/bin/assets/textures/Bomber.png
18:37:24.803 [FXGL Background Thread 2 ] DEBUG FXGLAssetLoaderServi - Loading from file system: file:/C:/Users/alprn/AppData/Roaming/Code/User/workspaceStorage/78d877b89292864788bc45c330f464d6/redhat.java/jdt_ws/CS102PROJECT_F-NAL-1_21edc4da/bin/assets/textures/Boss.png
18:37:24.826 [FXGL Background Thread 2 ] DEBUG FXGLAssetLoaderServi - Loading from file system: file:/C:/Users/alprn/AppData/Roaming/Code/User/workspaceStorage/78d877b89292864788bc45c330f464d6/redhat.java/jdt_ws/CS102PROJECT_F-NAL-1_21edc4da/bin/assets/textures/AmongUs.png
18:37:24.845 [FXGL Background Thread 2 ] DEBUG FXGLAssetLoaderServi - Loading from file system: file:/C:/Users/alprn/AppData/Roaming/Code/User/workspaceStorage/78d877b89292864788bc45c330f464d6/redhat.java/jdt_ws/CS102PROJECT_F-NAL-1_21edc4da/bin/assets/textures/background/bg_0.png
18:37:24.968 [FXGL Background Thread 2 ] WARN  FXGLAssetLoaderServi - Asset "/assets/textures/PlayerNew.png" was not found!
18:37:24.968 [FXGL Background Thread 2 ] WARN  FXGLAssetLoaderServi - Failed to load RESIZABLE_IMAGE
18:37:25.022 [JavaFX Application Thread] DEBUG LoopRunner           - Stopping loop
18:37:25.024 [JavaFX Application Thread] FATAL FXGLApplication      - Uncaught Exception:
java.lang.RuntimeException: Initialization failed
	at com.almasb.fxgl.app.FXGLApplication$InitAppTask.failed(FXGLApplication.kt:343)
	at javafx.concurrent.Task.setState(Task.java:710)
	at javafx.concurrent.Task$TaskCallable.lambda$call$2(Task.java:1456)
	at com.sun.javafx.application.PlatformImpl.lambda$runLater$10(PlatformImpl.java:456)
	at java.base/java.security.AccessController.doPrivileged(AccessController.java:399)
	at com.sun.javafx.application.PlatformImpl.lambda$runLater$11(PlatformImpl.java:455)
	at com.sun.glass.ui.InvokeLaterDispatcher$Future.run(InvokeLaterDispatcher.java:95)
	at com.sun.glass.ui.win.WinApplication._runLoop(Native Method)
	at com.sun.glass.ui.win.WinApplication.lambda$runLoop$3(WinApplication.java:185)
	at java.base/java.lang.Thread.run(Thread.java:1589)
Caused by: java.lang.IllegalArgumentException: Component PlayerComponent not found!
	at com.almasb.fxgl.entity.Entity.getComponent(Entity.java:366)
	at main.spacegame.SpaceGameApp.initGame(SpaceGameApp.java:287)
	at com.almasb.fxgl.app.FXGLApplication$InitAppTask.initGame(FXGLApplication.kt:339)
	at com.almasb.fxgl.app.FXGLApplication$InitAppTask.call(FXGLApplication.kt:319)
	at com.almasb.fxgl.app.FXGLApplication$InitAppTask.call(FXGLApplication.kt:311)
	at javafx.concurrent.Task$TaskCallable.call(Task.java:1426)
	at java.base/java.util.concurrent.FutureTask.run(FutureTask.java:317)
	at java.base/java.util.concurrent.Executors$RunnableAdapter.call(Executors.java:577)
	at java.base/java.util.concurrent.FutureTask.run(FutureTask.java:317)
	at java.base/java.util.concurrent.ThreadPoolExecutor.runWorker(ThreadPoolExecutor.java:1144)
	at java.base/java.util.concurrent.ThreadPoolExecutor$Worker.run(ThreadPoolExecutor.java:642)
	... 1 more

18:37:25.026 [JavaFX Application Thread] FATAL FXGLApplication      - Application will now exit
18:37:25.042 [JavaFX Application Thread] DEBUG PrimaryStageWindow   - Push state: ErrorSubScene
18:37:25.042 [JavaFX Application Thread] DEBUG Input                - Clearing active input actions
18:37:25.046 [JavaFX Application Thread] DEBUG GameApplicationServi - Removing overlay from FXGLLoadingScene and adding to ErrorSubScene
18:37:25.046 [JavaFX Application Thread] DEBUG PrimaryStageWindow   - FXGLLoadingScene -> ErrorSubScene
18:37:26.518 [FXGL Background Thread 3 ] DEBUG Engine               - Logging environment variables
18:37:26.518 [FXGL Background Thread 3 ] DEBUG Engine               - achievements: []
18:37:26.518 [FXGL Background Thread 3 ] DEBUG Engine               - actualHeight: 864.0
18:37:26.519 [FXGL Background Thread 3 ] DEBUG Engine               - actualHeightProperty: ReadOnlyDoubleProperty [value: 864.0]
18:37:26.519 [FXGL Background Thread 3 ] DEBUG Engine               - actualWidth: 1536.0
18:37:26.519 [FXGL Background Thread 3 ] DEBUG Engine               - actualWidthProperty: ReadOnlyDoubleProperty [value: 1536.0]
18:37:26.519 [FXGL Background Thread 3 ] DEBUG Engine               - appIcon: fxgl_icon.png
18:37:26.519 [FXGL Background Thread 3 ] DEBUG Engine               - applicationMode: DEVELOPER
18:37:26.519 [FXGL Background Thread 3 ] DEBUG Engine               - cSSList: [fxgl_dark.css]
18:37:26.519 [FXGL Background Thread 3 ] DEBUG Engine               - collisionDetectionStrategy: GRID_INDEXING
18:37:26.519 [FXGL Background Thread 3 ] DEBUG Engine               - configClass: Optional.empty
18:37:26.519 [FXGL Background Thread 3 ] DEBUG Engine               - credits: []
18:37:26.519 [FXGL Background Thread 3 ] DEBUG Engine               - defaultCursor: CursorInfo(imageName=fxgl_default_cursor.png, hotspotX=7.0, hotspotY=6.0)
18:37:26.519 [FXGL Background Thread 3 ] DEBUG Engine               - devBBoxColorProperty: ObjectProperty [value: 0xff0000ff]
18:37:26.519 [FXGL Background Thread 3 ] DEBUG Engine               - devEnableDebugCameraProperty: BooleanProperty [value: false]
18:37:26.520 [FXGL Background Thread 3 ] DEBUG Engine               - devSensorColorProperty: ObjectProperty [value: 0xffff00ff]
18:37:26.520 [FXGL Background Thread 3 ] DEBUG Engine               - devShowBBoxProperty: BooleanProperty [value: false]
18:37:26.520 [FXGL Background Thread 3 ] DEBUG Engine               - devShowPositionProperty: BooleanProperty [value: false]
18:37:26.520 [FXGL Background Thread 3 ] DEBUG Engine               - enabledMenuItems: []
18:37:26.520 [FXGL Background Thread 3 ] DEBUG Engine               - engineServices: [class com.almasb.fxgl.app.services.FXGLAssetLoaderService, class com.almasb.fxgl.app.FXGLApplication$GameApplicationService, class com.almasb.fxgl.app.services.FXGLDialogService, class com.almasb.fxgl.app.services.IOTaskExecutorService, class com.almasb.fxgl.io.FileSystemService, class com.almasb.fxgl.localization.LocalizationService, class com.almasb.fxgl.app.services.SystemBundleService, class com.almasb.fxgl.profile.SaveLoadService, class com.almasb.fxgl.ui.FXGLUIFactoryServiceProvider, class com.almasb.fxgl.ui.FXGLDialogFactoryServiceProvider, class com.almasb.fxgl.audio.AudioPlayer, class com.almasb.fxgl.notification.impl.NotificationServiceProvider, class com.almasb.fxgl.achievement.AchievementService, class com.almasb.fxgl.cutscene.CutsceneService, class com.almasb.fxgl.minigames.MiniGameService, class com.almasb.fxgl.net.NetService, class com.almasb.fxgl.app.services.UpdaterService, class com.almasb.fxgl.dev.DevService, class main.spacegame.service.HighScoreService, class main.spacegame.level.LevelService, class com.almasb.fxgl.dev.profiling.ProfilerService]
18:37:26.520 [FXGL Background Thread 3 ] DEBUG Engine               - fontGame: Abel-Regular.ttf
18:37:26.520 [FXGL Background Thread 3 ] DEBUG Engine               - fontMono: TerminalLandMono-Regular.otf
18:37:26.520 [FXGL Background Thread 3 ] DEBUG Engine               - fontSizeScaleUI: 1.0
18:37:26.520 [FXGL Background Thread 3 ] DEBUG Engine               - fontText: Courier-Prime.ttf
18:37:26.520 [FXGL Background Thread 3 ] DEBUG Engine               - fontUI: VarelaRound-Regular.ttf
18:37:26.520 [FXGL Background Thread 3 ] DEBUG Engine               - fullScreen: BooleanProperty [value: true]
18:37:26.520 [FXGL Background Thread 3 ] DEBUG Engine               - gameDifficulty: MEDIUM
18:37:26.520 [FXGL Background Thread 3 ] DEBUG Engine               - gameDifficultyProperty: ObjectProperty [value: MEDIUM]
18:37:26.520 [FXGL Background Thread 3 ] DEBUG Engine               - globalMusicVolume: 0.5
18:37:26.520 [FXGL Background Thread 3 ] DEBUG Engine               - globalMusicVolumeProperty: DoubleProperty [value: 0.7]
18:37:26.520 [FXGL Background Thread 3 ] DEBUG Engine               - globalSoundVolume: 0.5
18:37:26.520 [FXGL Background Thread 3 ] DEBUG Engine               - globalSoundVolumeProperty: DoubleProperty [value: 0.7]
18:37:26.520 [FXGL Background Thread 3 ] DEBUG Engine               - height: 1080
18:37:26.520 [FXGL Background Thread 3 ] DEBUG Engine               - is3D: false
18:37:26.520 [FXGL Background Thread 3 ] DEBUG Engine               - isAndroid: false
18:37:26.520 [FXGL Background Thread 3 ] DEBUG Engine               - isBrowser: false
18:37:26.520 [FXGL Background Thread 3 ] DEBUG Engine               - isClickFeedbackEnabled: false
18:37:26.521 [FXGL Background Thread 3 ] DEBUG Engine               - isCloseConfirmation: false
18:37:26.521 [FXGL Background Thread 3 ] DEBUG Engine               - isDesktop: true
18:37:26.521 [FXGL Background Thread 3 ] DEBUG Engine               - isDeveloperMenuEnabled: false
18:37:26.521 [FXGL Background Thread 3 ] DEBUG Engine               - isEmbedded: false
18:37:26.521 [FXGL Background Thread 3 ] DEBUG Engine               - isEntityPreloadEnabled: true
18:37:26.521 [FXGL Background Thread 3 ] DEBUG Engine               - isExperimentalTiledLargeMap: false
18:37:26.521 [FXGL Background Thread 3 ] DEBUG Engine               - isFileSystemWriteAllowed: true
18:37:26.521 [FXGL Background Thread 3 ] DEBUG Engine               - isFullScreenAllowed: true
18:37:26.521 [FXGL Background Thread 3 ] DEBUG Engine               - isFullScreenFromStart: true
18:37:26.521 [FXGL Background Thread 3 ] DEBUG Engine               - isGameMenuEnabled: true
18:37:26.521 [FXGL Background Thread 3 ] DEBUG Engine               - isIOS: false
18:37:26.521 [FXGL Background Thread 3 ] DEBUG Engine               - isIntroEnabled: false
18:37:26.521 [FXGL Background Thread 3 ] DEBUG Engine               - isLinux: false
18:37:26.521 [FXGL Background Thread 3 ] DEBUG Engine               - isMac: false
18:37:26.521 [FXGL Background Thread 3 ] DEBUG Engine               - isMainMenuEnabled: true
18:37:26.521 [FXGL Background Thread 3 ] DEBUG Engine               - isManualResizeEnabled: false
18:37:26.521 [FXGL Background Thread 3 ] DEBUG Engine               - isMobile: false
18:37:26.521 [FXGL Background Thread 3 ] DEBUG Engine               - isNative: false
18:37:26.521 [FXGL Background Thread 3 ] DEBUG Engine               - isPauseMusicWhenMinimized: true
18:37:26.521 [FXGL Background Thread 3 ] DEBUG Engine               - isPreserveResizeRatio: false
18:37:26.521 [FXGL Background Thread 3 ] DEBUG Engine               - isProfilingEnabled: true
18:37:26.521 [FXGL Background Thread 3 ] DEBUG Engine               - isScaleAffectedOnResize: true
18:37:26.521 [FXGL Background Thread 3 ] DEBUG Engine               - isSingleStep: false
18:37:26.521 [FXGL Background Thread 3 ] DEBUG Engine               - isUserProfileEnabled: false
18:37:26.521 [FXGL Background Thread 3 ] DEBUG Engine               - isWindows: true
18:37:26.521 [FXGL Background Thread 3 ] DEBUG Engine               - language: ObjectProperty [value: ENGLISH]
18:37:26.521 [FXGL Background Thread 3 ] DEBUG Engine               - menuKey: ESCAPE
18:37:26.521 [FXGL Background Thread 3 ] DEBUG Engine               - mouseSensitivity: 0.2
18:37:26.522 [FXGL Background Thread 3 ] DEBUG Engine               - notificationViewClass: class com.almasb.fxgl.notification.view.XboxNotificationView
18:37:26.522 [FXGL Background Thread 3 ] DEBUG Engine               - pixelsPerMeter: 50.0
18:37:26.522 [FXGL Background Thread 3 ] DEBUG Engine               - platform: WINDOWS
18:37:26.522 [FXGL Background Thread 3 ] DEBUG Engine               - prefHeightProperty: ReadOnlyDoubleProperty [value: 1080.0]
18:37:26.522 [FXGL Background Thread 3 ] DEBUG Engine               - prefWidthProperty: ReadOnlyDoubleProperty [value: 1920.0]
18:37:26.522 [FXGL Background Thread 3 ] DEBUG Engine               - profileDir: profiles/
18:37:26.522 [FXGL Background Thread 3 ] DEBUG Engine               - profileName: StringProperty [value: DEFAULT]
18:37:26.522 [FXGL Background Thread 3 ] DEBUG Engine               - randomSeed: -1
18:37:26.522 [FXGL Background Thread 3 ] DEBUG Engine               - runtimeInfo: RuntimeInfo(platform=WINDOWS, version=17.3, build=30.03.2023 11.54)
18:37:26.522 [FXGL Background Thread 3 ] DEBUG Engine               - saveFileExt: sav
18:37:26.522 [FXGL Background Thread 3 ] DEBUG Engine               - scaledHeightProp$fxgl: DoubleProperty [bound, value: 864.0]
18:37:26.522 [FXGL Background Thread 3 ] DEBUG Engine               - scaledWidthProp$fxgl: DoubleProperty [bound, value: 1536.0]
18:37:26.522 [FXGL Background Thread 3 ] DEBUG Engine               - sceneFactory: main.spacegame.SpaceGameApp$1@6d34ae44
18:37:26.522 [FXGL Background Thread 3 ] DEBUG Engine               - secondsIn24h: 60
18:37:26.522 [FXGL Background Thread 3 ] DEBUG Engine               - soundMenuBack: menu/back.wav
18:37:26.522 [FXGL Background Thread 3 ] DEBUG Engine               - soundMenuPress: menu/press.wav
18:37:26.522 [FXGL Background Thread 3 ] DEBUG Engine               - soundMenuSelect: menu/select.wav
18:37:26.522 [FXGL Background Thread 3 ] DEBUG Engine               - soundNotification: core/notification.wav
18:37:26.522 [FXGL Background Thread 3 ] DEBUG Engine               - stageStyle: DECORATED
18:37:26.522 [FXGL Background Thread 3 ] DEBUG Engine               - supportedLanguages: [ENGLISH, FRENCH, GERMAN, HUNGARIAN, RUSSIAN]
18:37:26.522 [FXGL Background Thread 3 ] DEBUG Engine               - ticksPerSecond: -1
18:37:26.522 [FXGL Background Thread 3 ] DEBUG Engine               - title: Space_Game
18:37:26.522 [FXGL Background Thread 3 ] DEBUG Engine               - urlGithub: https://github.com/AlmasB/FXGL
18:37:26.522 [FXGL Background Thread 3 ] DEBUG Engine               - urlLeaderboard: http://fxgl-top.herokuapp.com/
18:37:26.522 [FXGL Background Thread 3 ] DEBUG Engine               - urlPOM: https://raw.githubusercontent.com/AlmasB/FXGL/release/README.md
18:37:26.522 [FXGL Background Thread 3 ] DEBUG Engine               - userAppClass: class main.spacegame.SpaceGameApp
18:37:26.523 [FXGL Background Thread 3 ] DEBUG Engine               - version: 1.0
18:37:26.523 [FXGL Background Thread 3 ] DEBUG Engine               - versionCheckDays: 7
18:37:26.523 [FXGL Background Thread 3 ] DEBUG Engine               - width: 1920
18:37:26.523 [FXGL Background Thread 3 ] DEBUG Engine               - Logging services
18:37:26.523 [FXGL Background Thread 3 ] DEBUG Engine               - class com.almasb.fxgl.app.services.FXGLAssetLoaderService
18:37:26.523 [FXGL Background Thread 3 ] DEBUG Engine               - class com.almasb.fxgl.app.FXGLApplication$GameApplicationService
18:37:26.523 [FXGL Background Thread 3 ] DEBUG Engine               - class com.almasb.fxgl.app.services.FXGLDialogService
18:37:26.523 [FXGL Background Thread 3 ] DEBUG Engine               - class com.almasb.fxgl.app.services.IOTaskExecutorService
18:37:26.523 [FXGL Background Thread 3 ] DEBUG Engine               - class com.almasb.fxgl.io.FileSystemService
18:37:26.523 [FXGL Background Thread 3 ] DEBUG Engine               - class com.almasb.fxgl.localization.LocalizationService
18:37:26.523 [FXGL Background Thread 3 ] DEBUG Engine               - class com.almasb.fxgl.app.services.SystemBundleService
18:37:26.523 [FXGL Background Thread 3 ] DEBUG Engine               - class com.almasb.fxgl.profile.SaveLoadService
18:37:26.523 [FXGL Background Thread 3 ] DEBUG Engine               - class com.almasb.fxgl.ui.FXGLUIFactoryServiceProvider
18:37:26.523 [FXGL Background Thread 3 ] DEBUG Engine               - class com.almasb.fxgl.ui.FXGLDialogFactoryServiceProvider
18:37:26.523 [FXGL Background Thread 3 ] DEBUG Engine               - class com.almasb.fxgl.audio.AudioPlayer
18:37:26.523 [FXGL Background Thread 3 ] DEBUG Engine               - class com.almasb.fxgl.notification.impl.NotificationServiceProvider
18:37:26.523 [FXGL Background Thread 3 ] DEBUG Engine               - class com.almasb.fxgl.achievement.AchievementService
18:37:26.523 [FXGL Background Thread 3 ] DEBUG Engine               - class com.almasb.fxgl.cutscene.CutsceneService
18:37:26.523 [FXGL Background Thread 3 ] DEBUG Engine               - class com.almasb.fxgl.minigames.MiniGameService
18:37:26.523 [FXGL Background Thread 3 ] DEBUG Engine               - class com.almasb.fxgl.net.NetService
18:37:26.523 [FXGL Background Thread 3 ] DEBUG Engine               - class com.almasb.fxgl.app.services.UpdaterService
18:37:26.523 [FXGL Background Thread 3 ] DEBUG Engine               - class com.almasb.fxgl.dev.DevService
18:37:26.523 [FXGL Background Thread 3 ] DEBUG Engine               - class main.spacegame.service.HighScoreService
18:37:26.523 [FXGL Background Thread 3 ] DEBUG Engine               - class main.spacegame.level.LevelService
18:37:26.523 [FXGL Background Thread 3 ] DEBUG Engine               - class com.almasb.fxgl.dev.profiling.ProfilerService
18:37:35.445 [JavaFX Application Thread] DEBUG FXGLApplication      - Exiting FXGL
18:37:35.445 [JavaFX Application Thread] DEBUG Async                - Shutting down background threads
18:37:35.447 [JavaFX Application Thread] DEBUG PrimaryStageWindow   - Closing main window
18:37:35.470 [JavaFX Application Thread] DEBUG Logger               - Closing Logger
