19:40:05.531 [main                     ] DEBUG Logger               - Configured Logger
19:40:05.650 [main                     ] DEBUG GameApplication      - Logging settings
Title: Space_Game
Version: 1.0
Width: 1920
Height: 1080
Fullscreen: true
Intro: false
Profiling: true
Single step:false
App Mode: DEVELOPER
Menu Key: ESCAPE
Stage Style: DECORATED
Scene Factory: class main.spacegame.SpaceGameApp$1

19:40:07.273 [JavaFX Application Thread] DEBUG FXGLApplication      - Initializing FXGL
19:40:07.308 [JavaFX Application Thread] INFO  Engine               - FXGL-17.3 (30.03.2023 11.54) on WINDOWS (J:18.0.2.1 FX:20)
19:40:07.311 [JavaFX Application Thread] DEBUG Engine               - JRE Vendor Name: Oracle Corporation
19:40:07.314 [JavaFX Application Thread] DEBUG Engine               - Running on OS: Windows 10 version 10.0
19:40:07.315 [JavaFX Application Thread] DEBUG Engine               - Architecture: amd64
19:40:07.315 [JavaFX Application Thread] INFO  Engine               - Source code and latest versions at: https://github.com/AlmasB/FXGL
19:40:07.317 [JavaFX Application Thread] INFO  Engine               -       Ask questions and discuss at: https://github.com/AlmasB/FXGL/discussions
19:40:07.319 [JavaFX Application Thread] INFO  Engine               -              Join the FXGL chat at: https://gitter.im/AlmasB/FXGL
19:40:07.900 [JavaFX Application Thread] DEBUG PrimaryStageWindow   - Creating a JavaFX scene
19:40:07.900 [JavaFX Application Thread] DEBUG PrimaryStageWindow   - Target size > screen size
19:40:08.085 [JavaFX Application Thread] DEBUG PrimaryStageWindow   - Target settings size: 1920.0 x 1080.0
19:40:08.086 [JavaFX Application Thread] DEBUG PrimaryStageWindow   - Scaled scene size:    1511.0 x 864.0
19:40:08.087 [JavaFX Application Thread] DEBUG PrimaryStageWindow   - Scaled ratio: (0.7869791666666667, 0.8)
19:40:08.091 [JavaFX Application Thread] DEBUG PrimaryStageWindow   - Set initial scene to FXGLStartupScene
19:40:08.109 [JavaFX Application Thread] DEBUG PrimaryStageWindow   - Opening main window
19:40:08.448 [JavaFX Application Thread] DEBUG PrimaryStageWindow   - Window border size: (14.5999755859375, 37.5999755859375)
19:40:08.450 [JavaFX Application Thread] DEBUG PrimaryStageWindow   - Scaled size: 1511.0 x 864.0
19:40:08.452 [JavaFX Application Thread] DEBUG PrimaryStageWindow   - Scaled ratio: (0.7869791666666667, 0.8)
19:40:08.454 [JavaFX Application Thread] DEBUG PrimaryStageWindow   - Scene size: 1511.0 x 864.0
19:40:08.456 [JavaFX Application Thread] DEBUG PrimaryStageWindow   - Stage size: 1525.5999755859375 x 901.5999755859375
19:40:08.688 [JavaFX Application Thread] DEBUG PrimaryStageWindow   - Going fullscreen
19:40:08.721 [FXGL Background Thread 1 ] DEBUG Engine               - Initializing environment variables
19:40:08.900 [FXGL Background Thread 1 ] DEBUG FXGLAssetLoaderServi - User app class for loading assets: class main.spacegame.SpaceGameApp
19:40:08.901 [FXGL Background Thread 1 ] DEBUG GameApplicationServi - Applying CSS: fxgl_dark.css
19:40:08.903 [FXGL Background Thread 1 ] DEBUG FXGLAssetLoaderServi - Loading from file system: jar:file:/C:/Users/acer/Downloads/fxgl-17.3-uber.jar!/fxglassets/ui/css/fxgl_dark.css
19:40:09.038 [FXGL Background Thread 1 ] DEBUG GameApplicationServi - Initializing application scenes
19:40:09.170 [FXGL Background Thread 1 ] DEBUG GameWorld            - Game world initialized
19:40:09.418 [FXGL Background Thread 1 ] DEBUG PhysicsWorld         - Physics world initialized: appHeight=1080, physics.ppm=50,0
19:40:09.419 [FXGL Background Thread 1 ] DEBUG PhysicsWorld         - Using strategy: GRID_INDEXING
19:40:09.431 [FXGL Background Thread 1 ] DEBUG GameScene            - Game scene initialized: 1920x1080
19:40:09.446 [FXGL Background Thread 1 ] DEBUG FXGLAssetLoaderServi - Loading from file system: file:/C:/Users/acer/AppData/Roaming/Code/User/workspaceStorage/d4e31cc48637789aafa6fe6833a8970c/redhat.java/jdt_ws/CS102PROJECT_F-NAL-5_d3382592/bin/assets/textures/mainmenu.png
19:40:10.014 [FXGL Background Thread 1 ] DEBUG FXGLAssetLoaderServi - Loading from file system: file:/C:/Users/acer/AppData/Roaming/Code/User/workspaceStorage/d4e31cc48637789aafa6fe6833a8970c/redhat.java/jdt_ws/CS102PROJECT_F-NAL-5_d3382592/bin/assets/textures/credits.png
19:40:10.107 [FXGL Background Thread 1 ] DEBUG FXGLAssetLoaderServi - Loading from file system: file:/C:/Users/acer/AppData/Roaming/Code/User/workspaceStorage/d4e31cc48637789aafa6fe6833a8970c/redhat.java/jdt_ws/CS102PROJECT_F-NAL-5_d3382592/bin/assets/textures/gameMenu.png
19:40:10.195 [FXGL Background Thread 1 ] DEBUG GameApplicationServi - Application scenes initialized
19:40:10.233 [FXGL Background Thread 1 ] DEBUG SystemBundleService  - Loading FXGL system data
19:40:10.241 [FXGL Background Thread 1 ] DEBUG FileSystemAccess     - Reading from: C:\Users\acer\CS102PROJECT_F-NAL-5\system\fxgl.bundle
19:40:10.261 [FXGL Background Thread 1 ] DEBUG SystemBundleService  - Bundle FXGL: {}
19:40:10.262 [FXGL Background Thread 1 ] DEBUG UpdaterService       - Checking for updates
19:40:10.302 [FXGL Background Thread 4 ] DEBUG FXGLApplication      - Loading fonts
19:40:10.303 [FXGL Background Thread 4 ] DEBUG FXGLAssetLoaderServi - Loading from file system: jar:file:/C:/Users/acer/Downloads/fxgl-17.3-uber.jar!/fxglassets/ui/fonts/VarelaRound-Regular.ttf
19:40:10.304 [FXGL Background Thread 1 ] DEBUG FXGLApplication      - Loading default localization
19:40:10.324 [FXGL Background Thread 1 ] WARN  FXGLAssetLoaderServi - Asset "/assets/languages/englısh.lang" was not found!
19:40:10.326 [FXGL Background Thread 1 ] WARN  FXGLAssetLoaderServi - Failed to load PROPERTY_MAP
19:40:10.345 [FXGL Background Thread 1 ] INFO  FXGLApplication      - FXGL initialization took: 1,622 sec
19:40:10.380 [JavaFX Application Thread] DEBUG Input                - Registered new binding: action0 - V
19:40:10.382 [JavaFX Application Thread] DEBUG Input                - Registered new binding: Up - W
19:40:10.382 [JavaFX Application Thread] DEBUG Input                - Registered new binding: Down - S
19:40:10.383 [JavaFX Application Thread] DEBUG Input                - Registered new binding: Left - A
19:40:10.383 [JavaFX Application Thread] DEBUG Input                - Registered new binding: Right - D
19:40:10.387 [JavaFX Application Thread] DEBUG Input                - Registered new binding: Shoot Mouse - LMB
19:40:10.388 [JavaFX Application Thread] DEBUG Input                - Registered new binding: MouseRight - RMB
19:40:10.390 [JavaFX Application Thread] WARN  FXGLAssetLoaderServi - Asset "/assets/music/dans eden sincap ama epilepsi garantili (100).mp3" was not found!
19:40:10.391 [JavaFX Application Thread] WARN  FXGLAssetLoaderServi - Failed to load MUSIC
19:40:10.399 [JavaFX Application Thread] DEBUG AudioPlayer          - Playing music com.almasb.fxgl.audio.Music@708d903c
19:40:10.400 [JavaFX Application Thread] DEBUG FXGLAssetLoaderServi - Loading from file system: jar:file:/C:/Users/acer/Downloads/fxgl-17.3-uber.jar!/fxglassets/textures/fxgl_icon.png
19:40:10.446 [JavaFX Application Thread] DEBUG FXGLAssetLoaderServi - Loading from file system: jar:file:/C:/Users/acer/Downloads/fxgl-17.3-uber.jar!/fxglassets/textures/fxgl_default_cursor.png
19:40:10.451 [JavaFX Application Thread] DEBUG Input                - Registered new binding: Screenshot - CTRL+8
19:40:10.452 [JavaFX Application Thread] DEBUG Input                - Registered new binding: System info dump - CTRL+9
19:40:10.454 [JavaFX Application Thread] DEBUG Input                - Registered new binding: Restart - CTRL+R
19:40:10.457 [JavaFX Application Thread] DEBUG Input                - Registered new binding: Toggle Debug Camera - CTRL+7
19:40:10.466 [JavaFX Application Thread] DEBUG LoopRunner           - Starting loop
19:40:10.467 [JavaFX Application Thread] DEBUG LoopRunner           - Initializing JavaFX AnimationTimerLoop
19:40:10.475 [JavaFX Application Thread] DEBUG Input                - Clearing active input actions
19:40:10.509 [JavaFX Application Thread] DEBUG GameApplicationServi - Removing overlay from FXGLStartupScene and adding to FXGLMainMenuDummyScene
19:40:10.522 [JavaFX Application Thread] DEBUG PrimaryStageWindow   - FXGLStartupScene -> FXGLMainMenuDummyScene
19:40:10.522 [JavaFX Application Thread] DEBUG PrimaryStageWindow   - Push state: SpaceGameMainMenu
19:40:10.523 [JavaFX Application Thread] DEBUG Input                - Clearing active input actions
19:40:10.538 [JavaFX Application Thread] DEBUG GameApplicationServi - Removing overlay from FXGLMainMenuDummyScene and adding to SpaceGameMainMenu
19:40:10.552 [FXGL Background Thread 4 ] DEBUG FXGLAssetLoaderServi - Loading from file system: jar:file:/C:/Users/acer/Downloads/fxgl-17.3-uber.jar!/fxglassets/ui/fonts/Abel-Regular.ttf
19:40:10.556 [JavaFX Application Thread] DEBUG PrimaryStageWindow   - FXGLMainMenuDummyScene -> SpaceGameMainMenu
19:40:10.567 [FXGL Background Thread 4 ] DEBUG FXGLAssetLoaderServi - Loading from file system: jar:file:/C:/Users/acer/Downloads/fxgl-17.3-uber.jar!/fxglassets/ui/fonts/TerminalLandMono-Regular.otf
19:40:10.577 [FXGL Background Thread 4 ] DEBUG FXGLAssetLoaderServi - Loading from file system: jar:file:/C:/Users/acer/Downloads/fxgl-17.3-uber.jar!/fxglassets/ui/fonts/Courier-Prime.ttf
19:40:10.693 [JavaFX Application Thread] DEBUG FXGLApplication      - Registering font factories with UI factory
19:40:13.210 [JavaFX Application Thread] DEBUG Menu                 - fireExit()
19:40:13.211 [JavaFX Application Thread] WARN  LocalizationService  - dialog.exitGame is not localized for language ENGLISH
19:40:13.218 [JavaFX Application Thread] WARN  LocalizationService  - dialog.yes is not localized for language ENGLISH
19:40:13.247 [JavaFX Application Thread] WARN  LocalizationService  - dialog.no is not localized for language ENGLISH
19:40:13.251 [JavaFX Application Thread] DEBUG PrimaryStageWindow   - Push state: DialogSubScene
19:40:13.251 [JavaFX Application Thread] DEBUG Input                - Clearing active input actions
19:40:13.269 [JavaFX Application Thread] DEBUG GameApplicationServi - Removing overlay from SpaceGameMainMenu and adding to DialogSubScene
19:40:13.272 [JavaFX Application Thread] DEBUG PrimaryStageWindow   - SpaceGameMainMenu -> DialogSubScene
19:40:13.298 [FXGL Background Thread 3 ] DEBUG Engine               - Logging environment variables
19:40:13.303 [FXGL Background Thread 3 ] DEBUG Engine               - achievements: []
19:40:13.303 [FXGL Background Thread 3 ] DEBUG Engine               - actualHeight: 864.0
19:40:13.304 [FXGL Background Thread 3 ] DEBUG Engine               - actualHeightProperty: ReadOnlyDoubleProperty [value: 864.0]
19:40:13.304 [FXGL Background Thread 3 ] DEBUG Engine               - actualWidth: 1536.0
19:40:13.304 [FXGL Background Thread 3 ] DEBUG Engine               - actualWidthProperty: ReadOnlyDoubleProperty [value: 1536.0]
19:40:13.304 [FXGL Background Thread 3 ] DEBUG Engine               - appIcon: fxgl_icon.png
19:40:13.305 [FXGL Background Thread 3 ] DEBUG Engine               - applicationMode: DEVELOPER
19:40:13.305 [FXGL Background Thread 3 ] DEBUG Engine               - cSSList: [fxgl_dark.css]
19:40:13.305 [FXGL Background Thread 3 ] DEBUG Engine               - collisionDetectionStrategy: GRID_INDEXING
19:40:13.305 [FXGL Background Thread 3 ] DEBUG Engine               - configClass: Optional.empty
19:40:13.305 [FXGL Background Thread 3 ] DEBUG Engine               - credits: []
19:40:13.310 [FXGL Background Thread 3 ] DEBUG Engine               - defaultCursor: CursorInfo(imageName=fxgl_default_cursor.png, hotspotX=7.0, hotspotY=6.0)
19:40:13.310 [FXGL Background Thread 3 ] DEBUG Engine               - devBBoxColorProperty: ObjectProperty [value: 0xff0000ff]
19:40:13.311 [FXGL Background Thread 3 ] DEBUG Engine               - devEnableDebugCameraProperty: BooleanProperty [value: false]
19:40:13.311 [FXGL Background Thread 3 ] DEBUG Engine               - devSensorColorProperty: ObjectProperty [value: 0xffff00ff]
19:40:13.311 [FXGL Background Thread 3 ] DEBUG Engine               - devShowBBoxProperty: BooleanProperty [value: false]
19:40:13.311 [FXGL Background Thread 3 ] DEBUG Engine               - devShowPositionProperty: BooleanProperty [value: false]
19:40:13.312 [FXGL Background Thread 3 ] DEBUG Engine               - enabledMenuItems: []
19:40:13.312 [FXGL Background Thread 3 ] DEBUG Engine               - engineServices: [class com.almasb.fxgl.app.services.FXGLAssetLoaderService, class com.almasb.fxgl.app.FXGLApplication$GameApplicationService, class com.almasb.fxgl.app.services.FXGLDialogService, class com.almasb.fxgl.app.services.IOTaskExecutorService, class com.almasb.fxgl.io.FileSystemService, class com.almasb.fxgl.localization.LocalizationService, class com.almasb.fxgl.app.services.SystemBundleService, class com.almasb.fxgl.profile.SaveLoadService, class com.almasb.fxgl.ui.FXGLUIFactoryServiceProvider, class com.almasb.fxgl.ui.FXGLDialogFactoryServiceProvider, class com.almasb.fxgl.audio.AudioPlayer, class com.almasb.fxgl.notification.impl.NotificationServiceProvider, class com.almasb.fxgl.achievement.AchievementService, class com.almasb.fxgl.cutscene.CutsceneService, class com.almasb.fxgl.minigames.MiniGameService, class com.almasb.fxgl.net.NetService, class com.almasb.fxgl.app.services.UpdaterService, class com.almasb.fxgl.dev.DevService, class main.spacegame.service.HighScoreService, class main.spacegame.level.LevelService, class com.almasb.fxgl.dev.profiling.ProfilerService]
19:40:13.312 [FXGL Background Thread 3 ] DEBUG Engine               - fontGame: Abel-Regular.ttf
19:40:13.312 [FXGL Background Thread 3 ] DEBUG Engine               - fontMono: TerminalLandMono-Regular.otf
19:40:13.312 [FXGL Background Thread 3 ] DEBUG Engine               - fontSizeScaleUI: 1.0
19:40:13.313 [FXGL Background Thread 3 ] DEBUG Engine               - fontText: Courier-Prime.ttf
19:40:13.313 [FXGL Background Thread 3 ] DEBUG Engine               - fontUI: VarelaRound-Regular.ttf
19:40:13.313 [FXGL Background Thread 3 ] DEBUG Engine               - fullScreen: BooleanProperty [value: true]
19:40:13.313 [FXGL Background Thread 3 ] DEBUG Engine               - gameDifficulty: MEDIUM
19:40:13.313 [FXGL Background Thread 3 ] DEBUG Engine               - gameDifficultyProperty: ObjectProperty [value: MEDIUM]
19:40:13.313 [FXGL Background Thread 3 ] DEBUG Engine               - globalMusicVolume: 0.5
19:40:13.313 [FXGL Background Thread 3 ] DEBUG Engine               - globalMusicVolumeProperty: DoubleProperty [value: 0.7]
19:40:13.314 [FXGL Background Thread 3 ] DEBUG Engine               - globalSoundVolume: 0.5
19:40:13.314 [FXGL Background Thread 3 ] DEBUG Engine               - globalSoundVolumeProperty: DoubleProperty [value: 0.7]
19:40:13.314 [FXGL Background Thread 3 ] DEBUG Engine               - height: 1080
19:40:13.314 [FXGL Background Thread 3 ] DEBUG Engine               - is3D: false
19:40:13.314 [FXGL Background Thread 3 ] DEBUG Engine               - isAndroid: false
19:40:13.314 [FXGL Background Thread 3 ] DEBUG Engine               - isBrowser: false
19:40:13.314 [FXGL Background Thread 3 ] DEBUG Engine               - isClickFeedbackEnabled: false
19:40:13.314 [FXGL Background Thread 3 ] DEBUG Engine               - isCloseConfirmation: false
19:40:13.314 [FXGL Background Thread 3 ] DEBUG Engine               - isDesktop: true
19:40:13.315 [FXGL Background Thread 3 ] DEBUG Engine               - isDeveloperMenuEnabled: false
19:40:13.315 [FXGL Background Thread 3 ] DEBUG Engine               - isEmbedded: false
19:40:13.315 [FXGL Background Thread 3 ] DEBUG Engine               - isEntityPreloadEnabled: true
19:40:13.315 [FXGL Background Thread 3 ] DEBUG Engine               - isExperimentalTiledLargeMap: false
19:40:13.315 [FXGL Background Thread 3 ] DEBUG Engine               - isFileSystemWriteAllowed: true
19:40:13.315 [FXGL Background Thread 3 ] DEBUG Engine               - isFullScreenAllowed: true
19:40:13.315 [FXGL Background Thread 3 ] DEBUG Engine               - isFullScreenFromStart: true
19:40:13.315 [FXGL Background Thread 3 ] DEBUG Engine               - isGameMenuEnabled: true
19:40:13.316 [FXGL Background Thread 3 ] DEBUG Engine               - isIOS: false
19:40:13.316 [FXGL Background Thread 3 ] DEBUG Engine               - isIntroEnabled: false
19:40:13.316 [FXGL Background Thread 3 ] DEBUG Engine               - isLinux: false
19:40:13.316 [FXGL Background Thread 3 ] DEBUG Engine               - isMac: false
19:40:13.316 [FXGL Background Thread 3 ] DEBUG Engine               - isMainMenuEnabled: true
19:40:13.316 [FXGL Background Thread 3 ] DEBUG Engine               - isManualResizeEnabled: false
19:40:13.316 [FXGL Background Thread 3 ] DEBUG Engine               - isMobile: false
19:40:13.316 [FXGL Background Thread 3 ] DEBUG Engine               - isNative: false
19:40:13.316 [FXGL Background Thread 3 ] DEBUG Engine               - isPauseMusicWhenMinimized: true
19:40:13.317 [FXGL Background Thread 3 ] DEBUG Engine               - isPreserveResizeRatio: false
19:40:13.317 [FXGL Background Thread 3 ] DEBUG Engine               - isProfilingEnabled: true
19:40:13.317 [FXGL Background Thread 3 ] DEBUG Engine               - isScaleAffectedOnResize: true
19:40:13.317 [FXGL Background Thread 3 ] DEBUG Engine               - isSingleStep: false
19:40:13.317 [FXGL Background Thread 3 ] DEBUG Engine               - isUserProfileEnabled: false
19:40:13.317 [FXGL Background Thread 3 ] DEBUG Engine               - isWindows: true
19:40:13.317 [FXGL Background Thread 3 ] DEBUG Engine               - language: ObjectProperty [value: ENGLISH]
19:40:13.317 [FXGL Background Thread 3 ] DEBUG Engine               - menuKey: ESCAPE
19:40:13.318 [FXGL Background Thread 3 ] DEBUG Engine               - mouseSensitivity: 0.2
19:40:13.318 [FXGL Background Thread 3 ] DEBUG Engine               - notificationViewClass: class com.almasb.fxgl.notification.view.XboxNotificationView
19:40:13.318 [FXGL Background Thread 3 ] DEBUG Engine               - pixelsPerMeter: 50.0
19:40:13.318 [FXGL Background Thread 3 ] DEBUG Engine               - platform: WINDOWS
19:40:13.318 [FXGL Background Thread 3 ] DEBUG Engine               - prefHeightProperty: ReadOnlyDoubleProperty [value: 1080.0]
19:40:13.318 [FXGL Background Thread 3 ] DEBUG Engine               - prefWidthProperty: ReadOnlyDoubleProperty [value: 1920.0]
19:40:13.318 [FXGL Background Thread 3 ] DEBUG Engine               - profileDir: profiles/
19:40:13.318 [FXGL Background Thread 3 ] DEBUG Engine               - profileName: StringProperty [value: DEFAULT]
19:40:13.319 [FXGL Background Thread 3 ] DEBUG Engine               - randomSeed: -1
19:40:13.319 [FXGL Background Thread 3 ] DEBUG Engine               - runtimeInfo: RuntimeInfo(platform=WINDOWS, version=17.3, build=30.03.2023 11.54)
19:40:13.319 [FXGL Background Thread 3 ] DEBUG Engine               - saveFileExt: sav
19:40:13.320 [FXGL Background Thread 3 ] DEBUG Engine               - scaledHeightProp$fxgl: DoubleProperty [bound, value: 864.0]
19:40:13.320 [FXGL Background Thread 3 ] DEBUG Engine               - scaledWidthProp$fxgl: DoubleProperty [bound, value: 1536.0]
19:40:13.320 [FXGL Background Thread 3 ] DEBUG Engine               - sceneFactory: main.spacegame.SpaceGameApp$1@6d12adcc
19:40:13.320 [FXGL Background Thread 3 ] DEBUG Engine               - secondsIn24h: 60
19:40:13.320 [FXGL Background Thread 3 ] DEBUG Engine               - soundMenuBack: menu/back.wav
19:40:13.320 [FXGL Background Thread 3 ] DEBUG Engine               - soundMenuPress: menu/press.wav
19:40:13.320 [FXGL Background Thread 3 ] DEBUG Engine               - soundMenuSelect: menu/select.wav
19:40:13.320 [FXGL Background Thread 3 ] DEBUG Engine               - soundNotification: core/notification.wav
19:40:13.321 [FXGL Background Thread 3 ] DEBUG Engine               - stageStyle: DECORATED
19:40:13.321 [FXGL Background Thread 3 ] DEBUG Engine               - supportedLanguages: [ENGLISH, FRENCH, GERMAN, HUNGARIAN, RUSSIAN]
19:40:13.321 [FXGL Background Thread 3 ] DEBUG Engine               - ticksPerSecond: -1
19:40:13.321 [FXGL Background Thread 3 ] DEBUG Engine               - title: Space_Game
19:40:13.321 [FXGL Background Thread 3 ] DEBUG Engine               - urlGithub: https://github.com/AlmasB/FXGL
19:40:13.321 [FXGL Background Thread 3 ] DEBUG Engine               - urlLeaderboard: http://fxgl-top.herokuapp.com/
19:40:13.321 [FXGL Background Thread 3 ] DEBUG Engine               - urlPOM: https://raw.githubusercontent.com/AlmasB/FXGL/release/README.md
19:40:13.321 [FXGL Background Thread 3 ] DEBUG Engine               - userAppClass: class main.spacegame.SpaceGameApp
19:40:13.322 [FXGL Background Thread 3 ] DEBUG Engine               - version: 1.0
19:40:13.322 [FXGL Background Thread 3 ] DEBUG Engine               - versionCheckDays: 7
19:40:13.322 [FXGL Background Thread 3 ] DEBUG Engine               - width: 1920
19:40:13.322 [FXGL Background Thread 3 ] DEBUG Engine               - Logging services
19:40:13.322 [FXGL Background Thread 3 ] DEBUG Engine               - class com.almasb.fxgl.app.services.FXGLAssetLoaderService
19:40:13.322 [FXGL Background Thread 3 ] DEBUG Engine               - class com.almasb.fxgl.app.FXGLApplication$GameApplicationService
19:40:13.322 [FXGL Background Thread 3 ] DEBUG Engine               - class com.almasb.fxgl.app.services.FXGLDialogService
19:40:13.322 [FXGL Background Thread 3 ] DEBUG Engine               - class com.almasb.fxgl.app.services.IOTaskExecutorService
19:40:13.322 [FXGL Background Thread 3 ] DEBUG Engine               - class com.almasb.fxgl.io.FileSystemService
19:40:13.322 [FXGL Background Thread 3 ] DEBUG Engine               - class com.almasb.fxgl.localization.LocalizationService
19:40:13.323 [FXGL Background Thread 3 ] DEBUG Engine               - class com.almasb.fxgl.app.services.SystemBundleService
19:40:13.323 [FXGL Background Thread 3 ] DEBUG Engine               - class com.almasb.fxgl.profile.SaveLoadService
19:40:13.323 [FXGL Background Thread 3 ] DEBUG Engine               - class com.almasb.fxgl.ui.FXGLUIFactoryServiceProvider
19:40:13.323 [FXGL Background Thread 3 ] DEBUG Engine               - class com.almasb.fxgl.ui.FXGLDialogFactoryServiceProvider
19:40:13.323 [FXGL Background Thread 3 ] DEBUG Engine               - class com.almasb.fxgl.audio.AudioPlayer
19:40:13.323 [FXGL Background Thread 3 ] DEBUG Engine               - class com.almasb.fxgl.notification.impl.NotificationServiceProvider
19:40:13.323 [FXGL Background Thread 3 ] DEBUG Engine               - class com.almasb.fxgl.achievement.AchievementService
19:40:13.323 [FXGL Background Thread 3 ] DEBUG Engine               - class com.almasb.fxgl.cutscene.CutsceneService
19:40:13.323 [FXGL Background Thread 3 ] DEBUG Engine               - class com.almasb.fxgl.minigames.MiniGameService
19:40:13.323 [FXGL Background Thread 3 ] DEBUG Engine               - class com.almasb.fxgl.net.NetService
19:40:13.324 [FXGL Background Thread 3 ] DEBUG Engine               - class com.almasb.fxgl.app.services.UpdaterService
19:40:13.324 [FXGL Background Thread 3 ] DEBUG Engine               - class com.almasb.fxgl.dev.DevService
19:40:13.324 [FXGL Background Thread 3 ] DEBUG Engine               - class main.spacegame.service.HighScoreService
19:40:13.324 [FXGL Background Thread 3 ] DEBUG Engine               - class main.spacegame.level.LevelService
19:40:13.324 [FXGL Background Thread 3 ] DEBUG Engine               - class com.almasb.fxgl.dev.profiling.ProfilerService
19:40:15.313 [JavaFX Application Thread] DEBUG PrimaryStageWindow   - Pop state: DialogSubScene
19:40:15.313 [JavaFX Application Thread] DEBUG Input                - Clearing active input actions
19:40:15.320 [JavaFX Application Thread] DEBUG GameApplicationServi - Removing overlay from DialogSubScene and adding to SpaceGameMainMenu
19:40:15.323 [JavaFX Application Thread] DEBUG PrimaryStageWindow   - SpaceGameMainMenu <- DialogSubScene
19:40:15.323 [JavaFX Application Thread] DEBUG FXGLApplication      - Exiting FXGL
19:40:15.323 [JavaFX Application Thread] DEBUG LoopRunner           - Stopping loop
19:40:15.324 [JavaFX Application Thread] DEBUG SystemBundleService  - Saving FXGL system data
19:40:15.330 [JavaFX Application Thread] DEBUG FileSystemAccess     - Writing to: C:\Users\acer\CS102PROJECT_F-NAL-5\system\fxgl.bundle
19:40:15.338 [JavaFX Application Thread] INFO  ProfilerWindow       - Profiler (FPS) - 182 frames
19:40:15.342 [JavaFX Application Thread] INFO  ProfilerWindow       - Average: 39.68131868131868
19:40:15.343 [JavaFX Application Thread] INFO  ProfilerWindow       - Minimum: 26.0
19:40:15.344 [JavaFX Application Thread] INFO  ProfilerWindow       - Maximum: 60.0
19:40:15.345 [JavaFX Application Thread] INFO  ProfilerWindow       - Profiler (CPU (ms)) - 182 frames
19:40:15.346 [JavaFX Application Thread] INFO  ProfilerWindow       - Average: 1.4958653846153849
19:40:15.347 [JavaFX Application Thread] INFO  ProfilerWindow       - Minimum: 0.0
19:40:15.348 [JavaFX Application Thread] INFO  ProfilerWindow       - Maximum: 19.8663
19:40:15.349 [JavaFX Application Thread] INFO  ProfilerWindow       - Profiler (RAM (MB)) - 182 frames
19:40:15.350 [JavaFX Application Thread] INFO  ProfilerWindow       - Average: 54.46591643448714
19:40:15.351 [JavaFX Application Thread] INFO  ProfilerWindow       - Minimum: 37.514488220214844
19:40:15.354 [JavaFX Application Thread] INFO  ProfilerWindow       - Maximum: 82.77458190917969
19:40:15.355 [JavaFX Application Thread] INFO  ProfilerService      - Estimated GC runs: 1
19:40:15.356 [JavaFX Application Thread] DEBUG Async                - Shutting down background threads
19:40:15.357 [JavaFX Application Thread] DEBUG PrimaryStageWindow   - Closing main window
19:40:15.423 [JavaFX Application Thread] DEBUG Logger               - Closing Logger
