00:59:25.567 [main                     ] DEBUG Logger               - Configured Logger
00:59:25.590 [main                     ] DEBUG GameApplication      - Logging settings
Title: Space_Game
Version: 1.0
Width: 1920
Height: 1080
Fullscreen: false
Intro: false
Profiling: false
Single step:false
App Mode: DEVELOPER
Menu Key: ESCAPE
Stage Style: DECORATED
Scene Factory: class main.spacegame.SpaceGameApp$1

00:59:25.928 [JavaFX Application Thread] DEBUG FXGLApplication      - Initializing FXGL
00:59:25.932 [JavaFX Application Thread] INFO  Engine               - FXGL-17.3 (30.03.2023 11.54) on WINDOWS (J:19.0.2 FX:20)
00:59:25.932 [JavaFX Application Thread] DEBUG Engine               - JRE Vendor Name: Oracle Corporation
00:59:25.932 [JavaFX Application Thread] DEBUG Engine               - Running on OS: Windows 10 version 10.0
00:59:25.932 [JavaFX Application Thread] DEBUG Engine               - Architecture: amd64
00:59:25.933 [JavaFX Application Thread] INFO  Engine               - Source code and latest versions at: https://github.com/AlmasB/FXGL
00:59:25.933 [JavaFX Application Thread] INFO  Engine               -       Ask questions and discuss at: https://github.com/AlmasB/FXGL/discussions
00:59:25.933 [JavaFX Application Thread] INFO  Engine               -              Join the FXGL chat at: https://gitter.im/AlmasB/FXGL
00:59:26.053 [JavaFX Application Thread] DEBUG PrimaryStageWindow   - Creating a JavaFX scene
00:59:26.053 [JavaFX Application Thread] DEBUG PrimaryStageWindow   - Target size > screen size
00:59:26.101 [JavaFX Application Thread] DEBUG PrimaryStageWindow   - Target settings size: 1920.0 x 1080.0
00:59:26.102 [JavaFX Application Thread] DEBUG PrimaryStageWindow   - Scaled scene size:    1439.0 x 823.0
00:59:26.102 [JavaFX Application Thread] DEBUG PrimaryStageWindow   - Scaled ratio: (0.7494791666666667, 0.7620370370370371)
00:59:26.103 [JavaFX Application Thread] DEBUG PrimaryStageWindow   - Set initial scene to FXGLStartupScene
00:59:26.106 [JavaFX Application Thread] DEBUG PrimaryStageWindow   - Opening main window
00:59:26.191 [JavaFX Application Thread] DEBUG PrimaryStageWindow   - Window border size: (14.5999755859375, 37.79998779296875)
00:59:26.191 [JavaFX Application Thread] DEBUG PrimaryStageWindow   - Scaled size: 1439.0 x 823.0
00:59:26.191 [JavaFX Application Thread] DEBUG PrimaryStageWindow   - Scaled ratio: (0.7494791666666667, 0.7620370370370371)
00:59:26.191 [JavaFX Application Thread] DEBUG PrimaryStageWindow   - Scene size: 1439.0 x 823.0
00:59:26.192 [JavaFX Application Thread] DEBUG PrimaryStageWindow   - Stage size: 1453.5999755859375 x 860.7999877929688
00:59:26.199 [FXGL Background Thread 1 ] DEBUG Engine               - Initializing environment variables
00:59:26.249 [FXGL Background Thread 1 ] DEBUG FXGLAssetLoaderServi - User app class for loading assets: class main.spacegame.SpaceGameApp
00:59:26.249 [FXGL Background Thread 1 ] DEBUG GameApplicationServi - Applying CSS: fxgl_dark.css
00:59:26.250 [FXGL Background Thread 1 ] DEBUG FXGLAssetLoaderServi - Loading from file system: jar:file:/C:/Users/%c4%b0brahim/Downloads/fxgl-17.3-uber.jar!/fxglassets/ui/css/fxgl_dark.css
00:59:26.290 [FXGL Background Thread 1 ] DEBUG GameApplicationServi - Initializing application scenes
00:59:26.324 [FXGL Background Thread 1 ] DEBUG GameWorld            - Game world initialized
00:59:26.381 [FXGL Background Thread 1 ] DEBUG PhysicsWorld         - Physics world initialized: appHeight=1080, physics.ppm=50.0
00:59:26.382 [FXGL Background Thread 1 ] DEBUG PhysicsWorld         - Using strategy: BRUTE_FORCE
00:59:26.387 [FXGL Background Thread 1 ] DEBUG GameScene            - Game scene initialized: 1920x1080
00:59:26.391 [FXGL Background Thread 1 ] DEBUG FXGLAssetLoaderServi - Loading from file system: file:/C:/Users/%c4%b0brahim/AppData/Roaming/Code/User/workspaceStorage/1a1948b350b0cb6fa70180a51989d365/redhat.java/jdt_ws/CS102PROJECT_F-NAL_66a0183f/bin/assets/textures/mainmenu.png
00:59:26.553 [FXGL Background Thread 1 ] DEBUG FXGLAssetLoaderServi - Loading from file system: file:/C:/Users/%c4%b0brahim/AppData/Roaming/Code/User/workspaceStorage/1a1948b350b0cb6fa70180a51989d365/redhat.java/jdt_ws/CS102PROJECT_F-NAL_66a0183f/bin/assets/textures/credits.png
00:59:26.596 [FXGL Background Thread 1 ] DEBUG FXGLAssetLoaderServi - Loading from file system: file:/C:/Users/%c4%b0brahim/AppData/Roaming/Code/User/workspaceStorage/1a1948b350b0cb6fa70180a51989d365/redhat.java/jdt_ws/CS102PROJECT_F-NAL_66a0183f/bin/assets/textures/gameMenu.png
00:59:26.632 [FXGL Background Thread 1 ] DEBUG GameApplicationServi - Application scenes initialized
00:59:26.646 [FXGL Background Thread 1 ] DEBUG SystemBundleService  - Loading FXGL system data
00:59:26.650 [FXGL Background Thread 1 ] DEBUG FileSystemAccess     - Reading from: C:\Users\İbrahim\Desktop\CS102PROJECT_F-NAL\system\fxgl.bundle
00:59:26.658 [FXGL Background Thread 1 ] DEBUG SystemBundleService  - Bundle FXGL: {}
00:59:26.659 [FXGL Background Thread 1 ] DEBUG UpdaterService       - Checking for updates
00:59:26.663 [FXGL Background Thread 4 ] DEBUG FXGLApplication      - Loading fonts
00:59:26.664 [FXGL Background Thread 4 ] DEBUG FXGLAssetLoaderServi - Loading from file system: jar:file:/C:/Users/%c4%b0brahim/Downloads/fxgl-17.3-uber.jar!/fxglassets/ui/fonts/VarelaRound-Regular.ttf
00:59:26.664 [FXGL Background Thread 1 ] DEBUG FXGLApplication      - Loading default localization
00:59:26.665 [FXGL Background Thread 1 ] DEBUG FXGLAssetLoaderServi - Loading from file system: jar:file:/C:/Users/%c4%b0brahim/Downloads/fxgl-17.3-uber.jar!/fxglassets/languages/english.lang
00:59:26.695 [FXGL Background Thread 1 ] INFO  FXGLApplication      - FXGL initialization took: 0.497 sec
00:59:26.696 [JavaFX Application Thread] DEBUG FXGLAssetLoaderServi - Loading from file system: jar:file:/C:/Users/%c4%b0brahim/Downloads/fxgl-17.3-uber.jar!/fxglassets/textures/fxgl_icon.png
00:59:26.714 [JavaFX Application Thread] DEBUG FXGLAssetLoaderServi - Loading from file system: jar:file:/C:/Users/%c4%b0brahim/Downloads/fxgl-17.3-uber.jar!/fxglassets/textures/fxgl_default_cursor.png
00:59:26.723 [FXGL Background Thread 4 ] DEBUG FXGLAssetLoaderServi - Loading from file system: jar:file:/C:/Users/%c4%b0brahim/Downloads/fxgl-17.3-uber.jar!/fxglassets/ui/fonts/Abel-Regular.ttf
00:59:26.726 [JavaFX Application Thread] DEBUG Input                - Registered new binding: Screenshot - CTRL+8
00:59:26.726 [JavaFX Application Thread] DEBUG Input                - Registered new binding: System info dump - CTRL+9
00:59:26.727 [FXGL Background Thread 4 ] DEBUG FXGLAssetLoaderServi - Loading from file system: jar:file:/C:/Users/%c4%b0brahim/Downloads/fxgl-17.3-uber.jar!/fxglassets/ui/fonts/TerminalLandMono-Regular.otf
00:59:26.727 [JavaFX Application Thread] DEBUG Input                - Registered new binding: Restart - CTRL+R
00:59:26.728 [JavaFX Application Thread] DEBUG Input                - Registered new binding: Toggle Debug Camera - CTRL+7
00:59:26.731 [FXGL Background Thread 4 ] DEBUG FXGLAssetLoaderServi - Loading from file system: jar:file:/C:/Users/%c4%b0brahim/Downloads/fxgl-17.3-uber.jar!/fxglassets/ui/fonts/Courier-Prime.ttf
00:59:26.731 [JavaFX Application Thread] DEBUG LoopRunner           - Starting loop
00:59:26.732 [JavaFX Application Thread] DEBUG LoopRunner           - Initializing JavaFX AnimationTimerLoop
00:59:26.735 [JavaFX Application Thread] DEBUG Input                - Clearing active input actions
00:59:26.743 [JavaFX Application Thread] DEBUG GameApplicationServi - Removing overlay from FXGLStartupScene and adding to FXGLMainMenuDummyScene
00:59:26.743 [JavaFX Application Thread] DEBUG PrimaryStageWindow   - FXGLStartupScene -> FXGLMainMenuDummyScene
00:59:26.744 [JavaFX Application Thread] DEBUG PrimaryStageWindow   - Push state: SpaceGameMainMenu
00:59:26.744 [JavaFX Application Thread] DEBUG Input                - Clearing active input actions
00:59:26.752 [JavaFX Application Thread] DEBUG GameApplicationServi - Removing overlay from FXGLMainMenuDummyScene and adding to SpaceGameMainMenu
00:59:26.753 [JavaFX Application Thread] DEBUG PrimaryStageWindow   - FXGLMainMenuDummyScene -> SpaceGameMainMenu
00:59:26.762 [JavaFX Application Thread] DEBUG FXGLApplication      - Registering font factories with UI factory
00:59:28.104 [JavaFX Application Thread] DEBUG Menu                 - fireNewGame()
00:59:28.104 [JavaFX Application Thread] DEBUG GameApplicationServi - Starting new game
00:59:28.104 [JavaFX Application Thread] DEBUG PrimaryStageWindow   - Pop state: SpaceGameMainMenu
00:59:28.104 [JavaFX Application Thread] DEBUG Input                - Clearing active input actions
00:59:28.105 [JavaFX Application Thread] DEBUG GameApplicationServi - Removing overlay from SpaceGameMainMenu and adding to FXGLMainMenuDummyScene
00:59:28.106 [JavaFX Application Thread] DEBUG PrimaryStageWindow   - FXGLMainMenuDummyScene <- SpaceGameMainMenu
00:59:28.107 [JavaFX Application Thread] DEBUG Input                - Clearing active input actions
00:59:28.114 [JavaFX Application Thread] DEBUG GameApplicationServi - Removing overlay from FXGLMainMenuDummyScene and adding to FXGLLoadingScene
00:59:28.114 [JavaFX Application Thread] DEBUG PrimaryStageWindow   - FXGLMainMenuDummyScene -> FXGLLoadingScene
00:59:28.114 [JavaFX Application Thread] DEBUG GameApplicationServi - Clearing previous game
00:59:28.114 [JavaFX Application Thread] DEBUG GameScene            - Clearing game scene
00:59:28.115 [JavaFX Application Thread] DEBUG GameWorld            - Clearing game world
00:59:28.115 [JavaFX Application Thread] DEBUG PhysicsWorld         - Clearing physics world
00:59:28.117 [FXGL Background Thread 2 ] DEBUG FXGLApplication      - Initializing game
00:59:28.122 [FXGL Background Thread 2 ] INFO  FXGLApplication      - Game initialization took: 0.004 sec
00:59:28.159 [JavaFX Application Thread] DEBUG Input                - Clearing active input actions
00:59:28.166 [JavaFX Application Thread] DEBUG GameApplicationServi - Removing overlay from FXGLLoadingScene and adding to GameScene
00:59:28.167 [JavaFX Application Thread] DEBUG PrimaryStageWindow   - FXGLLoadingScene -> GameScene
00:59:29.663 [FXGL Background Thread 3 ] DEBUG Engine               - Logging environment variables
00:59:29.663 [FXGL Background Thread 3 ] DEBUG Engine               - achievements: []
00:59:29.663 [FXGL Background Thread 3 ] DEBUG Engine               - actualHeight: 823.0
00:59:29.663 [FXGL Background Thread 3 ] DEBUG Engine               - actualHeightProperty: ReadOnlyDoubleProperty [value: 823.0]
00:59:29.664 [FXGL Background Thread 3 ] DEBUG Engine               - actualWidth: 1439.0
00:59:29.664 [FXGL Background Thread 3 ] DEBUG Engine               - actualWidthProperty: ReadOnlyDoubleProperty [value: 1439.0]
00:59:29.664 [FXGL Background Thread 3 ] DEBUG Engine               - appIcon: fxgl_icon.png
00:59:29.664 [FXGL Background Thread 3 ] DEBUG Engine               - applicationMode: DEVELOPER
00:59:29.664 [FXGL Background Thread 3 ] DEBUG Engine               - cSSList: [fxgl_dark.css]
00:59:29.664 [FXGL Background Thread 3 ] DEBUG Engine               - collisionDetectionStrategy: BRUTE_FORCE
00:59:29.664 [FXGL Background Thread 3 ] DEBUG Engine               - configClass: Optional.empty
00:59:29.664 [FXGL Background Thread 3 ] DEBUG Engine               - credits: []
00:59:29.665 [FXGL Background Thread 3 ] DEBUG Engine               - defaultCursor: CursorInfo(imageName=fxgl_default_cursor.png, hotspotX=7.0, hotspotY=6.0)
00:59:29.665 [FXGL Background Thread 3 ] DEBUG Engine               - devBBoxColorProperty: ObjectProperty [value: 0xff0000ff]
00:59:29.665 [FXGL Background Thread 3 ] DEBUG Engine               - devEnableDebugCameraProperty: BooleanProperty [value: false]
00:59:29.666 [FXGL Background Thread 3 ] DEBUG Engine               - devSensorColorProperty: ObjectProperty [value: 0xffff00ff]
00:59:29.666 [FXGL Background Thread 3 ] DEBUG Engine               - devShowBBoxProperty: BooleanProperty [value: false]
00:59:29.666 [FXGL Background Thread 3 ] DEBUG Engine               - devShowPositionProperty: BooleanProperty [value: false]
00:59:29.666 [FXGL Background Thread 3 ] DEBUG Engine               - enabledMenuItems: []
00:59:29.666 [FXGL Background Thread 3 ] DEBUG Engine               - engineServices: [class com.almasb.fxgl.app.services.FXGLAssetLoaderService, class com.almasb.fxgl.app.FXGLApplication$GameApplicationService, class com.almasb.fxgl.app.services.FXGLDialogService, class com.almasb.fxgl.app.services.IOTaskExecutorService, class com.almasb.fxgl.io.FileSystemService, class com.almasb.fxgl.localization.LocalizationService, class com.almasb.fxgl.app.services.SystemBundleService, class com.almasb.fxgl.profile.SaveLoadService, class com.almasb.fxgl.ui.FXGLUIFactoryServiceProvider, class com.almasb.fxgl.ui.FXGLDialogFactoryServiceProvider, class com.almasb.fxgl.audio.AudioPlayer, class com.almasb.fxgl.notification.impl.NotificationServiceProvider, class com.almasb.fxgl.achievement.AchievementService, class com.almasb.fxgl.cutscene.CutsceneService, class com.almasb.fxgl.minigames.MiniGameService, class com.almasb.fxgl.net.NetService, class com.almasb.fxgl.app.services.UpdaterService, class com.almasb.fxgl.dev.DevService]
00:59:29.666 [FXGL Background Thread 3 ] DEBUG Engine               - fontGame: Abel-Regular.ttf
00:59:29.666 [FXGL Background Thread 3 ] DEBUG Engine               - fontMono: TerminalLandMono-Regular.otf
00:59:29.666 [FXGL Background Thread 3 ] DEBUG Engine               - fontSizeScaleUI: 1.0
00:59:29.666 [FXGL Background Thread 3 ] DEBUG Engine               - fontText: Courier-Prime.ttf
00:59:29.666 [FXGL Background Thread 3 ] DEBUG Engine               - fontUI: VarelaRound-Regular.ttf
00:59:29.666 [FXGL Background Thread 3 ] DEBUG Engine               - fullScreen: BooleanProperty [value: false]
00:59:29.666 [FXGL Background Thread 3 ] DEBUG Engine               - gameDifficulty: MEDIUM
00:59:29.666 [FXGL Background Thread 3 ] DEBUG Engine               - gameDifficultyProperty: ObjectProperty [value: MEDIUM]
00:59:29.666 [FXGL Background Thread 3 ] DEBUG Engine               - globalMusicVolume: 0.5
00:59:29.666 [FXGL Background Thread 3 ] DEBUG Engine               - globalMusicVolumeProperty: DoubleProperty [value: 0.5]
00:59:29.666 [FXGL Background Thread 3 ] DEBUG Engine               - globalSoundVolume: 0.5
00:59:29.666 [FXGL Background Thread 3 ] DEBUG Engine               - globalSoundVolumeProperty: DoubleProperty [value: 0.5]
00:59:29.666 [FXGL Background Thread 3 ] DEBUG Engine               - height: 1080
00:59:29.666 [FXGL Background Thread 3 ] DEBUG Engine               - is3D: false
00:59:29.666 [FXGL Background Thread 3 ] DEBUG Engine               - isAndroid: false
00:59:29.666 [FXGL Background Thread 3 ] DEBUG Engine               - isBrowser: false
00:59:29.666 [FXGL Background Thread 3 ] DEBUG Engine               - isClickFeedbackEnabled: false
00:59:29.666 [FXGL Background Thread 3 ] DEBUG Engine               - isCloseConfirmation: false
00:59:29.666 [FXGL Background Thread 3 ] DEBUG Engine               - isDesktop: true
00:59:29.666 [FXGL Background Thread 3 ] DEBUG Engine               - isDeveloperMenuEnabled: false
00:59:29.666 [FXGL Background Thread 3 ] DEBUG Engine               - isEmbedded: false
00:59:29.666 [FXGL Background Thread 3 ] DEBUG Engine               - isEntityPreloadEnabled: true
00:59:29.667 [FXGL Background Thread 3 ] DEBUG Engine               - isExperimentalTiledLargeMap: false
00:59:29.667 [FXGL Background Thread 3 ] DEBUG Engine               - isFileSystemWriteAllowed: true
00:59:29.667 [FXGL Background Thread 3 ] DEBUG Engine               - isFullScreenAllowed: false
00:59:29.667 [FXGL Background Thread 3 ] DEBUG Engine               - isFullScreenFromStart: false
00:59:29.667 [FXGL Background Thread 3 ] DEBUG Engine               - isGameMenuEnabled: true
00:59:29.667 [FXGL Background Thread 3 ] DEBUG Engine               - isIOS: false
00:59:29.667 [FXGL Background Thread 3 ] DEBUG Engine               - isIntroEnabled: false
00:59:29.667 [FXGL Background Thread 3 ] DEBUG Engine               - isLinux: false
00:59:29.667 [FXGL Background Thread 3 ] DEBUG Engine               - isMac: false
00:59:29.667 [FXGL Background Thread 3 ] DEBUG Engine               - isMainMenuEnabled: true
00:59:29.667 [FXGL Background Thread 3 ] DEBUG Engine               - isManualResizeEnabled: false
00:59:29.667 [FXGL Background Thread 3 ] DEBUG Engine               - isMobile: false
00:59:29.667 [FXGL Background Thread 3 ] DEBUG Engine               - isNative: false
00:59:29.667 [FXGL Background Thread 3 ] DEBUG Engine               - isPauseMusicWhenMinimized: true
00:59:29.667 [FXGL Background Thread 3 ] DEBUG Engine               - isPreserveResizeRatio: false
00:59:29.667 [FXGL Background Thread 3 ] DEBUG Engine               - isProfilingEnabled: false
00:59:29.667 [FXGL Background Thread 3 ] DEBUG Engine               - isScaleAffectedOnResize: true
00:59:29.667 [FXGL Background Thread 3 ] DEBUG Engine               - isSingleStep: false
00:59:29.667 [FXGL Background Thread 3 ] DEBUG Engine               - isUserProfileEnabled: false
00:59:29.667 [FXGL Background Thread 3 ] DEBUG Engine               - isWindows: true
00:59:29.667 [FXGL Background Thread 3 ] DEBUG Engine               - language: ObjectProperty [value: ENGLISH]
00:59:29.667 [FXGL Background Thread 3 ] DEBUG Engine               - menuKey: ESCAPE
00:59:29.667 [FXGL Background Thread 3 ] DEBUG Engine               - mouseSensitivity: 0.2
00:59:29.667 [FXGL Background Thread 3 ] DEBUG Engine               - notificationViewClass: class com.almasb.fxgl.notification.view.XboxNotificationView
00:59:29.667 [FXGL Background Thread 3 ] DEBUG Engine               - pixelsPerMeter: 50.0
00:59:29.667 [FXGL Background Thread 3 ] DEBUG Engine               - platform: WINDOWS
00:59:29.667 [FXGL Background Thread 3 ] DEBUG Engine               - prefHeightProperty: ReadOnlyDoubleProperty [value: 1080.0]
00:59:29.667 [FXGL Background Thread 3 ] DEBUG Engine               - prefWidthProperty: ReadOnlyDoubleProperty [value: 1920.0]
00:59:29.667 [FXGL Background Thread 3 ] DEBUG Engine               - profileDir: profiles/
00:59:29.667 [FXGL Background Thread 3 ] DEBUG Engine               - profileName: StringProperty [value: DEFAULT]
00:59:29.668 [FXGL Background Thread 3 ] DEBUG Engine               - randomSeed: -1
00:59:29.668 [FXGL Background Thread 3 ] DEBUG Engine               - runtimeInfo: RuntimeInfo(platform=WINDOWS, version=17.3, build=30.03.2023 11.54)
00:59:29.668 [FXGL Background Thread 3 ] DEBUG Engine               - saveFileExt: sav
00:59:29.668 [FXGL Background Thread 3 ] DEBUG Engine               - scaledHeightProp$fxgl: DoubleProperty [bound, value: 823.0]
00:59:29.668 [FXGL Background Thread 3 ] DEBUG Engine               - scaledWidthProp$fxgl: DoubleProperty [bound, value: 1439.0]
00:59:29.668 [FXGL Background Thread 3 ] DEBUG Engine               - sceneFactory: main.spacegame.SpaceGameApp$1@5fbbc349
00:59:29.668 [FXGL Background Thread 3 ] DEBUG Engine               - secondsIn24h: 60
00:59:29.668 [FXGL Background Thread 3 ] DEBUG Engine               - soundMenuBack: menu/back.wav
00:59:29.668 [FXGL Background Thread 3 ] DEBUG Engine               - soundMenuPress: menu/press.wav
00:59:29.668 [FXGL Background Thread 3 ] DEBUG Engine               - soundMenuSelect: menu/select.wav
00:59:29.668 [FXGL Background Thread 3 ] DEBUG Engine               - soundNotification: core/notification.wav
00:59:29.668 [FXGL Background Thread 3 ] DEBUG Engine               - stageStyle: DECORATED
00:59:29.668 [FXGL Background Thread 3 ] DEBUG Engine               - supportedLanguages: [ENGLISH, FRENCH, GERMAN, HUNGARIAN, RUSSIAN]
00:59:29.668 [FXGL Background Thread 3 ] DEBUG Engine               - ticksPerSecond: -1
00:59:29.668 [FXGL Background Thread 3 ] DEBUG Engine               - title: Space_Game
00:59:29.668 [FXGL Background Thread 3 ] DEBUG Engine               - urlGithub: https://github.com/AlmasB/FXGL
00:59:29.668 [FXGL Background Thread 3 ] DEBUG Engine               - urlLeaderboard: http://fxgl-top.herokuapp.com/
00:59:29.668 [FXGL Background Thread 3 ] DEBUG Engine               - urlPOM: https://raw.githubusercontent.com/AlmasB/FXGL/release/README.md
00:59:29.668 [FXGL Background Thread 3 ] DEBUG Engine               - userAppClass: class main.spacegame.SpaceGameApp
00:59:29.668 [FXGL Background Thread 3 ] DEBUG Engine               - version: 1.0
00:59:29.668 [FXGL Background Thread 3 ] DEBUG Engine               - versionCheckDays: 7
00:59:29.668 [FXGL Background Thread 3 ] DEBUG Engine               - width: 1920
00:59:29.668 [FXGL Background Thread 3 ] DEBUG Engine               - Logging services
00:59:29.668 [FXGL Background Thread 3 ] DEBUG Engine               - class com.almasb.fxgl.app.services.FXGLAssetLoaderService
00:59:29.668 [FXGL Background Thread 3 ] DEBUG Engine               - class com.almasb.fxgl.app.FXGLApplication$GameApplicationService
00:59:29.668 [FXGL Background Thread 3 ] DEBUG Engine               - class com.almasb.fxgl.app.services.FXGLDialogService
00:59:29.668 [FXGL Background Thread 3 ] DEBUG Engine               - class com.almasb.fxgl.app.services.IOTaskExecutorService
00:59:29.668 [FXGL Background Thread 3 ] DEBUG Engine               - class com.almasb.fxgl.io.FileSystemService
00:59:29.668 [FXGL Background Thread 3 ] DEBUG Engine               - class com.almasb.fxgl.localization.LocalizationService
00:59:29.669 [FXGL Background Thread 3 ] DEBUG Engine               - class com.almasb.fxgl.app.services.SystemBundleService
00:59:29.669 [FXGL Background Thread 3 ] DEBUG Engine               - class com.almasb.fxgl.profile.SaveLoadService
00:59:29.669 [FXGL Background Thread 3 ] DEBUG Engine               - class com.almasb.fxgl.ui.FXGLUIFactoryServiceProvider
00:59:29.669 [FXGL Background Thread 3 ] DEBUG Engine               - class com.almasb.fxgl.ui.FXGLDialogFactoryServiceProvider
00:59:29.669 [FXGL Background Thread 3 ] DEBUG Engine               - class com.almasb.fxgl.audio.AudioPlayer
00:59:29.669 [FXGL Background Thread 3 ] DEBUG Engine               - class com.almasb.fxgl.notification.impl.NotificationServiceProvider
00:59:29.669 [FXGL Background Thread 3 ] DEBUG Engine               - class com.almasb.fxgl.achievement.AchievementService
00:59:29.669 [FXGL Background Thread 3 ] DEBUG Engine               - class com.almasb.fxgl.cutscene.CutsceneService
00:59:29.669 [FXGL Background Thread 3 ] DEBUG Engine               - class com.almasb.fxgl.minigames.MiniGameService
00:59:29.669 [FXGL Background Thread 3 ] DEBUG Engine               - class com.almasb.fxgl.net.NetService
00:59:29.669 [FXGL Background Thread 3 ] DEBUG Engine               - class com.almasb.fxgl.app.services.UpdaterService
00:59:29.669 [FXGL Background Thread 3 ] DEBUG Engine               - class com.almasb.fxgl.dev.DevService
00:59:37.243 [JavaFX Application Thread] DEBUG FXGLApplication      - Exiting FXGL
00:59:37.244 [JavaFX Application Thread] DEBUG LoopRunner           - Stopping loop
00:59:37.244 [JavaFX Application Thread] DEBUG SystemBundleService  - Saving FXGL system data
00:59:37.246 [JavaFX Application Thread] DEBUG FileSystemAccess     - Writing to: C:\Users\İbrahim\Desktop\CS102PROJECT_F-NAL\system\fxgl.bundle
00:59:37.247 [JavaFX Application Thread] DEBUG Async                - Shutting down background threads
00:59:37.248 [JavaFX Application Thread] DEBUG PrimaryStageWindow   - Closing main window
00:59:37.257 [JavaFX Application Thread] DEBUG Logger               - Closing Logger
