15:23:40.938 [main                     ] DEBUG Logger               - Configured Logger
15:23:40.954 [main                     ] DEBUG GameApplication      - Logging settings
Title: Space_Game
Version: 1.0
Width: 1920
Height: 1080
Fullscreen: false
Intro: false
Profiling: false
Single step:false
App Mode: DEVELOPER
Menu Key: ESCAPE
Stage Style: DECORATED
Scene Factory: class main.spacegame.SpaceGameApp$1

15:23:41.174 [JavaFX Application Thread] DEBUG FXGLApplication      - Initializing FXGL
15:23:41.181 [JavaFX Application Thread] INFO  Engine               - FXGL-17.3 (30.03.2023 11.54) on WINDOWS (J:19 FX:20)
15:23:41.182 [JavaFX Application Thread] DEBUG Engine               - JRE Vendor Name: Oracle Corporation
15:23:41.182 [JavaFX Application Thread] DEBUG Engine               - Running on OS: Windows 11 version 10.0
15:23:41.182 [JavaFX Application Thread] DEBUG Engine               - Architecture: amd64
15:23:41.182 [JavaFX Application Thread] INFO  Engine               - Source code and latest versions at: https://github.com/AlmasB/FXGL
15:23:41.182 [JavaFX Application Thread] INFO  Engine               -       Ask questions and discuss at: https://github.com/AlmasB/FXGL/discussions
15:23:41.183 [JavaFX Application Thread] INFO  Engine               -              Join the FXGL chat at: https://gitter.im/AlmasB/FXGL
15:23:41.264 [JavaFX Application Thread] DEBUG PrimaryStageWindow   - Creating a JavaFX scene
15:23:41.264 [JavaFX Application Thread] DEBUG PrimaryStageWindow   - Target size > screen size
15:23:41.294 [JavaFX Application Thread] DEBUG PrimaryStageWindow   - Target settings size: 1920.0 x 1080.0
15:23:41.295 [JavaFX Application Thread] DEBUG PrimaryStageWindow   - Scaled scene size:    1425.0 x 815.0
15:23:41.295 [JavaFX Application Thread] DEBUG PrimaryStageWindow   - Scaled ratio: (0.7421875, 0.7546296296296297)
15:23:41.298 [JavaFX Application Thread] DEBUG PrimaryStageWindow   - Set initial scene to FXGLStartupScene
15:23:41.300 [JavaFX Application Thread] DEBUG PrimaryStageWindow   - Opening main window
15:23:41.358 [JavaFX Application Thread] DEBUG PrimaryStageWindow   - Window border size: (15.0, 37.79998779296875)
15:23:41.359 [JavaFX Application Thread] DEBUG PrimaryStageWindow   - Scaled size: 1425.0 x 815.0
15:23:41.359 [JavaFX Application Thread] DEBUG PrimaryStageWindow   - Scaled ratio: (0.7421875, 0.7546296296296297)
15:23:41.359 [JavaFX Application Thread] DEBUG PrimaryStageWindow   - Scene size: 1425.0 x 815.0
15:23:41.359 [JavaFX Application Thread] DEBUG PrimaryStageWindow   - Stage size: 1440.0 x 852.7999877929688
15:23:41.368 [FXGL Background Thread 1 ] DEBUG Engine               - Initializing environment variables
15:23:41.418 [FXGL Background Thread 1 ] DEBUG FXGLAssetLoaderServi - User app class for loading assets: class main.spacegame.SpaceGameApp
15:23:41.418 [FXGL Background Thread 1 ] DEBUG GameApplicationServi - Applying CSS: fxgl_dark.css
15:23:41.419 [FXGL Background Thread 1 ] DEBUG FXGLAssetLoaderServi - Loading from file system: jar:file:/C:/Users/alprn/Downloads/fxgl-17.3-uber.jar!/fxglassets/ui/css/fxgl_dark.css
15:23:41.453 [FXGL Background Thread 1 ] DEBUG GameApplicationServi - Initializing application scenes
15:23:41.487 [FXGL Background Thread 1 ] DEBUG GameWorld            - Game world initialized
15:23:41.533 [FXGL Background Thread 1 ] DEBUG PhysicsWorld         - Physics world initialized: appHeight=1080, physics.ppm=50,0
15:23:41.533 [FXGL Background Thread 1 ] DEBUG PhysicsWorld         - Using strategy: BRUTE_FORCE
15:23:41.536 [FXGL Background Thread 1 ] DEBUG GameScene            - Game scene initialized: 1920x1080
15:23:41.539 [FXGL Background Thread 1 ] DEBUG FXGLAssetLoaderServi - Loading from file system: file:/C:/Users/alprn/AppData/Roaming/Code/User/workspaceStorage/4ccdb555949e902c8826231d443c2da1/redhat.java/jdt_ws/CS102PROJECT_F-NAL-1_9572880d/bin/assets/textures/mainmenu.png
15:23:41.666 [FXGL Background Thread 1 ] DEBUG FXGLAssetLoaderServi - Loading from file system: file:/C:/Users/alprn/AppData/Roaming/Code/User/workspaceStorage/4ccdb555949e902c8826231d443c2da1/redhat.java/jdt_ws/CS102PROJECT_F-NAL-1_9572880d/bin/assets/textures/credits.png
15:23:41.696 [FXGL Background Thread 1 ] DEBUG FXGLAssetLoaderServi - Loading from file system: file:/C:/Users/alprn/AppData/Roaming/Code/User/workspaceStorage/4ccdb555949e902c8826231d443c2da1/redhat.java/jdt_ws/CS102PROJECT_F-NAL-1_9572880d/bin/assets/textures/gameMenu.png
15:23:41.726 [FXGL Background Thread 1 ] DEBUG GameApplicationServi - Application scenes initialized
15:23:41.735 [FXGL Background Thread 1 ] DEBUG SystemBundleService  - Loading FXGL system data
15:23:41.738 [FXGL Background Thread 1 ] DEBUG FileSystemAccess     - Reading from: C:\Users\alprn\Desktop\CS102PROJECT_F-NAL-1\system\fxgl.bundle
15:23:41.746 [FXGL Background Thread 1 ] DEBUG SystemBundleService  - Bundle FXGL: {}
15:23:41.746 [FXGL Background Thread 1 ] DEBUG UpdaterService       - Checking for updates
15:23:41.749 [FXGL Background Thread 4 ] DEBUG FXGLApplication      - Loading fonts
15:23:41.750 [FXGL Background Thread 4 ] DEBUG FXGLAssetLoaderServi - Loading from file system: jar:file:/C:/Users/alprn/Downloads/fxgl-17.3-uber.jar!/fxglassets/ui/fonts/VarelaRound-Regular.ttf
15:23:41.750 [FXGL Background Thread 1 ] DEBUG FXGLApplication      - Loading default localization
15:23:41.753 [FXGL Background Thread 1 ] WARN  FXGLAssetLoaderServi - Asset "/assets/languages/englısh.lang" was not found!
15:23:41.754 [FXGL Background Thread 1 ] WARN  FXGLAssetLoaderServi - Failed to load PROPERTY_MAP
15:23:41.761 [FXGL Background Thread 1 ] INFO  FXGLApplication      - FXGL initialization took: 0,393 sec
15:23:41.762 [JavaFX Application Thread] DEBUG FXGLAssetLoaderServi - Loading from file system: jar:file:/C:/Users/alprn/Downloads/fxgl-17.3-uber.jar!/fxglassets/textures/fxgl_icon.png
15:23:41.779 [JavaFX Application Thread] DEBUG FXGLAssetLoaderServi - Loading from file system: jar:file:/C:/Users/alprn/Downloads/fxgl-17.3-uber.jar!/fxglassets/textures/fxgl_default_cursor.png
15:23:41.791 [JavaFX Application Thread] DEBUG Input                - Registered new binding: Screenshot - CTRL+8
15:23:41.791 [JavaFX Application Thread] DEBUG Input                - Registered new binding: System info dump - CTRL+9
15:23:41.791 [JavaFX Application Thread] DEBUG Input                - Registered new binding: Restart - CTRL+R
15:23:41.792 [JavaFX Application Thread] DEBUG Input                - Registered new binding: Toggle Debug Camera - CTRL+7
15:23:41.795 [JavaFX Application Thread] DEBUG LoopRunner           - Starting loop
15:23:41.795 [JavaFX Application Thread] DEBUG LoopRunner           - Initializing JavaFX AnimationTimerLoop
15:23:41.797 [JavaFX Application Thread] DEBUG Input                - Clearing active input actions
15:23:41.812 [JavaFX Application Thread] DEBUG GameApplicationServi - Removing overlay from FXGLStartupScene and adding to FXGLMainMenuDummyScene
15:23:41.812 [JavaFX Application Thread] DEBUG PrimaryStageWindow   - FXGLStartupScene -> FXGLMainMenuDummyScene
15:23:41.813 [JavaFX Application Thread] DEBUG PrimaryStageWindow   - Push state: SpaceGameMainMenu
15:23:41.813 [JavaFX Application Thread] DEBUG Input                - Clearing active input actions
15:23:41.820 [JavaFX Application Thread] DEBUG GameApplicationServi - Removing overlay from FXGLMainMenuDummyScene and adding to SpaceGameMainMenu
15:23:41.820 [JavaFX Application Thread] DEBUG PrimaryStageWindow   - FXGLMainMenuDummyScene -> SpaceGameMainMenu
15:23:41.826 [FXGL Background Thread 4 ] DEBUG FXGLAssetLoaderServi - Loading from file system: jar:file:/C:/Users/alprn/Downloads/fxgl-17.3-uber.jar!/fxglassets/ui/fonts/Abel-Regular.ttf
15:23:41.831 [FXGL Background Thread 4 ] DEBUG FXGLAssetLoaderServi - Loading from file system: jar:file:/C:/Users/alprn/Downloads/fxgl-17.3-uber.jar!/fxglassets/ui/fonts/TerminalLandMono-Regular.otf
15:23:41.834 [FXGL Background Thread 4 ] DEBUG FXGLAssetLoaderServi - Loading from file system: jar:file:/C:/Users/alprn/Downloads/fxgl-17.3-uber.jar!/fxglassets/ui/fonts/Courier-Prime.ttf
15:23:41.851 [JavaFX Application Thread] DEBUG FXGLApplication      - Registering font factories with UI factory
15:23:43.542 [JavaFX Application Thread] DEBUG Menu                 - fireNewGame()
15:23:43.542 [JavaFX Application Thread] DEBUG GameApplicationServi - Starting new game
15:23:43.543 [JavaFX Application Thread] DEBUG PrimaryStageWindow   - Pop state: SpaceGameMainMenu
15:23:43.543 [JavaFX Application Thread] DEBUG Input                - Clearing active input actions
15:23:43.543 [JavaFX Application Thread] DEBUG GameApplicationServi - Removing overlay from SpaceGameMainMenu and adding to FXGLMainMenuDummyScene
15:23:43.543 [JavaFX Application Thread] DEBUG PrimaryStageWindow   - FXGLMainMenuDummyScene <- SpaceGameMainMenu
15:23:43.544 [JavaFX Application Thread] DEBUG Input                - Clearing active input actions
15:23:43.550 [JavaFX Application Thread] DEBUG GameApplicationServi - Removing overlay from FXGLMainMenuDummyScene and adding to FXGLLoadingScene
15:23:43.550 [JavaFX Application Thread] DEBUG PrimaryStageWindow   - FXGLMainMenuDummyScene -> FXGLLoadingScene
15:23:43.550 [JavaFX Application Thread] DEBUG GameApplicationServi - Clearing previous game
15:23:43.551 [JavaFX Application Thread] DEBUG GameScene            - Clearing game scene
15:23:43.551 [JavaFX Application Thread] DEBUG GameWorld            - Clearing game world
15:23:43.551 [JavaFX Application Thread] DEBUG PhysicsWorld         - Clearing physics world
15:23:43.552 [FXGL Background Thread 2 ] DEBUG FXGLApplication      - Initializing game
15:23:43.556 [FXGL Background Thread 2 ] INFO  FXGLApplication      - Game initialization took: 0,005 sec
15:23:43.579 [JavaFX Application Thread] DEBUG Input                - Clearing active input actions
15:23:43.585 [JavaFX Application Thread] DEBUG GameApplicationServi - Removing overlay from FXGLLoadingScene and adding to GameScene
15:23:43.585 [JavaFX Application Thread] DEBUG PrimaryStageWindow   - FXGLLoadingScene -> GameScene
15:23:44.751 [FXGL Background Thread 3 ] DEBUG Engine               - Logging environment variables
15:23:44.751 [FXGL Background Thread 3 ] DEBUG Engine               - achievements: []
15:23:44.751 [FXGL Background Thread 3 ] DEBUG Engine               - actualHeight: 815.0
15:23:44.751 [FXGL Background Thread 3 ] DEBUG Engine               - actualHeightProperty: ReadOnlyDoubleProperty [value: 815.0]
15:23:44.751 [FXGL Background Thread 3 ] DEBUG Engine               - actualWidth: 1425.0
15:23:44.751 [FXGL Background Thread 3 ] DEBUG Engine               - actualWidthProperty: ReadOnlyDoubleProperty [value: 1425.0]
15:23:44.751 [FXGL Background Thread 3 ] DEBUG Engine               - appIcon: fxgl_icon.png
15:23:44.751 [FXGL Background Thread 3 ] DEBUG Engine               - applicationMode: DEVELOPER
15:23:44.751 [FXGL Background Thread 3 ] DEBUG Engine               - cSSList: [fxgl_dark.css]
15:23:44.751 [FXGL Background Thread 3 ] DEBUG Engine               - collisionDetectionStrategy: BRUTE_FORCE
15:23:44.752 [FXGL Background Thread 3 ] DEBUG Engine               - configClass: Optional.empty
15:23:44.752 [FXGL Background Thread 3 ] DEBUG Engine               - credits: []
15:23:44.753 [FXGL Background Thread 3 ] DEBUG Engine               - defaultCursor: CursorInfo(imageName=fxgl_default_cursor.png, hotspotX=7.0, hotspotY=6.0)
15:23:44.753 [FXGL Background Thread 3 ] DEBUG Engine               - devBBoxColorProperty: ObjectProperty [value: 0xff0000ff]
15:23:44.753 [FXGL Background Thread 3 ] DEBUG Engine               - devEnableDebugCameraProperty: BooleanProperty [value: false]
15:23:44.754 [FXGL Background Thread 3 ] DEBUG Engine               - devSensorColorProperty: ObjectProperty [value: 0xffff00ff]
15:23:44.754 [FXGL Background Thread 3 ] DEBUG Engine               - devShowBBoxProperty: BooleanProperty [value: false]
15:23:44.754 [FXGL Background Thread 3 ] DEBUG Engine               - devShowPositionProperty: BooleanProperty [value: false]
15:23:44.754 [FXGL Background Thread 3 ] DEBUG Engine               - enabledMenuItems: []
15:23:44.754 [FXGL Background Thread 3 ] DEBUG Engine               - engineServices: [class com.almasb.fxgl.app.services.FXGLAssetLoaderService, class com.almasb.fxgl.app.FXGLApplication$GameApplicationService, class com.almasb.fxgl.app.services.FXGLDialogService, class com.almasb.fxgl.app.services.IOTaskExecutorService, class com.almasb.fxgl.io.FileSystemService, class com.almasb.fxgl.localization.LocalizationService, class com.almasb.fxgl.app.services.SystemBundleService, class com.almasb.fxgl.profile.SaveLoadService, class com.almasb.fxgl.ui.FXGLUIFactoryServiceProvider, class com.almasb.fxgl.ui.FXGLDialogFactoryServiceProvider, class com.almasb.fxgl.audio.AudioPlayer, class com.almasb.fxgl.notification.impl.NotificationServiceProvider, class com.almasb.fxgl.achievement.AchievementService, class com.almasb.fxgl.cutscene.CutsceneService, class com.almasb.fxgl.minigames.MiniGameService, class com.almasb.fxgl.net.NetService, class com.almasb.fxgl.app.services.UpdaterService, class com.almasb.fxgl.dev.DevService]
15:23:44.754 [FXGL Background Thread 3 ] DEBUG Engine               - fontGame: Abel-Regular.ttf
15:23:44.754 [FXGL Background Thread 3 ] DEBUG Engine               - fontMono: TerminalLandMono-Regular.otf
15:23:44.754 [FXGL Background Thread 3 ] DEBUG Engine               - fontSizeScaleUI: 1.0
15:23:44.754 [FXGL Background Thread 3 ] DEBUG Engine               - fontText: Courier-Prime.ttf
15:23:44.754 [FXGL Background Thread 3 ] DEBUG Engine               - fontUI: VarelaRound-Regular.ttf
15:23:44.754 [FXGL Background Thread 3 ] DEBUG Engine               - fullScreen: BooleanProperty [value: false]
15:23:44.754 [FXGL Background Thread 3 ] DEBUG Engine               - gameDifficulty: MEDIUM
15:23:44.754 [FXGL Background Thread 3 ] DEBUG Engine               - gameDifficultyProperty: ObjectProperty [value: MEDIUM]
15:23:44.754 [FXGL Background Thread 3 ] DEBUG Engine               - globalMusicVolume: 0.5
15:23:44.754 [FXGL Background Thread 3 ] DEBUG Engine               - globalMusicVolumeProperty: DoubleProperty [value: 0.5]
15:23:44.754 [FXGL Background Thread 3 ] DEBUG Engine               - globalSoundVolume: 0.5
15:23:44.754 [FXGL Background Thread 3 ] DEBUG Engine               - globalSoundVolumeProperty: DoubleProperty [value: 0.5]
15:23:44.754 [FXGL Background Thread 3 ] DEBUG Engine               - height: 1080
15:23:44.754 [FXGL Background Thread 3 ] DEBUG Engine               - is3D: false
15:23:44.754 [FXGL Background Thread 3 ] DEBUG Engine               - isAndroid: false
15:23:44.754 [FXGL Background Thread 3 ] DEBUG Engine               - isBrowser: false
15:23:44.754 [FXGL Background Thread 3 ] DEBUG Engine               - isClickFeedbackEnabled: false
15:23:44.754 [FXGL Background Thread 3 ] DEBUG Engine               - isCloseConfirmation: false
15:23:44.754 [FXGL Background Thread 3 ] DEBUG Engine               - isDesktop: true
15:23:44.754 [FXGL Background Thread 3 ] DEBUG Engine               - isDeveloperMenuEnabled: false
15:23:44.754 [FXGL Background Thread 3 ] DEBUG Engine               - isEmbedded: false
15:23:44.754 [FXGL Background Thread 3 ] DEBUG Engine               - isEntityPreloadEnabled: true
15:23:44.754 [FXGL Background Thread 3 ] DEBUG Engine               - isExperimentalTiledLargeMap: false
15:23:44.754 [FXGL Background Thread 3 ] DEBUG Engine               - isFileSystemWriteAllowed: true
15:23:44.754 [FXGL Background Thread 3 ] DEBUG Engine               - isFullScreenAllowed: false
15:23:44.754 [FXGL Background Thread 3 ] DEBUG Engine               - isFullScreenFromStart: false
15:23:44.755 [FXGL Background Thread 3 ] DEBUG Engine               - isGameMenuEnabled: true
15:23:44.755 [FXGL Background Thread 3 ] DEBUG Engine               - isIOS: false
15:23:44.755 [FXGL Background Thread 3 ] DEBUG Engine               - isIntroEnabled: false
15:23:44.755 [FXGL Background Thread 3 ] DEBUG Engine               - isLinux: false
15:23:44.755 [FXGL Background Thread 3 ] DEBUG Engine               - isMac: false
15:23:44.755 [FXGL Background Thread 3 ] DEBUG Engine               - isMainMenuEnabled: true
15:23:44.755 [FXGL Background Thread 3 ] DEBUG Engine               - isManualResizeEnabled: false
15:23:44.755 [FXGL Background Thread 3 ] DEBUG Engine               - isMobile: false
15:23:44.755 [FXGL Background Thread 3 ] DEBUG Engine               - isNative: false
15:23:44.755 [FXGL Background Thread 3 ] DEBUG Engine               - isPauseMusicWhenMinimized: true
15:23:44.755 [FXGL Background Thread 3 ] DEBUG Engine               - isPreserveResizeRatio: false
15:23:44.755 [FXGL Background Thread 3 ] DEBUG Engine               - isProfilingEnabled: false
15:23:44.755 [FXGL Background Thread 3 ] DEBUG Engine               - isScaleAffectedOnResize: true
15:23:44.755 [FXGL Background Thread 3 ] DEBUG Engine               - isSingleStep: false
15:23:44.755 [FXGL Background Thread 3 ] DEBUG Engine               - isUserProfileEnabled: false
15:23:44.755 [FXGL Background Thread 3 ] DEBUG Engine               - isWindows: true
15:23:44.755 [FXGL Background Thread 3 ] DEBUG Engine               - language: ObjectProperty [value: ENGLISH]
15:23:44.755 [FXGL Background Thread 3 ] DEBUG Engine               - menuKey: ESCAPE
15:23:44.755 [FXGL Background Thread 3 ] DEBUG Engine               - mouseSensitivity: 0.2
15:23:44.755 [FXGL Background Thread 3 ] DEBUG Engine               - notificationViewClass: class com.almasb.fxgl.notification.view.XboxNotificationView
15:23:44.755 [FXGL Background Thread 3 ] DEBUG Engine               - pixelsPerMeter: 50.0
15:23:44.755 [FXGL Background Thread 3 ] DEBUG Engine               - platform: WINDOWS
15:23:44.756 [FXGL Background Thread 3 ] DEBUG Engine               - prefHeightProperty: ReadOnlyDoubleProperty [value: 1080.0]
15:23:44.756 [FXGL Background Thread 3 ] DEBUG Engine               - prefWidthProperty: ReadOnlyDoubleProperty [value: 1920.0]
15:23:44.756 [FXGL Background Thread 3 ] DEBUG Engine               - profileDir: profiles/
15:23:44.756 [FXGL Background Thread 3 ] DEBUG Engine               - profileName: StringProperty [value: DEFAULT]
15:23:44.756 [FXGL Background Thread 3 ] DEBUG Engine               - randomSeed: -1
15:23:44.756 [FXGL Background Thread 3 ] DEBUG Engine               - runtimeInfo: RuntimeInfo(platform=WINDOWS, version=17.3, build=30.03.2023 11.54)
15:23:44.756 [FXGL Background Thread 3 ] DEBUG Engine               - saveFileExt: sav
15:23:44.756 [FXGL Background Thread 3 ] DEBUG Engine               - scaledHeightProp$fxgl: DoubleProperty [bound, value: 815.0]
15:23:44.756 [FXGL Background Thread 3 ] DEBUG Engine               - scaledWidthProp$fxgl: DoubleProperty [bound, value: 1425.0]
15:23:44.756 [FXGL Background Thread 3 ] DEBUG Engine               - sceneFactory: main.spacegame.SpaceGameApp$1@304206c1
15:23:44.756 [FXGL Background Thread 3 ] DEBUG Engine               - secondsIn24h: 60
15:23:44.756 [FXGL Background Thread 3 ] DEBUG Engine               - soundMenuBack: menu/back.wav
15:23:44.756 [FXGL Background Thread 3 ] DEBUG Engine               - soundMenuPress: menu/press.wav
15:23:44.756 [FXGL Background Thread 3 ] DEBUG Engine               - soundMenuSelect: menu/select.wav
15:23:44.756 [FXGL Background Thread 3 ] DEBUG Engine               - soundNotification: core/notification.wav
15:23:44.757 [FXGL Background Thread 3 ] DEBUG Engine               - stageStyle: DECORATED
15:23:44.757 [FXGL Background Thread 3 ] DEBUG Engine               - supportedLanguages: [ENGLISH, FRENCH, GERMAN, HUNGARIAN, RUSSIAN]
15:23:44.757 [FXGL Background Thread 3 ] DEBUG Engine               - ticksPerSecond: -1
15:23:44.757 [FXGL Background Thread 3 ] DEBUG Engine               - title: Space_Game
15:23:44.757 [FXGL Background Thread 3 ] DEBUG Engine               - urlGithub: https://github.com/AlmasB/FXGL
15:23:44.757 [FXGL Background Thread 3 ] DEBUG Engine               - urlLeaderboard: http://fxgl-top.herokuapp.com/
15:23:44.757 [FXGL Background Thread 3 ] DEBUG Engine               - urlPOM: https://raw.githubusercontent.com/AlmasB/FXGL/release/README.md
15:23:44.757 [FXGL Background Thread 3 ] DEBUG Engine               - userAppClass: class main.spacegame.SpaceGameApp
15:23:44.757 [FXGL Background Thread 3 ] DEBUG Engine               - version: 1.0
15:23:44.757 [FXGL Background Thread 3 ] DEBUG Engine               - versionCheckDays: 7
15:23:44.757 [FXGL Background Thread 3 ] DEBUG Engine               - width: 1920
15:23:44.757 [FXGL Background Thread 3 ] DEBUG Engine               - Logging services
15:23:44.757 [FXGL Background Thread 3 ] DEBUG Engine               - class com.almasb.fxgl.app.services.FXGLAssetLoaderService
15:23:44.757 [FXGL Background Thread 3 ] DEBUG Engine               - class com.almasb.fxgl.app.FXGLApplication$GameApplicationService
15:23:44.757 [FXGL Background Thread 3 ] DEBUG Engine               - class com.almasb.fxgl.app.services.FXGLDialogService
15:23:44.757 [FXGL Background Thread 3 ] DEBUG Engine               - class com.almasb.fxgl.app.services.IOTaskExecutorService
15:23:44.757 [FXGL Background Thread 3 ] DEBUG Engine               - class com.almasb.fxgl.io.FileSystemService
15:23:44.757 [FXGL Background Thread 3 ] DEBUG Engine               - class com.almasb.fxgl.localization.LocalizationService
15:23:44.757 [FXGL Background Thread 3 ] DEBUG Engine               - class com.almasb.fxgl.app.services.SystemBundleService
15:23:44.757 [FXGL Background Thread 3 ] DEBUG Engine               - class com.almasb.fxgl.profile.SaveLoadService
15:23:44.757 [FXGL Background Thread 3 ] DEBUG Engine               - class com.almasb.fxgl.ui.FXGLUIFactoryServiceProvider
15:23:44.757 [FXGL Background Thread 3 ] DEBUG Engine               - class com.almasb.fxgl.ui.FXGLDialogFactoryServiceProvider
15:23:44.757 [FXGL Background Thread 3 ] DEBUG Engine               - class com.almasb.fxgl.audio.AudioPlayer
15:23:44.757 [FXGL Background Thread 3 ] DEBUG Engine               - class com.almasb.fxgl.notification.impl.NotificationServiceProvider
15:23:44.757 [FXGL Background Thread 3 ] DEBUG Engine               - class com.almasb.fxgl.achievement.AchievementService
15:23:44.757 [FXGL Background Thread 3 ] DEBUG Engine               - class com.almasb.fxgl.cutscene.CutsceneService
15:23:44.758 [FXGL Background Thread 3 ] DEBUG Engine               - class com.almasb.fxgl.minigames.MiniGameService
15:23:44.758 [FXGL Background Thread 3 ] DEBUG Engine               - class com.almasb.fxgl.net.NetService
15:23:44.758 [FXGL Background Thread 3 ] DEBUG Engine               - class com.almasb.fxgl.app.services.UpdaterService
15:23:44.758 [FXGL Background Thread 3 ] DEBUG Engine               - class com.almasb.fxgl.dev.DevService
15:23:45.303 [JavaFX Application Thread] DEBUG PrimaryStageWindow   - Push state: SpaceGamePauseMenu
15:23:45.304 [JavaFX Application Thread] DEBUG Input                - Clearing active input actions
15:23:45.305 [JavaFX Application Thread] DEBUG GameApplicationServi - Removing overlay from GameScene and adding to SpaceGamePauseMenu
15:23:45.305 [JavaFX Application Thread] DEBUG PrimaryStageWindow   - GameScene -> SpaceGamePauseMenu
15:23:50.991 [JavaFX Application Thread] DEBUG Menu                 - fireNewGame()
15:23:50.992 [JavaFX Application Thread] DEBUG GameApplicationServi - Starting new game
15:23:50.992 [JavaFX Application Thread] DEBUG PrimaryStageWindow   - Pop state: SpaceGamePauseMenu
15:23:50.992 [JavaFX Application Thread] DEBUG Input                - Clearing active input actions
15:23:50.994 [JavaFX Application Thread] DEBUG GameApplicationServi - Removing overlay from SpaceGamePauseMenu and adding to GameScene
15:23:50.994 [JavaFX Application Thread] DEBUG PrimaryStageWindow   - GameScene <- SpaceGamePauseMenu
15:23:50.995 [JavaFX Application Thread] DEBUG Input                - Clearing active input actions
15:23:51.002 [JavaFX Application Thread] DEBUG GameApplicationServi - Removing overlay from GameScene and adding to FXGLLoadingScene
15:23:51.002 [JavaFX Application Thread] DEBUG PrimaryStageWindow   - GameScene -> FXGLLoadingScene
15:23:51.002 [JavaFX Application Thread] DEBUG GameApplicationServi - Clearing previous game
15:23:51.002 [JavaFX Application Thread] DEBUG GameScene            - Clearing game scene
15:23:51.002 [JavaFX Application Thread] DEBUG GameWorld            - Clearing game world
15:23:51.004 [JavaFX Application Thread] DEBUG PhysicsWorld         - Clearing physics world
15:23:51.004 [FXGL Background Thread 2 ] DEBUG FXGLApplication      - Initializing game
15:23:51.005 [FXGL Background Thread 2 ] INFO  FXGLApplication      - Game initialization took: 0,000 sec
15:23:51.007 [JavaFX Application Thread] DEBUG Input                - Clearing active input actions
15:23:51.010 [JavaFX Application Thread] DEBUG GameApplicationServi - Removing overlay from FXGLLoadingScene and adding to GameScene
15:23:51.011 [JavaFX Application Thread] DEBUG PrimaryStageWindow   - FXGLLoadingScene -> GameScene
15:23:51.393 [JavaFX Application Thread] DEBUG PrimaryStageWindow   - Push state: SpaceGamePauseMenu
15:23:51.394 [JavaFX Application Thread] DEBUG Input                - Clearing active input actions
15:23:51.396 [JavaFX Application Thread] DEBUG GameApplicationServi - Removing overlay from GameScene and adding to SpaceGamePauseMenu
15:23:51.397 [JavaFX Application Thread] DEBUG PrimaryStageWindow   - GameScene -> SpaceGamePauseMenu
15:23:51.742 [JavaFX Application Thread] DEBUG PrimaryStageWindow   - Pop state: SpaceGamePauseMenu
15:23:51.742 [JavaFX Application Thread] DEBUG Input                - Clearing active input actions
15:23:51.743 [JavaFX Application Thread] DEBUG GameApplicationServi - Removing overlay from SpaceGamePauseMenu and adding to GameScene
15:23:51.744 [JavaFX Application Thread] DEBUG PrimaryStageWindow   - GameScene <- SpaceGamePauseMenu
15:23:53.517 [JavaFX Application Thread] DEBUG FXGLApplication      - Exiting FXGL
15:23:53.517 [JavaFX Application Thread] DEBUG LoopRunner           - Stopping loop
15:23:53.517 [JavaFX Application Thread] DEBUG SystemBundleService  - Saving FXGL system data
15:23:53.525 [JavaFX Application Thread] DEBUG FileSystemAccess     - Writing to: C:\Users\alprn\Desktop\CS102PROJECT_F-NAL-1\system\fxgl.bundle
15:23:53.528 [JavaFX Application Thread] DEBUG Async                - Shutting down background threads
15:23:53.528 [JavaFX Application Thread] DEBUG PrimaryStageWindow   - Closing main window
15:23:53.545 [JavaFX Application Thread] DEBUG Logger               - Closing Logger
