18:57:29.210 [main                     ] DEBUG Logger               - Configured Logger
18:57:29.230 [main                     ] DEBUG GameApplication      - Logging settings
Title: Space_Game
Version: 1.0
Width: 1920
Height: 1080
Fullscreen: true
Intro: false
Profiling: true
Single step:false
App Mode: DEVELOPER
Menu Key: ESCAPE
Stage Style: DECORATED
Scene Factory: class main.spacegame.SpaceGameApp$1

18:57:29.505 [JavaFX Application Thread] DEBUG FXGLApplication      - Initializing FXGL
18:57:29.508 [JavaFX Application Thread] INFO  Engine               - FXGL-17.3 (30.03.2023 11.54) on WINDOWS (J:19 FX:20)
18:57:29.508 [JavaFX Application Thread] DEBUG Engine               - JRE Vendor Name: Oracle Corporation
18:57:29.508 [JavaFX Application Thread] DEBUG Engine               - Running on OS: Windows 11 version 10.0
18:57:29.509 [JavaFX Application Thread] DEBUG Engine               - Architecture: amd64
18:57:29.509 [JavaFX Application Thread] INFO  Engine               - Source code and latest versions at: https://github.com/AlmasB/FXGL
18:57:29.509 [JavaFX Application Thread] INFO  Engine               -       Ask questions and discuss at: https://github.com/AlmasB/FXGL/discussions
18:57:29.510 [JavaFX Application Thread] INFO  Engine               -              Join the FXGL chat at: https://gitter.im/AlmasB/FXGL
18:57:29.583 [JavaFX Application Thread] DEBUG PrimaryStageWindow   - Creating a JavaFX scene
18:57:29.583 [JavaFX Application Thread] DEBUG PrimaryStageWindow   - Target size > screen size
18:57:29.615 [JavaFX Application Thread] DEBUG PrimaryStageWindow   - Target settings size: 1920.0 x 1080.0
18:57:29.615 [JavaFX Application Thread] DEBUG PrimaryStageWindow   - Scaled scene size:    1511.0 x 864.0
18:57:29.616 [JavaFX Application Thread] DEBUG PrimaryStageWindow   - Scaled ratio: (0.7869791666666667, 0.8)
18:57:29.616 [JavaFX Application Thread] DEBUG PrimaryStageWindow   - Set initial scene to FXGLStartupScene
18:57:29.619 [JavaFX Application Thread] DEBUG PrimaryStageWindow   - Opening main window
18:57:29.685 [JavaFX Application Thread] DEBUG PrimaryStageWindow   - Window border size: (14.5999755859375, 37.5999755859375)
18:57:29.685 [JavaFX Application Thread] DEBUG PrimaryStageWindow   - Scaled size: 1511.0 x 864.0
18:57:29.686 [JavaFX Application Thread] DEBUG PrimaryStageWindow   - Scaled ratio: (0.7869791666666667, 0.8)
18:57:29.686 [JavaFX Application Thread] DEBUG PrimaryStageWindow   - Scene size: 1511.0 x 864.0
18:57:29.686 [JavaFX Application Thread] DEBUG PrimaryStageWindow   - Stage size: 1525.5999755859375 x 901.5999755859375
18:57:29.755 [JavaFX Application Thread] DEBUG PrimaryStageWindow   - Going fullscreen
18:57:29.766 [FXGL Background Thread 1 ] DEBUG Engine               - Initializing environment variables
18:57:29.821 [FXGL Background Thread 1 ] DEBUG FXGLAssetLoaderServi - User app class for loading assets: class main.spacegame.SpaceGameApp
18:57:29.822 [FXGL Background Thread 1 ] DEBUG GameApplicationServi - Applying CSS: fxgl_dark.css
18:57:29.823 [FXGL Background Thread 1 ] DEBUG FXGLAssetLoaderServi - Loading from file system: jar:file:/C:/Users/alprn/Downloads/fxgl-17.3-uber.jar!/fxglassets/ui/css/fxgl_dark.css
18:57:29.857 [FXGL Background Thread 1 ] DEBUG GameApplicationServi - Initializing application scenes
18:57:29.896 [FXGL Background Thread 1 ] DEBUG GameWorld            - Game world initialized
18:57:29.942 [FXGL Background Thread 1 ] DEBUG PhysicsWorld         - Physics world initialized: appHeight=1080, physics.ppm=50,0
18:57:29.943 [FXGL Background Thread 1 ] DEBUG PhysicsWorld         - Using strategy: GRID_INDEXING
18:57:29.946 [FXGL Background Thread 1 ] DEBUG GameScene            - Game scene initialized: 1920x1080
18:57:29.950 [FXGL Background Thread 1 ] DEBUG FXGLAssetLoaderServi - Loading from file system: file:/C:/Users/alprn/AppData/Roaming/Code/User/workspaceStorage/78d877b89292864788bc45c330f464d6/redhat.java/jdt_ws/CS102PROJECT_F-NAL-1_21edc4da/bin/assets/textures/mainmenu.png
18:57:30.071 [FXGL Background Thread 1 ] DEBUG FXGLAssetLoaderServi - Loading from file system: file:/C:/Users/alprn/AppData/Roaming/Code/User/workspaceStorage/78d877b89292864788bc45c330f464d6/redhat.java/jdt_ws/CS102PROJECT_F-NAL-1_21edc4da/bin/assets/textures/credits.png
18:57:30.102 [FXGL Background Thread 1 ] DEBUG FXGLAssetLoaderServi - Loading from file system: file:/C:/Users/alprn/AppData/Roaming/Code/User/workspaceStorage/78d877b89292864788bc45c330f464d6/redhat.java/jdt_ws/CS102PROJECT_F-NAL-1_21edc4da/bin/assets/textures/gameMenu.png
18:57:30.135 [FXGL Background Thread 1 ] DEBUG GameApplicationServi - Application scenes initialized
18:57:30.145 [FXGL Background Thread 1 ] DEBUG SystemBundleService  - Loading FXGL system data
18:57:30.150 [FXGL Background Thread 1 ] DEBUG FileSystemAccess     - Reading from: C:\Users\alprn\CS102PROJECT_F-NAL-1\system\fxgl.bundle
18:57:30.157 [FXGL Background Thread 1 ] DEBUG SystemBundleService  - Bundle FXGL: {}
18:57:30.158 [FXGL Background Thread 1 ] DEBUG UpdaterService       - Checking for updates
18:57:30.171 [FXGL Background Thread 1 ] DEBUG FXGLApplication      - Loading default localization
18:57:30.171 [FXGL Background Thread 4 ] DEBUG FXGLApplication      - Loading fonts
18:57:30.171 [FXGL Background Thread 4 ] DEBUG FXGLAssetLoaderServi - Loading from file system: jar:file:/C:/Users/alprn/Downloads/fxgl-17.3-uber.jar!/fxglassets/ui/fonts/VarelaRound-Regular.ttf
18:57:30.173 [FXGL Background Thread 1 ] WARN  FXGLAssetLoaderServi - Asset "/assets/languages/englısh.lang" was not found!
18:57:30.175 [FXGL Background Thread 1 ] WARN  FXGLAssetLoaderServi - Failed to load PROPERTY_MAP
18:57:30.181 [FXGL Background Thread 1 ] INFO  FXGLApplication      - FXGL initialization took: 0,415 sec
18:57:30.194 [JavaFX Application Thread] DEBUG Input                - Registered new binding: action0 - V
18:57:30.195 [JavaFX Application Thread] DEBUG Input                - Registered new binding: Up - W
18:57:30.195 [JavaFX Application Thread] DEBUG Input                - Registered new binding: Down - S
18:57:30.195 [JavaFX Application Thread] DEBUG Input                - Registered new binding: Left - A
18:57:30.195 [JavaFX Application Thread] DEBUG Input                - Registered new binding: Right - D
18:57:30.197 [JavaFX Application Thread] DEBUG Input                - Registered new binding: Shoot Mouse - LMB
18:57:30.198 [JavaFX Application Thread] DEBUG Input                - Registered new binding: MouseRight - RMB
18:57:30.198 [JavaFX Application Thread] WARN  FXGLAssetLoaderServi - Asset "/assets/music/dans eden sincap ama epilepsi garantili (100).mp3" was not found!
18:57:30.198 [JavaFX Application Thread] WARN  FXGLAssetLoaderServi - Failed to load MUSIC
18:57:30.200 [JavaFX Application Thread] DEBUG AudioPlayer          - Playing music com.almasb.fxgl.audio.Music@614921b4
18:57:30.200 [JavaFX Application Thread] DEBUG FXGLAssetLoaderServi - Loading from file system: jar:file:/C:/Users/alprn/Downloads/fxgl-17.3-uber.jar!/fxglassets/textures/fxgl_icon.png
18:57:30.214 [JavaFX Application Thread] DEBUG FXGLAssetLoaderServi - Loading from file system: jar:file:/C:/Users/alprn/Downloads/fxgl-17.3-uber.jar!/fxglassets/textures/fxgl_default_cursor.png
18:57:30.216 [JavaFX Application Thread] DEBUG Input                - Registered new binding: Screenshot - CTRL+8
18:57:30.216 [JavaFX Application Thread] DEBUG Input                - Registered new binding: System info dump - CTRL+9
18:57:30.217 [JavaFX Application Thread] DEBUG Input                - Registered new binding: Restart - CTRL+R
18:57:30.218 [JavaFX Application Thread] DEBUG Input                - Registered new binding: Toggle Debug Camera - CTRL+7
18:57:30.220 [JavaFX Application Thread] DEBUG LoopRunner           - Starting loop
18:57:30.220 [JavaFX Application Thread] DEBUG LoopRunner           - Initializing JavaFX AnimationTimerLoop
18:57:30.222 [JavaFX Application Thread] DEBUG Input                - Clearing active input actions
18:57:30.234 [JavaFX Application Thread] DEBUG GameApplicationServi - Removing overlay from FXGLStartupScene and adding to FXGLMainMenuDummyScene
18:57:30.237 [JavaFX Application Thread] DEBUG PrimaryStageWindow   - FXGLStartupScene -> FXGLMainMenuDummyScene
18:57:30.237 [JavaFX Application Thread] DEBUG PrimaryStageWindow   - Push state: SpaceGameMainMenu
18:57:30.238 [JavaFX Application Thread] DEBUG Input                - Clearing active input actions
18:57:30.241 [FXGL Background Thread 4 ] DEBUG FXGLAssetLoaderServi - Loading from file system: jar:file:/C:/Users/alprn/Downloads/fxgl-17.3-uber.jar!/fxglassets/ui/fonts/Abel-Regular.ttf
18:57:30.242 [JavaFX Application Thread] DEBUG GameApplicationServi - Removing overlay from FXGLMainMenuDummyScene and adding to SpaceGameMainMenu
18:57:30.245 [FXGL Background Thread 4 ] DEBUG FXGLAssetLoaderServi - Loading from file system: jar:file:/C:/Users/alprn/Downloads/fxgl-17.3-uber.jar!/fxglassets/ui/fonts/TerminalLandMono-Regular.otf
18:57:30.246 [JavaFX Application Thread] DEBUG PrimaryStageWindow   - FXGLMainMenuDummyScene -> SpaceGameMainMenu
18:57:30.250 [FXGL Background Thread 4 ] DEBUG FXGLAssetLoaderServi - Loading from file system: jar:file:/C:/Users/alprn/Downloads/fxgl-17.3-uber.jar!/fxglassets/ui/fonts/Courier-Prime.ttf
18:57:30.286 [JavaFX Application Thread] DEBUG FXGLApplication      - Registering font factories with UI factory
18:57:31.986 [JavaFX Application Thread] DEBUG Menu                 - fireNewGame()
18:57:31.986 [JavaFX Application Thread] DEBUG GameApplicationServi - Starting new game
18:57:31.987 [JavaFX Application Thread] DEBUG PrimaryStageWindow   - Pop state: SpaceGameMainMenu
18:57:31.987 [JavaFX Application Thread] DEBUG Input                - Clearing active input actions
18:57:31.987 [JavaFX Application Thread] DEBUG GameApplicationServi - Removing overlay from SpaceGameMainMenu and adding to FXGLMainMenuDummyScene
18:57:31.988 [JavaFX Application Thread] DEBUG PrimaryStageWindow   - FXGLMainMenuDummyScene <- SpaceGameMainMenu
18:57:31.988 [JavaFX Application Thread] DEBUG Input                - Clearing active input actions
18:57:31.999 [JavaFX Application Thread] DEBUG GameApplicationServi - Removing overlay from FXGLMainMenuDummyScene and adding to FXGLLoadingScene
18:57:32.000 [JavaFX Application Thread] DEBUG PrimaryStageWindow   - FXGLMainMenuDummyScene -> FXGLLoadingScene
18:57:32.000 [JavaFX Application Thread] DEBUG GameApplicationServi - Clearing previous game
18:57:32.000 [JavaFX Application Thread] DEBUG GameScene            - Clearing game scene
18:57:32.000 [JavaFX Application Thread] DEBUG GameWorld            - Clearing game world
18:57:32.000 [JavaFX Application Thread] DEBUG PhysicsWorld         - Clearing physics world
18:57:32.002 [FXGL Background Thread 2 ] DEBUG FXGLApplication      - Initializing game
18:57:32.017 [FXGL Background Thread 2 ] DEBUG FXGLAssetLoaderServi - Loading from file system: file:/C:/Users/alprn/AppData/Roaming/Code/User/workspaceStorage/78d877b89292864788bc45c330f464d6/redhat.java/jdt_ws/CS102PROJECT_F-NAL-1_21edc4da/bin/assets/textures/Bomb.png
18:57:32.018 [FXGL Background Thread 2 ] DEBUG FXGLAssetLoaderServi - Loading from file system: file:/C:/Users/alprn/AppData/Roaming/Code/User/workspaceStorage/78d877b89292864788bc45c330f464d6/redhat.java/jdt_ws/CS102PROJECT_F-NAL-1_21edc4da/bin/assets/textures/Bullet.png
18:57:32.024 [FXGL Background Thread 2 ] DEBUG FXGLAssetLoaderServi - Loading from file system: file:/C:/Users/alprn/AppData/Roaming/Code/User/workspaceStorage/78d877b89292864788bc45c330f464d6/redhat.java/jdt_ws/CS102PROJECT_F-NAL-1_21edc4da/bin/assets/textures/WingedAlien.png
18:57:32.036 [FXGL Background Thread 2 ] DEBUG FXGLAssetLoaderServi - Loading from file system: file:/C:/Users/alprn/AppData/Roaming/Code/User/workspaceStorage/78d877b89292864788bc45c330f464d6/redhat.java/jdt_ws/CS102PROJECT_F-NAL-1_21edc4da/bin/assets/textures/Bomber.png
18:57:32.042 [FXGL Background Thread 2 ] DEBUG FXGLAssetLoaderServi - Loading from file system: file:/C:/Users/alprn/AppData/Roaming/Code/User/workspaceStorage/78d877b89292864788bc45c330f464d6/redhat.java/jdt_ws/CS102PROJECT_F-NAL-1_21edc4da/bin/assets/textures/Boss.png
18:57:32.068 [FXGL Background Thread 2 ] DEBUG FXGLAssetLoaderServi - Loading from file system: file:/C:/Users/alprn/AppData/Roaming/Code/User/workspaceStorage/78d877b89292864788bc45c330f464d6/redhat.java/jdt_ws/CS102PROJECT_F-NAL-1_21edc4da/bin/assets/textures/AmongUs.png
18:57:32.084 [FXGL Background Thread 2 ] DEBUG FXGLAssetLoaderServi - Loading from file system: file:/C:/Users/alprn/AppData/Roaming/Code/User/workspaceStorage/78d877b89292864788bc45c330f464d6/redhat.java/jdt_ws/CS102PROJECT_F-NAL-1_21edc4da/bin/assets/textures/background/bg_0.png
18:57:32.200 [FXGL Background Thread 2 ] WARN  FXGLAssetLoaderServi - Asset "/assets/textures/PlayerNew.png" was not found!
18:57:32.200 [FXGL Background Thread 2 ] WARN  FXGLAssetLoaderServi - Failed to load RESIZABLE_IMAGE
18:57:32.268 [FXGL Background Thread 2 ] WARN  FXGLAssetLoaderServi - Asset "/assets/textures/PlayerNew.png" was not found!
18:57:32.268 [FXGL Background Thread 2 ] WARN  FXGLAssetLoaderServi - Failed to load RESIZABLE_IMAGE
18:57:32.268 [FXGL Background Thread 2 ] WARN  FXGLAssetLoaderServi - Asset "/assets/textures/PlayerNew.png" was not found!
18:57:32.269 [FXGL Background Thread 2 ] WARN  FXGLAssetLoaderServi - Failed to load RESIZABLE_IMAGE
18:57:32.269 [FXGL Background Thread 2 ] WARN  FXGLAssetLoaderServi - Asset "/assets/textures/PlayerNew.png" was not found!
18:57:32.269 [FXGL Background Thread 2 ] WARN  FXGLAssetLoaderServi - Failed to load RESIZABLE_IMAGE
18:57:32.272 [FXGL Background Thread 2 ] INFO  FXGLApplication      - Game initialization took: 0,270 sec
18:57:32.274 [JavaFX Application Thread] DEBUG Input                - Clearing active input actions
18:57:32.280 [JavaFX Application Thread] DEBUG GameApplicationServi - Removing overlay from FXGLLoadingScene and adding to GameScene
18:57:32.281 [JavaFX Application Thread] DEBUG PrimaryStageWindow   - FXGLLoadingScene -> GameScene
18:57:32.868 [JavaFX Application Thread] DEBUG FXGLAssetLoaderServi - Loading from file system: file:/C:/Users/alprn/AppData/Roaming/Code/User/workspaceStorage/78d877b89292864788bc45c330f464d6/redhat.java/jdt_ws/CS102PROJECT_F-NAL-1_21edc4da/bin/assets/sounds/shoot4.wav
18:57:33.024 [JavaFX Application Thread] DEBUG FXGLAssetLoaderServi - Loading from file system: file:/C:/Users/alprn/AppData/Roaming/Code/User/workspaceStorage/78d877b89292864788bc45c330f464d6/redhat.java/jdt_ws/CS102PROJECT_F-NAL-1_21edc4da/bin/assets/sounds/shoot3.wav
18:57:33.105 [JavaFX Application Thread] DEBUG FXGLAssetLoaderServi - Loading from file system: file:/C:/Users/alprn/AppData/Roaming/Code/User/workspaceStorage/78d877b89292864788bc45c330f464d6/redhat.java/jdt_ws/CS102PROJECT_F-NAL-1_21edc4da/bin/assets/sounds/shoot1.wav
18:57:33.169 [FXGL Background Thread 3 ] DEBUG Engine               - Logging environment variables
18:57:33.170 [FXGL Background Thread 3 ] DEBUG Engine               - achievements: []
18:57:33.171 [FXGL Background Thread 3 ] DEBUG Engine               - actualHeight: 864.0
18:57:33.171 [FXGL Background Thread 3 ] DEBUG Engine               - actualHeightProperty: ReadOnlyDoubleProperty [value: 864.0]
18:57:33.171 [FXGL Background Thread 3 ] DEBUG Engine               - actualWidth: 1536.0
18:57:33.171 [FXGL Background Thread 3 ] DEBUG Engine               - actualWidthProperty: ReadOnlyDoubleProperty [value: 1536.0]
18:57:33.171 [FXGL Background Thread 3 ] DEBUG Engine               - appIcon: fxgl_icon.png
18:57:33.171 [FXGL Background Thread 3 ] DEBUG Engine               - applicationMode: DEVELOPER
18:57:33.171 [FXGL Background Thread 3 ] DEBUG Engine               - cSSList: [fxgl_dark.css]
18:57:33.171 [FXGL Background Thread 3 ] DEBUG Engine               - collisionDetectionStrategy: GRID_INDEXING
18:57:33.171 [FXGL Background Thread 3 ] DEBUG Engine               - configClass: Optional.empty
18:57:33.171 [FXGL Background Thread 3 ] DEBUG Engine               - credits: []
18:57:33.171 [FXGL Background Thread 3 ] DEBUG Engine               - defaultCursor: CursorInfo(imageName=fxgl_default_cursor.png, hotspotX=7.0, hotspotY=6.0)
18:57:33.172 [FXGL Background Thread 3 ] DEBUG Engine               - devBBoxColorProperty: ObjectProperty [value: 0xff0000ff]
18:57:33.172 [FXGL Background Thread 3 ] DEBUG Engine               - devEnableDebugCameraProperty: BooleanProperty [value: false]
18:57:33.172 [FXGL Background Thread 3 ] DEBUG Engine               - devSensorColorProperty: ObjectProperty [value: 0xffff00ff]
18:57:33.172 [FXGL Background Thread 3 ] DEBUG Engine               - devShowBBoxProperty: BooleanProperty [value: false]
18:57:33.172 [FXGL Background Thread 3 ] DEBUG Engine               - devShowPositionProperty: BooleanProperty [value: false]
18:57:33.172 [FXGL Background Thread 3 ] DEBUG Engine               - enabledMenuItems: []
18:57:33.172 [FXGL Background Thread 3 ] DEBUG Engine               - engineServices: [class com.almasb.fxgl.app.services.FXGLAssetLoaderService, class com.almasb.fxgl.app.FXGLApplication$GameApplicationService, class com.almasb.fxgl.app.services.FXGLDialogService, class com.almasb.fxgl.app.services.IOTaskExecutorService, class com.almasb.fxgl.io.FileSystemService, class com.almasb.fxgl.localization.LocalizationService, class com.almasb.fxgl.app.services.SystemBundleService, class com.almasb.fxgl.profile.SaveLoadService, class com.almasb.fxgl.ui.FXGLUIFactoryServiceProvider, class com.almasb.fxgl.ui.FXGLDialogFactoryServiceProvider, class com.almasb.fxgl.audio.AudioPlayer, class com.almasb.fxgl.notification.impl.NotificationServiceProvider, class com.almasb.fxgl.achievement.AchievementService, class com.almasb.fxgl.cutscene.CutsceneService, class com.almasb.fxgl.minigames.MiniGameService, class com.almasb.fxgl.net.NetService, class com.almasb.fxgl.app.services.UpdaterService, class com.almasb.fxgl.dev.DevService, class main.spacegame.service.HighScoreService, class main.spacegame.level.LevelService, class com.almasb.fxgl.dev.profiling.ProfilerService]
18:57:33.172 [FXGL Background Thread 3 ] DEBUG Engine               - fontGame: Abel-Regular.ttf
18:57:33.172 [FXGL Background Thread 3 ] DEBUG Engine               - fontMono: TerminalLandMono-Regular.otf
18:57:33.172 [FXGL Background Thread 3 ] DEBUG Engine               - fontSizeScaleUI: 1.0
18:57:33.172 [FXGL Background Thread 3 ] DEBUG Engine               - fontText: Courier-Prime.ttf
18:57:33.172 [FXGL Background Thread 3 ] DEBUG Engine               - fontUI: VarelaRound-Regular.ttf
18:57:33.172 [FXGL Background Thread 3 ] DEBUG Engine               - fullScreen: BooleanProperty [value: true]
18:57:33.172 [FXGL Background Thread 3 ] DEBUG Engine               - gameDifficulty: MEDIUM
18:57:33.172 [FXGL Background Thread 3 ] DEBUG Engine               - gameDifficultyProperty: ObjectProperty [value: MEDIUM]
18:57:33.172 [FXGL Background Thread 3 ] DEBUG Engine               - globalMusicVolume: 0.5
18:57:33.172 [FXGL Background Thread 3 ] DEBUG Engine               - globalMusicVolumeProperty: DoubleProperty [value: 0.7]
18:57:33.172 [FXGL Background Thread 3 ] DEBUG Engine               - globalSoundVolume: 0.5
18:57:33.172 [FXGL Background Thread 3 ] DEBUG Engine               - globalSoundVolumeProperty: DoubleProperty [value: 0.7]
18:57:33.172 [FXGL Background Thread 3 ] DEBUG Engine               - height: 1080
18:57:33.172 [FXGL Background Thread 3 ] DEBUG Engine               - is3D: false
18:57:33.172 [FXGL Background Thread 3 ] DEBUG Engine               - isAndroid: false
18:57:33.172 [FXGL Background Thread 3 ] DEBUG Engine               - isBrowser: false
18:57:33.172 [FXGL Background Thread 3 ] DEBUG Engine               - isClickFeedbackEnabled: false
18:57:33.172 [FXGL Background Thread 3 ] DEBUG Engine               - isCloseConfirmation: false
18:57:33.172 [FXGL Background Thread 3 ] DEBUG Engine               - isDesktop: true
18:57:33.172 [FXGL Background Thread 3 ] DEBUG Engine               - isDeveloperMenuEnabled: false
18:57:33.172 [FXGL Background Thread 3 ] DEBUG Engine               - isEmbedded: false
18:57:33.172 [FXGL Background Thread 3 ] DEBUG Engine               - isEntityPreloadEnabled: true
18:57:33.172 [FXGL Background Thread 3 ] DEBUG Engine               - isExperimentalTiledLargeMap: false
18:57:33.173 [FXGL Background Thread 3 ] DEBUG Engine               - isFileSystemWriteAllowed: true
18:57:33.173 [FXGL Background Thread 3 ] DEBUG Engine               - isFullScreenAllowed: true
18:57:33.173 [FXGL Background Thread 3 ] DEBUG Engine               - isFullScreenFromStart: true
18:57:33.173 [FXGL Background Thread 3 ] DEBUG Engine               - isGameMenuEnabled: true
18:57:33.173 [FXGL Background Thread 3 ] DEBUG Engine               - isIOS: false
18:57:33.173 [FXGL Background Thread 3 ] DEBUG Engine               - isIntroEnabled: false
18:57:33.173 [FXGL Background Thread 3 ] DEBUG Engine               - isLinux: false
18:57:33.173 [FXGL Background Thread 3 ] DEBUG Engine               - isMac: false
18:57:33.173 [FXGL Background Thread 3 ] DEBUG Engine               - isMainMenuEnabled: true
18:57:33.173 [FXGL Background Thread 3 ] DEBUG Engine               - isManualResizeEnabled: false
18:57:33.173 [FXGL Background Thread 3 ] DEBUG Engine               - isMobile: false
18:57:33.173 [FXGL Background Thread 3 ] DEBUG Engine               - isNative: false
18:57:33.173 [FXGL Background Thread 3 ] DEBUG Engine               - isPauseMusicWhenMinimized: true
18:57:33.173 [FXGL Background Thread 3 ] DEBUG Engine               - isPreserveResizeRatio: false
18:57:33.173 [FXGL Background Thread 3 ] DEBUG Engine               - isProfilingEnabled: true
18:57:33.173 [FXGL Background Thread 3 ] DEBUG Engine               - isScaleAffectedOnResize: true
18:57:33.173 [FXGL Background Thread 3 ] DEBUG Engine               - isSingleStep: false
18:57:33.173 [FXGL Background Thread 3 ] DEBUG Engine               - isUserProfileEnabled: false
18:57:33.173 [FXGL Background Thread 3 ] DEBUG Engine               - isWindows: true
18:57:33.173 [FXGL Background Thread 3 ] DEBUG Engine               - language: ObjectProperty [value: ENGLISH]
18:57:33.173 [FXGL Background Thread 3 ] DEBUG Engine               - menuKey: ESCAPE
18:57:33.173 [FXGL Background Thread 3 ] DEBUG Engine               - mouseSensitivity: 0.2
18:57:33.173 [FXGL Background Thread 3 ] DEBUG Engine               - notificationViewClass: class com.almasb.fxgl.notification.view.XboxNotificationView
18:57:33.173 [FXGL Background Thread 3 ] DEBUG Engine               - pixelsPerMeter: 50.0
18:57:33.173 [FXGL Background Thread 3 ] DEBUG Engine               - platform: WINDOWS
18:57:33.173 [FXGL Background Thread 3 ] DEBUG Engine               - prefHeightProperty: ReadOnlyDoubleProperty [value: 1080.0]
18:57:33.173 [FXGL Background Thread 3 ] DEBUG Engine               - prefWidthProperty: ReadOnlyDoubleProperty [value: 1920.0]
18:57:33.173 [FXGL Background Thread 3 ] DEBUG Engine               - profileDir: profiles/
18:57:33.173 [FXGL Background Thread 3 ] DEBUG Engine               - profileName: StringProperty [value: DEFAULT]
18:57:33.173 [FXGL Background Thread 3 ] DEBUG Engine               - randomSeed: -1
18:57:33.174 [FXGL Background Thread 3 ] DEBUG Engine               - runtimeInfo: RuntimeInfo(platform=WINDOWS, version=17.3, build=30.03.2023 11.54)
18:57:33.174 [FXGL Background Thread 3 ] DEBUG Engine               - saveFileExt: sav
18:57:33.174 [FXGL Background Thread 3 ] DEBUG Engine               - scaledHeightProp$fxgl: DoubleProperty [bound, value: 864.0]
18:57:33.174 [FXGL Background Thread 3 ] DEBUG Engine               - scaledWidthProp$fxgl: DoubleProperty [bound, value: 1536.0]
18:57:33.174 [FXGL Background Thread 3 ] DEBUG Engine               - sceneFactory: main.spacegame.SpaceGameApp$1@1544dccb
18:57:33.174 [FXGL Background Thread 3 ] DEBUG Engine               - secondsIn24h: 60
18:57:33.174 [FXGL Background Thread 3 ] DEBUG Engine               - soundMenuBack: menu/back.wav
18:57:33.174 [FXGL Background Thread 3 ] DEBUG Engine               - soundMenuPress: menu/press.wav
18:57:33.174 [FXGL Background Thread 3 ] DEBUG Engine               - soundMenuSelect: menu/select.wav
18:57:33.174 [FXGL Background Thread 3 ] DEBUG Engine               - soundNotification: core/notification.wav
18:57:33.174 [FXGL Background Thread 3 ] DEBUG Engine               - stageStyle: DECORATED
18:57:33.174 [FXGL Background Thread 3 ] DEBUG Engine               - supportedLanguages: [ENGLISH, FRENCH, GERMAN, HUNGARIAN, RUSSIAN]
18:57:33.174 [FXGL Background Thread 3 ] DEBUG Engine               - ticksPerSecond: -1
18:57:33.174 [FXGL Background Thread 3 ] DEBUG Engine               - title: Space_Game
18:57:33.174 [FXGL Background Thread 3 ] DEBUG Engine               - urlGithub: https://github.com/AlmasB/FXGL
18:57:33.174 [FXGL Background Thread 3 ] DEBUG Engine               - urlLeaderboard: http://fxgl-top.herokuapp.com/
18:57:33.174 [FXGL Background Thread 3 ] DEBUG Engine               - urlPOM: https://raw.githubusercontent.com/AlmasB/FXGL/release/README.md
18:57:33.174 [FXGL Background Thread 3 ] DEBUG Engine               - userAppClass: class main.spacegame.SpaceGameApp
18:57:33.174 [FXGL Background Thread 3 ] DEBUG Engine               - version: 1.0
18:57:33.174 [FXGL Background Thread 3 ] DEBUG Engine               - versionCheckDays: 7
18:57:33.174 [FXGL Background Thread 3 ] DEBUG Engine               - width: 1920
18:57:33.174 [FXGL Background Thread 3 ] DEBUG Engine               - Logging services
18:57:33.174 [FXGL Background Thread 3 ] DEBUG Engine               - class com.almasb.fxgl.app.services.FXGLAssetLoaderService
18:57:33.174 [FXGL Background Thread 3 ] DEBUG Engine               - class com.almasb.fxgl.app.FXGLApplication$GameApplicationService
18:57:33.174 [FXGL Background Thread 3 ] DEBUG Engine               - class com.almasb.fxgl.app.services.FXGLDialogService
18:57:33.174 [FXGL Background Thread 3 ] DEBUG Engine               - class com.almasb.fxgl.app.services.IOTaskExecutorService
18:57:33.174 [FXGL Background Thread 3 ] DEBUG Engine               - class com.almasb.fxgl.io.FileSystemService
18:57:33.174 [FXGL Background Thread 3 ] DEBUG Engine               - class com.almasb.fxgl.localization.LocalizationService
18:57:33.174 [FXGL Background Thread 3 ] DEBUG Engine               - class com.almasb.fxgl.app.services.SystemBundleService
18:57:33.174 [FXGL Background Thread 3 ] DEBUG Engine               - class com.almasb.fxgl.profile.SaveLoadService
18:57:33.175 [FXGL Background Thread 3 ] DEBUG Engine               - class com.almasb.fxgl.ui.FXGLUIFactoryServiceProvider
18:57:33.175 [FXGL Background Thread 3 ] DEBUG Engine               - class com.almasb.fxgl.ui.FXGLDialogFactoryServiceProvider
18:57:33.175 [FXGL Background Thread 3 ] DEBUG Engine               - class com.almasb.fxgl.audio.AudioPlayer
18:57:33.175 [FXGL Background Thread 3 ] DEBUG Engine               - class com.almasb.fxgl.notification.impl.NotificationServiceProvider
18:57:33.175 [FXGL Background Thread 3 ] DEBUG Engine               - class com.almasb.fxgl.achievement.AchievementService
18:57:33.175 [FXGL Background Thread 3 ] DEBUG Engine               - class com.almasb.fxgl.cutscene.CutsceneService
18:57:33.175 [FXGL Background Thread 3 ] DEBUG Engine               - class com.almasb.fxgl.minigames.MiniGameService
18:57:33.175 [FXGL Background Thread 3 ] DEBUG Engine               - class com.almasb.fxgl.net.NetService
18:57:33.175 [FXGL Background Thread 3 ] DEBUG Engine               - class com.almasb.fxgl.app.services.UpdaterService
18:57:33.176 [FXGL Background Thread 3 ] DEBUG Engine               - class com.almasb.fxgl.dev.DevService
18:57:33.176 [FXGL Background Thread 3 ] DEBUG Engine               - class main.spacegame.service.HighScoreService
18:57:33.176 [FXGL Background Thread 3 ] DEBUG Engine               - class main.spacegame.level.LevelService
18:57:33.176 [FXGL Background Thread 3 ] DEBUG Engine               - class com.almasb.fxgl.dev.profiling.ProfilerService
18:57:33.202 [JavaFX Application Thread] DEBUG FXGLAssetLoaderServi - Loading from file system: file:/C:/Users/alprn/AppData/Roaming/Code/User/workspaceStorage/78d877b89292864788bc45c330f464d6/redhat.java/jdt_ws/CS102PROJECT_F-NAL-1_21edc4da/bin/assets/sounds/shoot2.wav
18:58:20.982 [JavaFX Application Thread] DEBUG LoopRunner           - Stopping loop
18:58:20.983 [JavaFX Application Thread] FATAL FXGLApplication      - Uncaught Exception:
java.lang.IndexOutOfBoundsException: Index: 0, Size: 0
	at com.almasb.fxgl.core.collection.Array.checkRange(Array.java:612)
	at com.almasb.fxgl.core.collection.Array.get(Array.java:165)
	at main.spacegame.level.Level.onUpdate(Level.java:52)
	at main.spacegame.level.LevelService.onGameUpdate(LevelService.java:29)
	at com.almasb.fxgl.app.Engine.onGameUpdate(Engine.kt:138)
	at com.almasb.fxgl.app.FXGLApplication.postServicesInit$lambda$7(FXGLApplication.kt:182)
	at com.almasb.fxgl.scene.Scene.update(Scene.kt:113)
	at com.almasb.fxgl.app.MainWindow$update$1.invoke(MainWindow.kt:115)
	at com.almasb.fxgl.app.MainWindow$update$1.invoke(MainWindow.kt:115)
	at com.almasb.fxgl.core.fsm.StateMachine.runOnActiveStates(StateMachine.kt:69)
	at com.almasb.fxgl.app.MainWindow.update(MainWindow.kt:115)
	at com.almasb.fxgl.app.FXGLApplication$GameApplicationService.onUpdate(FXGLApplication.kt:426)
	at com.almasb.fxgl.app.Engine.loop(Engine.kt:134)
	at com.almasb.fxgl.app.Engine.access$loop(Engine.kt:24)
	at com.almasb.fxgl.app.Engine$loop$1.invoke(Engine.kt:28)
	at com.almasb.fxgl.app.Engine$loop$1.invoke(Engine.kt:28)
	at com.almasb.fxgl.app.LoopRunner.frame(LoopRunner.kt:103)
	at com.almasb.fxgl.app.LoopRunner.access$frame(LoopRunner.kt:23)
	at com.almasb.fxgl.app.LoopRunner$impl$2$1.onTick(LoopRunner.kt:57)
	at com.almasb.fxgl.app.AnimationTimerLoop$timer$1.handle(LoopRunner.kt:137)
	at javafx.animation.AnimationTimer$AnimationTimerReceiver.lambda$handle$0(AnimationTimer.java:58)
	at java.base/java.security.AccessController.doPrivileged(AccessController.java:399)
	at javafx.animation.AnimationTimer$AnimationTimerReceiver.handle(AnimationTimer.java:57)
	at com.sun.scenario.animation.AbstractPrimaryTimer.timePulseImpl(AbstractPrimaryTimer.java:356)
	at com.sun.scenario.animation.AbstractPrimaryTimer$MainLoop.run(AbstractPrimaryTimer.java:266)
	at com.sun.javafx.tk.quantum.QuantumToolkit.pulse(QuantumToolkit.java:588)
	at com.sun.javafx.tk.quantum.QuantumToolkit.pulse(QuantumToolkit.java:572)
	at com.sun.javafx.tk.quantum.QuantumToolkit.pulseFromQueue(QuantumToolkit.java:565)
	at com.sun.javafx.tk.quantum.QuantumToolkit.lambda$runToolkit$11(QuantumToolkit.java:352)
	at com.sun.glass.ui.InvokeLaterDispatcher$Future.run(InvokeLaterDispatcher.java:95)
	at com.sun.glass.ui.win.WinApplication._runLoop(Native Method)
	at com.sun.glass.ui.win.WinApplication.lambda$runLoop$3(WinApplication.java:185)
	at java.base/java.lang.Thread.run(Thread.java:1589)

18:58:20.986 [JavaFX Application Thread] FATAL FXGLApplication      - Application will now exit
18:58:21.009 [JavaFX Application Thread] DEBUG PrimaryStageWindow   - Push state: ErrorSubScene
18:58:21.010 [JavaFX Application Thread] DEBUG Input                - Clearing active input actions
18:58:21.014 [JavaFX Application Thread] DEBUG GameApplicationServi - Removing overlay from GameScene and adding to ErrorSubScene
18:58:21.014 [JavaFX Application Thread] DEBUG PrimaryStageWindow   - GameScene -> ErrorSubScene
18:58:38.343 [JavaFX Application Thread] DEBUG FXGLApplication      - Exiting FXGL
18:58:38.344 [JavaFX Application Thread] DEBUG Async                - Shutting down background threads
18:58:38.344 [JavaFX Application Thread] DEBUG PrimaryStageWindow   - Closing main window
18:58:38.365 [JavaFX Application Thread] DEBUG Logger               - Closing Logger
