19:04:17.456 [main                     ] DEBUG Logger               - Configured Logger
19:04:17.476 [main                     ] DEBUG GameApplication      - Logging settings
Title: Space_Game
Version: 1.0
Width: 1920
Height: 1080
Fullscreen: true
Intro: false
Profiling: true
Single step:false
App Mode: DEVELOPER
Menu Key: ESCAPE
Stage Style: DECORATED
Scene Factory: class main.spacegame.SpaceGameApp$1

19:04:17.772 [JavaFX Application Thread] DEBUG FXGLApplication      - Initializing FXGL
19:04:17.775 [JavaFX Application Thread] INFO  Engine               - FXGL-17.3 (30.03.2023 11.54) on WINDOWS (J:19 FX:20)
19:04:17.775 [JavaFX Application Thread] DEBUG Engine               - JRE Vendor Name: Oracle Corporation
19:04:17.776 [JavaFX Application Thread] DEBUG Engine               - Running on OS: Windows 11 version 10.0
19:04:17.776 [JavaFX Application Thread] DEBUG Engine               - Architecture: amd64
19:04:17.776 [JavaFX Application Thread] INFO  Engine               - Source code and latest versions at: https://github.com/AlmasB/FXGL
19:04:17.776 [JavaFX Application Thread] INFO  Engine               -       Ask questions and discuss at: https://github.com/AlmasB/FXGL/discussions
19:04:17.776 [JavaFX Application Thread] INFO  Engine               -              Join the FXGL chat at: https://gitter.im/AlmasB/FXGL
19:04:17.874 [JavaFX Application Thread] DEBUG PrimaryStageWindow   - Creating a JavaFX scene
19:04:17.874 [JavaFX Application Thread] DEBUG PrimaryStageWindow   - Target size > screen size
19:04:17.921 [JavaFX Application Thread] DEBUG PrimaryStageWindow   - Target settings size: 1920.0 x 1080.0
19:04:17.921 [JavaFX Application Thread] DEBUG PrimaryStageWindow   - Scaled scene size:    1511.0 x 864.0
19:04:17.922 [JavaFX Application Thread] DEBUG PrimaryStageWindow   - Scaled ratio: (0.7869791666666667, 0.8)
19:04:17.923 [JavaFX Application Thread] DEBUG PrimaryStageWindow   - Set initial scene to FXGLStartupScene
19:04:17.926 [JavaFX Application Thread] DEBUG PrimaryStageWindow   - Opening main window
19:04:17.994 [JavaFX Application Thread] DEBUG PrimaryStageWindow   - Window border size: (14.5999755859375, 37.5999755859375)
19:04:17.995 [JavaFX Application Thread] DEBUG PrimaryStageWindow   - Scaled size: 1511.0 x 864.0
19:04:17.995 [JavaFX Application Thread] DEBUG PrimaryStageWindow   - Scaled ratio: (0.7869791666666667, 0.8)
19:04:17.995 [JavaFX Application Thread] DEBUG PrimaryStageWindow   - Scene size: 1511.0 x 864.0
19:04:17.996 [JavaFX Application Thread] DEBUG PrimaryStageWindow   - Stage size: 1525.5999755859375 x 901.5999755859375
19:04:18.088 [JavaFX Application Thread] DEBUG PrimaryStageWindow   - Going fullscreen
19:04:18.125 [FXGL Background Thread 1 ] DEBUG Engine               - Initializing environment variables
19:04:18.181 [FXGL Background Thread 1 ] DEBUG FXGLAssetLoaderServi - User app class for loading assets: class main.spacegame.SpaceGameApp
19:04:18.182 [FXGL Background Thread 1 ] DEBUG GameApplicationServi - Applying CSS: fxgl_dark.css
19:04:18.183 [FXGL Background Thread 1 ] DEBUG FXGLAssetLoaderServi - Loading from file system: jar:file:/C:/Users/alprn/Downloads/fxgl-17.3-uber.jar!/fxglassets/ui/css/fxgl_dark.css
19:04:18.222 [FXGL Background Thread 1 ] DEBUG GameApplicationServi - Initializing application scenes
19:04:18.262 [FXGL Background Thread 1 ] DEBUG GameWorld            - Game world initialized
19:04:18.314 [FXGL Background Thread 1 ] DEBUG PhysicsWorld         - Physics world initialized: appHeight=1080, physics.ppm=50,0
19:04:18.314 [FXGL Background Thread 1 ] DEBUG PhysicsWorld         - Using strategy: GRID_INDEXING
19:04:18.318 [FXGL Background Thread 1 ] DEBUG GameScene            - Game scene initialized: 1920x1080
19:04:18.322 [FXGL Background Thread 1 ] DEBUG FXGLAssetLoaderServi - Loading from file system: file:/C:/Users/alprn/AppData/Roaming/Code/User/workspaceStorage/78d877b89292864788bc45c330f464d6/redhat.java/jdt_ws/CS102PROJECT_F-NAL-1_21edc4da/bin/assets/textures/mainmenu.png
19:04:18.450 [FXGL Background Thread 1 ] DEBUG FXGLAssetLoaderServi - Loading from file system: file:/C:/Users/alprn/AppData/Roaming/Code/User/workspaceStorage/78d877b89292864788bc45c330f464d6/redhat.java/jdt_ws/CS102PROJECT_F-NAL-1_21edc4da/bin/assets/textures/credits.png
19:04:18.484 [FXGL Background Thread 1 ] DEBUG FXGLAssetLoaderServi - Loading from file system: file:/C:/Users/alprn/AppData/Roaming/Code/User/workspaceStorage/78d877b89292864788bc45c330f464d6/redhat.java/jdt_ws/CS102PROJECT_F-NAL-1_21edc4da/bin/assets/textures/gameMenu.png
19:04:18.512 [FXGL Background Thread 1 ] DEBUG GameApplicationServi - Application scenes initialized
19:04:18.523 [FXGL Background Thread 1 ] DEBUG SystemBundleService  - Loading FXGL system data
19:04:18.526 [FXGL Background Thread 1 ] DEBUG FileSystemAccess     - Reading from: C:\Users\alprn\CS102PROJECT_F-NAL-1\system\fxgl.bundle
19:04:18.533 [FXGL Background Thread 1 ] DEBUG SystemBundleService  - Bundle FXGL: {}
19:04:18.533 [FXGL Background Thread 1 ] DEBUG UpdaterService       - Checking for updates
19:04:18.544 [FXGL Background Thread 4 ] DEBUG FXGLApplication      - Loading fonts
19:04:18.545 [FXGL Background Thread 1 ] DEBUG FXGLApplication      - Loading default localization
19:04:18.545 [FXGL Background Thread 4 ] DEBUG FXGLAssetLoaderServi - Loading from file system: jar:file:/C:/Users/alprn/Downloads/fxgl-17.3-uber.jar!/fxglassets/ui/fonts/VarelaRound-Regular.ttf
19:04:18.546 [FXGL Background Thread 1 ] WARN  FXGLAssetLoaderServi - Asset "/assets/languages/englısh.lang" was not found!
19:04:18.547 [FXGL Background Thread 1 ] WARN  FXGLAssetLoaderServi - Failed to load PROPERTY_MAP
19:04:18.556 [FXGL Background Thread 1 ] INFO  FXGLApplication      - FXGL initialization took: 0,429 sec
19:04:18.567 [JavaFX Application Thread] DEBUG Input                - Registered new binding: action0 - V
19:04:18.567 [JavaFX Application Thread] DEBUG Input                - Registered new binding: Up - W
19:04:18.568 [JavaFX Application Thread] DEBUG Input                - Registered new binding: Down - S
19:04:18.568 [JavaFX Application Thread] DEBUG Input                - Registered new binding: Left - A
19:04:18.568 [JavaFX Application Thread] DEBUG Input                - Registered new binding: Right - D
19:04:18.569 [JavaFX Application Thread] DEBUG Input                - Registered new binding: Shoot Mouse - LMB
19:04:18.570 [JavaFX Application Thread] DEBUG Input                - Registered new binding: MouseRight - RMB
19:04:18.570 [JavaFX Application Thread] WARN  FXGLAssetLoaderServi - Asset "/assets/music/dans eden sincap ama epilepsi garantili (100).mp3" was not found!
19:04:18.571 [JavaFX Application Thread] WARN  FXGLAssetLoaderServi - Failed to load MUSIC
19:04:18.572 [JavaFX Application Thread] DEBUG AudioPlayer          - Playing music com.almasb.fxgl.audio.Music@469fa269
19:04:18.573 [JavaFX Application Thread] DEBUG FXGLAssetLoaderServi - Loading from file system: jar:file:/C:/Users/alprn/Downloads/fxgl-17.3-uber.jar!/fxglassets/textures/fxgl_icon.png
19:04:18.594 [JavaFX Application Thread] DEBUG FXGLAssetLoaderServi - Loading from file system: jar:file:/C:/Users/alprn/Downloads/fxgl-17.3-uber.jar!/fxglassets/textures/fxgl_default_cursor.png
19:04:18.596 [JavaFX Application Thread] DEBUG Input                - Registered new binding: Screenshot - CTRL+8
19:04:18.596 [JavaFX Application Thread] DEBUG Input                - Registered new binding: System info dump - CTRL+9
19:04:18.596 [JavaFX Application Thread] DEBUG Input                - Registered new binding: Restart - CTRL+R
19:04:18.598 [JavaFX Application Thread] DEBUG Input                - Registered new binding: Toggle Debug Camera - CTRL+7
19:04:18.600 [JavaFX Application Thread] DEBUG LoopRunner           - Starting loop
19:04:18.601 [JavaFX Application Thread] DEBUG LoopRunner           - Initializing JavaFX AnimationTimerLoop
19:04:18.603 [JavaFX Application Thread] DEBUG Input                - Clearing active input actions
19:04:18.606 [FXGL Background Thread 4 ] DEBUG FXGLAssetLoaderServi - Loading from file system: jar:file:/C:/Users/alprn/Downloads/fxgl-17.3-uber.jar!/fxglassets/ui/fonts/Abel-Regular.ttf
19:04:18.609 [FXGL Background Thread 4 ] DEBUG FXGLAssetLoaderServi - Loading from file system: jar:file:/C:/Users/alprn/Downloads/fxgl-17.3-uber.jar!/fxglassets/ui/fonts/TerminalLandMono-Regular.otf
19:04:18.612 [JavaFX Application Thread] DEBUG GameApplicationServi - Removing overlay from FXGLStartupScene and adding to FXGLMainMenuDummyScene
19:04:18.615 [JavaFX Application Thread] DEBUG PrimaryStageWindow   - FXGLStartupScene -> FXGLMainMenuDummyScene
19:04:18.615 [JavaFX Application Thread] DEBUG PrimaryStageWindow   - Push state: SpaceGameMainMenu
19:04:18.615 [FXGL Background Thread 4 ] DEBUG FXGLAssetLoaderServi - Loading from file system: jar:file:/C:/Users/alprn/Downloads/fxgl-17.3-uber.jar!/fxglassets/ui/fonts/Courier-Prime.ttf
19:04:18.615 [JavaFX Application Thread] DEBUG Input                - Clearing active input actions
19:04:18.621 [JavaFX Application Thread] DEBUG GameApplicationServi - Removing overlay from FXGLMainMenuDummyScene and adding to SpaceGameMainMenu
19:04:18.626 [JavaFX Application Thread] DEBUG PrimaryStageWindow   - FXGLMainMenuDummyScene -> SpaceGameMainMenu
19:04:18.675 [JavaFX Application Thread] DEBUG FXGLApplication      - Registering font factories with UI factory
19:04:19.934 [JavaFX Application Thread] DEBUG Menu                 - fireNewGame()
19:04:19.934 [JavaFX Application Thread] DEBUG GameApplicationServi - Starting new game
19:04:19.934 [JavaFX Application Thread] DEBUG PrimaryStageWindow   - Pop state: SpaceGameMainMenu
19:04:19.934 [JavaFX Application Thread] DEBUG Input                - Clearing active input actions
19:04:19.935 [JavaFX Application Thread] DEBUG GameApplicationServi - Removing overlay from SpaceGameMainMenu and adding to FXGLMainMenuDummyScene
19:04:19.936 [JavaFX Application Thread] DEBUG PrimaryStageWindow   - FXGLMainMenuDummyScene <- SpaceGameMainMenu
19:04:19.936 [JavaFX Application Thread] DEBUG Input                - Clearing active input actions
19:04:19.944 [JavaFX Application Thread] DEBUG GameApplicationServi - Removing overlay from FXGLMainMenuDummyScene and adding to FXGLLoadingScene
19:04:19.945 [JavaFX Application Thread] DEBUG PrimaryStageWindow   - FXGLMainMenuDummyScene -> FXGLLoadingScene
19:04:19.945 [JavaFX Application Thread] DEBUG GameApplicationServi - Clearing previous game
19:04:19.945 [JavaFX Application Thread] DEBUG GameScene            - Clearing game scene
19:04:19.945 [JavaFX Application Thread] DEBUG GameWorld            - Clearing game world
19:04:19.945 [JavaFX Application Thread] DEBUG PhysicsWorld         - Clearing physics world
19:04:19.947 [FXGL Background Thread 2 ] DEBUG FXGLApplication      - Initializing game
19:04:19.956 [FXGL Background Thread 2 ] DEBUG FXGLAssetLoaderServi - Loading from file system: file:/C:/Users/alprn/AppData/Roaming/Code/User/workspaceStorage/78d877b89292864788bc45c330f464d6/redhat.java/jdt_ws/CS102PROJECT_F-NAL-1_21edc4da/bin/assets/textures/Bomb.png
19:04:19.957 [FXGL Background Thread 2 ] DEBUG FXGLAssetLoaderServi - Loading from file system: file:/C:/Users/alprn/AppData/Roaming/Code/User/workspaceStorage/78d877b89292864788bc45c330f464d6/redhat.java/jdt_ws/CS102PROJECT_F-NAL-1_21edc4da/bin/assets/textures/Bullet.png
19:04:19.965 [FXGL Background Thread 2 ] DEBUG FXGLAssetLoaderServi - Loading from file system: file:/C:/Users/alprn/AppData/Roaming/Code/User/workspaceStorage/78d877b89292864788bc45c330f464d6/redhat.java/jdt_ws/CS102PROJECT_F-NAL-1_21edc4da/bin/assets/textures/WingedAlien.png
19:04:19.971 [FXGL Background Thread 2 ] DEBUG FXGLAssetLoaderServi - Loading from file system: file:/C:/Users/alprn/AppData/Roaming/Code/User/workspaceStorage/78d877b89292864788bc45c330f464d6/redhat.java/jdt_ws/CS102PROJECT_F-NAL-1_21edc4da/bin/assets/textures/Bomber.png
19:04:19.976 [FXGL Background Thread 2 ] DEBUG FXGLAssetLoaderServi - Loading from file system: file:/C:/Users/alprn/AppData/Roaming/Code/User/workspaceStorage/78d877b89292864788bc45c330f464d6/redhat.java/jdt_ws/CS102PROJECT_F-NAL-1_21edc4da/bin/assets/textures/Boss.png
19:04:19.989 [FXGL Background Thread 2 ] DEBUG FXGLAssetLoaderServi - Loading from file system: file:/C:/Users/alprn/AppData/Roaming/Code/User/workspaceStorage/78d877b89292864788bc45c330f464d6/redhat.java/jdt_ws/CS102PROJECT_F-NAL-1_21edc4da/bin/assets/textures/AmongUs.png
19:04:20.006 [FXGL Background Thread 2 ] DEBUG FXGLAssetLoaderServi - Loading from file system: file:/C:/Users/alprn/AppData/Roaming/Code/User/workspaceStorage/78d877b89292864788bc45c330f464d6/redhat.java/jdt_ws/CS102PROJECT_F-NAL-1_21edc4da/bin/assets/textures/background/bg_0.png
19:04:20.143 [FXGL Background Thread 2 ] WARN  FXGLAssetLoaderServi - Asset "/assets/textures/PlayerNew.png" was not found!
19:04:20.145 [FXGL Background Thread 2 ] WARN  FXGLAssetLoaderServi - Failed to load RESIZABLE_IMAGE
19:04:20.220 [FXGL Background Thread 2 ] WARN  FXGLAssetLoaderServi - Asset "/assets/textures/PlayerNew.png" was not found!
19:04:20.221 [FXGL Background Thread 2 ] WARN  FXGLAssetLoaderServi - Failed to load RESIZABLE_IMAGE
19:04:20.222 [FXGL Background Thread 2 ] WARN  FXGLAssetLoaderServi - Asset "/assets/textures/PlayerNew.png" was not found!
19:04:20.222 [FXGL Background Thread 2 ] WARN  FXGLAssetLoaderServi - Failed to load RESIZABLE_IMAGE
19:04:20.223 [FXGL Background Thread 2 ] WARN  FXGLAssetLoaderServi - Asset "/assets/textures/PlayerNew.png" was not found!
19:04:20.224 [FXGL Background Thread 2 ] WARN  FXGLAssetLoaderServi - Failed to load RESIZABLE_IMAGE
19:04:20.227 [FXGL Background Thread 2 ] INFO  FXGLApplication      - Game initialization took: 0,280 sec
19:04:20.228 [JavaFX Application Thread] DEBUG Input                - Clearing active input actions
19:04:20.235 [JavaFX Application Thread] DEBUG GameApplicationServi - Removing overlay from FXGLLoadingScene and adding to GameScene
19:04:20.235 [JavaFX Application Thread] DEBUG PrimaryStageWindow   - FXGLLoadingScene -> GameScene
19:04:21.204 [JavaFX Application Thread] DEBUG FXGLAssetLoaderServi - Loading from file system: file:/C:/Users/alprn/AppData/Roaming/Code/User/workspaceStorage/78d877b89292864788bc45c330f464d6/redhat.java/jdt_ws/CS102PROJECT_F-NAL-1_21edc4da/bin/assets/sounds/shoot4.wav
19:04:21.362 [JavaFX Application Thread] DEBUG FXGLAssetLoaderServi - Loading from file system: file:/C:/Users/alprn/AppData/Roaming/Code/User/workspaceStorage/78d877b89292864788bc45c330f464d6/redhat.java/jdt_ws/CS102PROJECT_F-NAL-1_21edc4da/bin/assets/sounds/shoot2.wav
19:04:21.545 [FXGL Background Thread 3 ] DEBUG Engine               - Logging environment variables
19:04:21.547 [FXGL Background Thread 3 ] DEBUG Engine               - achievements: []
19:04:21.547 [FXGL Background Thread 3 ] DEBUG Engine               - actualHeight: 864.0
19:04:21.547 [FXGL Background Thread 3 ] DEBUG Engine               - actualHeightProperty: ReadOnlyDoubleProperty [value: 864.0]
19:04:21.547 [FXGL Background Thread 3 ] DEBUG Engine               - actualWidth: 1536.0
19:04:21.547 [FXGL Background Thread 3 ] DEBUG Engine               - actualWidthProperty: ReadOnlyDoubleProperty [value: 1536.0]
19:04:21.547 [FXGL Background Thread 3 ] DEBUG Engine               - appIcon: fxgl_icon.png
19:04:21.547 [FXGL Background Thread 3 ] DEBUG Engine               - applicationMode: DEVELOPER
19:04:21.547 [FXGL Background Thread 3 ] DEBUG Engine               - cSSList: [fxgl_dark.css]
19:04:21.547 [FXGL Background Thread 3 ] DEBUG Engine               - collisionDetectionStrategy: GRID_INDEXING
19:04:21.547 [FXGL Background Thread 3 ] DEBUG Engine               - configClass: Optional.empty
19:04:21.547 [FXGL Background Thread 3 ] DEBUG Engine               - credits: []
19:04:21.548 [FXGL Background Thread 3 ] DEBUG Engine               - defaultCursor: CursorInfo(imageName=fxgl_default_cursor.png, hotspotX=7.0, hotspotY=6.0)
19:04:21.548 [FXGL Background Thread 3 ] DEBUG Engine               - devBBoxColorProperty: ObjectProperty [value: 0xff0000ff]
19:04:21.549 [FXGL Background Thread 3 ] DEBUG Engine               - devEnableDebugCameraProperty: BooleanProperty [value: false]
19:04:21.549 [FXGL Background Thread 3 ] DEBUG Engine               - devSensorColorProperty: ObjectProperty [value: 0xffff00ff]
19:04:21.549 [FXGL Background Thread 3 ] DEBUG Engine               - devShowBBoxProperty: BooleanProperty [value: false]
19:04:21.549 [FXGL Background Thread 3 ] DEBUG Engine               - devShowPositionProperty: BooleanProperty [value: false]
19:04:21.549 [FXGL Background Thread 3 ] DEBUG Engine               - enabledMenuItems: []
19:04:21.549 [FXGL Background Thread 3 ] DEBUG Engine               - engineServices: [class com.almasb.fxgl.app.services.FXGLAssetLoaderService, class com.almasb.fxgl.app.FXGLApplication$GameApplicationService, class com.almasb.fxgl.app.services.FXGLDialogService, class com.almasb.fxgl.app.services.IOTaskExecutorService, class com.almasb.fxgl.io.FileSystemService, class com.almasb.fxgl.localization.LocalizationService, class com.almasb.fxgl.app.services.SystemBundleService, class com.almasb.fxgl.profile.SaveLoadService, class com.almasb.fxgl.ui.FXGLUIFactoryServiceProvider, class com.almasb.fxgl.ui.FXGLDialogFactoryServiceProvider, class com.almasb.fxgl.audio.AudioPlayer, class com.almasb.fxgl.notification.impl.NotificationServiceProvider, class com.almasb.fxgl.achievement.AchievementService, class com.almasb.fxgl.cutscene.CutsceneService, class com.almasb.fxgl.minigames.MiniGameService, class com.almasb.fxgl.net.NetService, class com.almasb.fxgl.app.services.UpdaterService, class com.almasb.fxgl.dev.DevService, class main.spacegame.service.HighScoreService, class main.spacegame.level.LevelService, class com.almasb.fxgl.dev.profiling.ProfilerService]
19:04:21.549 [FXGL Background Thread 3 ] DEBUG Engine               - fontGame: Abel-Regular.ttf
19:04:21.549 [FXGL Background Thread 3 ] DEBUG Engine               - fontMono: TerminalLandMono-Regular.otf
19:04:21.549 [FXGL Background Thread 3 ] DEBUG Engine               - fontSizeScaleUI: 1.0
19:04:21.549 [FXGL Background Thread 3 ] DEBUG Engine               - fontText: Courier-Prime.ttf
19:04:21.549 [FXGL Background Thread 3 ] DEBUG Engine               - fontUI: VarelaRound-Regular.ttf
19:04:21.549 [FXGL Background Thread 3 ] DEBUG Engine               - fullScreen: BooleanProperty [value: true]
19:04:21.549 [FXGL Background Thread 3 ] DEBUG Engine               - gameDifficulty: MEDIUM
19:04:21.549 [FXGL Background Thread 3 ] DEBUG Engine               - gameDifficultyProperty: ObjectProperty [value: MEDIUM]
19:04:21.549 [FXGL Background Thread 3 ] DEBUG Engine               - globalMusicVolume: 0.5
19:04:21.549 [FXGL Background Thread 3 ] DEBUG Engine               - globalMusicVolumeProperty: DoubleProperty [value: 0.7]
19:04:21.549 [FXGL Background Thread 3 ] DEBUG Engine               - globalSoundVolume: 0.5
19:04:21.549 [FXGL Background Thread 3 ] DEBUG Engine               - globalSoundVolumeProperty: DoubleProperty [value: 0.7]
19:04:21.549 [FXGL Background Thread 3 ] DEBUG Engine               - height: 1080
19:04:21.549 [FXGL Background Thread 3 ] DEBUG Engine               - is3D: false
19:04:21.549 [FXGL Background Thread 3 ] DEBUG Engine               - isAndroid: false
19:04:21.549 [FXGL Background Thread 3 ] DEBUG Engine               - isBrowser: false
19:04:21.549 [FXGL Background Thread 3 ] DEBUG Engine               - isClickFeedbackEnabled: false
19:04:21.549 [FXGL Background Thread 3 ] DEBUG Engine               - isCloseConfirmation: false
19:04:21.550 [FXGL Background Thread 3 ] DEBUG Engine               - isDesktop: true
19:04:21.550 [FXGL Background Thread 3 ] DEBUG Engine               - isDeveloperMenuEnabled: false
19:04:21.550 [FXGL Background Thread 3 ] DEBUG Engine               - isEmbedded: false
19:04:21.550 [FXGL Background Thread 3 ] DEBUG Engine               - isEntityPreloadEnabled: true
19:04:21.550 [FXGL Background Thread 3 ] DEBUG Engine               - isExperimentalTiledLargeMap: false
19:04:21.550 [FXGL Background Thread 3 ] DEBUG Engine               - isFileSystemWriteAllowed: true
19:04:21.550 [FXGL Background Thread 3 ] DEBUG Engine               - isFullScreenAllowed: true
19:04:21.550 [FXGL Background Thread 3 ] DEBUG Engine               - isFullScreenFromStart: true
19:04:21.550 [FXGL Background Thread 3 ] DEBUG Engine               - isGameMenuEnabled: true
19:04:21.550 [FXGL Background Thread 3 ] DEBUG Engine               - isIOS: false
19:04:21.550 [FXGL Background Thread 3 ] DEBUG Engine               - isIntroEnabled: false
19:04:21.550 [FXGL Background Thread 3 ] DEBUG Engine               - isLinux: false
19:04:21.550 [FXGL Background Thread 3 ] DEBUG Engine               - isMac: false
19:04:21.550 [FXGL Background Thread 3 ] DEBUG Engine               - isMainMenuEnabled: true
19:04:21.550 [FXGL Background Thread 3 ] DEBUG Engine               - isManualResizeEnabled: false
19:04:21.550 [FXGL Background Thread 3 ] DEBUG Engine               - isMobile: false
19:04:21.550 [FXGL Background Thread 3 ] DEBUG Engine               - isNative: false
19:04:21.550 [FXGL Background Thread 3 ] DEBUG Engine               - isPauseMusicWhenMinimized: true
19:04:21.550 [FXGL Background Thread 3 ] DEBUG Engine               - isPreserveResizeRatio: false
19:04:21.550 [FXGL Background Thread 3 ] DEBUG Engine               - isProfilingEnabled: true
19:04:21.550 [FXGL Background Thread 3 ] DEBUG Engine               - isScaleAffectedOnResize: true
19:04:21.550 [FXGL Background Thread 3 ] DEBUG Engine               - isSingleStep: false
19:04:21.550 [FXGL Background Thread 3 ] DEBUG Engine               - isUserProfileEnabled: false
19:04:21.551 [FXGL Background Thread 3 ] DEBUG Engine               - isWindows: true
19:04:21.551 [FXGL Background Thread 3 ] DEBUG Engine               - language: ObjectProperty [value: ENGLISH]
19:04:21.551 [FXGL Background Thread 3 ] DEBUG Engine               - menuKey: ESCAPE
19:04:21.551 [FXGL Background Thread 3 ] DEBUG Engine               - mouseSensitivity: 0.2
19:04:21.551 [FXGL Background Thread 3 ] DEBUG Engine               - notificationViewClass: class com.almasb.fxgl.notification.view.XboxNotificationView
19:04:21.551 [FXGL Background Thread 3 ] DEBUG Engine               - pixelsPerMeter: 50.0
19:04:21.551 [FXGL Background Thread 3 ] DEBUG Engine               - platform: WINDOWS
19:04:21.551 [FXGL Background Thread 3 ] DEBUG Engine               - prefHeightProperty: ReadOnlyDoubleProperty [value: 1080.0]
19:04:21.551 [FXGL Background Thread 3 ] DEBUG Engine               - prefWidthProperty: ReadOnlyDoubleProperty [value: 1920.0]
19:04:21.551 [FXGL Background Thread 3 ] DEBUG Engine               - profileDir: profiles/
19:04:21.551 [FXGL Background Thread 3 ] DEBUG Engine               - profileName: StringProperty [value: DEFAULT]
19:04:21.552 [FXGL Background Thread 3 ] DEBUG Engine               - randomSeed: -1
19:04:21.552 [FXGL Background Thread 3 ] DEBUG Engine               - runtimeInfo: RuntimeInfo(platform=WINDOWS, version=17.3, build=30.03.2023 11.54)
19:04:21.552 [FXGL Background Thread 3 ] DEBUG Engine               - saveFileExt: sav
19:04:21.552 [FXGL Background Thread 3 ] DEBUG Engine               - scaledHeightProp$fxgl: DoubleProperty [bound, value: 864.0]
19:04:21.552 [FXGL Background Thread 3 ] DEBUG Engine               - scaledWidthProp$fxgl: DoubleProperty [bound, value: 1536.0]
19:04:21.552 [FXGL Background Thread 3 ] DEBUG Engine               - sceneFactory: main.spacegame.SpaceGameApp$1@4750037c
19:04:21.552 [FXGL Background Thread 3 ] DEBUG Engine               - secondsIn24h: 60
19:04:21.552 [FXGL Background Thread 3 ] DEBUG Engine               - soundMenuBack: menu/back.wav
19:04:21.552 [FXGL Background Thread 3 ] DEBUG Engine               - soundMenuPress: menu/press.wav
19:04:21.552 [FXGL Background Thread 3 ] DEBUG Engine               - soundMenuSelect: menu/select.wav
19:04:21.552 [FXGL Background Thread 3 ] DEBUG Engine               - soundNotification: core/notification.wav
19:04:21.552 [FXGL Background Thread 3 ] DEBUG Engine               - stageStyle: DECORATED
19:04:21.552 [FXGL Background Thread 3 ] DEBUG Engine               - supportedLanguages: [ENGLISH, FRENCH, GERMAN, HUNGARIAN, RUSSIAN]
19:04:21.552 [FXGL Background Thread 3 ] DEBUG Engine               - ticksPerSecond: -1
19:04:21.552 [FXGL Background Thread 3 ] DEBUG Engine               - title: Space_Game
19:04:21.552 [FXGL Background Thread 3 ] DEBUG Engine               - urlGithub: https://github.com/AlmasB/FXGL
19:04:21.552 [FXGL Background Thread 3 ] DEBUG Engine               - urlLeaderboard: http://fxgl-top.herokuapp.com/
19:04:21.552 [FXGL Background Thread 3 ] DEBUG Engine               - urlPOM: https://raw.githubusercontent.com/AlmasB/FXGL/release/README.md
19:04:21.552 [FXGL Background Thread 3 ] DEBUG Engine               - userAppClass: class main.spacegame.SpaceGameApp
19:04:21.552 [FXGL Background Thread 3 ] DEBUG Engine               - version: 1.0
19:04:21.552 [FXGL Background Thread 3 ] DEBUG Engine               - versionCheckDays: 7
19:04:21.552 [FXGL Background Thread 3 ] DEBUG Engine               - width: 1920
19:04:21.553 [FXGL Background Thread 3 ] DEBUG Engine               - Logging services
19:04:21.553 [FXGL Background Thread 3 ] DEBUG Engine               - class com.almasb.fxgl.app.services.FXGLAssetLoaderService
19:04:21.553 [FXGL Background Thread 3 ] DEBUG Engine               - class com.almasb.fxgl.app.FXGLApplication$GameApplicationService
19:04:21.553 [FXGL Background Thread 3 ] DEBUG Engine               - class com.almasb.fxgl.app.services.FXGLDialogService
19:04:21.553 [FXGL Background Thread 3 ] DEBUG Engine               - class com.almasb.fxgl.app.services.IOTaskExecutorService
19:04:21.553 [FXGL Background Thread 3 ] DEBUG Engine               - class com.almasb.fxgl.io.FileSystemService
19:04:21.553 [FXGL Background Thread 3 ] DEBUG Engine               - class com.almasb.fxgl.localization.LocalizationService
19:04:21.553 [FXGL Background Thread 3 ] DEBUG Engine               - class com.almasb.fxgl.app.services.SystemBundleService
19:04:21.553 [FXGL Background Thread 3 ] DEBUG Engine               - class com.almasb.fxgl.profile.SaveLoadService
19:04:21.553 [FXGL Background Thread 3 ] DEBUG Engine               - class com.almasb.fxgl.ui.FXGLUIFactoryServiceProvider
19:04:21.553 [FXGL Background Thread 3 ] DEBUG Engine               - class com.almasb.fxgl.ui.FXGLDialogFactoryServiceProvider
19:04:21.553 [FXGL Background Thread 3 ] DEBUG Engine               - class com.almasb.fxgl.audio.AudioPlayer
19:04:21.553 [FXGL Background Thread 3 ] DEBUG Engine               - class com.almasb.fxgl.notification.impl.NotificationServiceProvider
19:04:21.553 [FXGL Background Thread 3 ] DEBUG Engine               - class com.almasb.fxgl.achievement.AchievementService
19:04:21.553 [FXGL Background Thread 3 ] DEBUG Engine               - class com.almasb.fxgl.cutscene.CutsceneService
19:04:21.553 [FXGL Background Thread 3 ] DEBUG Engine               - class com.almasb.fxgl.minigames.MiniGameService
19:04:21.553 [FXGL Background Thread 3 ] DEBUG Engine               - class com.almasb.fxgl.net.NetService
19:04:21.553 [FXGL Background Thread 3 ] DEBUG Engine               - class com.almasb.fxgl.app.services.UpdaterService
19:04:21.553 [FXGL Background Thread 3 ] DEBUG Engine               - class com.almasb.fxgl.dev.DevService
19:04:21.553 [FXGL Background Thread 3 ] DEBUG Engine               - class main.spacegame.service.HighScoreService
19:04:21.553 [FXGL Background Thread 3 ] DEBUG Engine               - class main.spacegame.level.LevelService
19:04:21.553 [FXGL Background Thread 3 ] DEBUG Engine               - class com.almasb.fxgl.dev.profiling.ProfilerService
19:04:21.696 [JavaFX Application Thread] DEBUG FXGLAssetLoaderServi - Loading from file system: file:/C:/Users/alprn/AppData/Roaming/Code/User/workspaceStorage/78d877b89292864788bc45c330f464d6/redhat.java/jdt_ws/CS102PROJECT_F-NAL-1_21edc4da/bin/assets/sounds/shoot3.wav
19:04:21.965 [JavaFX Application Thread] DEBUG FXGLAssetLoaderServi - Loading from file system: file:/C:/Users/alprn/AppData/Roaming/Code/User/workspaceStorage/78d877b89292864788bc45c330f464d6/redhat.java/jdt_ws/CS102PROJECT_F-NAL-1_21edc4da/bin/assets/sounds/shoot1.wav
19:04:37.703 [JavaFX Application Thread] WARN  FXGLAssetLoaderServi - Asset "/assets/sounds/dash.wav" was not found!
19:04:37.704 [JavaFX Application Thread] WARN  FXGLAssetLoaderServi - Failed to load SOUND
19:04:38.479 [JavaFX Application Thread] WARN  FXGLAssetLoaderServi - Asset "/assets/sounds/dash.wav" was not found!
19:04:38.480 [JavaFX Application Thread] WARN  FXGLAssetLoaderServi - Failed to load SOUND
19:04:39.369 [JavaFX Application Thread] WARN  FXGLAssetLoaderServi - Asset "/assets/sounds/dash.wav" was not found!
19:04:39.370 [JavaFX Application Thread] WARN  FXGLAssetLoaderServi - Failed to load SOUND
19:04:53.776 [JavaFX Application Thread] DEBUG FXGLApplication      - Exiting FXGL
19:04:53.776 [JavaFX Application Thread] DEBUG LoopRunner           - Stopping loop
19:04:53.776 [JavaFX Application Thread] DEBUG SystemBundleService  - Saving FXGL system data
19:04:53.778 [JavaFX Application Thread] DEBUG FileSystemAccess     - Writing to: C:\Users\alprn\CS102PROJECT_F-NAL-1\system\fxgl.bundle
19:04:53.781 [JavaFX Application Thread] INFO  ProfilerWindow       - Profiler (FPS) - 4044 frames
19:04:53.781 [JavaFX Application Thread] INFO  ProfilerWindow       - Average: 117.59174085064292
19:04:53.782 [JavaFX Application Thread] INFO  ProfilerWindow       - Minimum: 57.0
19:04:53.783 [JavaFX Application Thread] INFO  ProfilerWindow       - Maximum: 141.0
19:04:53.784 [JavaFX Application Thread] INFO  ProfilerWindow       - Profiler (CPU (ms)) - 4044 frames
19:04:53.784 [JavaFX Application Thread] INFO  ProfilerWindow       - Average: 2.161792655786339
19:04:53.785 [JavaFX Application Thread] INFO  ProfilerWindow       - Minimum: 0.0
19:04:53.786 [JavaFX Application Thread] INFO  ProfilerWindow       - Maximum: 67.9699
19:04:53.786 [JavaFX Application Thread] INFO  ProfilerWindow       - Profiler (RAM (MB)) - 4044 frames
19:04:53.786 [JavaFX Application Thread] INFO  ProfilerWindow       - Average: 214.79927367673548
19:04:53.787 [JavaFX Application Thread] INFO  ProfilerWindow       - Minimum: 40.347496032714844
19:04:53.787 [JavaFX Application Thread] INFO  ProfilerWindow       - Maximum: 341.0543441772461
19:04:53.787 [JavaFX Application Thread] INFO  ProfilerService      - Estimated GC runs: 68
19:04:53.788 [JavaFX Application Thread] DEBUG Async                - Shutting down background threads
19:04:53.788 [JavaFX Application Thread] DEBUG PrimaryStageWindow   - Closing main window
19:04:53.799 [JavaFX Application Thread] DEBUG Logger               - Closing Logger
