19:02:07.242 [main                     ] DEBUG Logger               - Configured Logger
19:02:07.258 [main                     ] DEBUG GameApplication      - Logging settings
Title: Space_Game
Version: 1.0
Width: 1920
Height: 1080
Fullscreen: true
Intro: false
Profiling: true
Single step:false
App Mode: DEVELOPER
Menu Key: ESCAPE
Stage Style: DECORATED
Scene Factory: class main.spacegame.SpaceGameApp$1

19:02:07.509 [JavaFX Application Thread] DEBUG FXGLApplication      - Initializing FXGL
19:02:07.513 [JavaFX Application Thread] INFO  Engine               - FXGL-17.3 (30.03.2023 11.54) on WINDOWS (J:19 FX:20)
19:02:07.514 [JavaFX Application Thread] DEBUG Engine               - JRE Vendor Name: Oracle Corporation
19:02:07.514 [JavaFX Application Thread] DEBUG Engine               - Running on OS: Windows 11 version 10.0
19:02:07.514 [JavaFX Application Thread] DEBUG Engine               - Architecture: amd64
19:02:07.514 [JavaFX Application Thread] INFO  Engine               - Source code and latest versions at: https://github.com/AlmasB/FXGL
19:02:07.515 [JavaFX Application Thread] INFO  Engine               -       Ask questions and discuss at: https://github.com/AlmasB/FXGL/discussions
19:02:07.516 [JavaFX Application Thread] INFO  Engine               -              Join the FXGL chat at: https://gitter.im/AlmasB/FXGL
19:02:07.610 [JavaFX Application Thread] DEBUG PrimaryStageWindow   - Creating a JavaFX scene
19:02:07.610 [JavaFX Application Thread] DEBUG PrimaryStageWindow   - Target size > screen size
19:02:07.657 [JavaFX Application Thread] DEBUG PrimaryStageWindow   - Target settings size: 1920.0 x 1080.0
19:02:07.658 [JavaFX Application Thread] DEBUG PrimaryStageWindow   - Scaled scene size:    1511.0 x 864.0
19:02:07.658 [JavaFX Application Thread] DEBUG PrimaryStageWindow   - Scaled ratio: (0.7869791666666667, 0.8)
19:02:07.659 [JavaFX Application Thread] DEBUG PrimaryStageWindow   - Set initial scene to FXGLStartupScene
19:02:07.663 [JavaFX Application Thread] DEBUG PrimaryStageWindow   - Opening main window
19:02:07.748 [JavaFX Application Thread] DEBUG PrimaryStageWindow   - Window border size: (14.5999755859375, 37.5999755859375)
19:02:07.748 [JavaFX Application Thread] DEBUG PrimaryStageWindow   - Scaled size: 1511.0 x 864.0
19:02:07.749 [JavaFX Application Thread] DEBUG PrimaryStageWindow   - Scaled ratio: (0.7869791666666667, 0.8)
19:02:07.749 [JavaFX Application Thread] DEBUG PrimaryStageWindow   - Scene size: 1511.0 x 864.0
19:02:07.749 [JavaFX Application Thread] DEBUG PrimaryStageWindow   - Stage size: 1525.5999755859375 x 901.5999755859375
19:02:07.815 [JavaFX Application Thread] DEBUG PrimaryStageWindow   - Going fullscreen
19:02:07.825 [FXGL Background Thread 1 ] DEBUG Engine               - Initializing environment variables
19:02:07.871 [FXGL Background Thread 1 ] DEBUG FXGLAssetLoaderServi - User app class for loading assets: class main.spacegame.SpaceGameApp
19:02:07.871 [FXGL Background Thread 1 ] DEBUG GameApplicationServi - Applying CSS: fxgl_dark.css
19:02:07.872 [FXGL Background Thread 1 ] DEBUG FXGLAssetLoaderServi - Loading from file system: jar:file:/C:/Users/alprn/Downloads/fxgl-17.3-uber.jar!/fxglassets/ui/css/fxgl_dark.css
19:02:07.899 [FXGL Background Thread 1 ] DEBUG GameApplicationServi - Initializing application scenes
19:02:07.934 [FXGL Background Thread 1 ] DEBUG GameWorld            - Game world initialized
19:02:07.979 [FXGL Background Thread 1 ] DEBUG PhysicsWorld         - Physics world initialized: appHeight=1080, physics.ppm=50,0
19:02:07.979 [FXGL Background Thread 1 ] DEBUG PhysicsWorld         - Using strategy: GRID_INDEXING
19:02:07.983 [FXGL Background Thread 1 ] DEBUG GameScene            - Game scene initialized: 1920x1080
19:02:07.986 [FXGL Background Thread 1 ] DEBUG FXGLAssetLoaderServi - Loading from file system: file:/C:/Users/alprn/AppData/Roaming/Code/User/workspaceStorage/78d877b89292864788bc45c330f464d6/redhat.java/jdt_ws/CS102PROJECT_F-NAL-1_21edc4da/bin/assets/textures/mainmenu.png
19:02:08.104 [FXGL Background Thread 1 ] DEBUG FXGLAssetLoaderServi - Loading from file system: file:/C:/Users/alprn/AppData/Roaming/Code/User/workspaceStorage/78d877b89292864788bc45c330f464d6/redhat.java/jdt_ws/CS102PROJECT_F-NAL-1_21edc4da/bin/assets/textures/credits.png
19:02:08.135 [FXGL Background Thread 1 ] DEBUG FXGLAssetLoaderServi - Loading from file system: file:/C:/Users/alprn/AppData/Roaming/Code/User/workspaceStorage/78d877b89292864788bc45c330f464d6/redhat.java/jdt_ws/CS102PROJECT_F-NAL-1_21edc4da/bin/assets/textures/gameMenu.png
19:02:08.177 [FXGL Background Thread 1 ] DEBUG GameApplicationServi - Application scenes initialized
19:02:08.188 [FXGL Background Thread 1 ] DEBUG SystemBundleService  - Loading FXGL system data
19:02:08.191 [FXGL Background Thread 1 ] DEBUG FileSystemAccess     - Reading from: C:\Users\alprn\CS102PROJECT_F-NAL-1\system\fxgl.bundle
19:02:08.198 [FXGL Background Thread 1 ] DEBUG SystemBundleService  - Bundle FXGL: {}
19:02:08.198 [FXGL Background Thread 1 ] DEBUG UpdaterService       - Checking for updates
19:02:08.212 [FXGL Background Thread 4 ] DEBUG FXGLApplication      - Loading fonts
19:02:08.212 [FXGL Background Thread 4 ] DEBUG FXGLAssetLoaderServi - Loading from file system: jar:file:/C:/Users/alprn/Downloads/fxgl-17.3-uber.jar!/fxglassets/ui/fonts/VarelaRound-Regular.ttf
19:02:08.212 [FXGL Background Thread 1 ] DEBUG FXGLApplication      - Loading default localization
19:02:08.216 [FXGL Background Thread 1 ] WARN  FXGLAssetLoaderServi - Asset "/assets/languages/englısh.lang" was not found!
19:02:08.217 [FXGL Background Thread 1 ] WARN  FXGLAssetLoaderServi - Failed to load PROPERTY_MAP
19:02:08.224 [FXGL Background Thread 1 ] INFO  FXGLApplication      - FXGL initialization took: 0,399 sec
19:02:08.234 [JavaFX Application Thread] DEBUG Input                - Registered new binding: action0 - V
19:02:08.235 [JavaFX Application Thread] DEBUG Input                - Registered new binding: Up - W
19:02:08.235 [JavaFX Application Thread] DEBUG Input                - Registered new binding: Down - S
19:02:08.235 [JavaFX Application Thread] DEBUG Input                - Registered new binding: Left - A
19:02:08.235 [JavaFX Application Thread] DEBUG Input                - Registered new binding: Right - D
19:02:08.237 [JavaFX Application Thread] DEBUG Input                - Registered new binding: Shoot Mouse - LMB
19:02:08.237 [JavaFX Application Thread] DEBUG Input                - Registered new binding: MouseRight - RMB
19:02:08.238 [JavaFX Application Thread] WARN  FXGLAssetLoaderServi - Asset "/assets/music/dans eden sincap ama epilepsi garantili (100).mp3" was not found!
19:02:08.239 [JavaFX Application Thread] WARN  FXGLAssetLoaderServi - Failed to load MUSIC
19:02:08.240 [JavaFX Application Thread] DEBUG AudioPlayer          - Playing music com.almasb.fxgl.audio.Music@469fa269
19:02:08.240 [JavaFX Application Thread] DEBUG FXGLAssetLoaderServi - Loading from file system: jar:file:/C:/Users/alprn/Downloads/fxgl-17.3-uber.jar!/fxglassets/textures/fxgl_icon.png
19:02:08.262 [JavaFX Application Thread] DEBUG FXGLAssetLoaderServi - Loading from file system: jar:file:/C:/Users/alprn/Downloads/fxgl-17.3-uber.jar!/fxglassets/textures/fxgl_default_cursor.png
19:02:08.263 [JavaFX Application Thread] DEBUG Input                - Registered new binding: Screenshot - CTRL+8
19:02:08.264 [JavaFX Application Thread] DEBUG Input                - Registered new binding: System info dump - CTRL+9
19:02:08.264 [JavaFX Application Thread] DEBUG Input                - Registered new binding: Restart - CTRL+R
19:02:08.265 [JavaFX Application Thread] DEBUG Input                - Registered new binding: Toggle Debug Camera - CTRL+7
19:02:08.267 [JavaFX Application Thread] DEBUG LoopRunner           - Starting loop
19:02:08.268 [JavaFX Application Thread] DEBUG LoopRunner           - Initializing JavaFX AnimationTimerLoop
19:02:08.270 [JavaFX Application Thread] DEBUG Input                - Clearing active input actions
19:02:08.275 [FXGL Background Thread 4 ] DEBUG FXGLAssetLoaderServi - Loading from file system: jar:file:/C:/Users/alprn/Downloads/fxgl-17.3-uber.jar!/fxglassets/ui/fonts/Abel-Regular.ttf
19:02:08.276 [JavaFX Application Thread] DEBUG GameApplicationServi - Removing overlay from FXGLStartupScene and adding to FXGLMainMenuDummyScene
19:02:08.279 [JavaFX Application Thread] DEBUG PrimaryStageWindow   - FXGLStartupScene -> FXGLMainMenuDummyScene
19:02:08.279 [JavaFX Application Thread] DEBUG PrimaryStageWindow   - Push state: SpaceGameMainMenu
19:02:08.279 [JavaFX Application Thread] DEBUG Input                - Clearing active input actions
19:02:08.281 [FXGL Background Thread 4 ] DEBUG FXGLAssetLoaderServi - Loading from file system: jar:file:/C:/Users/alprn/Downloads/fxgl-17.3-uber.jar!/fxglassets/ui/fonts/TerminalLandMono-Regular.otf
19:02:08.285 [JavaFX Application Thread] DEBUG GameApplicationServi - Removing overlay from FXGLMainMenuDummyScene and adding to SpaceGameMainMenu
19:02:08.289 [FXGL Background Thread 4 ] DEBUG FXGLAssetLoaderServi - Loading from file system: jar:file:/C:/Users/alprn/Downloads/fxgl-17.3-uber.jar!/fxglassets/ui/fonts/Courier-Prime.ttf
19:02:08.290 [JavaFX Application Thread] DEBUG PrimaryStageWindow   - FXGLMainMenuDummyScene -> SpaceGameMainMenu
19:02:08.328 [JavaFX Application Thread] DEBUG FXGLApplication      - Registering font factories with UI factory
19:02:11.211 [FXGL Background Thread 3 ] DEBUG Engine               - Logging environment variables
19:02:11.211 [FXGL Background Thread 3 ] DEBUG Engine               - achievements: []
19:02:11.212 [FXGL Background Thread 3 ] DEBUG Engine               - actualHeight: 864.0
19:02:11.212 [FXGL Background Thread 3 ] DEBUG Engine               - actualHeightProperty: ReadOnlyDoubleProperty [value: 864.0]
19:02:11.212 [FXGL Background Thread 3 ] DEBUG Engine               - actualWidth: 1536.0
19:02:11.212 [FXGL Background Thread 3 ] DEBUG Engine               - actualWidthProperty: ReadOnlyDoubleProperty [value: 1536.0]
19:02:11.212 [FXGL Background Thread 3 ] DEBUG Engine               - appIcon: fxgl_icon.png
19:02:11.212 [FXGL Background Thread 3 ] DEBUG Engine               - applicationMode: DEVELOPER
19:02:11.212 [FXGL Background Thread 3 ] DEBUG Engine               - cSSList: [fxgl_dark.css]
19:02:11.212 [FXGL Background Thread 3 ] DEBUG Engine               - collisionDetectionStrategy: GRID_INDEXING
19:02:11.212 [FXGL Background Thread 3 ] DEBUG Engine               - configClass: Optional.empty
19:02:11.212 [FXGL Background Thread 3 ] DEBUG Engine               - credits: []
19:02:11.213 [FXGL Background Thread 3 ] DEBUG Engine               - defaultCursor: CursorInfo(imageName=fxgl_default_cursor.png, hotspotX=7.0, hotspotY=6.0)
19:02:11.213 [FXGL Background Thread 3 ] DEBUG Engine               - devBBoxColorProperty: ObjectProperty [value: 0xff0000ff]
19:02:11.213 [FXGL Background Thread 3 ] DEBUG Engine               - devEnableDebugCameraProperty: BooleanProperty [value: false]
19:02:11.213 [FXGL Background Thread 3 ] DEBUG Engine               - devSensorColorProperty: ObjectProperty [value: 0xffff00ff]
19:02:11.213 [FXGL Background Thread 3 ] DEBUG Engine               - devShowBBoxProperty: BooleanProperty [value: false]
19:02:11.214 [FXGL Background Thread 3 ] DEBUG Engine               - devShowPositionProperty: BooleanProperty [value: false]
19:02:11.214 [FXGL Background Thread 3 ] DEBUG Engine               - enabledMenuItems: []
19:02:11.214 [FXGL Background Thread 3 ] DEBUG Engine               - engineServices: [class com.almasb.fxgl.app.services.FXGLAssetLoaderService, class com.almasb.fxgl.app.FXGLApplication$GameApplicationService, class com.almasb.fxgl.app.services.FXGLDialogService, class com.almasb.fxgl.app.services.IOTaskExecutorService, class com.almasb.fxgl.io.FileSystemService, class com.almasb.fxgl.localization.LocalizationService, class com.almasb.fxgl.app.services.SystemBundleService, class com.almasb.fxgl.profile.SaveLoadService, class com.almasb.fxgl.ui.FXGLUIFactoryServiceProvider, class com.almasb.fxgl.ui.FXGLDialogFactoryServiceProvider, class com.almasb.fxgl.audio.AudioPlayer, class com.almasb.fxgl.notification.impl.NotificationServiceProvider, class com.almasb.fxgl.achievement.AchievementService, class com.almasb.fxgl.cutscene.CutsceneService, class com.almasb.fxgl.minigames.MiniGameService, class com.almasb.fxgl.net.NetService, class com.almasb.fxgl.app.services.UpdaterService, class com.almasb.fxgl.dev.DevService, class main.spacegame.service.HighScoreService, class main.spacegame.level.LevelService, class com.almasb.fxgl.dev.profiling.ProfilerService]
19:02:11.214 [FXGL Background Thread 3 ] DEBUG Engine               - fontGame: Abel-Regular.ttf
19:02:11.214 [FXGL Background Thread 3 ] DEBUG Engine               - fontMono: TerminalLandMono-Regular.otf
19:02:11.214 [FXGL Background Thread 3 ] DEBUG Engine               - fontSizeScaleUI: 1.0
19:02:11.214 [FXGL Background Thread 3 ] DEBUG Engine               - fontText: Courier-Prime.ttf
19:02:11.214 [FXGL Background Thread 3 ] DEBUG Engine               - fontUI: VarelaRound-Regular.ttf
19:02:11.214 [FXGL Background Thread 3 ] DEBUG Engine               - fullScreen: BooleanProperty [value: true]
19:02:11.214 [FXGL Background Thread 3 ] DEBUG Engine               - gameDifficulty: MEDIUM
19:02:11.214 [FXGL Background Thread 3 ] DEBUG Engine               - gameDifficultyProperty: ObjectProperty [value: MEDIUM]
19:02:11.214 [FXGL Background Thread 3 ] DEBUG Engine               - globalMusicVolume: 0.5
19:02:11.214 [FXGL Background Thread 3 ] DEBUG Engine               - globalMusicVolumeProperty: DoubleProperty [value: 0.7]
19:02:11.214 [FXGL Background Thread 3 ] DEBUG Engine               - globalSoundVolume: 0.5
19:02:11.214 [FXGL Background Thread 3 ] DEBUG Engine               - globalSoundVolumeProperty: DoubleProperty [value: 0.7]
19:02:11.214 [FXGL Background Thread 3 ] DEBUG Engine               - height: 1080
19:02:11.214 [FXGL Background Thread 3 ] DEBUG Engine               - is3D: false
19:02:11.214 [FXGL Background Thread 3 ] DEBUG Engine               - isAndroid: false
19:02:11.214 [FXGL Background Thread 3 ] DEBUG Engine               - isBrowser: false
19:02:11.214 [FXGL Background Thread 3 ] DEBUG Engine               - isClickFeedbackEnabled: false
19:02:11.214 [FXGL Background Thread 3 ] DEBUG Engine               - isCloseConfirmation: false
19:02:11.214 [FXGL Background Thread 3 ] DEBUG Engine               - isDesktop: true
19:02:11.214 [FXGL Background Thread 3 ] DEBUG Engine               - isDeveloperMenuEnabled: false
19:02:11.214 [FXGL Background Thread 3 ] DEBUG Engine               - isEmbedded: false
19:02:11.215 [FXGL Background Thread 3 ] DEBUG Engine               - isEntityPreloadEnabled: true
19:02:11.215 [FXGL Background Thread 3 ] DEBUG Engine               - isExperimentalTiledLargeMap: false
19:02:11.215 [FXGL Background Thread 3 ] DEBUG Engine               - isFileSystemWriteAllowed: true
19:02:11.215 [FXGL Background Thread 3 ] DEBUG Engine               - isFullScreenAllowed: true
19:02:11.215 [FXGL Background Thread 3 ] DEBUG Engine               - isFullScreenFromStart: true
19:02:11.215 [FXGL Background Thread 3 ] DEBUG Engine               - isGameMenuEnabled: true
19:02:11.215 [FXGL Background Thread 3 ] DEBUG Engine               - isIOS: false
19:02:11.215 [FXGL Background Thread 3 ] DEBUG Engine               - isIntroEnabled: false
19:02:11.215 [FXGL Background Thread 3 ] DEBUG Engine               - isLinux: false
19:02:11.215 [FXGL Background Thread 3 ] DEBUG Engine               - isMac: false
19:02:11.215 [FXGL Background Thread 3 ] DEBUG Engine               - isMainMenuEnabled: true
19:02:11.215 [FXGL Background Thread 3 ] DEBUG Engine               - isManualResizeEnabled: false
19:02:11.215 [FXGL Background Thread 3 ] DEBUG Engine               - isMobile: false
19:02:11.215 [FXGL Background Thread 3 ] DEBUG Engine               - isNative: false
19:02:11.215 [FXGL Background Thread 3 ] DEBUG Engine               - isPauseMusicWhenMinimized: true
19:02:11.215 [FXGL Background Thread 3 ] DEBUG Engine               - isPreserveResizeRatio: false
19:02:11.215 [FXGL Background Thread 3 ] DEBUG Engine               - isProfilingEnabled: true
19:02:11.215 [FXGL Background Thread 3 ] DEBUG Engine               - isScaleAffectedOnResize: true
19:02:11.215 [FXGL Background Thread 3 ] DEBUG Engine               - isSingleStep: false
19:02:11.215 [FXGL Background Thread 3 ] DEBUG Engine               - isUserProfileEnabled: false
19:02:11.215 [FXGL Background Thread 3 ] DEBUG Engine               - isWindows: true
19:02:11.215 [FXGL Background Thread 3 ] DEBUG Engine               - language: ObjectProperty [value: ENGLISH]
19:02:11.215 [FXGL Background Thread 3 ] DEBUG Engine               - menuKey: ESCAPE
19:02:11.215 [FXGL Background Thread 3 ] DEBUG Engine               - mouseSensitivity: 0.2
19:02:11.215 [FXGL Background Thread 3 ] DEBUG Engine               - notificationViewClass: class com.almasb.fxgl.notification.view.XboxNotificationView
19:02:11.215 [FXGL Background Thread 3 ] DEBUG Engine               - pixelsPerMeter: 50.0
19:02:11.215 [FXGL Background Thread 3 ] DEBUG Engine               - platform: WINDOWS
19:02:11.215 [FXGL Background Thread 3 ] DEBUG Engine               - prefHeightProperty: ReadOnlyDoubleProperty [value: 1080.0]
19:02:11.215 [FXGL Background Thread 3 ] DEBUG Engine               - prefWidthProperty: ReadOnlyDoubleProperty [value: 1920.0]
19:02:11.215 [FXGL Background Thread 3 ] DEBUG Engine               - profileDir: profiles/
19:02:11.215 [FXGL Background Thread 3 ] DEBUG Engine               - profileName: StringProperty [value: DEFAULT]
19:02:11.215 [FXGL Background Thread 3 ] DEBUG Engine               - randomSeed: -1
19:02:11.216 [FXGL Background Thread 3 ] DEBUG Engine               - runtimeInfo: RuntimeInfo(platform=WINDOWS, version=17.3, build=30.03.2023 11.54)
19:02:11.216 [FXGL Background Thread 3 ] DEBUG Engine               - saveFileExt: sav
19:02:11.216 [FXGL Background Thread 3 ] DEBUG Engine               - scaledHeightProp$fxgl: DoubleProperty [bound, value: 864.0]
19:02:11.216 [FXGL Background Thread 3 ] DEBUG Engine               - scaledWidthProp$fxgl: DoubleProperty [bound, value: 1536.0]
19:02:11.216 [FXGL Background Thread 3 ] DEBUG Engine               - sceneFactory: main.spacegame.SpaceGameApp$1@503d0414
19:02:11.216 [FXGL Background Thread 3 ] DEBUG Engine               - secondsIn24h: 60
19:02:11.216 [FXGL Background Thread 3 ] DEBUG Engine               - soundMenuBack: menu/back.wav
19:02:11.216 [FXGL Background Thread 3 ] DEBUG Engine               - soundMenuPress: menu/press.wav
19:02:11.216 [FXGL Background Thread 3 ] DEBUG Engine               - soundMenuSelect: menu/select.wav
19:02:11.216 [FXGL Background Thread 3 ] DEBUG Engine               - soundNotification: core/notification.wav
19:02:11.216 [FXGL Background Thread 3 ] DEBUG Engine               - stageStyle: DECORATED
19:02:11.216 [FXGL Background Thread 3 ] DEBUG Engine               - supportedLanguages: [ENGLISH, FRENCH, GERMAN, HUNGARIAN, RUSSIAN]
19:02:11.216 [FXGL Background Thread 3 ] DEBUG Engine               - ticksPerSecond: -1
19:02:11.216 [FXGL Background Thread 3 ] DEBUG Engine               - title: Space_Game
19:02:11.216 [FXGL Background Thread 3 ] DEBUG Engine               - urlGithub: https://github.com/AlmasB/FXGL
19:02:11.216 [FXGL Background Thread 3 ] DEBUG Engine               - urlLeaderboard: http://fxgl-top.herokuapp.com/
19:02:11.216 [FXGL Background Thread 3 ] DEBUG Engine               - urlPOM: https://raw.githubusercontent.com/AlmasB/FXGL/release/README.md
19:02:11.216 [FXGL Background Thread 3 ] DEBUG Engine               - userAppClass: class main.spacegame.SpaceGameApp
19:02:11.216 [FXGL Background Thread 3 ] DEBUG Engine               - version: 1.0
19:02:11.216 [FXGL Background Thread 3 ] DEBUG Engine               - versionCheckDays: 7
19:02:11.216 [FXGL Background Thread 3 ] DEBUG Engine               - width: 1920
19:02:11.216 [FXGL Background Thread 3 ] DEBUG Engine               - Logging services
19:02:11.216 [FXGL Background Thread 3 ] DEBUG Engine               - class com.almasb.fxgl.app.services.FXGLAssetLoaderService
19:02:11.216 [FXGL Background Thread 3 ] DEBUG Engine               - class com.almasb.fxgl.app.FXGLApplication$GameApplicationService
19:02:11.216 [FXGL Background Thread 3 ] DEBUG Engine               - class com.almasb.fxgl.app.services.FXGLDialogService
19:02:11.216 [FXGL Background Thread 3 ] DEBUG Engine               - class com.almasb.fxgl.app.services.IOTaskExecutorService
19:02:11.216 [FXGL Background Thread 3 ] DEBUG Engine               - class com.almasb.fxgl.io.FileSystemService
19:02:11.217 [FXGL Background Thread 3 ] DEBUG Engine               - class com.almasb.fxgl.localization.LocalizationService
19:02:11.217 [FXGL Background Thread 3 ] DEBUG Engine               - class com.almasb.fxgl.app.services.SystemBundleService
19:02:11.217 [FXGL Background Thread 3 ] DEBUG Engine               - class com.almasb.fxgl.profile.SaveLoadService
19:02:11.217 [FXGL Background Thread 3 ] DEBUG Engine               - class com.almasb.fxgl.ui.FXGLUIFactoryServiceProvider
19:02:11.217 [FXGL Background Thread 3 ] DEBUG Engine               - class com.almasb.fxgl.ui.FXGLDialogFactoryServiceProvider
19:02:11.217 [FXGL Background Thread 3 ] DEBUG Engine               - class com.almasb.fxgl.audio.AudioPlayer
19:02:11.217 [FXGL Background Thread 3 ] DEBUG Engine               - class com.almasb.fxgl.notification.impl.NotificationServiceProvider
19:02:11.217 [FXGL Background Thread 3 ] DEBUG Engine               - class com.almasb.fxgl.achievement.AchievementService
19:02:11.217 [FXGL Background Thread 3 ] DEBUG Engine               - class com.almasb.fxgl.cutscene.CutsceneService
19:02:11.217 [FXGL Background Thread 3 ] DEBUG Engine               - class com.almasb.fxgl.minigames.MiniGameService
19:02:11.217 [FXGL Background Thread 3 ] DEBUG Engine               - class com.almasb.fxgl.net.NetService
19:02:11.217 [FXGL Background Thread 3 ] DEBUG Engine               - class com.almasb.fxgl.app.services.UpdaterService
19:02:11.217 [FXGL Background Thread 3 ] DEBUG Engine               - class com.almasb.fxgl.dev.DevService
19:02:11.217 [FXGL Background Thread 3 ] DEBUG Engine               - class main.spacegame.service.HighScoreService
19:02:11.217 [FXGL Background Thread 3 ] DEBUG Engine               - class main.spacegame.level.LevelService
19:02:11.217 [FXGL Background Thread 3 ] DEBUG Engine               - class com.almasb.fxgl.dev.profiling.ProfilerService
19:02:12.082 [JavaFX Application Thread] DEBUG Menu                 - fireNewGame()
19:02:12.082 [JavaFX Application Thread] DEBUG GameApplicationServi - Starting new game
19:02:12.082 [JavaFX Application Thread] DEBUG PrimaryStageWindow   - Pop state: SpaceGameMainMenu
19:02:12.082 [JavaFX Application Thread] DEBUG Input                - Clearing active input actions
19:02:12.083 [JavaFX Application Thread] DEBUG GameApplicationServi - Removing overlay from SpaceGameMainMenu and adding to FXGLMainMenuDummyScene
19:02:12.085 [JavaFX Application Thread] DEBUG PrimaryStageWindow   - FXGLMainMenuDummyScene <- SpaceGameMainMenu
19:02:12.085 [JavaFX Application Thread] DEBUG Input                - Clearing active input actions
19:02:12.093 [JavaFX Application Thread] DEBUG GameApplicationServi - Removing overlay from FXGLMainMenuDummyScene and adding to FXGLLoadingScene
19:02:12.094 [JavaFX Application Thread] DEBUG PrimaryStageWindow   - FXGLMainMenuDummyScene -> FXGLLoadingScene
19:02:12.094 [JavaFX Application Thread] DEBUG GameApplicationServi - Clearing previous game
19:02:12.094 [JavaFX Application Thread] DEBUG GameScene            - Clearing game scene
19:02:12.094 [JavaFX Application Thread] DEBUG GameWorld            - Clearing game world
19:02:12.094 [JavaFX Application Thread] DEBUG PhysicsWorld         - Clearing physics world
19:02:12.096 [FXGL Background Thread 2 ] DEBUG FXGLApplication      - Initializing game
19:02:12.105 [FXGL Background Thread 2 ] DEBUG FXGLAssetLoaderServi - Loading from file system: file:/C:/Users/alprn/AppData/Roaming/Code/User/workspaceStorage/78d877b89292864788bc45c330f464d6/redhat.java/jdt_ws/CS102PROJECT_F-NAL-1_21edc4da/bin/assets/textures/Bomb.png
19:02:12.107 [FXGL Background Thread 2 ] DEBUG FXGLAssetLoaderServi - Loading from file system: file:/C:/Users/alprn/AppData/Roaming/Code/User/workspaceStorage/78d877b89292864788bc45c330f464d6/redhat.java/jdt_ws/CS102PROJECT_F-NAL-1_21edc4da/bin/assets/textures/Bullet.png
19:02:12.113 [FXGL Background Thread 2 ] DEBUG FXGLAssetLoaderServi - Loading from file system: file:/C:/Users/alprn/AppData/Roaming/Code/User/workspaceStorage/78d877b89292864788bc45c330f464d6/redhat.java/jdt_ws/CS102PROJECT_F-NAL-1_21edc4da/bin/assets/textures/WingedAlien.png
19:02:12.118 [FXGL Background Thread 2 ] DEBUG FXGLAssetLoaderServi - Loading from file system: file:/C:/Users/alprn/AppData/Roaming/Code/User/workspaceStorage/78d877b89292864788bc45c330f464d6/redhat.java/jdt_ws/CS102PROJECT_F-NAL-1_21edc4da/bin/assets/textures/Bomber.png
19:02:12.125 [FXGL Background Thread 2 ] DEBUG FXGLAssetLoaderServi - Loading from file system: file:/C:/Users/alprn/AppData/Roaming/Code/User/workspaceStorage/78d877b89292864788bc45c330f464d6/redhat.java/jdt_ws/CS102PROJECT_F-NAL-1_21edc4da/bin/assets/textures/Boss.png
19:02:12.139 [FXGL Background Thread 2 ] DEBUG FXGLAssetLoaderServi - Loading from file system: file:/C:/Users/alprn/AppData/Roaming/Code/User/workspaceStorage/78d877b89292864788bc45c330f464d6/redhat.java/jdt_ws/CS102PROJECT_F-NAL-1_21edc4da/bin/assets/textures/AmongUs.png
19:02:12.154 [FXGL Background Thread 2 ] DEBUG FXGLAssetLoaderServi - Loading from file system: file:/C:/Users/alprn/AppData/Roaming/Code/User/workspaceStorage/78d877b89292864788bc45c330f464d6/redhat.java/jdt_ws/CS102PROJECT_F-NAL-1_21edc4da/bin/assets/textures/background/bg_0.png
19:02:12.284 [FXGL Background Thread 2 ] WARN  FXGLAssetLoaderServi - Asset "/assets/textures/PlayerNew.png" was not found!
19:02:12.285 [FXGL Background Thread 2 ] WARN  FXGLAssetLoaderServi - Failed to load RESIZABLE_IMAGE
19:02:12.350 [FXGL Background Thread 2 ] WARN  FXGLAssetLoaderServi - Asset "/assets/textures/PlayerNew.png" was not found!
19:02:12.351 [FXGL Background Thread 2 ] WARN  FXGLAssetLoaderServi - Failed to load RESIZABLE_IMAGE
19:02:12.351 [FXGL Background Thread 2 ] WARN  FXGLAssetLoaderServi - Asset "/assets/textures/PlayerNew.png" was not found!
19:02:12.352 [FXGL Background Thread 2 ] WARN  FXGLAssetLoaderServi - Failed to load RESIZABLE_IMAGE
19:02:12.352 [FXGL Background Thread 2 ] WARN  FXGLAssetLoaderServi - Asset "/assets/textures/PlayerNew.png" was not found!
19:02:12.352 [FXGL Background Thread 2 ] WARN  FXGLAssetLoaderServi - Failed to load RESIZABLE_IMAGE
19:02:12.354 [FXGL Background Thread 2 ] INFO  FXGLApplication      - Game initialization took: 0,258 sec
19:02:12.356 [JavaFX Application Thread] DEBUG Input                - Clearing active input actions
19:02:12.360 [JavaFX Application Thread] DEBUG GameApplicationServi - Removing overlay from FXGLLoadingScene and adding to GameScene
19:02:12.361 [JavaFX Application Thread] DEBUG PrimaryStageWindow   - FXGLLoadingScene -> GameScene
19:02:13.297 [JavaFX Application Thread] DEBUG FXGLAssetLoaderServi - Loading from file system: file:/C:/Users/alprn/AppData/Roaming/Code/User/workspaceStorage/78d877b89292864788bc45c330f464d6/redhat.java/jdt_ws/CS102PROJECT_F-NAL-1_21edc4da/bin/assets/sounds/shoot2.wav
19:02:13.444 [JavaFX Application Thread] DEBUG FXGLAssetLoaderServi - Loading from file system: file:/C:/Users/alprn/AppData/Roaming/Code/User/workspaceStorage/78d877b89292864788bc45c330f464d6/redhat.java/jdt_ws/CS102PROJECT_F-NAL-1_21edc4da/bin/assets/sounds/shoot1.wav
19:02:13.602 [JavaFX Application Thread] DEBUG FXGLAssetLoaderServi - Loading from file system: file:/C:/Users/alprn/AppData/Roaming/Code/User/workspaceStorage/78d877b89292864788bc45c330f464d6/redhat.java/jdt_ws/CS102PROJECT_F-NAL-1_21edc4da/bin/assets/sounds/shoot4.wav
19:02:14.199 [JavaFX Application Thread] DEBUG FXGLAssetLoaderServi - Loading from file system: file:/C:/Users/alprn/AppData/Roaming/Code/User/workspaceStorage/78d877b89292864788bc45c330f464d6/redhat.java/jdt_ws/CS102PROJECT_F-NAL-1_21edc4da/bin/assets/sounds/shoot3.wav
19:02:57.499 [JavaFX Application Thread] DEBUG FXGLApplication      - Exiting FXGL
19:02:57.499 [JavaFX Application Thread] DEBUG LoopRunner           - Stopping loop
19:02:57.499 [JavaFX Application Thread] DEBUG SystemBundleService  - Saving FXGL system data
19:02:57.500 [JavaFX Application Thread] DEBUG FileSystemAccess     - Writing to: C:\Users\alprn\CS102PROJECT_F-NAL-1\system\fxgl.bundle
19:02:57.503 [JavaFX Application Thread] INFO  ProfilerWindow       - Profiler (FPS) - 5919 frames
19:02:57.503 [JavaFX Application Thread] INFO  ProfilerWindow       - Average: 122.6369319141747
19:02:57.504 [JavaFX Application Thread] INFO  ProfilerWindow       - Minimum: 55.0
19:02:57.504 [JavaFX Application Thread] INFO  ProfilerWindow       - Maximum: 142.0
19:02:57.504 [JavaFX Application Thread] INFO  ProfilerWindow       - Profiler (CPU (ms)) - 5919 frames
19:02:57.504 [JavaFX Application Thread] INFO  ProfilerWindow       - Average: 1.8654579658726067
19:02:57.505 [JavaFX Application Thread] INFO  ProfilerWindow       - Minimum: 0.0
19:02:57.505 [JavaFX Application Thread] INFO  ProfilerWindow       - Maximum: 65.0874
19:02:57.505 [JavaFX Application Thread] INFO  ProfilerWindow       - Profiler (RAM (MB)) - 5919 frames
19:02:57.505 [JavaFX Application Thread] INFO  ProfilerWindow       - Average: 208.2892885796221
19:02:57.505 [JavaFX Application Thread] INFO  ProfilerWindow       - Minimum: 39.72735595703125
19:02:57.506 [JavaFX Application Thread] INFO  ProfilerWindow       - Maximum: 306.2276611328125
19:02:57.507 [JavaFX Application Thread] INFO  ProfilerService      - Estimated GC runs: 90
19:02:57.508 [JavaFX Application Thread] DEBUG Async                - Shutting down background threads
19:02:57.508 [JavaFX Application Thread] DEBUG PrimaryStageWindow   - Closing main window
19:02:57.519 [JavaFX Application Thread] DEBUG Logger               - Closing Logger
