12:50:25.497 [main                     ] DEBUG Logger               - Configured Logger
12:50:25.551 [main                     ] DEBUG GameApplication      - Logging settings
Title: Space_Game
Version: 1.0
Width: 1920
Height: 1080
Fullscreen: true
Intro: false
Profiling: false
Single step:false
App Mode: DEVELOPER
Menu Key: ESCAPE
Stage Style: DECORATED
Scene Factory: class main.spacegame.SpaceGameApp$1

12:50:26.212 [JavaFX Application Thread] DEBUG FXGLApplication      - Initializing FXGL
12:50:26.218 [JavaFX Application Thread] INFO  Engine               - FXGL-17.3 (30.03.2023 11.54) on WINDOWS (J:19.0.2 FX:20)
12:50:26.219 [JavaFX Application Thread] DEBUG Engine               - JRE Vendor Name: Oracle Corporation
12:50:26.220 [JavaFX Application Thread] DEBUG Engine               - Running on OS: Windows 10 version 10.0
12:50:26.220 [JavaFX Application Thread] DEBUG Engine               - Architecture: amd64
12:50:26.220 [JavaFX Application Thread] INFO  Engine               - Source code and latest versions at: https://github.com/AlmasB/FXGL
12:50:26.221 [JavaFX Application Thread] INFO  Engine               -       Ask questions and discuss at: https://github.com/AlmasB/FXGL/discussions
12:50:26.221 [JavaFX Application Thread] INFO  Engine               -              Join the FXGL chat at: https://gitter.im/AlmasB/FXGL
12:50:26.423 [JavaFX Application Thread] DEBUG PrimaryStageWindow   - Creating a JavaFX scene
12:50:26.423 [JavaFX Application Thread] DEBUG PrimaryStageWindow   - Target size > screen size
12:50:26.506 [JavaFX Application Thread] DEBUG PrimaryStageWindow   - Target settings size: 1920.0 x 1080.0
12:50:26.506 [JavaFX Application Thread] DEBUG PrimaryStageWindow   - Scaled scene size:    1511.0 x 864.0
12:50:26.507 [JavaFX Application Thread] DEBUG PrimaryStageWindow   - Scaled ratio: (0.7869791666666667, 0.8)
12:50:26.508 [JavaFX Application Thread] DEBUG PrimaryStageWindow   - Set initial scene to FXGLStartupScene
12:50:26.515 [JavaFX Application Thread] DEBUG PrimaryStageWindow   - Opening main window
12:50:26.661 [JavaFX Application Thread] DEBUG PrimaryStageWindow   - Window border size: (14.5999755859375, 37.5999755859375)
12:50:26.661 [JavaFX Application Thread] DEBUG PrimaryStageWindow   - Scaled size: 1511.0 x 864.0
12:50:26.662 [JavaFX Application Thread] DEBUG PrimaryStageWindow   - Scaled ratio: (0.7869791666666667, 0.8)
12:50:26.662 [JavaFX Application Thread] DEBUG PrimaryStageWindow   - Scene size: 1511.0 x 864.0
12:50:26.663 [JavaFX Application Thread] DEBUG PrimaryStageWindow   - Stage size: 1525.5999755859375 x 901.5999755859375
12:50:26.750 [JavaFX Application Thread] DEBUG PrimaryStageWindow   - Going fullscreen
12:50:26.765 [FXGL Background Thread 1 ] DEBUG Engine               - Initializing environment variables
12:50:26.849 [FXGL Background Thread 1 ] DEBUG FXGLAssetLoaderServi - User app class for loading assets: class main.spacegame.SpaceGameApp
12:50:26.850 [FXGL Background Thread 1 ] DEBUG GameApplicationServi - Applying CSS: fxgl_dark.css
12:50:26.851 [FXGL Background Thread 1 ] DEBUG FXGLAssetLoaderServi - Loading from file system: jar:file:/C:/Users/%c4%b0brahim/Downloads/fxgl-17.3-uber.jar!/fxglassets/ui/css/fxgl_dark.css
12:50:26.918 [FXGL Background Thread 1 ] DEBUG GameApplicationServi - Initializing application scenes
12:50:26.974 [FXGL Background Thread 1 ] DEBUG GameWorld            - Game world initialized
12:50:27.067 [FXGL Background Thread 1 ] DEBUG PhysicsWorld         - Physics world initialized: appHeight=1080, physics.ppm=50.0
12:50:27.067 [FXGL Background Thread 1 ] DEBUG PhysicsWorld         - Using strategy: GRID_INDEXING
12:50:27.074 [FXGL Background Thread 1 ] DEBUG GameScene            - Game scene initialized: 1920x1080
12:50:27.081 [FXGL Background Thread 1 ] DEBUG FXGLAssetLoaderServi - Loading from file system: file:/C:/Users/%c4%b0brahim/AppData/Roaming/Code/User/workspaceStorage/6801d0249deebc7c36ce787dd200b0aa/redhat.java/jdt_ws/CS102PROJECT_F-NAL_66a0183f/bin/assets/textures/mainmenu.png
12:50:27.384 [FXGL Background Thread 1 ] DEBUG FXGLAssetLoaderServi - Loading from file system: file:/C:/Users/%c4%b0brahim/AppData/Roaming/Code/User/workspaceStorage/6801d0249deebc7c36ce787dd200b0aa/redhat.java/jdt_ws/CS102PROJECT_F-NAL_66a0183f/bin/assets/textures/credits.png
12:50:27.461 [FXGL Background Thread 1 ] DEBUG FXGLAssetLoaderServi - Loading from file system: file:/C:/Users/%c4%b0brahim/AppData/Roaming/Code/User/workspaceStorage/6801d0249deebc7c36ce787dd200b0aa/redhat.java/jdt_ws/CS102PROJECT_F-NAL_66a0183f/bin/assets/textures/gameMenu.png
12:50:27.529 [FXGL Background Thread 1 ] DEBUG GameApplicationServi - Application scenes initialized
12:50:27.552 [FXGL Background Thread 1 ] DEBUG SystemBundleService  - Loading FXGL system data
12:50:27.559 [FXGL Background Thread 1 ] DEBUG FileSystemAccess     - Reading from: C:\Users\İbrahim\Desktop\CS102PROJECT_F-NAL\system\fxgl.bundle
12:50:27.575 [FXGL Background Thread 1 ] DEBUG SystemBundleService  - Bundle FXGL: {}
12:50:27.576 [FXGL Background Thread 1 ] DEBUG UpdaterService       - Checking for updates
12:50:27.588 [FXGL Background Thread 4 ] DEBUG FXGLApplication      - Loading fonts
12:50:27.589 [FXGL Background Thread 4 ] DEBUG FXGLAssetLoaderServi - Loading from file system: jar:file:/C:/Users/%c4%b0brahim/Downloads/fxgl-17.3-uber.jar!/fxglassets/ui/fonts/VarelaRound-Regular.ttf
12:50:27.590 [FXGL Background Thread 1 ] DEBUG FXGLApplication      - Loading default localization
12:50:27.591 [FXGL Background Thread 1 ] DEBUG FXGLAssetLoaderServi - Loading from file system: jar:file:/C:/Users/%c4%b0brahim/Downloads/fxgl-17.3-uber.jar!/fxglassets/languages/english.lang
12:50:27.641 [FXGL Background Thread 1 ] INFO  FXGLApplication      - FXGL initialization took: 0.876 sec
12:50:27.663 [JavaFX Application Thread] DEBUG Input                - Registered new binding: action0 - V
12:50:27.665 [JavaFX Application Thread] DEBUG Input                - Registered new binding: Up - W
12:50:27.665 [JavaFX Application Thread] DEBUG Input                - Registered new binding: Down - S
12:50:27.665 [JavaFX Application Thread] DEBUG Input                - Registered new binding: Left - A
12:50:27.666 [JavaFX Application Thread] DEBUG Input                - Registered new binding: Right - D
12:50:27.669 [JavaFX Application Thread] DEBUG Input                - Registered new binding: Shoot Mouse - LMB
12:50:27.669 [JavaFX Application Thread] DEBUG Input                - Registered new binding: MouseRight - RMB
12:50:27.670 [JavaFX Application Thread] WARN  FXGLAssetLoaderServi - Asset "/assets/music/dans eden sincap ama epilepsi garantili (100).mp3" was not found!
12:50:27.671 [JavaFX Application Thread] WARN  FXGLAssetLoaderServi - Failed to load MUSIC
12:50:27.674 [JavaFX Application Thread] DEBUG AudioPlayer          - Playing music com.almasb.fxgl.audio.Music@18203af6
12:50:27.675 [JavaFX Application Thread] DEBUG FXGLAssetLoaderServi - Loading from file system: jar:file:/C:/Users/%c4%b0brahim/Downloads/fxgl-17.3-uber.jar!/fxglassets/textures/fxgl_icon.png
12:50:27.709 [JavaFX Application Thread] DEBUG FXGLAssetLoaderServi - Loading from file system: jar:file:/C:/Users/%c4%b0brahim/Downloads/fxgl-17.3-uber.jar!/fxglassets/textures/fxgl_default_cursor.png
12:50:27.713 [JavaFX Application Thread] DEBUG Input                - Registered new binding: Screenshot - CTRL+8
12:50:27.713 [FXGL Background Thread 4 ] DEBUG FXGLAssetLoaderServi - Loading from file system: jar:file:/C:/Users/%c4%b0brahim/Downloads/fxgl-17.3-uber.jar!/fxglassets/ui/fonts/Abel-Regular.ttf
12:50:27.714 [JavaFX Application Thread] DEBUG Input                - Registered new binding: System info dump - CTRL+9
12:50:27.715 [JavaFX Application Thread] DEBUG Input                - Registered new binding: Restart - CTRL+R
12:50:27.717 [JavaFX Application Thread] DEBUG Input                - Registered new binding: Toggle Debug Camera - CTRL+7
12:50:27.721 [FXGL Background Thread 4 ] DEBUG FXGLAssetLoaderServi - Loading from file system: jar:file:/C:/Users/%c4%b0brahim/Downloads/fxgl-17.3-uber.jar!/fxglassets/ui/fonts/TerminalLandMono-Regular.otf
12:50:27.724 [JavaFX Application Thread] DEBUG LoopRunner           - Starting loop
12:50:27.724 [JavaFX Application Thread] DEBUG LoopRunner           - Initializing JavaFX AnimationTimerLoop
12:50:27.728 [FXGL Background Thread 4 ] DEBUG FXGLAssetLoaderServi - Loading from file system: jar:file:/C:/Users/%c4%b0brahim/Downloads/fxgl-17.3-uber.jar!/fxglassets/ui/fonts/Courier-Prime.ttf
12:50:27.730 [JavaFX Application Thread] DEBUG Input                - Clearing active input actions
12:50:27.743 [JavaFX Application Thread] DEBUG GameApplicationServi - Removing overlay from FXGLStartupScene and adding to FXGLMainMenuDummyScene
12:50:27.744 [JavaFX Application Thread] DEBUG PrimaryStageWindow   - FXGLStartupScene -> FXGLMainMenuDummyScene
12:50:27.744 [JavaFX Application Thread] DEBUG PrimaryStageWindow   - Push state: SpaceGameMainMenu
12:50:27.745 [JavaFX Application Thread] DEBUG Input                - Clearing active input actions
12:50:27.759 [JavaFX Application Thread] DEBUG GameApplicationServi - Removing overlay from FXGLMainMenuDummyScene and adding to SpaceGameMainMenu
12:50:27.760 [JavaFX Application Thread] DEBUG PrimaryStageWindow   - FXGLMainMenuDummyScene -> SpaceGameMainMenu
12:50:27.818 [JavaFX Application Thread] DEBUG FXGLApplication      - Registering font factories with UI factory
12:50:30.027 [JavaFX Application Thread] DEBUG Menu                 - fireNewGame()
12:50:30.027 [JavaFX Application Thread] DEBUG GameApplicationServi - Starting new game
12:50:30.027 [JavaFX Application Thread] DEBUG PrimaryStageWindow   - Pop state: SpaceGameMainMenu
12:50:30.027 [JavaFX Application Thread] DEBUG Input                - Clearing active input actions
12:50:30.029 [JavaFX Application Thread] DEBUG GameApplicationServi - Removing overlay from SpaceGameMainMenu and adding to FXGLMainMenuDummyScene
12:50:30.029 [JavaFX Application Thread] DEBUG PrimaryStageWindow   - FXGLMainMenuDummyScene <- SpaceGameMainMenu
12:50:30.030 [JavaFX Application Thread] DEBUG Input                - Clearing active input actions
12:50:30.042 [JavaFX Application Thread] DEBUG GameApplicationServi - Removing overlay from FXGLMainMenuDummyScene and adding to FXGLLoadingScene
12:50:30.043 [JavaFX Application Thread] DEBUG PrimaryStageWindow   - FXGLMainMenuDummyScene -> FXGLLoadingScene
12:50:30.043 [JavaFX Application Thread] DEBUG GameApplicationServi - Clearing previous game
12:50:30.043 [JavaFX Application Thread] DEBUG GameScene            - Clearing game scene
12:50:30.043 [JavaFX Application Thread] DEBUG GameWorld            - Clearing game world
12:50:30.043 [JavaFX Application Thread] DEBUG PhysicsWorld         - Clearing physics world
12:50:30.046 [FXGL Background Thread 4 ] DEBUG FXGLApplication      - Initializing game
12:50:30.059 [FXGL Background Thread 4 ] DEBUG FXGLAssetLoaderServi - Loading from file system: file:/C:/Users/%c4%b0brahim/AppData/Roaming/Code/User/workspaceStorage/6801d0249deebc7c36ce787dd200b0aa/redhat.java/jdt_ws/CS102PROJECT_F-NAL_66a0183f/bin/assets/textures/Bomb.png
12:50:30.062 [FXGL Background Thread 4 ] DEBUG FXGLAssetLoaderServi - Loading from file system: file:/C:/Users/%c4%b0brahim/AppData/Roaming/Code/User/workspaceStorage/6801d0249deebc7c36ce787dd200b0aa/redhat.java/jdt_ws/CS102PROJECT_F-NAL_66a0183f/bin/assets/textures/Bullet.png
12:50:30.073 [FXGL Background Thread 4 ] DEBUG FXGLAssetLoaderServi - Loading from file system: file:/C:/Users/%c4%b0brahim/AppData/Roaming/Code/User/workspaceStorage/6801d0249deebc7c36ce787dd200b0aa/redhat.java/jdt_ws/CS102PROJECT_F-NAL_66a0183f/bin/assets/textures/WingedAlien.png
12:50:30.085 [FXGL Background Thread 4 ] DEBUG FXGLAssetLoaderServi - Loading from file system: file:/C:/Users/%c4%b0brahim/AppData/Roaming/Code/User/workspaceStorage/6801d0249deebc7c36ce787dd200b0aa/redhat.java/jdt_ws/CS102PROJECT_F-NAL_66a0183f/bin/assets/textures/Bomber.png
12:50:30.096 [FXGL Background Thread 4 ] DEBUG FXGLAssetLoaderServi - Loading from file system: file:/C:/Users/%c4%b0brahim/AppData/Roaming/Code/User/workspaceStorage/6801d0249deebc7c36ce787dd200b0aa/redhat.java/jdt_ws/CS102PROJECT_F-NAL_66a0183f/bin/assets/textures/Boss.png
12:50:30.145 [FXGL Background Thread 4 ] DEBUG FXGLAssetLoaderServi - Loading from file system: file:/C:/Users/%c4%b0brahim/AppData/Roaming/Code/User/workspaceStorage/6801d0249deebc7c36ce787dd200b0aa/redhat.java/jdt_ws/CS102PROJECT_F-NAL_66a0183f/bin/assets/textures/AmongUs.png
12:50:30.170 [FXGL Background Thread 4 ] DEBUG FXGLAssetLoaderServi - Loading from file system: file:/C:/Users/%c4%b0brahim/AppData/Roaming/Code/User/workspaceStorage/6801d0249deebc7c36ce787dd200b0aa/redhat.java/jdt_ws/CS102PROJECT_F-NAL_66a0183f/bin/assets/textures/background/bg_0.png
12:50:30.407 [FXGL Background Thread 4 ] DEBUG FXGLAssetLoaderServi - Loading from file system: file:/C:/Users/%c4%b0brahim/AppData/Roaming/Code/User/workspaceStorage/6801d0249deebc7c36ce787dd200b0aa/redhat.java/jdt_ws/CS102PROJECT_F-NAL_66a0183f/bin/assets/textures/front.png
12:50:30.560 [FXGL Background Thread 4 ] DEBUG FXGLAssetLoaderServi - Loading from file system: file:/C:/Users/%c4%b0brahim/AppData/Roaming/Code/User/workspaceStorage/6801d0249deebc7c36ce787dd200b0aa/redhat.java/jdt_ws/CS102PROJECT_F-NAL_66a0183f/bin/assets/textures/front.png
12:50:30.567 [FXGL Background Thread 4 ] INFO  FXGLApplication      - Game initialization took: 0.521 sec
12:50:30.568 [JavaFX Application Thread] DEBUG Input                - Clearing active input actions
12:50:30.578 [JavaFX Application Thread] DEBUG GameApplicationServi - Removing overlay from FXGLLoadingScene and adding to GameScene
12:50:30.579 [JavaFX Application Thread] DEBUG PrimaryStageWindow   - FXGLLoadingScene -> GameScene
12:50:30.585 [FXGL Background Thread 3 ] DEBUG Engine               - Logging environment variables
12:50:30.585 [FXGL Background Thread 3 ] DEBUG Engine               - achievements: []
12:50:30.585 [FXGL Background Thread 3 ] DEBUG Engine               - actualHeight: 864.0
12:50:30.586 [FXGL Background Thread 3 ] DEBUG Engine               - actualHeightProperty: ReadOnlyDoubleProperty [value: 864.0]
12:50:30.586 [FXGL Background Thread 3 ] DEBUG Engine               - actualWidth: 1536.0
12:50:30.586 [FXGL Background Thread 3 ] DEBUG Engine               - actualWidthProperty: ReadOnlyDoubleProperty [value: 1536.0]
12:50:30.586 [FXGL Background Thread 3 ] DEBUG Engine               - appIcon: fxgl_icon.png
12:50:30.586 [FXGL Background Thread 3 ] DEBUG Engine               - applicationMode: DEVELOPER
12:50:30.586 [FXGL Background Thread 3 ] DEBUG Engine               - cSSList: [fxgl_dark.css]
12:50:30.586 [FXGL Background Thread 3 ] DEBUG Engine               - collisionDetectionStrategy: GRID_INDEXING
12:50:30.586 [FXGL Background Thread 3 ] DEBUG Engine               - configClass: Optional.empty
12:50:30.586 [FXGL Background Thread 3 ] DEBUG Engine               - credits: []
12:50:30.587 [FXGL Background Thread 3 ] DEBUG Engine               - defaultCursor: CursorInfo(imageName=fxgl_default_cursor.png, hotspotX=7.0, hotspotY=6.0)
12:50:30.587 [FXGL Background Thread 3 ] DEBUG Engine               - devBBoxColorProperty: ObjectProperty [value: 0xff0000ff]
12:50:30.587 [FXGL Background Thread 3 ] DEBUG Engine               - devEnableDebugCameraProperty: BooleanProperty [value: false]
12:50:30.587 [FXGL Background Thread 3 ] DEBUG Engine               - devSensorColorProperty: ObjectProperty [value: 0xffff00ff]
12:50:30.587 [FXGL Background Thread 3 ] DEBUG Engine               - devShowBBoxProperty: BooleanProperty [value: false]
12:50:30.587 [FXGL Background Thread 3 ] DEBUG Engine               - devShowPositionProperty: BooleanProperty [value: false]
12:50:30.588 [FXGL Background Thread 3 ] DEBUG Engine               - enabledMenuItems: []
12:50:30.588 [FXGL Background Thread 3 ] DEBUG Engine               - engineServices: [class com.almasb.fxgl.app.services.FXGLAssetLoaderService, class com.almasb.fxgl.app.FXGLApplication$GameApplicationService, class com.almasb.fxgl.app.services.FXGLDialogService, class com.almasb.fxgl.app.services.IOTaskExecutorService, class com.almasb.fxgl.io.FileSystemService, class com.almasb.fxgl.localization.LocalizationService, class com.almasb.fxgl.app.services.SystemBundleService, class com.almasb.fxgl.profile.SaveLoadService, class com.almasb.fxgl.ui.FXGLUIFactoryServiceProvider, class com.almasb.fxgl.ui.FXGLDialogFactoryServiceProvider, class com.almasb.fxgl.audio.AudioPlayer, class com.almasb.fxgl.notification.impl.NotificationServiceProvider, class com.almasb.fxgl.achievement.AchievementService, class com.almasb.fxgl.cutscene.CutsceneService, class com.almasb.fxgl.minigames.MiniGameService, class com.almasb.fxgl.net.NetService, class com.almasb.fxgl.app.services.UpdaterService, class com.almasb.fxgl.dev.DevService, class main.spacegame.service.HighScoreService, class main.spacegame.service.LevelPressureService, class main.spacegame.level.LevelService]
12:50:30.588 [FXGL Background Thread 3 ] DEBUG Engine               - fontGame: Abel-Regular.ttf
12:50:30.588 [FXGL Background Thread 3 ] DEBUG Engine               - fontMono: TerminalLandMono-Regular.otf
12:50:30.588 [FXGL Background Thread 3 ] DEBUG Engine               - fontSizeScaleUI: 1.0
12:50:30.589 [FXGL Background Thread 3 ] DEBUG Engine               - fontText: Courier-Prime.ttf
12:50:30.589 [FXGL Background Thread 3 ] DEBUG Engine               - fontUI: VarelaRound-Regular.ttf
12:50:30.589 [FXGL Background Thread 3 ] DEBUG Engine               - fullScreen: BooleanProperty [value: true]
12:50:30.589 [FXGL Background Thread 3 ] DEBUG Engine               - gameDifficulty: MEDIUM
12:50:30.589 [FXGL Background Thread 3 ] DEBUG Engine               - gameDifficultyProperty: ObjectProperty [value: MEDIUM]
12:50:30.589 [FXGL Background Thread 3 ] DEBUG Engine               - globalMusicVolume: 0.5
12:50:30.589 [FXGL Background Thread 3 ] DEBUG Engine               - globalMusicVolumeProperty: DoubleProperty [value: 0.7]
12:50:30.589 [FXGL Background Thread 3 ] DEBUG Engine               - globalSoundVolume: 0.5
12:50:30.589 [FXGL Background Thread 3 ] DEBUG Engine               - globalSoundVolumeProperty: DoubleProperty [value: 0.7]
12:50:30.590 [FXGL Background Thread 3 ] DEBUG Engine               - height: 1080
12:50:30.590 [FXGL Background Thread 3 ] DEBUG Engine               - is3D: false
12:50:30.590 [FXGL Background Thread 3 ] DEBUG Engine               - isAndroid: false
12:50:30.590 [FXGL Background Thread 3 ] DEBUG Engine               - isBrowser: false
12:50:30.590 [FXGL Background Thread 3 ] DEBUG Engine               - isClickFeedbackEnabled: false
12:50:30.590 [FXGL Background Thread 3 ] DEBUG Engine               - isCloseConfirmation: false
12:50:30.590 [FXGL Background Thread 3 ] DEBUG Engine               - isDesktop: true
12:50:30.590 [FXGL Background Thread 3 ] DEBUG Engine               - isDeveloperMenuEnabled: false
12:50:30.590 [FXGL Background Thread 3 ] DEBUG Engine               - isEmbedded: false
12:50:30.590 [FXGL Background Thread 3 ] DEBUG Engine               - isEntityPreloadEnabled: true
12:50:30.590 [FXGL Background Thread 3 ] DEBUG Engine               - isExperimentalTiledLargeMap: false
12:50:30.590 [FXGL Background Thread 3 ] DEBUG Engine               - isFileSystemWriteAllowed: true
12:50:30.590 [FXGL Background Thread 3 ] DEBUG Engine               - isFullScreenAllowed: true
12:50:30.590 [FXGL Background Thread 3 ] DEBUG Engine               - isFullScreenFromStart: true
12:50:30.590 [FXGL Background Thread 3 ] DEBUG Engine               - isGameMenuEnabled: true
12:50:30.590 [FXGL Background Thread 3 ] DEBUG Engine               - isIOS: false
12:50:30.590 [FXGL Background Thread 3 ] DEBUG Engine               - isIntroEnabled: false
12:50:30.590 [FXGL Background Thread 3 ] DEBUG Engine               - isLinux: false
12:50:30.590 [FXGL Background Thread 3 ] DEBUG Engine               - isMac: false
12:50:30.590 [FXGL Background Thread 3 ] DEBUG Engine               - isMainMenuEnabled: true
12:50:30.590 [FXGL Background Thread 3 ] DEBUG Engine               - isManualResizeEnabled: false
12:50:30.591 [FXGL Background Thread 3 ] DEBUG Engine               - isMobile: false
12:50:30.591 [FXGL Background Thread 3 ] DEBUG Engine               - isNative: false
12:50:30.591 [FXGL Background Thread 3 ] DEBUG Engine               - isPauseMusicWhenMinimized: true
12:50:30.591 [FXGL Background Thread 3 ] DEBUG Engine               - isPreserveResizeRatio: false
12:50:30.591 [FXGL Background Thread 3 ] DEBUG Engine               - isProfilingEnabled: false
12:50:30.591 [FXGL Background Thread 3 ] DEBUG Engine               - isScaleAffectedOnResize: true
12:50:30.591 [FXGL Background Thread 3 ] DEBUG Engine               - isSingleStep: false
12:50:30.591 [FXGL Background Thread 3 ] DEBUG Engine               - isUserProfileEnabled: false
12:50:30.591 [FXGL Background Thread 3 ] DEBUG Engine               - isWindows: true
12:50:30.591 [FXGL Background Thread 3 ] DEBUG Engine               - language: ObjectProperty [value: ENGLISH]
12:50:30.591 [FXGL Background Thread 3 ] DEBUG Engine               - menuKey: ESCAPE
12:50:30.591 [FXGL Background Thread 3 ] DEBUG Engine               - mouseSensitivity: 0.2
12:50:30.591 [FXGL Background Thread 3 ] DEBUG Engine               - notificationViewClass: class com.almasb.fxgl.notification.view.XboxNotificationView
12:50:30.591 [FXGL Background Thread 3 ] DEBUG Engine               - pixelsPerMeter: 50.0
12:50:30.591 [FXGL Background Thread 3 ] DEBUG Engine               - platform: WINDOWS
12:50:30.592 [FXGL Background Thread 3 ] DEBUG Engine               - prefHeightProperty: ReadOnlyDoubleProperty [value: 1080.0]
12:50:30.592 [FXGL Background Thread 3 ] DEBUG Engine               - prefWidthProperty: ReadOnlyDoubleProperty [value: 1920.0]
12:50:30.592 [FXGL Background Thread 3 ] DEBUG Engine               - profileDir: profiles/
12:50:30.592 [FXGL Background Thread 3 ] DEBUG Engine               - profileName: StringProperty [value: DEFAULT]
12:50:30.592 [FXGL Background Thread 3 ] DEBUG Engine               - randomSeed: -1
12:50:30.592 [FXGL Background Thread 3 ] DEBUG Engine               - runtimeInfo: RuntimeInfo(platform=WINDOWS, version=17.3, build=30.03.2023 11.54)
12:50:30.592 [FXGL Background Thread 3 ] DEBUG Engine               - saveFileExt: sav
12:50:30.593 [FXGL Background Thread 3 ] DEBUG Engine               - scaledHeightProp$fxgl: DoubleProperty [bound, value: 864.0]
12:50:30.593 [FXGL Background Thread 3 ] DEBUG Engine               - scaledWidthProp$fxgl: DoubleProperty [bound, value: 1536.0]
12:50:30.593 [FXGL Background Thread 3 ] DEBUG Engine               - sceneFactory: main.spacegame.SpaceGameApp$1@acaabb5
12:50:30.593 [FXGL Background Thread 3 ] DEBUG Engine               - secondsIn24h: 60
12:50:30.593 [FXGL Background Thread 3 ] DEBUG Engine               - soundMenuBack: menu/back.wav
12:50:30.593 [FXGL Background Thread 3 ] DEBUG Engine               - soundMenuPress: menu/press.wav
12:50:30.593 [FXGL Background Thread 3 ] DEBUG Engine               - soundMenuSelect: menu/select.wav
12:50:30.593 [FXGL Background Thread 3 ] DEBUG Engine               - soundNotification: core/notification.wav
12:50:30.593 [FXGL Background Thread 3 ] DEBUG Engine               - stageStyle: DECORATED
12:50:30.593 [FXGL Background Thread 3 ] DEBUG Engine               - supportedLanguages: [ENGLISH, FRENCH, GERMAN, HUNGARIAN, RUSSIAN]
12:50:30.593 [FXGL Background Thread 3 ] DEBUG Engine               - ticksPerSecond: -1
12:50:30.593 [FXGL Background Thread 3 ] DEBUG Engine               - title: Space_Game
12:50:30.593 [FXGL Background Thread 3 ] DEBUG Engine               - urlGithub: https://github.com/AlmasB/FXGL
12:50:30.593 [FXGL Background Thread 3 ] DEBUG Engine               - urlLeaderboard: http://fxgl-top.herokuapp.com/
12:50:30.593 [FXGL Background Thread 3 ] DEBUG Engine               - urlPOM: https://raw.githubusercontent.com/AlmasB/FXGL/release/README.md
12:50:30.593 [FXGL Background Thread 3 ] DEBUG Engine               - userAppClass: class main.spacegame.SpaceGameApp
12:50:30.594 [FXGL Background Thread 3 ] DEBUG Engine               - version: 1.0
12:50:30.594 [FXGL Background Thread 3 ] DEBUG Engine               - versionCheckDays: 7
12:50:30.594 [FXGL Background Thread 3 ] DEBUG Engine               - width: 1920
12:50:30.594 [FXGL Background Thread 3 ] DEBUG Engine               - Logging services
12:50:30.594 [FXGL Background Thread 3 ] DEBUG Engine               - class com.almasb.fxgl.app.services.FXGLAssetLoaderService
12:50:30.594 [FXGL Background Thread 3 ] DEBUG Engine               - class com.almasb.fxgl.app.FXGLApplication$GameApplicationService
12:50:30.594 [FXGL Background Thread 3 ] DEBUG Engine               - class com.almasb.fxgl.app.services.FXGLDialogService
12:50:30.594 [FXGL Background Thread 3 ] DEBUG Engine               - class com.almasb.fxgl.app.services.IOTaskExecutorService
12:50:30.594 [FXGL Background Thread 3 ] DEBUG Engine               - class com.almasb.fxgl.io.FileSystemService
12:50:30.594 [FXGL Background Thread 3 ] DEBUG Engine               - class com.almasb.fxgl.localization.LocalizationService
12:50:30.594 [FXGL Background Thread 3 ] DEBUG Engine               - class com.almasb.fxgl.app.services.SystemBundleService
12:50:30.594 [FXGL Background Thread 3 ] DEBUG Engine               - class com.almasb.fxgl.profile.SaveLoadService
12:50:30.594 [FXGL Background Thread 3 ] DEBUG Engine               - class com.almasb.fxgl.ui.FXGLUIFactoryServiceProvider
12:50:30.594 [FXGL Background Thread 3 ] DEBUG Engine               - class com.almasb.fxgl.ui.FXGLDialogFactoryServiceProvider
12:50:30.594 [FXGL Background Thread 3 ] DEBUG Engine               - class com.almasb.fxgl.audio.AudioPlayer
12:50:30.595 [FXGL Background Thread 3 ] DEBUG Engine               - class com.almasb.fxgl.notification.impl.NotificationServiceProvider
12:50:30.595 [FXGL Background Thread 3 ] DEBUG Engine               - class com.almasb.fxgl.achievement.AchievementService
12:50:30.595 [FXGL Background Thread 3 ] DEBUG Engine               - class com.almasb.fxgl.cutscene.CutsceneService
12:50:30.595 [FXGL Background Thread 3 ] DEBUG Engine               - class com.almasb.fxgl.minigames.MiniGameService
12:50:30.595 [FXGL Background Thread 3 ] DEBUG Engine               - class com.almasb.fxgl.net.NetService
12:50:30.595 [FXGL Background Thread 3 ] DEBUG Engine               - class com.almasb.fxgl.app.services.UpdaterService
12:50:30.595 [FXGL Background Thread 3 ] DEBUG Engine               - class com.almasb.fxgl.dev.DevService
12:50:30.595 [FXGL Background Thread 3 ] DEBUG Engine               - class main.spacegame.service.HighScoreService
12:50:30.595 [FXGL Background Thread 3 ] DEBUG Engine               - class main.spacegame.service.LevelPressureService
12:50:30.595 [FXGL Background Thread 3 ] DEBUG Engine               - class main.spacegame.level.LevelService
12:50:32.203 [JavaFX Application Thread] DEBUG FXGLAssetLoaderServi - Loading from file system: file:/C:/Users/%c4%b0brahim/AppData/Roaming/Code/User/workspaceStorage/6801d0249deebc7c36ce787dd200b0aa/redhat.java/jdt_ws/CS102PROJECT_F-NAL_66a0183f/bin/assets/sounds/shoot4.wav
12:50:32.449 [JavaFX Application Thread] DEBUG FXGLAssetLoaderServi - Loading from file system: file:/C:/Users/%c4%b0brahim/AppData/Roaming/Code/User/workspaceStorage/6801d0249deebc7c36ce787dd200b0aa/redhat.java/jdt_ws/CS102PROJECT_F-NAL_66a0183f/bin/assets/sounds/shoot2.wav
12:50:32.656 [JavaFX Application Thread] DEBUG FXGLAssetLoaderServi - Loading from file system: file:/C:/Users/%c4%b0brahim/AppData/Roaming/Code/User/workspaceStorage/6801d0249deebc7c36ce787dd200b0aa/redhat.java/jdt_ws/CS102PROJECT_F-NAL_66a0183f/bin/assets/sounds/shoot1.wav
12:50:32.782 [JavaFX Application Thread] DEBUG LoopRunner           - Stopping loop
12:50:32.786 [JavaFX Application Thread] FATAL FXGLApplication      - Uncaught Exception:
java.lang.IllegalArgumentException: Component BombComponent not found!
	at com.almasb.fxgl.entity.Entity.getComponent(Entity.java:366)
	at main.spacegame.collision.BombHandler.onCollisionBegin(BombHandler.java:27)
	at com.almasb.fxgl.physics.CollisionPair.collisionBegin(CollisionPair.java:37)
	at com.almasb.fxgl.physics.PhysicsWorld.collisionBeginFor(PhysicsWorld.java:453)
	at com.almasb.fxgl.physics.PhysicsWorld.checkCollisionsInGroup(PhysicsWorld.java:405)
	at com.almasb.fxgl.physics.PhysicsWorld.lambda$checkCollisions$3(PhysicsWorld.java:360)
	at java.base/java.util.HashMap.forEach(HashMap.java:1429)
	at com.almasb.fxgl.physics.PhysicsWorld.checkCollisions(PhysicsWorld.java:359)
	at com.almasb.fxgl.physics.PhysicsWorld.onUpdate(PhysicsWorld.java:179)
	at com.almasb.fxgl.app.scene.GameScene.step(GameScene.kt:229)
	at com.almasb.fxgl.app.scene.GameScene.onUpdate(GameScene.kt:224)
	at com.almasb.fxgl.scene.Scene.update(Scene.kt:105)
	at com.almasb.fxgl.app.MainWindow$update$1.invoke(MainWindow.kt:115)
	at com.almasb.fxgl.app.MainWindow$update$1.invoke(MainWindow.kt:115)
	at com.almasb.fxgl.core.fsm.StateMachine.runOnActiveStates(StateMachine.kt:69)
	at com.almasb.fxgl.app.MainWindow.update(MainWindow.kt:115)
	at com.almasb.fxgl.app.FXGLApplication$GameApplicationService.onUpdate(FXGLApplication.kt:426)
	at com.almasb.fxgl.app.Engine.loop(Engine.kt:134)
	at com.almasb.fxgl.app.Engine.access$loop(Engine.kt:24)
	at com.almasb.fxgl.app.Engine$loop$1.invoke(Engine.kt:28)
	at com.almasb.fxgl.app.Engine$loop$1.invoke(Engine.kt:28)
	at com.almasb.fxgl.app.LoopRunner.frame(LoopRunner.kt:103)
	at com.almasb.fxgl.app.LoopRunner.access$frame(LoopRunner.kt:23)
	at com.almasb.fxgl.app.LoopRunner$impl$2$1.onTick(LoopRunner.kt:57)
	at com.almasb.fxgl.app.AnimationTimerLoop$timer$1.handle(LoopRunner.kt:137)
	at javafx.animation.AnimationTimer$AnimationTimerReceiver.lambda$handle$0(AnimationTimer.java:58)
	at java.base/java.security.AccessController.doPrivileged(AccessController.java:399)
	at javafx.animation.AnimationTimer$AnimationTimerReceiver.handle(AnimationTimer.java:57)
	at com.sun.scenario.animation.AbstractPrimaryTimer.timePulseImpl(AbstractPrimaryTimer.java:356)
	at com.sun.scenario.animation.AbstractPrimaryTimer$MainLoop.run(AbstractPrimaryTimer.java:266)
	at com.sun.javafx.tk.quantum.QuantumToolkit.pulse(QuantumToolkit.java:588)
	at com.sun.javafx.tk.quantum.QuantumToolkit.pulse(QuantumToolkit.java:572)
	at com.sun.javafx.tk.quantum.QuantumToolkit.pulseFromQueue(QuantumToolkit.java:565)
	at com.sun.javafx.tk.quantum.QuantumToolkit.lambda$runToolkit$11(QuantumToolkit.java:352)
	at com.sun.glass.ui.InvokeLaterDispatcher$Future.run(InvokeLaterDispatcher.java:95)
	at com.sun.glass.ui.win.WinApplication._runLoop(Native Method)
	at com.sun.glass.ui.win.WinApplication.lambda$runLoop$3(WinApplication.java:185)
	at java.base/java.lang.Thread.run(Thread.java:1589)

12:50:32.797 [JavaFX Application Thread] FATAL FXGLApplication      - Application will now exit
12:50:32.841 [JavaFX Application Thread] DEBUG PrimaryStageWindow   - Push state: ErrorSubScene
12:50:32.841 [JavaFX Application Thread] DEBUG Input                - Clearing active input actions
12:50:32.850 [JavaFX Application Thread] DEBUG GameApplicationServi - Removing overlay from GameScene and adding to ErrorSubScene
12:50:32.851 [JavaFX Application Thread] DEBUG PrimaryStageWindow   - GameScene -> ErrorSubScene
12:50:36.511 [JavaFX Application Thread] DEBUG FXGLApplication      - Exiting FXGL
12:50:36.511 [JavaFX Application Thread] DEBUG Async                - Shutting down background threads
12:50:36.512 [JavaFX Application Thread] DEBUG PrimaryStageWindow   - Closing main window
12:50:36.552 [JavaFX Application Thread] DEBUG Logger               - Closing Logger
