21:44:52.072 [main                     ] DEBUG Logger               - Configured Logger
21:44:52.094 [main                     ] DEBUG GameApplication      - Logging settings
Title: Space_Game
Version: 1.0
Width: 1920
Height: 1080
Fullscreen: false
Intro: false
Profiling: false
Single step:false
App Mode: DEVELOPER
Menu Key: ESCAPE
Stage Style: DECORATED
Scene Factory: class main.spacegame.SpaceGameApp$1

21:44:52.462 [JavaFX Application Thread] DEBUG FXGLApplication      - Initializing FXGL
21:44:52.465 [JavaFX Application Thread] INFO  Engine               - FXGL-17.3 (30.03.2023 11.54) on WINDOWS (J:19.0.2 FX:20)
21:44:52.466 [JavaFX Application Thread] DEBUG Engine               - JRE Vendor Name: Oracle Corporation
21:44:52.466 [JavaFX Application Thread] DEBUG Engine               - Running on OS: Windows 10 version 10.0
21:44:52.466 [JavaFX Application Thread] DEBUG Engine               - Architecture: amd64
21:44:52.466 [JavaFX Application Thread] INFO  Engine               - Source code and latest versions at: https://github.com/AlmasB/FXGL
21:44:52.467 [JavaFX Application Thread] INFO  Engine               -       Ask questions and discuss at: https://github.com/AlmasB/FXGL/discussions
21:44:52.467 [JavaFX Application Thread] INFO  Engine               -              Join the FXGL chat at: https://gitter.im/AlmasB/FXGL
21:44:52.584 [JavaFX Application Thread] DEBUG PrimaryStageWindow   - Creating a JavaFX scene
21:44:52.584 [JavaFX Application Thread] DEBUG PrimaryStageWindow   - Target size > screen size
21:44:52.644 [JavaFX Application Thread] DEBUG PrimaryStageWindow   - Target settings size: 1920.0 x 1080.0
21:44:52.644 [JavaFX Application Thread] DEBUG PrimaryStageWindow   - Scaled scene size:    1439.0 x 823.0
21:44:52.645 [JavaFX Application Thread] DEBUG PrimaryStageWindow   - Scaled ratio: (0.7494791666666667, 0.7620370370370371)
21:44:52.646 [JavaFX Application Thread] DEBUG PrimaryStageWindow   - Set initial scene to FXGLStartupScene
21:44:52.649 [JavaFX Application Thread] DEBUG PrimaryStageWindow   - Opening main window
21:44:52.726 [JavaFX Application Thread] DEBUG PrimaryStageWindow   - Window border size: (14.5999755859375, 37.79998779296875)
21:44:52.726 [JavaFX Application Thread] DEBUG PrimaryStageWindow   - Scaled size: 1439.0 x 823.0
21:44:52.727 [JavaFX Application Thread] DEBUG PrimaryStageWindow   - Scaled ratio: (0.7494791666666667, 0.7620370370370371)
21:44:52.727 [JavaFX Application Thread] DEBUG PrimaryStageWindow   - Scene size: 1439.0 x 823.0
21:44:52.727 [JavaFX Application Thread] DEBUG PrimaryStageWindow   - Stage size: 1453.5999755859375 x 860.7999877929688
21:44:52.735 [FXGL Background Thread 1 ] DEBUG Engine               - Initializing environment variables
21:44:52.780 [FXGL Background Thread 1 ] DEBUG FXGLAssetLoaderServi - User app class for loading assets: class main.spacegame.SpaceGameApp
21:44:52.780 [FXGL Background Thread 1 ] DEBUG GameApplicationServi - Applying CSS: fxgl_dark.css
21:44:52.781 [FXGL Background Thread 1 ] DEBUG FXGLAssetLoaderServi - Loading from file system: jar:file:/C:/Users/%c4%b0brahim/Downloads/fxgl-17.3-uber.jar!/fxglassets/ui/css/fxgl_dark.css
21:44:52.819 [FXGL Background Thread 1 ] DEBUG GameApplicationServi - Initializing application scenes
21:44:52.852 [FXGL Background Thread 1 ] DEBUG GameWorld            - Game world initialized
21:44:52.904 [FXGL Background Thread 1 ] DEBUG PhysicsWorld         - Physics world initialized: appHeight=1080, physics.ppm=50.0
21:44:52.904 [FXGL Background Thread 1 ] DEBUG PhysicsWorld         - Using strategy: BRUTE_FORCE
21:44:52.908 [FXGL Background Thread 1 ] DEBUG GameScene            - Game scene initialized: 1920x1080
21:44:52.912 [FXGL Background Thread 1 ] DEBUG FXGLAssetLoaderServi - Loading from file system: file:/C:/Users/%c4%b0brahim/AppData/Roaming/Code/User/workspaceStorage/1a1948b350b0cb6fa70180a51989d365/redhat.java/jdt_ws/CS102PROJECT_F-NAL_66a0183f/bin/assets/textures/mainmenu.png
21:44:53.071 [FXGL Background Thread 1 ] DEBUG FXGLAssetLoaderServi - Loading from file system: file:/C:/Users/%c4%b0brahim/AppData/Roaming/Code/User/workspaceStorage/1a1948b350b0cb6fa70180a51989d365/redhat.java/jdt_ws/CS102PROJECT_F-NAL_66a0183f/bin/assets/textures/credits.png
21:44:53.113 [FXGL Background Thread 1 ] DEBUG FXGLAssetLoaderServi - Loading from file system: file:/C:/Users/%c4%b0brahim/AppData/Roaming/Code/User/workspaceStorage/1a1948b350b0cb6fa70180a51989d365/redhat.java/jdt_ws/CS102PROJECT_F-NAL_66a0183f/bin/assets/textures/gameMenu.png
21:44:53.149 [FXGL Background Thread 1 ] DEBUG GameApplicationServi - Application scenes initialized
21:44:53.162 [FXGL Background Thread 1 ] DEBUG SystemBundleService  - Loading FXGL system data
21:44:53.166 [FXGL Background Thread 1 ] DEBUG FileSystemAccess     - Reading from: C:\Users\İbrahim\Desktop\CS102PROJECT_F-NAL\system\fxgl.bundle
21:44:53.173 [FXGL Background Thread 1 ] DEBUG SystemBundleService  - Bundle FXGL: {}
21:44:53.174 [FXGL Background Thread 1 ] DEBUG UpdaterService       - Checking for updates
21:44:53.178 [FXGL Background Thread 4 ] DEBUG FXGLApplication      - Loading fonts
21:44:53.179 [FXGL Background Thread 4 ] DEBUG FXGLAssetLoaderServi - Loading from file system: jar:file:/C:/Users/%c4%b0brahim/Downloads/fxgl-17.3-uber.jar!/fxglassets/ui/fonts/VarelaRound-Regular.ttf
21:44:53.179 [FXGL Background Thread 1 ] DEBUG FXGLApplication      - Loading default localization
21:44:53.179 [FXGL Background Thread 1 ] DEBUG FXGLAssetLoaderServi - Loading from file system: jar:file:/C:/Users/%c4%b0brahim/Downloads/fxgl-17.3-uber.jar!/fxglassets/languages/english.lang
21:44:53.207 [FXGL Background Thread 1 ] INFO  FXGLApplication      - FXGL initialization took: 0.472 sec
21:44:53.208 [JavaFX Application Thread] DEBUG FXGLAssetLoaderServi - Loading from file system: jar:file:/C:/Users/%c4%b0brahim/Downloads/fxgl-17.3-uber.jar!/fxglassets/textures/fxgl_icon.png
21:44:53.226 [JavaFX Application Thread] DEBUG FXGLAssetLoaderServi - Loading from file system: jar:file:/C:/Users/%c4%b0brahim/Downloads/fxgl-17.3-uber.jar!/fxglassets/textures/fxgl_default_cursor.png
21:44:53.236 [JavaFX Application Thread] DEBUG Input                - Registered new binding: Screenshot - CTRL+8
21:44:53.237 [JavaFX Application Thread] DEBUG Input                - Registered new binding: System info dump - CTRL+9
21:44:53.237 [FXGL Background Thread 4 ] DEBUG FXGLAssetLoaderServi - Loading from file system: jar:file:/C:/Users/%c4%b0brahim/Downloads/fxgl-17.3-uber.jar!/fxglassets/ui/fonts/Abel-Regular.ttf
21:44:53.237 [JavaFX Application Thread] DEBUG Input                - Registered new binding: Restart - CTRL+R
21:44:53.238 [JavaFX Application Thread] DEBUG Input                - Registered new binding: Toggle Debug Camera - CTRL+7
21:44:53.241 [FXGL Background Thread 4 ] DEBUG FXGLAssetLoaderServi - Loading from file system: jar:file:/C:/Users/%c4%b0brahim/Downloads/fxgl-17.3-uber.jar!/fxglassets/ui/fonts/TerminalLandMono-Regular.otf
21:44:53.241 [JavaFX Application Thread] DEBUG LoopRunner           - Starting loop
21:44:53.241 [JavaFX Application Thread] DEBUG LoopRunner           - Initializing JavaFX AnimationTimerLoop
21:44:53.245 [FXGL Background Thread 4 ] DEBUG FXGLAssetLoaderServi - Loading from file system: jar:file:/C:/Users/%c4%b0brahim/Downloads/fxgl-17.3-uber.jar!/fxglassets/ui/fonts/Courier-Prime.ttf
21:44:53.245 [JavaFX Application Thread] DEBUG Input                - Clearing active input actions
21:44:53.252 [JavaFX Application Thread] DEBUG GameApplicationServi - Removing overlay from FXGLStartupScene and adding to FXGLMainMenuDummyScene
21:44:53.253 [JavaFX Application Thread] DEBUG PrimaryStageWindow   - FXGLStartupScene -> FXGLMainMenuDummyScene
21:44:53.253 [JavaFX Application Thread] DEBUG PrimaryStageWindow   - Push state: SpaceGameMainMenu
21:44:53.253 [JavaFX Application Thread] DEBUG Input                - Clearing active input actions
21:44:53.260 [JavaFX Application Thread] DEBUG GameApplicationServi - Removing overlay from FXGLMainMenuDummyScene and adding to SpaceGameMainMenu
21:44:53.261 [JavaFX Application Thread] DEBUG PrimaryStageWindow   - FXGLMainMenuDummyScene -> SpaceGameMainMenu
21:44:53.295 [JavaFX Application Thread] DEBUG FXGLApplication      - Registering font factories with UI factory
21:44:55.005 [JavaFX Application Thread] DEBUG Menu                 - fireNewGame()
21:44:55.005 [JavaFX Application Thread] DEBUG GameApplicationServi - Starting new game
21:44:55.005 [JavaFX Application Thread] DEBUG PrimaryStageWindow   - Pop state: SpaceGameMainMenu
21:44:55.005 [JavaFX Application Thread] DEBUG Input                - Clearing active input actions
21:44:55.006 [JavaFX Application Thread] DEBUG GameApplicationServi - Removing overlay from SpaceGameMainMenu and adding to FXGLMainMenuDummyScene
21:44:55.006 [JavaFX Application Thread] DEBUG PrimaryStageWindow   - FXGLMainMenuDummyScene <- SpaceGameMainMenu
21:44:55.007 [JavaFX Application Thread] DEBUG Input                - Clearing active input actions
21:44:55.013 [JavaFX Application Thread] DEBUG GameApplicationServi - Removing overlay from FXGLMainMenuDummyScene and adding to FXGLLoadingScene
21:44:55.013 [JavaFX Application Thread] DEBUG PrimaryStageWindow   - FXGLMainMenuDummyScene -> FXGLLoadingScene
21:44:55.013 [JavaFX Application Thread] DEBUG GameApplicationServi - Clearing previous game
21:44:55.013 [JavaFX Application Thread] DEBUG GameScene            - Clearing game scene
21:44:55.014 [JavaFX Application Thread] DEBUG GameWorld            - Clearing game world
21:44:55.014 [JavaFX Application Thread] DEBUG PhysicsWorld         - Clearing physics world
21:44:55.015 [FXGL Background Thread 2 ] DEBUG FXGLApplication      - Initializing game
21:44:55.018 [FXGL Background Thread 2 ] INFO  FXGLApplication      - Game initialization took: 0.002 sec
21:44:55.040 [JavaFX Application Thread] DEBUG Input                - Clearing active input actions
21:44:55.046 [JavaFX Application Thread] DEBUG GameApplicationServi - Removing overlay from FXGLLoadingScene and adding to GameScene
21:44:55.046 [JavaFX Application Thread] DEBUG PrimaryStageWindow   - FXGLLoadingScene -> GameScene
21:44:56.178 [FXGL Background Thread 3 ] DEBUG Engine               - Logging environment variables
21:44:56.178 [FXGL Background Thread 3 ] DEBUG Engine               - achievements: []
21:44:56.178 [FXGL Background Thread 3 ] DEBUG Engine               - actualHeight: 823.0
21:44:56.178 [FXGL Background Thread 3 ] DEBUG Engine               - actualHeightProperty: ReadOnlyDoubleProperty [value: 823.0]
21:44:56.178 [FXGL Background Thread 3 ] DEBUG Engine               - actualWidth: 1439.0
21:44:56.179 [FXGL Background Thread 3 ] DEBUG Engine               - actualWidthProperty: ReadOnlyDoubleProperty [value: 1439.0]
21:44:56.179 [FXGL Background Thread 3 ] DEBUG Engine               - appIcon: fxgl_icon.png
21:44:56.179 [FXGL Background Thread 3 ] DEBUG Engine               - applicationMode: DEVELOPER
21:44:56.179 [FXGL Background Thread 3 ] DEBUG Engine               - cSSList: [fxgl_dark.css]
21:44:56.179 [FXGL Background Thread 3 ] DEBUG Engine               - collisionDetectionStrategy: BRUTE_FORCE
21:44:56.179 [FXGL Background Thread 3 ] DEBUG Engine               - configClass: Optional.empty
21:44:56.179 [FXGL Background Thread 3 ] DEBUG Engine               - credits: []
21:44:56.180 [FXGL Background Thread 3 ] DEBUG Engine               - defaultCursor: CursorInfo(imageName=fxgl_default_cursor.png, hotspotX=7.0, hotspotY=6.0)
21:44:56.180 [FXGL Background Thread 3 ] DEBUG Engine               - devBBoxColorProperty: ObjectProperty [value: 0xff0000ff]
21:44:56.180 [FXGL Background Thread 3 ] DEBUG Engine               - devEnableDebugCameraProperty: BooleanProperty [value: false]
21:44:56.181 [FXGL Background Thread 3 ] DEBUG Engine               - devSensorColorProperty: ObjectProperty [value: 0xffff00ff]
21:44:56.181 [FXGL Background Thread 3 ] DEBUG Engine               - devShowBBoxProperty: BooleanProperty [value: false]
21:44:56.181 [FXGL Background Thread 3 ] DEBUG Engine               - devShowPositionProperty: BooleanProperty [value: false]
21:44:56.181 [FXGL Background Thread 3 ] DEBUG Engine               - enabledMenuItems: []
21:44:56.181 [FXGL Background Thread 3 ] DEBUG Engine               - engineServices: [class com.almasb.fxgl.app.services.FXGLAssetLoaderService, class com.almasb.fxgl.app.FXGLApplication$GameApplicationService, class com.almasb.fxgl.app.services.FXGLDialogService, class com.almasb.fxgl.app.services.IOTaskExecutorService, class com.almasb.fxgl.io.FileSystemService, class com.almasb.fxgl.localization.LocalizationService, class com.almasb.fxgl.app.services.SystemBundleService, class com.almasb.fxgl.profile.SaveLoadService, class com.almasb.fxgl.ui.FXGLUIFactoryServiceProvider, class com.almasb.fxgl.ui.FXGLDialogFactoryServiceProvider, class com.almasb.fxgl.audio.AudioPlayer, class com.almasb.fxgl.notification.impl.NotificationServiceProvider, class com.almasb.fxgl.achievement.AchievementService, class com.almasb.fxgl.cutscene.CutsceneService, class com.almasb.fxgl.minigames.MiniGameService, class com.almasb.fxgl.net.NetService, class com.almasb.fxgl.app.services.UpdaterService, class com.almasb.fxgl.dev.DevService]
21:44:56.181 [FXGL Background Thread 3 ] DEBUG Engine               - fontGame: Abel-Regular.ttf
21:44:56.181 [FXGL Background Thread 3 ] DEBUG Engine               - fontMono: TerminalLandMono-Regular.otf
21:44:56.181 [FXGL Background Thread 3 ] DEBUG Engine               - fontSizeScaleUI: 1.0
21:44:56.181 [FXGL Background Thread 3 ] DEBUG Engine               - fontText: Courier-Prime.ttf
21:44:56.181 [FXGL Background Thread 3 ] DEBUG Engine               - fontUI: VarelaRound-Regular.ttf
21:44:56.181 [FXGL Background Thread 3 ] DEBUG Engine               - fullScreen: BooleanProperty [value: false]
21:44:56.181 [FXGL Background Thread 3 ] DEBUG Engine               - gameDifficulty: MEDIUM
21:44:56.181 [FXGL Background Thread 3 ] DEBUG Engine               - gameDifficultyProperty: ObjectProperty [value: MEDIUM]
21:44:56.181 [FXGL Background Thread 3 ] DEBUG Engine               - globalMusicVolume: 0.5
21:44:56.181 [FXGL Background Thread 3 ] DEBUG Engine               - globalMusicVolumeProperty: DoubleProperty [value: 0.5]
21:44:56.181 [FXGL Background Thread 3 ] DEBUG Engine               - globalSoundVolume: 0.5
21:44:56.181 [FXGL Background Thread 3 ] DEBUG Engine               - globalSoundVolumeProperty: DoubleProperty [value: 0.5]
21:44:56.181 [FXGL Background Thread 3 ] DEBUG Engine               - height: 1080
21:44:56.181 [FXGL Background Thread 3 ] DEBUG Engine               - is3D: false
21:44:56.181 [FXGL Background Thread 3 ] DEBUG Engine               - isAndroid: false
21:44:56.181 [FXGL Background Thread 3 ] DEBUG Engine               - isBrowser: false
21:44:56.181 [FXGL Background Thread 3 ] DEBUG Engine               - isClickFeedbackEnabled: false
21:44:56.181 [FXGL Background Thread 3 ] DEBUG Engine               - isCloseConfirmation: false
21:44:56.181 [FXGL Background Thread 3 ] DEBUG Engine               - isDesktop: true
21:44:56.181 [FXGL Background Thread 3 ] DEBUG Engine               - isDeveloperMenuEnabled: false
21:44:56.182 [FXGL Background Thread 3 ] DEBUG Engine               - isEmbedded: false
21:44:56.182 [FXGL Background Thread 3 ] DEBUG Engine               - isEntityPreloadEnabled: true
21:44:56.182 [FXGL Background Thread 3 ] DEBUG Engine               - isExperimentalTiledLargeMap: false
21:44:56.182 [FXGL Background Thread 3 ] DEBUG Engine               - isFileSystemWriteAllowed: true
21:44:56.182 [FXGL Background Thread 3 ] DEBUG Engine               - isFullScreenAllowed: false
21:44:56.182 [FXGL Background Thread 3 ] DEBUG Engine               - isFullScreenFromStart: false
21:44:56.182 [FXGL Background Thread 3 ] DEBUG Engine               - isGameMenuEnabled: true
21:44:56.182 [FXGL Background Thread 3 ] DEBUG Engine               - isIOS: false
21:44:56.182 [FXGL Background Thread 3 ] DEBUG Engine               - isIntroEnabled: false
21:44:56.182 [FXGL Background Thread 3 ] DEBUG Engine               - isLinux: false
21:44:56.182 [FXGL Background Thread 3 ] DEBUG Engine               - isMac: false
21:44:56.182 [FXGL Background Thread 3 ] DEBUG Engine               - isMainMenuEnabled: true
21:44:56.182 [FXGL Background Thread 3 ] DEBUG Engine               - isManualResizeEnabled: false
21:44:56.182 [FXGL Background Thread 3 ] DEBUG Engine               - isMobile: false
21:44:56.182 [FXGL Background Thread 3 ] DEBUG Engine               - isNative: false
21:44:56.182 [FXGL Background Thread 3 ] DEBUG Engine               - isPauseMusicWhenMinimized: true
21:44:56.182 [FXGL Background Thread 3 ] DEBUG Engine               - isPreserveResizeRatio: false
21:44:56.182 [FXGL Background Thread 3 ] DEBUG Engine               - isProfilingEnabled: false
21:44:56.182 [FXGL Background Thread 3 ] DEBUG Engine               - isScaleAffectedOnResize: true
21:44:56.182 [FXGL Background Thread 3 ] DEBUG Engine               - isSingleStep: false
21:44:56.182 [FXGL Background Thread 3 ] DEBUG Engine               - isUserProfileEnabled: false
21:44:56.182 [FXGL Background Thread 3 ] DEBUG Engine               - isWindows: true
21:44:56.183 [FXGL Background Thread 3 ] DEBUG Engine               - language: ObjectProperty [value: ENGLISH]
21:44:56.183 [FXGL Background Thread 3 ] DEBUG Engine               - menuKey: ESCAPE
21:44:56.183 [FXGL Background Thread 3 ] DEBUG Engine               - mouseSensitivity: 0.2
21:44:56.183 [FXGL Background Thread 3 ] DEBUG Engine               - notificationViewClass: class com.almasb.fxgl.notification.view.XboxNotificationView
21:44:56.183 [FXGL Background Thread 3 ] DEBUG Engine               - pixelsPerMeter: 50.0
21:44:56.183 [FXGL Background Thread 3 ] DEBUG Engine               - platform: WINDOWS
21:44:56.183 [FXGL Background Thread 3 ] DEBUG Engine               - prefHeightProperty: ReadOnlyDoubleProperty [value: 1080.0]
21:44:56.183 [FXGL Background Thread 3 ] DEBUG Engine               - prefWidthProperty: ReadOnlyDoubleProperty [value: 1920.0]
21:44:56.183 [FXGL Background Thread 3 ] DEBUG Engine               - profileDir: profiles/
21:44:56.183 [FXGL Background Thread 3 ] DEBUG Engine               - profileName: StringProperty [value: DEFAULT]
21:44:56.183 [FXGL Background Thread 3 ] DEBUG Engine               - randomSeed: -1
21:44:56.183 [FXGL Background Thread 3 ] DEBUG Engine               - runtimeInfo: RuntimeInfo(platform=WINDOWS, version=17.3, build=30.03.2023 11.54)
21:44:56.183 [FXGL Background Thread 3 ] DEBUG Engine               - saveFileExt: sav
21:44:56.183 [FXGL Background Thread 3 ] DEBUG Engine               - scaledHeightProp$fxgl: DoubleProperty [bound, value: 823.0]
21:44:56.183 [FXGL Background Thread 3 ] DEBUG Engine               - scaledWidthProp$fxgl: DoubleProperty [bound, value: 1439.0]
21:44:56.183 [FXGL Background Thread 3 ] DEBUG Engine               - sceneFactory: main.spacegame.SpaceGameApp$1@7ea2c213
21:44:56.183 [FXGL Background Thread 3 ] DEBUG Engine               - secondsIn24h: 60
21:44:56.183 [FXGL Background Thread 3 ] DEBUG Engine               - soundMenuBack: menu/back.wav
21:44:56.183 [FXGL Background Thread 3 ] DEBUG Engine               - soundMenuPress: menu/press.wav
21:44:56.183 [FXGL Background Thread 3 ] DEBUG Engine               - soundMenuSelect: menu/select.wav
21:44:56.183 [FXGL Background Thread 3 ] DEBUG Engine               - soundNotification: core/notification.wav
21:44:56.183 [FXGL Background Thread 3 ] DEBUG Engine               - stageStyle: DECORATED
21:44:56.183 [FXGL Background Thread 3 ] DEBUG Engine               - supportedLanguages: [ENGLISH, FRENCH, GERMAN, HUNGARIAN, RUSSIAN]
21:44:56.184 [FXGL Background Thread 3 ] DEBUG Engine               - ticksPerSecond: -1
21:44:56.184 [FXGL Background Thread 3 ] DEBUG Engine               - title: Space_Game
21:44:56.184 [FXGL Background Thread 3 ] DEBUG Engine               - urlGithub: https://github.com/AlmasB/FXGL
21:44:56.184 [FXGL Background Thread 3 ] DEBUG Engine               - urlLeaderboard: http://fxgl-top.herokuapp.com/
21:44:56.184 [FXGL Background Thread 3 ] DEBUG Engine               - urlPOM: https://raw.githubusercontent.com/AlmasB/FXGL/release/README.md
21:44:56.184 [FXGL Background Thread 3 ] DEBUG Engine               - userAppClass: class main.spacegame.SpaceGameApp
21:44:56.184 [FXGL Background Thread 3 ] DEBUG Engine               - version: 1.0
21:44:56.184 [FXGL Background Thread 3 ] DEBUG Engine               - versionCheckDays: 7
21:44:56.184 [FXGL Background Thread 3 ] DEBUG Engine               - width: 1920
21:44:56.184 [FXGL Background Thread 3 ] DEBUG Engine               - Logging services
21:44:56.184 [FXGL Background Thread 3 ] DEBUG Engine               - class com.almasb.fxgl.app.services.FXGLAssetLoaderService
21:44:56.184 [FXGL Background Thread 3 ] DEBUG Engine               - class com.almasb.fxgl.app.FXGLApplication$GameApplicationService
21:44:56.184 [FXGL Background Thread 3 ] DEBUG Engine               - class com.almasb.fxgl.app.services.FXGLDialogService
21:44:56.184 [FXGL Background Thread 3 ] DEBUG Engine               - class com.almasb.fxgl.app.services.IOTaskExecutorService
21:44:56.184 [FXGL Background Thread 3 ] DEBUG Engine               - class com.almasb.fxgl.io.FileSystemService
21:44:56.184 [FXGL Background Thread 3 ] DEBUG Engine               - class com.almasb.fxgl.localization.LocalizationService
21:44:56.184 [FXGL Background Thread 3 ] DEBUG Engine               - class com.almasb.fxgl.app.services.SystemBundleService
21:44:56.184 [FXGL Background Thread 3 ] DEBUG Engine               - class com.almasb.fxgl.profile.SaveLoadService
21:44:56.184 [FXGL Background Thread 3 ] DEBUG Engine               - class com.almasb.fxgl.ui.FXGLUIFactoryServiceProvider
21:44:56.184 [FXGL Background Thread 3 ] DEBUG Engine               - class com.almasb.fxgl.ui.FXGLDialogFactoryServiceProvider
21:44:56.184 [FXGL Background Thread 3 ] DEBUG Engine               - class com.almasb.fxgl.audio.AudioPlayer
21:44:56.184 [FXGL Background Thread 3 ] DEBUG Engine               - class com.almasb.fxgl.notification.impl.NotificationServiceProvider
21:44:56.184 [FXGL Background Thread 3 ] DEBUG Engine               - class com.almasb.fxgl.achievement.AchievementService
21:44:56.184 [FXGL Background Thread 3 ] DEBUG Engine               - class com.almasb.fxgl.cutscene.CutsceneService
21:44:56.184 [FXGL Background Thread 3 ] DEBUG Engine               - class com.almasb.fxgl.minigames.MiniGameService
21:44:56.184 [FXGL Background Thread 3 ] DEBUG Engine               - class com.almasb.fxgl.net.NetService
21:44:56.184 [FXGL Background Thread 3 ] DEBUG Engine               - class com.almasb.fxgl.app.services.UpdaterService
21:44:56.184 [FXGL Background Thread 3 ] DEBUG Engine               - class com.almasb.fxgl.dev.DevService
21:44:57.349 [JavaFX Application Thread] DEBUG FXGLApplication      - Exiting FXGL
21:44:57.349 [JavaFX Application Thread] DEBUG LoopRunner           - Stopping loop
21:44:57.349 [JavaFX Application Thread] DEBUG SystemBundleService  - Saving FXGL system data
21:44:57.351 [JavaFX Application Thread] DEBUG FileSystemAccess     - Writing to: C:\Users\İbrahim\Desktop\CS102PROJECT_F-NAL\system\fxgl.bundle
21:44:57.352 [JavaFX Application Thread] DEBUG Async                - Shutting down background threads
21:44:57.353 [JavaFX Application Thread] DEBUG PrimaryStageWindow   - Closing main window
21:44:57.360 [JavaFX Application Thread] DEBUG Logger               - Closing Logger
