17:23:17.577 [main                     ] DEBUG Logger               - Configured Logger
17:23:17.603 [main                     ] DEBUG GameApplication      - Logging settings
Title: Space_Game
Version: 1.0
Width: 1920
Height: 1080
Fullscreen: false
Intro: false
Profiling: false
Single step:false
App Mode: DEVELOPER
Menu Key: ESCAPE
Stage Style: DECORATED
Scene Factory: class main.spacegame.SpaceGameApp$1

17:23:17.947 [JavaFX Application Thread] DEBUG FXGLApplication      - Initializing FXGL
17:23:17.950 [JavaFX Application Thread] INFO  Engine               - FXGL-17.3 (30.03.2023 11.54) on WINDOWS (J:19 FX:20)
17:23:17.951 [JavaFX Application Thread] DEBUG Engine               - JRE Vendor Name: Oracle Corporation
17:23:17.951 [JavaFX Application Thread] DEBUG Engine               - Running on OS: Windows 11 version 10.0
17:23:17.951 [JavaFX Application Thread] DEBUG Engine               - Architecture: amd64
17:23:17.951 [JavaFX Application Thread] INFO  Engine               - Source code and latest versions at: https://github.com/AlmasB/FXGL
17:23:17.952 [JavaFX Application Thread] INFO  Engine               -       Ask questions and discuss at: https://github.com/AlmasB/FXGL/discussions
17:23:17.952 [JavaFX Application Thread] INFO  Engine               -              Join the FXGL chat at: https://gitter.im/AlmasB/FXGL
17:23:18.074 [JavaFX Application Thread] DEBUG PrimaryStageWindow   - Creating a JavaFX scene
17:23:18.074 [JavaFX Application Thread] DEBUG PrimaryStageWindow   - Target size > screen size
17:23:18.122 [JavaFX Application Thread] DEBUG PrimaryStageWindow   - Target settings size: 1920.0 x 1080.0
17:23:18.122 [JavaFX Application Thread] DEBUG PrimaryStageWindow   - Scaled scene size:    1425.0 x 815.0
17:23:18.122 [JavaFX Application Thread] DEBUG PrimaryStageWindow   - Scaled ratio: (0.7421875, 0.7546296296296297)
17:23:18.123 [JavaFX Application Thread] DEBUG PrimaryStageWindow   - Set initial scene to FXGLStartupScene
17:23:18.127 [JavaFX Application Thread] DEBUG PrimaryStageWindow   - Opening main window
17:23:18.200 [JavaFX Application Thread] DEBUG PrimaryStageWindow   - Window border size: (15.0, 37.79998779296875)
17:23:18.201 [JavaFX Application Thread] DEBUG PrimaryStageWindow   - Scaled size: 1425.0 x 815.0
17:23:18.201 [JavaFX Application Thread] DEBUG PrimaryStageWindow   - Scaled ratio: (0.7421875, 0.7546296296296297)
17:23:18.201 [JavaFX Application Thread] DEBUG PrimaryStageWindow   - Scene size: 1425.0 x 815.0
17:23:18.201 [JavaFX Application Thread] DEBUG PrimaryStageWindow   - Stage size: 1440.0 x 852.7999877929688
17:23:18.214 [FXGL Background Thread 1 ] DEBUG Engine               - Initializing environment variables
17:23:18.269 [FXGL Background Thread 1 ] DEBUG FXGLAssetLoaderServi - User app class for loading assets: class main.spacegame.SpaceGameApp
17:23:18.269 [FXGL Background Thread 1 ] DEBUG GameApplicationServi - Applying CSS: fxgl_dark.css
17:23:18.270 [FXGL Background Thread 1 ] DEBUG FXGLAssetLoaderServi - Loading from file system: jar:file:/C:/Users/alprn/Downloads/fxgl-17.3-uber.jar!/fxglassets/ui/css/fxgl_dark.css
17:23:18.319 [FXGL Background Thread 1 ] DEBUG GameApplicationServi - Initializing application scenes
17:23:18.363 [FXGL Background Thread 1 ] DEBUG GameWorld            - Game world initialized
17:23:18.432 [FXGL Background Thread 1 ] DEBUG PhysicsWorld         - Physics world initialized: appHeight=1080, physics.ppm=50,0
17:23:18.433 [FXGL Background Thread 1 ] DEBUG PhysicsWorld         - Using strategy: BRUTE_FORCE
17:23:18.438 [FXGL Background Thread 1 ] DEBUG GameScene            - Game scene initialized: 1920x1080
17:23:18.444 [FXGL Background Thread 1 ] DEBUG FXGLAssetLoaderServi - Loading from file system: file:/C:/Users/alprn/AppData/Roaming/Code/User/workspaceStorage/c8b7dba4efe1b0e459f97f065891f12a/redhat.java/jdt_ws/CS102PROJECT_F-NAL_41cfdb4e/bin/assets/textures/mainmenu.png
17:23:18.636 [FXGL Background Thread 1 ] DEBUG FXGLAssetLoaderServi - Loading from file system: file:/C:/Users/alprn/AppData/Roaming/Code/User/workspaceStorage/c8b7dba4efe1b0e459f97f065891f12a/redhat.java/jdt_ws/CS102PROJECT_F-NAL_41cfdb4e/bin/assets/textures/credits.png
17:23:18.690 [FXGL Background Thread 1 ] DEBUG FXGLAssetLoaderServi - Loading from file system: file:/C:/Users/alprn/AppData/Roaming/Code/User/workspaceStorage/c8b7dba4efe1b0e459f97f065891f12a/redhat.java/jdt_ws/CS102PROJECT_F-NAL_41cfdb4e/bin/assets/textures/gameMenu.png
17:23:18.743 [FXGL Background Thread 1 ] DEBUG GameApplicationServi - Application scenes initialized
17:23:18.757 [FXGL Background Thread 1 ] DEBUG SystemBundleService  - Loading FXGL system data
17:23:18.762 [FXGL Background Thread 1 ] DEBUG FileSystemAccess     - Reading from: C:\Users\alprn\Desktop\Kafayı Yemeden proje bitirmece\CS102PROJECT_F-NAL\system\fxgl.bundle
17:23:18.774 [FXGL Background Thread 1 ] DEBUG SystemBundleService  - Bundle FXGL: {}
17:23:18.774 [FXGL Background Thread 1 ] DEBUG UpdaterService       - Checking for updates
17:23:18.780 [FXGL Background Thread 4 ] DEBUG FXGLApplication      - Loading fonts
17:23:18.780 [FXGL Background Thread 1 ] DEBUG FXGLApplication      - Loading default localization
17:23:18.782 [FXGL Background Thread 1 ] WARN  FXGLAssetLoaderServi - Asset "/assets/languages/englısh.lang" was not found!
17:23:18.787 [FXGL Background Thread 1 ] WARN  FXGLAssetLoaderServi - Failed to load PROPERTY_MAP
17:23:18.795 [FXGL Background Thread 1 ] INFO  FXGLApplication      - FXGL initialization took: 0,581 sec
17:23:18.799 [JavaFX Application Thread] DEBUG FXGLAssetLoaderServi - Loading from file system: jar:file:/C:/Users/alprn/Downloads/fxgl-17.3-uber.jar!/fxglassets/textures/fxgl_icon.png
17:23:18.815 [JavaFX Application Thread] DEBUG FXGLAssetLoaderServi - Loading from file system: jar:file:/C:/Users/alprn/Downloads/fxgl-17.3-uber.jar!/fxglassets/textures/fxgl_default_cursor.png
17:23:18.829 [JavaFX Application Thread] DEBUG Input                - Registered new binding: Screenshot - CTRL+8
17:23:18.830 [JavaFX Application Thread] DEBUG Input                - Registered new binding: System info dump - CTRL+9
17:23:18.831 [JavaFX Application Thread] DEBUG Input                - Registered new binding: Restart - CTRL+R
17:23:18.832 [JavaFX Application Thread] DEBUG Input                - Registered new binding: Toggle Debug Camera - CTRL+7
17:23:18.835 [JavaFX Application Thread] DEBUG LoopRunner           - Starting loop
17:23:18.835 [JavaFX Application Thread] DEBUG LoopRunner           - Initializing JavaFX AnimationTimerLoop
17:23:18.838 [JavaFX Application Thread] DEBUG Input                - Clearing active input actions
17:23:18.847 [JavaFX Application Thread] DEBUG GameApplicationServi - Removing overlay from FXGLStartupScene and adding to FXGLMainMenuDummyScene
17:23:18.847 [JavaFX Application Thread] DEBUG PrimaryStageWindow   - FXGLStartupScene -> FXGLMainMenuDummyScene
17:23:18.847 [JavaFX Application Thread] DEBUG PrimaryStageWindow   - Push state: SpaceGameMainMenu
17:23:18.848 [JavaFX Application Thread] DEBUG Input                - Clearing active input actions
17:23:18.856 [JavaFX Application Thread] DEBUG GameApplicationServi - Removing overlay from FXGLMainMenuDummyScene and adding to SpaceGameMainMenu
17:23:18.857 [JavaFX Application Thread] DEBUG PrimaryStageWindow   - FXGLMainMenuDummyScene -> SpaceGameMainMenu
17:23:18.881 [FXGL Background Thread 4 ] DEBUG FXGLAssetLoaderServi - Loading from file system: jar:file:/C:/Users/alprn/Downloads/fxgl-17.3-uber.jar!/fxglassets/ui/fonts/Abel-Regular.ttf
17:23:18.884 [FXGL Background Thread 4 ] DEBUG FXGLAssetLoaderServi - Loading from file system: jar:file:/C:/Users/alprn/Downloads/fxgl-17.3-uber.jar!/fxglassets/ui/fonts/TerminalLandMono-Regular.otf
17:23:18.888 [FXGL Background Thread 4 ] DEBUG FXGLAssetLoaderServi - Loading from file system: jar:file:/C:/Users/alprn/Downloads/fxgl-17.3-uber.jar!/fxglassets/ui/fonts/Courier-Prime.ttf
17:23:18.900 [JavaFX Application Thread] DEBUG FXGLApplication      - Registering font factories with UI factory
17:23:20.325 [JavaFX Application Thread] DEBUG Menu                 - fireNewGame()
17:23:20.325 [JavaFX Application Thread] DEBUG GameApplicationServi - Starting new game
17:23:20.326 [JavaFX Application Thread] DEBUG PrimaryStageWindow   - Pop state: SpaceGameMainMenu
17:23:20.326 [JavaFX Application Thread] DEBUG Input                - Clearing active input actions
17:23:20.326 [JavaFX Application Thread] DEBUG GameApplicationServi - Removing overlay from SpaceGameMainMenu and adding to FXGLMainMenuDummyScene
17:23:20.327 [JavaFX Application Thread] DEBUG PrimaryStageWindow   - FXGLMainMenuDummyScene <- SpaceGameMainMenu
17:23:20.327 [JavaFX Application Thread] DEBUG Input                - Clearing active input actions
17:23:20.336 [JavaFX Application Thread] DEBUG GameApplicationServi - Removing overlay from FXGLMainMenuDummyScene and adding to FXGLLoadingScene
17:23:20.337 [JavaFX Application Thread] DEBUG PrimaryStageWindow   - FXGLMainMenuDummyScene -> FXGLLoadingScene
17:23:20.337 [JavaFX Application Thread] DEBUG GameApplicationServi - Clearing previous game
17:23:20.337 [JavaFX Application Thread] DEBUG GameScene            - Clearing game scene
17:23:20.337 [JavaFX Application Thread] DEBUG GameWorld            - Clearing game world
17:23:20.337 [JavaFX Application Thread] DEBUG PhysicsWorld         - Clearing physics world
17:23:20.339 [FXGL Background Thread 2 ] DEBUG FXGLApplication      - Initializing game
17:23:20.342 [FXGL Background Thread 2 ] INFO  FXGLApplication      - Game initialization took: 0,003 sec
17:23:20.402 [JavaFX Application Thread] DEBUG Input                - Clearing active input actions
17:23:20.408 [JavaFX Application Thread] DEBUG GameApplicationServi - Removing overlay from FXGLLoadingScene and adding to GameScene
17:23:20.408 [JavaFX Application Thread] DEBUG PrimaryStageWindow   - FXGLLoadingScene -> GameScene
17:23:20.593 [JavaFX Application Thread] DEBUG PrimaryStageWindow   - Push state: SpaceGamePauseMenu
17:23:20.593 [JavaFX Application Thread] DEBUG Input                - Clearing active input actions
17:23:20.594 [JavaFX Application Thread] DEBUG GameApplicationServi - Removing overlay from GameScene and adding to SpaceGamePauseMenu
17:23:20.594 [JavaFX Application Thread] DEBUG PrimaryStageWindow   - GameScene -> SpaceGamePauseMenu
17:23:21.778 [FXGL Background Thread 3 ] DEBUG Engine               - Logging environment variables
17:23:21.778 [FXGL Background Thread 3 ] DEBUG Engine               - achievements: []
17:23:21.778 [FXGL Background Thread 3 ] DEBUG Engine               - actualHeight: 815.0
17:23:21.778 [FXGL Background Thread 3 ] DEBUG Engine               - actualHeightProperty: ReadOnlyDoubleProperty [value: 815.0]
17:23:21.778 [FXGL Background Thread 3 ] DEBUG Engine               - actualWidth: 1425.0
17:23:21.778 [FXGL Background Thread 3 ] DEBUG Engine               - actualWidthProperty: ReadOnlyDoubleProperty [value: 1425.0]
17:23:21.778 [FXGL Background Thread 3 ] DEBUG Engine               - appIcon: fxgl_icon.png
17:23:21.779 [FXGL Background Thread 3 ] DEBUG Engine               - applicationMode: DEVELOPER
17:23:21.779 [FXGL Background Thread 3 ] DEBUG Engine               - cSSList: [fxgl_dark.css]
17:23:21.779 [FXGL Background Thread 3 ] DEBUG Engine               - collisionDetectionStrategy: BRUTE_FORCE
17:23:21.779 [FXGL Background Thread 3 ] DEBUG Engine               - configClass: Optional.empty
17:23:21.779 [FXGL Background Thread 3 ] DEBUG Engine               - credits: []
17:23:21.780 [FXGL Background Thread 3 ] DEBUG Engine               - defaultCursor: CursorInfo(imageName=fxgl_default_cursor.png, hotspotX=7.0, hotspotY=6.0)
17:23:21.780 [FXGL Background Thread 3 ] DEBUG Engine               - devBBoxColorProperty: ObjectProperty [value: 0xff0000ff]
17:23:21.780 [FXGL Background Thread 3 ] DEBUG Engine               - devEnableDebugCameraProperty: BooleanProperty [value: false]
17:23:21.780 [FXGL Background Thread 3 ] DEBUG Engine               - devSensorColorProperty: ObjectProperty [value: 0xffff00ff]
17:23:21.780 [FXGL Background Thread 3 ] DEBUG Engine               - devShowBBoxProperty: BooleanProperty [value: false]
17:23:21.780 [FXGL Background Thread 3 ] DEBUG Engine               - devShowPositionProperty: BooleanProperty [value: false]
17:23:21.780 [FXGL Background Thread 3 ] DEBUG Engine               - enabledMenuItems: []
17:23:21.780 [FXGL Background Thread 3 ] DEBUG Engine               - engineServices: [class com.almasb.fxgl.app.services.FXGLAssetLoaderService, class com.almasb.fxgl.app.FXGLApplication$GameApplicationService, class com.almasb.fxgl.app.services.FXGLDialogService, class com.almasb.fxgl.app.services.IOTaskExecutorService, class com.almasb.fxgl.io.FileSystemService, class com.almasb.fxgl.localization.LocalizationService, class com.almasb.fxgl.app.services.SystemBundleService, class com.almasb.fxgl.profile.SaveLoadService, class com.almasb.fxgl.ui.FXGLUIFactoryServiceProvider, class com.almasb.fxgl.ui.FXGLDialogFactoryServiceProvider, class com.almasb.fxgl.audio.AudioPlayer, class com.almasb.fxgl.notification.impl.NotificationServiceProvider, class com.almasb.fxgl.achievement.AchievementService, class com.almasb.fxgl.cutscene.CutsceneService, class com.almasb.fxgl.minigames.MiniGameService, class com.almasb.fxgl.net.NetService, class com.almasb.fxgl.app.services.UpdaterService, class com.almasb.fxgl.dev.DevService]
17:23:21.780 [FXGL Background Thread 3 ] DEBUG Engine               - fontGame: Abel-Regular.ttf
17:23:21.780 [FXGL Background Thread 3 ] DEBUG Engine               - fontMono: TerminalLandMono-Regular.otf
17:23:21.780 [FXGL Background Thread 3 ] DEBUG Engine               - fontSizeScaleUI: 1.0
17:23:21.780 [FXGL Background Thread 3 ] DEBUG Engine               - fontText: Courier-Prime.ttf
17:23:21.781 [FXGL Background Thread 3 ] DEBUG Engine               - fontUI: VarelaRound-Regular.ttf
17:23:21.781 [FXGL Background Thread 3 ] DEBUG Engine               - fullScreen: BooleanProperty [value: false]
17:23:21.781 [FXGL Background Thread 3 ] DEBUG Engine               - gameDifficulty: MEDIUM
17:23:21.781 [FXGL Background Thread 3 ] DEBUG Engine               - gameDifficultyProperty: ObjectProperty [value: MEDIUM]
17:23:21.781 [FXGL Background Thread 3 ] DEBUG Engine               - globalMusicVolume: 0.5
17:23:21.781 [FXGL Background Thread 3 ] DEBUG Engine               - globalMusicVolumeProperty: DoubleProperty [value: 0.5]
17:23:21.781 [FXGL Background Thread 3 ] DEBUG Engine               - globalSoundVolume: 0.5
17:23:21.781 [FXGL Background Thread 3 ] DEBUG Engine               - globalSoundVolumeProperty: DoubleProperty [value: 0.5]
17:23:21.781 [FXGL Background Thread 3 ] DEBUG Engine               - height: 1080
17:23:21.781 [FXGL Background Thread 3 ] DEBUG Engine               - is3D: false
17:23:21.782 [FXGL Background Thread 3 ] DEBUG Engine               - isAndroid: false
17:23:21.782 [FXGL Background Thread 3 ] DEBUG Engine               - isBrowser: false
17:23:21.782 [FXGL Background Thread 3 ] DEBUG Engine               - isClickFeedbackEnabled: false
17:23:21.782 [FXGL Background Thread 3 ] DEBUG Engine               - isCloseConfirmation: false
17:23:21.782 [FXGL Background Thread 3 ] DEBUG Engine               - isDesktop: true
17:23:21.782 [FXGL Background Thread 3 ] DEBUG Engine               - isDeveloperMenuEnabled: false
17:23:21.782 [FXGL Background Thread 3 ] DEBUG Engine               - isEmbedded: false
17:23:21.782 [FXGL Background Thread 3 ] DEBUG Engine               - isEntityPreloadEnabled: true
17:23:21.782 [FXGL Background Thread 3 ] DEBUG Engine               - isExperimentalTiledLargeMap: false
17:23:21.782 [FXGL Background Thread 3 ] DEBUG Engine               - isFileSystemWriteAllowed: true
17:23:21.782 [FXGL Background Thread 3 ] DEBUG Engine               - isFullScreenAllowed: false
17:23:21.782 [FXGL Background Thread 3 ] DEBUG Engine               - isFullScreenFromStart: false
17:23:21.782 [FXGL Background Thread 3 ] DEBUG Engine               - isGameMenuEnabled: true
17:23:21.782 [FXGL Background Thread 3 ] DEBUG Engine               - isIOS: false
17:23:21.782 [FXGL Background Thread 3 ] DEBUG Engine               - isIntroEnabled: false
17:23:21.782 [FXGL Background Thread 3 ] DEBUG Engine               - isLinux: false
17:23:21.782 [FXGL Background Thread 3 ] DEBUG Engine               - isMac: false
17:23:21.782 [FXGL Background Thread 3 ] DEBUG Engine               - isMainMenuEnabled: true
17:23:21.782 [FXGL Background Thread 3 ] DEBUG Engine               - isManualResizeEnabled: false
17:23:21.782 [FXGL Background Thread 3 ] DEBUG Engine               - isMobile: false
17:23:21.782 [FXGL Background Thread 3 ] DEBUG Engine               - isNative: false
17:23:21.782 [FXGL Background Thread 3 ] DEBUG Engine               - isPauseMusicWhenMinimized: true
17:23:21.783 [FXGL Background Thread 3 ] DEBUG Engine               - isPreserveResizeRatio: false
17:23:21.783 [FXGL Background Thread 3 ] DEBUG Engine               - isProfilingEnabled: false
17:23:21.783 [FXGL Background Thread 3 ] DEBUG Engine               - isScaleAffectedOnResize: true
17:23:21.783 [FXGL Background Thread 3 ] DEBUG Engine               - isSingleStep: false
17:23:21.783 [FXGL Background Thread 3 ] DEBUG Engine               - isUserProfileEnabled: false
17:23:21.783 [FXGL Background Thread 3 ] DEBUG Engine               - isWindows: true
17:23:21.783 [FXGL Background Thread 3 ] DEBUG Engine               - language: ObjectProperty [value: ENGLISH]
17:23:21.783 [FXGL Background Thread 3 ] DEBUG Engine               - menuKey: ESCAPE
17:23:21.783 [FXGL Background Thread 3 ] DEBUG Engine               - mouseSensitivity: 0.2
17:23:21.783 [FXGL Background Thread 3 ] DEBUG Engine               - notificationViewClass: class com.almasb.fxgl.notification.view.XboxNotificationView
17:23:21.783 [FXGL Background Thread 3 ] DEBUG Engine               - pixelsPerMeter: 50.0
17:23:21.783 [FXGL Background Thread 3 ] DEBUG Engine               - platform: WINDOWS
17:23:21.783 [FXGL Background Thread 3 ] DEBUG Engine               - prefHeightProperty: ReadOnlyDoubleProperty [value: 1080.0]
17:23:21.783 [FXGL Background Thread 3 ] DEBUG Engine               - prefWidthProperty: ReadOnlyDoubleProperty [value: 1920.0]
17:23:21.783 [FXGL Background Thread 3 ] DEBUG Engine               - profileDir: profiles/
17:23:21.783 [FXGL Background Thread 3 ] DEBUG Engine               - profileName: StringProperty [value: DEFAULT]
17:23:21.783 [FXGL Background Thread 3 ] DEBUG Engine               - randomSeed: -1
17:23:21.784 [FXGL Background Thread 3 ] DEBUG Engine               - runtimeInfo: RuntimeInfo(platform=WINDOWS, version=17.3, build=30.03.2023 11.54)
17:23:21.784 [FXGL Background Thread 3 ] DEBUG Engine               - saveFileExt: sav
17:23:21.784 [FXGL Background Thread 3 ] DEBUG Engine               - scaledHeightProp$fxgl: DoubleProperty [bound, value: 815.0]
17:23:21.784 [FXGL Background Thread 3 ] DEBUG Engine               - scaledWidthProp$fxgl: DoubleProperty [bound, value: 1425.0]
17:23:21.784 [FXGL Background Thread 3 ] DEBUG Engine               - sceneFactory: main.spacegame.SpaceGameApp$1@5f293653
17:23:21.784 [FXGL Background Thread 3 ] DEBUG Engine               - secondsIn24h: 60
17:23:21.784 [FXGL Background Thread 3 ] DEBUG Engine               - soundMenuBack: menu/back.wav
17:23:21.784 [FXGL Background Thread 3 ] DEBUG Engine               - soundMenuPress: menu/press.wav
17:23:21.784 [FXGL Background Thread 3 ] DEBUG Engine               - soundMenuSelect: menu/select.wav
17:23:21.784 [FXGL Background Thread 3 ] DEBUG Engine               - soundNotification: core/notification.wav
17:23:21.784 [FXGL Background Thread 3 ] DEBUG Engine               - stageStyle: DECORATED
17:23:21.784 [FXGL Background Thread 3 ] DEBUG Engine               - supportedLanguages: [ENGLISH, FRENCH, GERMAN, HUNGARIAN, RUSSIAN]
17:23:21.784 [FXGL Background Thread 3 ] DEBUG Engine               - ticksPerSecond: -1
17:23:21.784 [FXGL Background Thread 3 ] DEBUG Engine               - title: Space_Game
17:23:21.784 [FXGL Background Thread 3 ] DEBUG Engine               - urlGithub: https://github.com/AlmasB/FXGL
17:23:21.784 [FXGL Background Thread 3 ] DEBUG Engine               - urlLeaderboard: http://fxgl-top.herokuapp.com/
17:23:21.784 [FXGL Background Thread 3 ] DEBUG Engine               - urlPOM: https://raw.githubusercontent.com/AlmasB/FXGL/release/README.md
17:23:21.785 [FXGL Background Thread 3 ] DEBUG Engine               - userAppClass: class main.spacegame.SpaceGameApp
17:23:21.785 [FXGL Background Thread 3 ] DEBUG Engine               - version: 1.0
17:23:21.785 [FXGL Background Thread 3 ] DEBUG Engine               - versionCheckDays: 7
17:23:21.785 [FXGL Background Thread 3 ] DEBUG Engine               - width: 1920
17:23:21.785 [FXGL Background Thread 3 ] DEBUG Engine               - Logging services
17:23:21.785 [FXGL Background Thread 3 ] DEBUG Engine               - class com.almasb.fxgl.app.services.FXGLAssetLoaderService
17:23:21.785 [FXGL Background Thread 3 ] DEBUG Engine               - class com.almasb.fxgl.app.FXGLApplication$GameApplicationService
17:23:21.785 [FXGL Background Thread 3 ] DEBUG Engine               - class com.almasb.fxgl.app.services.FXGLDialogService
17:23:21.785 [FXGL Background Thread 3 ] DEBUG Engine               - class com.almasb.fxgl.app.services.IOTaskExecutorService
17:23:21.785 [FXGL Background Thread 3 ] DEBUG Engine               - class com.almasb.fxgl.io.FileSystemService
17:23:21.785 [FXGL Background Thread 3 ] DEBUG Engine               - class com.almasb.fxgl.localization.LocalizationService
17:23:21.785 [FXGL Background Thread 3 ] DEBUG Engine               - class com.almasb.fxgl.app.services.SystemBundleService
17:23:21.785 [FXGL Background Thread 3 ] DEBUG Engine               - class com.almasb.fxgl.profile.SaveLoadService
17:23:21.785 [FXGL Background Thread 3 ] DEBUG Engine               - class com.almasb.fxgl.ui.FXGLUIFactoryServiceProvider
17:23:21.785 [FXGL Background Thread 3 ] DEBUG Engine               - class com.almasb.fxgl.ui.FXGLDialogFactoryServiceProvider
17:23:21.785 [FXGL Background Thread 3 ] DEBUG Engine               - class com.almasb.fxgl.audio.AudioPlayer
17:23:21.785 [FXGL Background Thread 3 ] DEBUG Engine               - class com.almasb.fxgl.notification.impl.NotificationServiceProvider
17:23:21.785 [FXGL Background Thread 3 ] DEBUG Engine               - class com.almasb.fxgl.achievement.AchievementService
17:23:21.785 [FXGL Background Thread 3 ] DEBUG Engine               - class com.almasb.fxgl.cutscene.CutsceneService
17:23:21.785 [FXGL Background Thread 3 ] DEBUG Engine               - class com.almasb.fxgl.minigames.MiniGameService
17:23:21.785 [FXGL Background Thread 3 ] DEBUG Engine               - class com.almasb.fxgl.net.NetService
17:23:21.785 [FXGL Background Thread 3 ] DEBUG Engine               - class com.almasb.fxgl.app.services.UpdaterService
17:23:21.785 [FXGL Background Thread 3 ] DEBUG Engine               - class com.almasb.fxgl.dev.DevService
17:23:22.339 [JavaFX Application Thread] DEBUG PrimaryStageWindow   - Pop state: SpaceGamePauseMenu
17:23:22.339 [JavaFX Application Thread] DEBUG Input                - Clearing active input actions
17:23:22.339 [JavaFX Application Thread] DEBUG GameApplicationServi - Removing overlay from SpaceGamePauseMenu and adding to GameScene
17:23:22.339 [JavaFX Application Thread] DEBUG PrimaryStageWindow   - GameScene <- SpaceGamePauseMenu
17:23:23.269 [JavaFX Application Thread] DEBUG PrimaryStageWindow   - Push state: SpaceGamePauseMenu
17:23:23.270 [JavaFX Application Thread] DEBUG Input                - Clearing active input actions
17:23:23.270 [JavaFX Application Thread] DEBUG GameApplicationServi - Removing overlay from GameScene and adding to SpaceGamePauseMenu
17:23:23.270 [JavaFX Application Thread] DEBUG PrimaryStageWindow   - GameScene -> SpaceGamePauseMenu
17:23:28.519 [JavaFX Application Thread] DEBUG FXGLApplication      - Exiting FXGL
17:23:28.519 [JavaFX Application Thread] DEBUG LoopRunner           - Stopping loop
17:23:28.519 [JavaFX Application Thread] DEBUG SystemBundleService  - Saving FXGL system data
17:23:28.521 [JavaFX Application Thread] DEBUG FileSystemAccess     - Writing to: C:\Users\alprn\Desktop\Kafayı Yemeden proje bitirmece\CS102PROJECT_F-NAL\system\fxgl.bundle
17:23:28.522 [JavaFX Application Thread] DEBUG Async                - Shutting down background threads
17:23:28.523 [JavaFX Application Thread] DEBUG PrimaryStageWindow   - Closing main window
17:23:28.529 [JavaFX Application Thread] DEBUG Logger               - Closing Logger
