16:29:09.274 [main                     ] DEBUG Logger               - Configured Logger
16:29:09.291 [main                     ] DEBUG GameApplication      - Logging settings
Title: Space_Game
Version: 1.0
Width: 1920
Height: 1080
Fullscreen: true
Intro: false
Profiling: true
Single step:false
App Mode: DEVELOPER
Menu Key: ESCAPE
Stage Style: DECORATED
Scene Factory: class main.spacegame.SpaceGameApp$1

16:29:09.574 [JavaFX Application Thread] DEBUG FXGLApplication      - Initializing FXGL
16:29:09.577 [JavaFX Application Thread] INFO  Engine               - FXGL-17.3 (30.03.2023 11.54) on WINDOWS (J:19 FX:20)
16:29:09.578 [JavaFX Application Thread] DEBUG Engine               - JRE Vendor Name: Oracle Corporation
16:29:09.578 [JavaFX Application Thread] DEBUG Engine               - Running on OS: Windows 11 version 10.0
16:29:09.578 [JavaFX Application Thread] DEBUG Engine               - Architecture: amd64
16:29:09.578 [JavaFX Application Thread] INFO  Engine               - Source code and latest versions at: https://github.com/AlmasB/FXGL
16:29:09.578 [JavaFX Application Thread] INFO  Engine               -       Ask questions and discuss at: https://github.com/AlmasB/FXGL/discussions
16:29:09.579 [JavaFX Application Thread] INFO  Engine               -              Join the FXGL chat at: https://gitter.im/AlmasB/FXGL
16:29:09.673 [JavaFX Application Thread] DEBUG PrimaryStageWindow   - Creating a JavaFX scene
16:29:09.673 [JavaFX Application Thread] DEBUG PrimaryStageWindow   - Target size > screen size
16:29:09.710 [JavaFX Application Thread] DEBUG PrimaryStageWindow   - Target settings size: 1920.0 x 1080.0
16:29:09.711 [JavaFX Application Thread] DEBUG PrimaryStageWindow   - Scaled scene size:    1511.0 x 864.0
16:29:09.711 [JavaFX Application Thread] DEBUG PrimaryStageWindow   - Scaled ratio: (0.7869791666666667, 0.8)
16:29:09.711 [JavaFX Application Thread] DEBUG PrimaryStageWindow   - Set initial scene to FXGLStartupScene
16:29:09.716 [JavaFX Application Thread] DEBUG PrimaryStageWindow   - Opening main window
16:29:09.777 [JavaFX Application Thread] DEBUG PrimaryStageWindow   - Window border size: (14.5999755859375, 37.5999755859375)
16:29:09.777 [JavaFX Application Thread] DEBUG PrimaryStageWindow   - Scaled size: 1511.0 x 864.0
16:29:09.777 [JavaFX Application Thread] DEBUG PrimaryStageWindow   - Scaled ratio: (0.7869791666666667, 0.8)
16:29:09.777 [JavaFX Application Thread] DEBUG PrimaryStageWindow   - Scene size: 1511.0 x 864.0
16:29:09.777 [JavaFX Application Thread] DEBUG PrimaryStageWindow   - Stage size: 1525.5999755859375 x 901.5999755859375
16:29:09.855 [JavaFX Application Thread] DEBUG PrimaryStageWindow   - Going fullscreen
16:29:09.868 [FXGL Background Thread 1 ] DEBUG Engine               - Initializing environment variables
16:29:09.921 [FXGL Background Thread 1 ] DEBUG FXGLAssetLoaderServi - User app class for loading assets: class main.spacegame.SpaceGameApp
16:29:09.921 [FXGL Background Thread 1 ] DEBUG GameApplicationServi - Applying CSS: fxgl_dark.css
16:29:09.921 [FXGL Background Thread 1 ] DEBUG FXGLAssetLoaderServi - Loading from file system: jar:file:/C:/Users/alprn/Downloads/fxgl-17.3-uber.jar!/fxglassets/ui/css/fxgl_dark.css
16:29:09.952 [FXGL Background Thread 1 ] DEBUG GameApplicationServi - Initializing application scenes
16:29:09.987 [FXGL Background Thread 1 ] DEBUG GameWorld            - Game world initialized
16:29:10.034 [FXGL Background Thread 1 ] DEBUG PhysicsWorld         - Physics world initialized: appHeight=1080, physics.ppm=50,0
16:29:10.034 [FXGL Background Thread 1 ] DEBUG PhysicsWorld         - Using strategy: GRID_INDEXING
16:29:10.038 [FXGL Background Thread 1 ] DEBUG GameScene            - Game scene initialized: 1920x1080
16:29:10.041 [FXGL Background Thread 1 ] DEBUG FXGLAssetLoaderServi - Loading from file system: file:/C:/Users/alprn/AppData/Roaming/Code/User/workspaceStorage/78d877b89292864788bc45c330f464d6/redhat.java/jdt_ws/CS102PROJECT_F-NAL-1_21edc4da/bin/assets/textures/mainmenu.png
16:29:10.165 [FXGL Background Thread 1 ] DEBUG FXGLAssetLoaderServi - Loading from file system: file:/C:/Users/alprn/AppData/Roaming/Code/User/workspaceStorage/78d877b89292864788bc45c330f464d6/redhat.java/jdt_ws/CS102PROJECT_F-NAL-1_21edc4da/bin/assets/textures/credits.png
16:29:10.191 [FXGL Background Thread 1 ] DEBUG FXGLAssetLoaderServi - Loading from file system: file:/C:/Users/alprn/AppData/Roaming/Code/User/workspaceStorage/78d877b89292864788bc45c330f464d6/redhat.java/jdt_ws/CS102PROJECT_F-NAL-1_21edc4da/bin/assets/textures/gameMenu.png
16:29:10.222 [FXGL Background Thread 1 ] DEBUG GameApplicationServi - Application scenes initialized
16:29:10.230 [FXGL Background Thread 1 ] DEBUG SystemBundleService  - Loading FXGL system data
16:29:10.233 [FXGL Background Thread 1 ] DEBUG FileSystemAccess     - Reading from: C:\Users\alprn\CS102PROJECT_F-NAL-1\system\fxgl.bundle
16:29:10.240 [FXGL Background Thread 1 ] DEBUG SystemBundleService  - Bundle FXGL: {}
16:29:10.240 [FXGL Background Thread 1 ] DEBUG UpdaterService       - Checking for updates
16:29:10.251 [FXGL Background Thread 4 ] DEBUG FXGLApplication      - Loading fonts
16:29:10.251 [FXGL Background Thread 4 ] DEBUG FXGLAssetLoaderServi - Loading from file system: jar:file:/C:/Users/alprn/Downloads/fxgl-17.3-uber.jar!/fxglassets/ui/fonts/VarelaRound-Regular.ttf
16:29:10.251 [FXGL Background Thread 1 ] DEBUG FXGLApplication      - Loading default localization
16:29:10.253 [FXGL Background Thread 1 ] WARN  FXGLAssetLoaderServi - Asset "/assets/languages/englısh.lang" was not found!
16:29:10.255 [FXGL Background Thread 1 ] WARN  FXGLAssetLoaderServi - Failed to load PROPERTY_MAP
16:29:10.260 [FXGL Background Thread 1 ] INFO  FXGLApplication      - FXGL initialization took: 0,393 sec
16:29:10.270 [JavaFX Application Thread] DEBUG Input                - Registered new binding: action0 - V
16:29:10.271 [JavaFX Application Thread] DEBUG Input                - Registered new binding: Up - W
16:29:10.271 [JavaFX Application Thread] DEBUG Input                - Registered new binding: Down - S
16:29:10.271 [JavaFX Application Thread] DEBUG Input                - Registered new binding: Left - A
16:29:10.271 [JavaFX Application Thread] DEBUG Input                - Registered new binding: Right - D
16:29:10.272 [JavaFX Application Thread] DEBUG Input                - Registered new binding: Shoot Mouse - LMB
16:29:10.273 [JavaFX Application Thread] DEBUG FXGLAssetLoaderServi - Loading from file system: jar:file:/C:/Users/alprn/Downloads/fxgl-17.3-uber.jar!/fxglassets/textures/fxgl_icon.png
16:29:10.295 [JavaFX Application Thread] DEBUG FXGLAssetLoaderServi - Loading from file system: jar:file:/C:/Users/alprn/Downloads/fxgl-17.3-uber.jar!/fxglassets/textures/fxgl_default_cursor.png
16:29:10.297 [JavaFX Application Thread] DEBUG Input                - Registered new binding: Screenshot - CTRL+8
16:29:10.298 [JavaFX Application Thread] DEBUG Input                - Registered new binding: System info dump - CTRL+9
16:29:10.298 [JavaFX Application Thread] DEBUG Input                - Registered new binding: Restart - CTRL+R
16:29:10.298 [JavaFX Application Thread] DEBUG Input                - Registered new binding: Toggle Debug Camera - CTRL+7
16:29:10.302 [JavaFX Application Thread] DEBUG LoopRunner           - Starting loop
16:29:10.302 [JavaFX Application Thread] DEBUG LoopRunner           - Initializing JavaFX AnimationTimerLoop
16:29:10.305 [JavaFX Application Thread] DEBUG Input                - Clearing active input actions
16:29:10.306 [FXGL Background Thread 4 ] DEBUG FXGLAssetLoaderServi - Loading from file system: jar:file:/C:/Users/alprn/Downloads/fxgl-17.3-uber.jar!/fxglassets/ui/fonts/Abel-Regular.ttf
16:29:10.311 [JavaFX Application Thread] DEBUG GameApplicationServi - Removing overlay from FXGLStartupScene and adding to FXGLMainMenuDummyScene
16:29:10.314 [JavaFX Application Thread] DEBUG PrimaryStageWindow   - FXGLStartupScene -> FXGLMainMenuDummyScene
16:29:10.315 [JavaFX Application Thread] DEBUG PrimaryStageWindow   - Push state: SpaceGameMainMenu
16:29:10.315 [JavaFX Application Thread] DEBUG Input                - Clearing active input actions
16:29:10.316 [FXGL Background Thread 4 ] DEBUG FXGLAssetLoaderServi - Loading from file system: jar:file:/C:/Users/alprn/Downloads/fxgl-17.3-uber.jar!/fxglassets/ui/fonts/TerminalLandMono-Regular.otf
16:29:10.319 [JavaFX Application Thread] DEBUG GameApplicationServi - Removing overlay from FXGLMainMenuDummyScene and adding to SpaceGameMainMenu
16:29:10.320 [FXGL Background Thread 4 ] DEBUG FXGLAssetLoaderServi - Loading from file system: jar:file:/C:/Users/alprn/Downloads/fxgl-17.3-uber.jar!/fxglassets/ui/fonts/Courier-Prime.ttf
16:29:10.323 [JavaFX Application Thread] DEBUG PrimaryStageWindow   - FXGLMainMenuDummyScene -> SpaceGameMainMenu
16:29:10.358 [JavaFX Application Thread] DEBUG FXGLApplication      - Registering font factories with UI factory
16:29:13.251 [FXGL Background Thread 3 ] DEBUG Engine               - Logging environment variables
16:29:13.251 [FXGL Background Thread 3 ] DEBUG Engine               - achievements: []
16:29:13.251 [FXGL Background Thread 3 ] DEBUG Engine               - actualHeight: 864.0
16:29:13.251 [FXGL Background Thread 3 ] DEBUG Engine               - actualHeightProperty: ReadOnlyDoubleProperty [value: 864.0]
16:29:13.251 [FXGL Background Thread 3 ] DEBUG Engine               - actualWidth: 1536.0
16:29:13.251 [FXGL Background Thread 3 ] DEBUG Engine               - actualWidthProperty: ReadOnlyDoubleProperty [value: 1536.0]
16:29:13.252 [FXGL Background Thread 3 ] DEBUG Engine               - appIcon: fxgl_icon.png
16:29:13.252 [FXGL Background Thread 3 ] DEBUG Engine               - applicationMode: DEVELOPER
16:29:13.252 [FXGL Background Thread 3 ] DEBUG Engine               - cSSList: [fxgl_dark.css]
16:29:13.252 [FXGL Background Thread 3 ] DEBUG Engine               - collisionDetectionStrategy: GRID_INDEXING
16:29:13.252 [FXGL Background Thread 3 ] DEBUG Engine               - configClass: Optional.empty
16:29:13.252 [FXGL Background Thread 3 ] DEBUG Engine               - credits: []
16:29:13.253 [FXGL Background Thread 3 ] DEBUG Engine               - defaultCursor: CursorInfo(imageName=fxgl_default_cursor.png, hotspotX=7.0, hotspotY=6.0)
16:29:13.253 [FXGL Background Thread 3 ] DEBUG Engine               - devBBoxColorProperty: ObjectProperty [value: 0xff0000ff]
16:29:13.253 [FXGL Background Thread 3 ] DEBUG Engine               - devEnableDebugCameraProperty: BooleanProperty [value: false]
16:29:13.253 [FXGL Background Thread 3 ] DEBUG Engine               - devSensorColorProperty: ObjectProperty [value: 0xffff00ff]
16:29:13.253 [FXGL Background Thread 3 ] DEBUG Engine               - devShowBBoxProperty: BooleanProperty [value: false]
16:29:13.253 [FXGL Background Thread 3 ] DEBUG Engine               - devShowPositionProperty: BooleanProperty [value: false]
16:29:13.253 [FXGL Background Thread 3 ] DEBUG Engine               - enabledMenuItems: []
16:29:13.254 [FXGL Background Thread 3 ] DEBUG Engine               - engineServices: [class com.almasb.fxgl.app.services.FXGLAssetLoaderService, class com.almasb.fxgl.app.FXGLApplication$GameApplicationService, class com.almasb.fxgl.app.services.FXGLDialogService, class com.almasb.fxgl.app.services.IOTaskExecutorService, class com.almasb.fxgl.io.FileSystemService, class com.almasb.fxgl.localization.LocalizationService, class com.almasb.fxgl.app.services.SystemBundleService, class com.almasb.fxgl.profile.SaveLoadService, class com.almasb.fxgl.ui.FXGLUIFactoryServiceProvider, class com.almasb.fxgl.ui.FXGLDialogFactoryServiceProvider, class com.almasb.fxgl.audio.AudioPlayer, class com.almasb.fxgl.notification.impl.NotificationServiceProvider, class com.almasb.fxgl.achievement.AchievementService, class com.almasb.fxgl.cutscene.CutsceneService, class com.almasb.fxgl.minigames.MiniGameService, class com.almasb.fxgl.net.NetService, class com.almasb.fxgl.app.services.UpdaterService, class com.almasb.fxgl.dev.DevService, class main.spacegame.service.HighScoreService, class main.spacegame.level.LevelService, class com.almasb.fxgl.dev.profiling.ProfilerService]
16:29:13.254 [FXGL Background Thread 3 ] DEBUG Engine               - fontGame: Abel-Regular.ttf
16:29:13.254 [FXGL Background Thread 3 ] DEBUG Engine               - fontMono: TerminalLandMono-Regular.otf
16:29:13.254 [FXGL Background Thread 3 ] DEBUG Engine               - fontSizeScaleUI: 1.0
16:29:13.254 [FXGL Background Thread 3 ] DEBUG Engine               - fontText: Courier-Prime.ttf
16:29:13.254 [FXGL Background Thread 3 ] DEBUG Engine               - fontUI: VarelaRound-Regular.ttf
16:29:13.254 [FXGL Background Thread 3 ] DEBUG Engine               - fullScreen: BooleanProperty [value: true]
16:29:13.254 [FXGL Background Thread 3 ] DEBUG Engine               - gameDifficulty: MEDIUM
16:29:13.254 [FXGL Background Thread 3 ] DEBUG Engine               - gameDifficultyProperty: ObjectProperty [value: MEDIUM]
16:29:13.254 [FXGL Background Thread 3 ] DEBUG Engine               - globalMusicVolume: 0.5
16:29:13.254 [FXGL Background Thread 3 ] DEBUG Engine               - globalMusicVolumeProperty: DoubleProperty [value: 0.5]
16:29:13.254 [FXGL Background Thread 3 ] DEBUG Engine               - globalSoundVolume: 0.5
16:29:13.254 [FXGL Background Thread 3 ] DEBUG Engine               - globalSoundVolumeProperty: DoubleProperty [value: 0.7]
16:29:13.254 [FXGL Background Thread 3 ] DEBUG Engine               - height: 1080
16:29:13.254 [FXGL Background Thread 3 ] DEBUG Engine               - is3D: false
16:29:13.254 [FXGL Background Thread 3 ] DEBUG Engine               - isAndroid: false
16:29:13.254 [FXGL Background Thread 3 ] DEBUG Engine               - isBrowser: false
16:29:13.254 [FXGL Background Thread 3 ] DEBUG Engine               - isClickFeedbackEnabled: false
16:29:13.254 [FXGL Background Thread 3 ] DEBUG Engine               - isCloseConfirmation: false
16:29:13.254 [FXGL Background Thread 3 ] DEBUG Engine               - isDesktop: true
16:29:13.254 [FXGL Background Thread 3 ] DEBUG Engine               - isDeveloperMenuEnabled: false
16:29:13.254 [FXGL Background Thread 3 ] DEBUG Engine               - isEmbedded: false
16:29:13.254 [FXGL Background Thread 3 ] DEBUG Engine               - isEntityPreloadEnabled: true
16:29:13.254 [FXGL Background Thread 3 ] DEBUG Engine               - isExperimentalTiledLargeMap: false
16:29:13.254 [FXGL Background Thread 3 ] DEBUG Engine               - isFileSystemWriteAllowed: true
16:29:13.254 [FXGL Background Thread 3 ] DEBUG Engine               - isFullScreenAllowed: true
16:29:13.254 [FXGL Background Thread 3 ] DEBUG Engine               - isFullScreenFromStart: true
16:29:13.254 [FXGL Background Thread 3 ] DEBUG Engine               - isGameMenuEnabled: true
16:29:13.254 [FXGL Background Thread 3 ] DEBUG Engine               - isIOS: false
16:29:13.255 [FXGL Background Thread 3 ] DEBUG Engine               - isIntroEnabled: false
16:29:13.255 [FXGL Background Thread 3 ] DEBUG Engine               - isLinux: false
16:29:13.255 [FXGL Background Thread 3 ] DEBUG Engine               - isMac: false
16:29:13.255 [FXGL Background Thread 3 ] DEBUG Engine               - isMainMenuEnabled: true
16:29:13.255 [FXGL Background Thread 3 ] DEBUG Engine               - isManualResizeEnabled: false
16:29:13.255 [FXGL Background Thread 3 ] DEBUG Engine               - isMobile: false
16:29:13.255 [FXGL Background Thread 3 ] DEBUG Engine               - isNative: false
16:29:13.255 [FXGL Background Thread 3 ] DEBUG Engine               - isPauseMusicWhenMinimized: true
16:29:13.255 [FXGL Background Thread 3 ] DEBUG Engine               - isPreserveResizeRatio: false
16:29:13.255 [FXGL Background Thread 3 ] DEBUG Engine               - isProfilingEnabled: true
16:29:13.255 [FXGL Background Thread 3 ] DEBUG Engine               - isScaleAffectedOnResize: true
16:29:13.255 [FXGL Background Thread 3 ] DEBUG Engine               - isSingleStep: false
16:29:13.255 [FXGL Background Thread 3 ] DEBUG Engine               - isUserProfileEnabled: false
16:29:13.255 [FXGL Background Thread 3 ] DEBUG Engine               - isWindows: true
16:29:13.255 [FXGL Background Thread 3 ] DEBUG Engine               - language: ObjectProperty [value: ENGLISH]
16:29:13.255 [FXGL Background Thread 3 ] DEBUG Engine               - menuKey: ESCAPE
16:29:13.255 [FXGL Background Thread 3 ] DEBUG Engine               - mouseSensitivity: 0.2
16:29:13.255 [FXGL Background Thread 3 ] DEBUG Engine               - notificationViewClass: class com.almasb.fxgl.notification.view.XboxNotificationView
16:29:13.255 [FXGL Background Thread 3 ] DEBUG Engine               - pixelsPerMeter: 50.0
16:29:13.255 [FXGL Background Thread 3 ] DEBUG Engine               - platform: WINDOWS
16:29:13.255 [FXGL Background Thread 3 ] DEBUG Engine               - prefHeightProperty: ReadOnlyDoubleProperty [value: 1080.0]
16:29:13.255 [FXGL Background Thread 3 ] DEBUG Engine               - prefWidthProperty: ReadOnlyDoubleProperty [value: 1920.0]
16:29:13.255 [FXGL Background Thread 3 ] DEBUG Engine               - profileDir: profiles/
16:29:13.255 [FXGL Background Thread 3 ] DEBUG Engine               - profileName: StringProperty [value: DEFAULT]
16:29:13.255 [FXGL Background Thread 3 ] DEBUG Engine               - randomSeed: -1
16:29:13.255 [FXGL Background Thread 3 ] DEBUG Engine               - runtimeInfo: RuntimeInfo(platform=WINDOWS, version=17.3, build=30.03.2023 11.54)
16:29:13.255 [FXGL Background Thread 3 ] DEBUG Engine               - saveFileExt: sav
16:29:13.255 [FXGL Background Thread 3 ] DEBUG Engine               - scaledHeightProp$fxgl: DoubleProperty [bound, value: 864.0]
16:29:13.255 [FXGL Background Thread 3 ] DEBUG Engine               - scaledWidthProp$fxgl: DoubleProperty [bound, value: 1536.0]
16:29:13.255 [FXGL Background Thread 3 ] DEBUG Engine               - sceneFactory: main.spacegame.SpaceGameApp$1@692ad5d0
16:29:13.255 [FXGL Background Thread 3 ] DEBUG Engine               - secondsIn24h: 60
16:29:13.255 [FXGL Background Thread 3 ] DEBUG Engine               - soundMenuBack: menu/back.wav
16:29:13.255 [FXGL Background Thread 3 ] DEBUG Engine               - soundMenuPress: menu/press.wav
16:29:13.255 [FXGL Background Thread 3 ] DEBUG Engine               - soundMenuSelect: menu/select.wav
16:29:13.255 [FXGL Background Thread 3 ] DEBUG Engine               - soundNotification: core/notification.wav
16:29:13.255 [FXGL Background Thread 3 ] DEBUG Engine               - stageStyle: DECORATED
16:29:13.256 [FXGL Background Thread 3 ] DEBUG Engine               - supportedLanguages: [ENGLISH, FRENCH, GERMAN, HUNGARIAN, RUSSIAN]
16:29:13.256 [FXGL Background Thread 3 ] DEBUG Engine               - ticksPerSecond: -1
16:29:13.256 [FXGL Background Thread 3 ] DEBUG Engine               - title: Space_Game
16:29:13.256 [FXGL Background Thread 3 ] DEBUG Engine               - urlGithub: https://github.com/AlmasB/FXGL
16:29:13.256 [FXGL Background Thread 3 ] DEBUG Engine               - urlLeaderboard: http://fxgl-top.herokuapp.com/
16:29:13.256 [FXGL Background Thread 3 ] DEBUG Engine               - urlPOM: https://raw.githubusercontent.com/AlmasB/FXGL/release/README.md
16:29:13.256 [FXGL Background Thread 3 ] DEBUG Engine               - userAppClass: class main.spacegame.SpaceGameApp
16:29:13.256 [FXGL Background Thread 3 ] DEBUG Engine               - version: 1.0
16:29:13.256 [FXGL Background Thread 3 ] DEBUG Engine               - versionCheckDays: 7
16:29:13.256 [FXGL Background Thread 3 ] DEBUG Engine               - width: 1920
16:29:13.256 [FXGL Background Thread 3 ] DEBUG Engine               - Logging services
16:29:13.256 [FXGL Background Thread 3 ] DEBUG Engine               - class com.almasb.fxgl.app.services.FXGLAssetLoaderService
16:29:13.256 [FXGL Background Thread 3 ] DEBUG Engine               - class com.almasb.fxgl.app.FXGLApplication$GameApplicationService
16:29:13.256 [FXGL Background Thread 3 ] DEBUG Engine               - class com.almasb.fxgl.app.services.FXGLDialogService
16:29:13.256 [FXGL Background Thread 3 ] DEBUG Engine               - class com.almasb.fxgl.app.services.IOTaskExecutorService
16:29:13.256 [FXGL Background Thread 3 ] DEBUG Engine               - class com.almasb.fxgl.io.FileSystemService
16:29:13.256 [FXGL Background Thread 3 ] DEBUG Engine               - class com.almasb.fxgl.localization.LocalizationService
16:29:13.256 [FXGL Background Thread 3 ] DEBUG Engine               - class com.almasb.fxgl.app.services.SystemBundleService
16:29:13.256 [FXGL Background Thread 3 ] DEBUG Engine               - class com.almasb.fxgl.profile.SaveLoadService
16:29:13.256 [FXGL Background Thread 3 ] DEBUG Engine               - class com.almasb.fxgl.ui.FXGLUIFactoryServiceProvider
16:29:13.256 [FXGL Background Thread 3 ] DEBUG Engine               - class com.almasb.fxgl.ui.FXGLDialogFactoryServiceProvider
16:29:13.256 [FXGL Background Thread 3 ] DEBUG Engine               - class com.almasb.fxgl.audio.AudioPlayer
16:29:13.256 [FXGL Background Thread 3 ] DEBUG Engine               - class com.almasb.fxgl.notification.impl.NotificationServiceProvider
16:29:13.256 [FXGL Background Thread 3 ] DEBUG Engine               - class com.almasb.fxgl.achievement.AchievementService
16:29:13.256 [FXGL Background Thread 3 ] DEBUG Engine               - class com.almasb.fxgl.cutscene.CutsceneService
16:29:13.256 [FXGL Background Thread 3 ] DEBUG Engine               - class com.almasb.fxgl.minigames.MiniGameService
16:29:13.256 [FXGL Background Thread 3 ] DEBUG Engine               - class com.almasb.fxgl.net.NetService
16:29:13.256 [FXGL Background Thread 3 ] DEBUG Engine               - class com.almasb.fxgl.app.services.UpdaterService
16:29:13.256 [FXGL Background Thread 3 ] DEBUG Engine               - class com.almasb.fxgl.dev.DevService
16:29:13.256 [FXGL Background Thread 3 ] DEBUG Engine               - class main.spacegame.service.HighScoreService
16:29:13.256 [FXGL Background Thread 3 ] DEBUG Engine               - class main.spacegame.level.LevelService
16:29:13.256 [FXGL Background Thread 3 ] DEBUG Engine               - class com.almasb.fxgl.dev.profiling.ProfilerService
16:29:20.730 [JavaFX Application Thread] DEBUG Menu                 - fireNewGame()
16:29:20.730 [JavaFX Application Thread] DEBUG GameApplicationServi - Starting new game
16:29:20.730 [JavaFX Application Thread] DEBUG PrimaryStageWindow   - Pop state: SpaceGameMainMenu
16:29:20.730 [JavaFX Application Thread] DEBUG Input                - Clearing active input actions
16:29:20.731 [JavaFX Application Thread] DEBUG GameApplicationServi - Removing overlay from SpaceGameMainMenu and adding to FXGLMainMenuDummyScene
16:29:20.732 [JavaFX Application Thread] DEBUG PrimaryStageWindow   - FXGLMainMenuDummyScene <- SpaceGameMainMenu
16:29:20.732 [JavaFX Application Thread] DEBUG Input                - Clearing active input actions
16:29:20.743 [JavaFX Application Thread] DEBUG GameApplicationServi - Removing overlay from FXGLMainMenuDummyScene and adding to FXGLLoadingScene
16:29:20.743 [JavaFX Application Thread] DEBUG PrimaryStageWindow   - FXGLMainMenuDummyScene -> FXGLLoadingScene
16:29:20.743 [JavaFX Application Thread] DEBUG GameApplicationServi - Clearing previous game
16:29:20.744 [JavaFX Application Thread] DEBUG GameScene            - Clearing game scene
16:29:20.744 [JavaFX Application Thread] DEBUG GameWorld            - Clearing game world
16:29:20.744 [JavaFX Application Thread] DEBUG PhysicsWorld         - Clearing physics world
16:29:20.745 [FXGL Background Thread 2 ] DEBUG FXGLApplication      - Initializing game
16:29:20.749 [FXGL Background Thread 2 ] INFO  FXGLApplication      - Game initialization took: 0,004 sec
16:29:20.769 [JavaFX Application Thread] DEBUG Input                - Clearing active input actions
16:29:20.773 [JavaFX Application Thread] DEBUG GameApplicationServi - Removing overlay from FXGLLoadingScene and adding to GameScene
16:29:20.773 [JavaFX Application Thread] DEBUG PrimaryStageWindow   - FXGLLoadingScene -> GameScene
16:29:21.566 [JavaFX Application Thread] DEBUG LoopRunner           - Stopping loop
16:29:21.567 [JavaFX Application Thread] FATAL FXGLApplication      - Uncaught Exception:
java.lang.NullPointerException: Cannot invoke "main.spacegame.component.PlayerComponent.shoot(javafx.geometry.Point2D)" because "this.this$0.playerComponent" is null
	at main.spacegame.SpaceGameApp$6.onAction(SpaceGameApp.java:249)
	at com.almasb.fxgl.input.UserAction.action$fxgl_core(UserAction.kt:38)
	at com.almasb.fxgl.input.Input.update(Input.kt:288)
	at com.almasb.fxgl.scene.Scene.update(Scene.kt:103)
	at com.almasb.fxgl.app.MainWindow$update$1.invoke(MainWindow.kt:115)
	at com.almasb.fxgl.app.MainWindow$update$1.invoke(MainWindow.kt:115)
	at com.almasb.fxgl.core.fsm.StateMachine.runOnActiveStates(StateMachine.kt:69)
	at com.almasb.fxgl.app.MainWindow.update(MainWindow.kt:115)
	at com.almasb.fxgl.app.FXGLApplication$GameApplicationService.onUpdate(FXGLApplication.kt:426)
	at com.almasb.fxgl.app.Engine.loop(Engine.kt:134)
	at com.almasb.fxgl.app.Engine.access$loop(Engine.kt:24)
	at com.almasb.fxgl.app.Engine$loop$1.invoke(Engine.kt:28)
	at com.almasb.fxgl.app.Engine$loop$1.invoke(Engine.kt:28)
	at com.almasb.fxgl.app.LoopRunner.frame(LoopRunner.kt:103)
	at com.almasb.fxgl.app.LoopRunner.access$frame(LoopRunner.kt:23)
	at com.almasb.fxgl.app.LoopRunner$impl$2$1.onTick(LoopRunner.kt:57)
	at com.almasb.fxgl.app.AnimationTimerLoop$timer$1.handle(LoopRunner.kt:137)
	at javafx.animation.AnimationTimer$AnimationTimerReceiver.lambda$handle$0(AnimationTimer.java:58)
	at java.base/java.security.AccessController.doPrivileged(AccessController.java:399)
	at javafx.animation.AnimationTimer$AnimationTimerReceiver.handle(AnimationTimer.java:57)
	at com.sun.scenario.animation.AbstractPrimaryTimer.timePulseImpl(AbstractPrimaryTimer.java:356)
	at com.sun.scenario.animation.AbstractPrimaryTimer$MainLoop.run(AbstractPrimaryTimer.java:266)
	at com.sun.javafx.tk.quantum.QuantumToolkit.pulse(QuantumToolkit.java:588)
	at com.sun.javafx.tk.quantum.QuantumToolkit.pulse(QuantumToolkit.java:572)
	at com.sun.javafx.tk.quantum.QuantumToolkit.pulseFromQueue(QuantumToolkit.java:565)
	at com.sun.javafx.tk.quantum.QuantumToolkit.lambda$runToolkit$11(QuantumToolkit.java:352)
	at com.sun.glass.ui.InvokeLaterDispatcher$Future.run(InvokeLaterDispatcher.java:95)
	at com.sun.glass.ui.win.WinApplication._runLoop(Native Method)
	at com.sun.glass.ui.win.WinApplication.lambda$runLoop$3(WinApplication.java:185)
	at java.base/java.lang.Thread.run(Thread.java:1589)

16:29:21.576 [JavaFX Application Thread] FATAL FXGLApplication      - Application will now exit
16:29:21.591 [JavaFX Application Thread] DEBUG PrimaryStageWindow   - Push state: ErrorSubScene
16:29:21.591 [JavaFX Application Thread] DEBUG Input                - Clearing active input actions
16:29:21.595 [JavaFX Application Thread] DEBUG GameApplicationServi - Removing overlay from GameScene and adding to ErrorSubScene
16:29:21.595 [JavaFX Application Thread] DEBUG PrimaryStageWindow   - GameScene -> ErrorSubScene
16:29:35.628 [JavaFX Application Thread] DEBUG FXGLApplication      - Exiting FXGL
16:29:35.628 [JavaFX Application Thread] DEBUG Async                - Shutting down background threads
16:29:35.629 [JavaFX Application Thread] DEBUG PrimaryStageWindow   - Closing main window
16:29:35.637 [JavaFX Application Thread] DEBUG Logger               - Closing Logger
