16:17:51.917 [main                     ] DEBUG Logger               - Configured Logger
16:17:51.935 [main                     ] DEBUG GameApplication      - Logging settings
Title: Space_Game
Version: 1.0
Width: 1920
Height: 1080
Fullscreen: false
Intro: false
Profiling: false
Single step:false
App Mode: DEVELOPER
Menu Key: ESCAPE
Stage Style: DECORATED
Scene Factory: class main.spacegame.SpaceGameApp$1

16:17:52.167 [JavaFX Application Thread] DEBUG FXGLApplication      - Initializing FXGL
16:17:52.173 [JavaFX Application Thread] INFO  Engine               - FXGL-17.3 (30.03.2023 11.54) on WINDOWS (J:19 FX:20)
16:17:52.174 [JavaFX Application Thread] DEBUG Engine               - JRE Vendor Name: Oracle Corporation
16:17:52.174 [JavaFX Application Thread] DEBUG Engine               - Running on OS: Windows 11 version 10.0
16:17:52.174 [JavaFX Application Thread] DEBUG Engine               - Architecture: amd64
16:17:52.174 [JavaFX Application Thread] INFO  Engine               - Source code and latest versions at: https://github.com/AlmasB/FXGL
16:17:52.174 [JavaFX Application Thread] INFO  Engine               -       Ask questions and discuss at: https://github.com/AlmasB/FXGL/discussions
16:17:52.175 [JavaFX Application Thread] INFO  Engine               -              Join the FXGL chat at: https://gitter.im/AlmasB/FXGL
16:17:52.260 [JavaFX Application Thread] DEBUG PrimaryStageWindow   - Creating a JavaFX scene
16:17:52.260 [JavaFX Application Thread] DEBUG PrimaryStageWindow   - Target size > screen size
16:17:52.291 [JavaFX Application Thread] DEBUG PrimaryStageWindow   - Target settings size: 1920.0 x 1080.0
16:17:52.291 [JavaFX Application Thread] DEBUG PrimaryStageWindow   - Scaled scene size:    1425.0 x 815.0
16:17:52.292 [JavaFX Application Thread] DEBUG PrimaryStageWindow   - Scaled ratio: (0.7421875, 0.7546296296296297)
16:17:52.292 [JavaFX Application Thread] DEBUG PrimaryStageWindow   - Set initial scene to FXGLStartupScene
16:17:52.295 [JavaFX Application Thread] DEBUG PrimaryStageWindow   - Opening main window
16:17:52.352 [JavaFX Application Thread] DEBUG PrimaryStageWindow   - Window border size: (15.0, 37.79998779296875)
16:17:52.352 [JavaFX Application Thread] DEBUG PrimaryStageWindow   - Scaled size: 1425.0 x 815.0
16:17:52.352 [JavaFX Application Thread] DEBUG PrimaryStageWindow   - Scaled ratio: (0.7421875, 0.7546296296296297)
16:17:52.352 [JavaFX Application Thread] DEBUG PrimaryStageWindow   - Scene size: 1425.0 x 815.0
16:17:52.353 [JavaFX Application Thread] DEBUG PrimaryStageWindow   - Stage size: 1440.0 x 852.7999877929688
16:17:52.362 [FXGL Background Thread 1 ] DEBUG Engine               - Initializing environment variables
16:17:52.411 [FXGL Background Thread 1 ] DEBUG FXGLAssetLoaderServi - User app class for loading assets: class main.spacegame.SpaceGameApp
16:17:52.411 [FXGL Background Thread 1 ] DEBUG GameApplicationServi - Applying CSS: fxgl_dark.css
16:17:52.413 [FXGL Background Thread 1 ] DEBUG FXGLAssetLoaderServi - Loading from file system: jar:file:/C:/Users/alprn/Downloads/fxgl-17.3-uber.jar!/fxglassets/ui/css/fxgl_dark.css
16:17:52.447 [FXGL Background Thread 1 ] DEBUG GameApplicationServi - Initializing application scenes
16:17:52.484 [FXGL Background Thread 1 ] DEBUG GameWorld            - Game world initialized
16:17:52.528 [FXGL Background Thread 1 ] DEBUG PhysicsWorld         - Physics world initialized: appHeight=1080, physics.ppm=50,0
16:17:52.529 [FXGL Background Thread 1 ] DEBUG PhysicsWorld         - Using strategy: BRUTE_FORCE
16:17:52.532 [FXGL Background Thread 1 ] DEBUG GameScene            - Game scene initialized: 1920x1080
16:17:52.535 [FXGL Background Thread 1 ] WARN  FXGLAssetLoaderServi - Asset "/assets/textures/mainmenu.jpeg" was not found!
16:17:52.537 [FXGL Background Thread 1 ] WARN  FXGLAssetLoaderServi - Failed to load IMAGE
16:17:52.605 [FXGL Background Thread 1 ] DEBUG FXGL.DefaultMenu     - createMenuBodyGameMenu()
16:17:52.613 [FXGL Background Thread 1 ] DEBUG FXGL.DefaultMenu     - createOptionsMenu()
16:17:52.619 [FXGL Background Thread 1 ] DEBUG FXGLAssetLoaderServi - Loading from file system: jar:file:/C:/Users/alprn/Downloads/fxgl-17.3-uber.jar!/fxglassets/textures/particles/smoke.png
16:17:52.671 [FXGL Background Thread 1 ] DEBUG FXGLAssetLoaderServi - Loading from file system: jar:file:/C:/Users/alprn/Downloads/fxgl-17.3-uber.jar!/fxglassets/textures/particles/trace_horizontal.png
16:17:52.696 [FXGL Background Thread 1 ] DEBUG GameApplicationServi - Application scenes initialized
16:17:52.704 [FXGL Background Thread 1 ] DEBUG SystemBundleService  - Loading FXGL system data
16:17:52.708 [FXGL Background Thread 1 ] DEBUG FileSystemAccess     - Reading from: C:\Users\alprn\Desktop\Kafayı Yemeden proje bitirmece\CS102PROJECT_F-NAL\system\fxgl.bundle
16:17:52.715 [FXGL Background Thread 1 ] DEBUG SystemBundleService  - Bundle FXGL: {}
16:17:52.715 [FXGL Background Thread 1 ] DEBUG UpdaterService       - Checking for updates
16:17:52.717 [FXGL Background Thread 4 ] DEBUG FXGLApplication      - Loading fonts
16:17:52.717 [FXGL Background Thread 4 ] DEBUG FXGLAssetLoaderServi - Loading from file system: jar:file:/C:/Users/alprn/Downloads/fxgl-17.3-uber.jar!/fxglassets/ui/fonts/VarelaRound-Regular.ttf
16:17:52.717 [FXGL Background Thread 1 ] DEBUG FXGLApplication      - Loading default localization
16:17:52.719 [FXGL Background Thread 1 ] WARN  FXGLAssetLoaderServi - Asset "/assets/languages/englısh.lang" was not found!
16:17:52.719 [FXGL Background Thread 1 ] WARN  FXGLAssetLoaderServi - Failed to load PROPERTY_MAP
16:17:52.724 [FXGL Background Thread 1 ] WARN  LocalizationService  - menu.pressAnyKey is not localized for language ENGLISH
16:17:52.725 [FXGL Background Thread 1 ] INFO  FXGLApplication      - FXGL initialization took: 0,364 sec
16:17:52.728 [JavaFX Application Thread] DEBUG FXGLAssetLoaderServi - Loading from file system: jar:file:/C:/Users/alprn/Downloads/fxgl-17.3-uber.jar!/fxglassets/textures/fxgl_icon.png
16:17:52.744 [JavaFX Application Thread] DEBUG FXGLAssetLoaderServi - Loading from file system: jar:file:/C:/Users/alprn/Downloads/fxgl-17.3-uber.jar!/fxglassets/textures/fxgl_default_cursor.png
16:17:52.756 [JavaFX Application Thread] DEBUG Input                - Registered new binding: Screenshot - CTRL+8
16:17:52.757 [JavaFX Application Thread] DEBUG Input                - Registered new binding: System info dump - CTRL+9
16:17:52.757 [JavaFX Application Thread] DEBUG Input                - Registered new binding: Restart - CTRL+R
16:17:52.758 [JavaFX Application Thread] DEBUG Input                - Registered new binding: Toggle Debug Camera - CTRL+7
16:17:52.761 [JavaFX Application Thread] DEBUG LoopRunner           - Starting loop
16:17:52.761 [JavaFX Application Thread] DEBUG LoopRunner           - Initializing JavaFX AnimationTimerLoop
16:17:52.763 [JavaFX Application Thread] DEBUG Input                - Clearing active input actions
16:17:52.770 [JavaFX Application Thread] DEBUG GameApplicationServi - Removing overlay from FXGLStartupScene and adding to FXGLMainMenuDummyScene
16:17:52.771 [JavaFX Application Thread] DEBUG PrimaryStageWindow   - FXGLStartupScene -> FXGLMainMenuDummyScene
16:17:52.771 [JavaFX Application Thread] DEBUG PrimaryStageWindow   - Push state: SpaceGameMainMenu
16:17:52.771 [JavaFX Application Thread] DEBUG Input                - Clearing active input actions
16:17:52.774 [FXGL Background Thread 4 ] DEBUG FXGLAssetLoaderServi - Loading from file system: jar:file:/C:/Users/alprn/Downloads/fxgl-17.3-uber.jar!/fxglassets/ui/fonts/Abel-Regular.ttf
16:17:52.778 [FXGL Background Thread 4 ] DEBUG FXGLAssetLoaderServi - Loading from file system: jar:file:/C:/Users/alprn/Downloads/fxgl-17.3-uber.jar!/fxglassets/ui/fonts/TerminalLandMono-Regular.otf
16:17:52.778 [JavaFX Application Thread] DEBUG GameApplicationServi - Removing overlay from FXGLMainMenuDummyScene and adding to SpaceGameMainMenu
16:17:52.779 [JavaFX Application Thread] DEBUG PrimaryStageWindow   - FXGLMainMenuDummyScene -> SpaceGameMainMenu
16:17:52.784 [FXGL Background Thread 4 ] DEBUG FXGLAssetLoaderServi - Loading from file system: jar:file:/C:/Users/alprn/Downloads/fxgl-17.3-uber.jar!/fxglassets/ui/fonts/Courier-Prime.ttf
16:17:52.806 [JavaFX Application Thread] DEBUG FXGLApplication      - Registering font factories with UI factory
16:17:55.017 [JavaFX Application Thread] DEBUG FXGLApplication      - Exiting FXGL
16:17:55.017 [JavaFX Application Thread] DEBUG LoopRunner           - Stopping loop
16:17:55.018 [JavaFX Application Thread] DEBUG SystemBundleService  - Saving FXGL system data
16:17:55.022 [JavaFX Application Thread] DEBUG FileSystemAccess     - Writing to: C:\Users\alprn\Desktop\Kafayı Yemeden proje bitirmece\CS102PROJECT_F-NAL\system\fxgl.bundle
16:17:55.024 [JavaFX Application Thread] DEBUG Async                - Shutting down background threads
16:17:55.025 [JavaFX Application Thread] DEBUG PrimaryStageWindow   - Closing main window
16:17:55.034 [JavaFX Application Thread] DEBUG Logger               - Closing Logger
