21:24:54.298 [main                     ] DEBUG Logger               - Configured Logger
21:24:54.373 [main                     ] DEBUG GameApplication      - Logging settings
Title: Space_Game
Version: 1.0
Width: 1920
Height: 1080
Fullscreen: true
Intro: false
Profiling: true
Single step:false
App Mode: DEVELOPER
Menu Key: ESCAPE
Stage Style: DECORATED
Scene Factory: class main.spacegame.SpaceGameApp$1

21:24:54.990 [JavaFX Application Thread] DEBUG FXGLApplication      - Initializing FXGL
21:24:54.997 [JavaFX Application Thread] INFO  Engine               - FXGL-17.3 (30.03.2023 11.54) on WINDOWS (J:19.0.2 FX:20)
21:24:54.999 [JavaFX Application Thread] DEBUG Engine               - JRE Vendor Name: Oracle Corporation
21:24:55.000 [JavaFX Application Thread] DEBUG Engine               - Running on OS: Windows 10 version 10.0
21:24:55.001 [JavaFX Application Thread] DEBUG Engine               - Architecture: amd64
21:24:55.001 [JavaFX Application Thread] INFO  Engine               - Source code and latest versions at: https://github.com/AlmasB/FXGL
21:24:55.005 [JavaFX Application Thread] INFO  Engine               -       Ask questions and discuss at: https://github.com/AlmasB/FXGL/discussions
21:24:55.007 [JavaFX Application Thread] INFO  Engine               -              Join the FXGL chat at: https://gitter.im/AlmasB/FXGL
21:24:55.229 [JavaFX Application Thread] DEBUG PrimaryStageWindow   - Creating a JavaFX scene
21:24:55.229 [JavaFX Application Thread] DEBUG PrimaryStageWindow   - Target size > screen size
21:24:55.316 [JavaFX Application Thread] DEBUG PrimaryStageWindow   - Target settings size: 1920.0 x 1080.0
21:24:55.316 [JavaFX Application Thread] DEBUG PrimaryStageWindow   - Scaled scene size:    1511.0 x 864.0
21:24:55.316 [JavaFX Application Thread] DEBUG PrimaryStageWindow   - Scaled ratio: (0.7869791666666667, 0.8)
21:24:55.318 [JavaFX Application Thread] DEBUG PrimaryStageWindow   - Set initial scene to FXGLStartupScene
21:24:55.325 [JavaFX Application Thread] DEBUG PrimaryStageWindow   - Opening main window
21:24:55.457 [JavaFX Application Thread] DEBUG PrimaryStageWindow   - Window border size: (14.5999755859375, 37.5999755859375)
21:24:55.458 [JavaFX Application Thread] DEBUG PrimaryStageWindow   - Scaled size: 1511.0 x 864.0
21:24:55.458 [JavaFX Application Thread] DEBUG PrimaryStageWindow   - Scaled ratio: (0.7869791666666667, 0.8)
21:24:55.459 [JavaFX Application Thread] DEBUG PrimaryStageWindow   - Scene size: 1511.0 x 864.0
21:24:55.459 [JavaFX Application Thread] DEBUG PrimaryStageWindow   - Stage size: 1525.5999755859375 x 901.5999755859375
21:24:55.544 [JavaFX Application Thread] DEBUG PrimaryStageWindow   - Going fullscreen
21:24:55.561 [FXGL Background Thread 1 ] DEBUG Engine               - Initializing environment variables
21:24:55.653 [FXGL Background Thread 1 ] DEBUG FXGLAssetLoaderServi - User app class for loading assets: class main.spacegame.SpaceGameApp
21:24:55.653 [FXGL Background Thread 1 ] DEBUG GameApplicationServi - Applying CSS: fxgl_dark.css
21:24:55.654 [FXGL Background Thread 1 ] DEBUG FXGLAssetLoaderServi - Loading from file system: jar:file:/C:/Users/%c4%b0brahim/Downloads/fxgl-17.3-uber.jar!/fxglassets/ui/css/fxgl_dark.css
21:24:55.720 [FXGL Background Thread 1 ] DEBUG GameApplicationServi - Initializing application scenes
21:24:55.789 [FXGL Background Thread 1 ] DEBUG GameWorld            - Game world initialized
21:24:55.883 [FXGL Background Thread 1 ] DEBUG PhysicsWorld         - Physics world initialized: appHeight=1080, physics.ppm=50.0
21:24:55.883 [FXGL Background Thread 1 ] DEBUG PhysicsWorld         - Using strategy: GRID_INDEXING
21:24:55.890 [FXGL Background Thread 1 ] DEBUG GameScene            - Game scene initialized: 1920x1080
21:24:55.897 [FXGL Background Thread 1 ] DEBUG FXGLAssetLoaderServi - Loading from file system: file:/C:/Users/%c4%b0brahim/AppData/Roaming/Code/User/workspaceStorage/6801d0249deebc7c36ce787dd200b0aa/redhat.java/jdt_ws/CS102PROJECT_F-NAL_66a0183f/bin/assets/textures/mainmenu.png
21:24:56.196 [FXGL Background Thread 1 ] DEBUG FXGLAssetLoaderServi - Loading from file system: file:/C:/Users/%c4%b0brahim/AppData/Roaming/Code/User/workspaceStorage/6801d0249deebc7c36ce787dd200b0aa/redhat.java/jdt_ws/CS102PROJECT_F-NAL_66a0183f/bin/assets/textures/credits.png
21:24:56.270 [FXGL Background Thread 1 ] DEBUG FXGLAssetLoaderServi - Loading from file system: file:/C:/Users/%c4%b0brahim/AppData/Roaming/Code/User/workspaceStorage/6801d0249deebc7c36ce787dd200b0aa/redhat.java/jdt_ws/CS102PROJECT_F-NAL_66a0183f/bin/assets/textures/gameMenu.png
21:24:56.351 [FXGL Background Thread 1 ] DEBUG GameApplicationServi - Application scenes initialized
21:24:56.378 [FXGL Background Thread 1 ] DEBUG SystemBundleService  - Loading FXGL system data
21:24:56.385 [FXGL Background Thread 1 ] DEBUG FileSystemAccess     - Reading from: C:\Users\İbrahim\Desktop\CS102PROJECT_F-NAL\system\fxgl.bundle
21:24:56.402 [FXGL Background Thread 1 ] DEBUG SystemBundleService  - Bundle FXGL: {}
21:24:56.402 [FXGL Background Thread 1 ] DEBUG UpdaterService       - Checking for updates
21:24:56.440 [FXGL Background Thread 4 ] DEBUG FXGLApplication      - Loading fonts
21:24:56.441 [FXGL Background Thread 4 ] DEBUG FXGLAssetLoaderServi - Loading from file system: jar:file:/C:/Users/%c4%b0brahim/Downloads/fxgl-17.3-uber.jar!/fxglassets/ui/fonts/VarelaRound-Regular.ttf
21:24:56.444 [FXGL Background Thread 1 ] DEBUG FXGLApplication      - Loading default localization
21:24:56.445 [FXGL Background Thread 1 ] DEBUG FXGLAssetLoaderServi - Loading from file system: jar:file:/C:/Users/%c4%b0brahim/Downloads/fxgl-17.3-uber.jar!/fxglassets/languages/english.lang
21:24:56.479 [FXGL Background Thread 1 ] INFO  FXGLApplication      - FXGL initialization took: 0.918 sec
21:24:56.499 [JavaFX Application Thread] DEBUG Input                - Registered new binding: action0 - V
21:24:56.500 [JavaFX Application Thread] DEBUG Input                - Registered new binding: Up - W
21:24:56.500 [JavaFX Application Thread] DEBUG Input                - Registered new binding: Down - S
21:24:56.500 [JavaFX Application Thread] DEBUG Input                - Registered new binding: Left - A
21:24:56.501 [JavaFX Application Thread] DEBUG Input                - Registered new binding: Right - D
21:24:56.503 [JavaFX Application Thread] DEBUG Input                - Registered new binding: Shoot Mouse - LMB
21:24:56.504 [JavaFX Application Thread] DEBUG Input                - Registered new binding: MouseRight - RMB
21:24:56.505 [JavaFX Application Thread] WARN  FXGLAssetLoaderServi - Asset "/assets/music/dans eden sincap ama epilepsi garantili (100).mp3" was not found!
21:24:56.506 [JavaFX Application Thread] WARN  FXGLAssetLoaderServi - Failed to load MUSIC
21:24:56.511 [JavaFX Application Thread] DEBUG AudioPlayer          - Playing music com.almasb.fxgl.audio.Music@7ea3deb5
21:24:56.512 [JavaFX Application Thread] DEBUG FXGLAssetLoaderServi - Loading from file system: jar:file:/C:/Users/%c4%b0brahim/Downloads/fxgl-17.3-uber.jar!/fxglassets/textures/fxgl_icon.png
21:24:56.544 [FXGL Background Thread 4 ] DEBUG FXGLAssetLoaderServi - Loading from file system: jar:file:/C:/Users/%c4%b0brahim/Downloads/fxgl-17.3-uber.jar!/fxglassets/ui/fonts/Abel-Regular.ttf
21:24:56.547 [JavaFX Application Thread] DEBUG FXGLAssetLoaderServi - Loading from file system: jar:file:/C:/Users/%c4%b0brahim/Downloads/fxgl-17.3-uber.jar!/fxglassets/textures/fxgl_default_cursor.png
21:24:56.550 [JavaFX Application Thread] DEBUG Input                - Registered new binding: Screenshot - CTRL+8
21:24:56.551 [JavaFX Application Thread] DEBUG Input                - Registered new binding: System info dump - CTRL+9
21:24:56.551 [FXGL Background Thread 4 ] DEBUG FXGLAssetLoaderServi - Loading from file system: jar:file:/C:/Users/%c4%b0brahim/Downloads/fxgl-17.3-uber.jar!/fxglassets/ui/fonts/TerminalLandMono-Regular.otf
21:24:56.551 [JavaFX Application Thread] DEBUG Input                - Registered new binding: Restart - CTRL+R
21:24:56.553 [JavaFX Application Thread] DEBUG Input                - Registered new binding: Toggle Debug Camera - CTRL+7
21:24:56.557 [FXGL Background Thread 4 ] DEBUG FXGLAssetLoaderServi - Loading from file system: jar:file:/C:/Users/%c4%b0brahim/Downloads/fxgl-17.3-uber.jar!/fxglassets/ui/fonts/Courier-Prime.ttf
21:24:56.558 [JavaFX Application Thread] DEBUG LoopRunner           - Starting loop
21:24:56.558 [JavaFX Application Thread] DEBUG LoopRunner           - Initializing JavaFX AnimationTimerLoop
21:24:56.564 [JavaFX Application Thread] DEBUG Input                - Clearing active input actions
21:24:56.578 [JavaFX Application Thread] DEBUG GameApplicationServi - Removing overlay from FXGLStartupScene and adding to FXGLMainMenuDummyScene
21:24:56.584 [JavaFX Application Thread] DEBUG PrimaryStageWindow   - FXGLStartupScene -> FXGLMainMenuDummyScene
21:24:56.584 [JavaFX Application Thread] DEBUG PrimaryStageWindow   - Push state: SpaceGameMainMenu
21:24:56.585 [JavaFX Application Thread] DEBUG Input                - Clearing active input actions
21:24:56.592 [JavaFX Application Thread] DEBUG GameApplicationServi - Removing overlay from FXGLMainMenuDummyScene and adding to SpaceGameMainMenu
21:24:56.601 [JavaFX Application Thread] DEBUG PrimaryStageWindow   - FXGLMainMenuDummyScene -> SpaceGameMainMenu
21:24:56.681 [JavaFX Application Thread] DEBUG FXGLApplication      - Registering font factories with UI factory
21:24:58.043 [JavaFX Application Thread] DEBUG Menu                 - fireNewGame()
21:24:58.044 [JavaFX Application Thread] DEBUG GameApplicationServi - Starting new game
21:24:58.044 [JavaFX Application Thread] DEBUG PrimaryStageWindow   - Pop state: SpaceGameMainMenu
21:24:58.044 [JavaFX Application Thread] DEBUG Input                - Clearing active input actions
21:24:58.047 [JavaFX Application Thread] DEBUG GameApplicationServi - Removing overlay from SpaceGameMainMenu and adding to FXGLMainMenuDummyScene
21:24:58.048 [JavaFX Application Thread] DEBUG PrimaryStageWindow   - FXGLMainMenuDummyScene <- SpaceGameMainMenu
21:24:58.048 [JavaFX Application Thread] DEBUG Input                - Clearing active input actions
21:24:58.064 [JavaFX Application Thread] DEBUG GameApplicationServi - Removing overlay from FXGLMainMenuDummyScene and adding to FXGLLoadingScene
21:24:58.066 [JavaFX Application Thread] DEBUG PrimaryStageWindow   - FXGLMainMenuDummyScene -> FXGLLoadingScene
21:24:58.066 [JavaFX Application Thread] DEBUG GameApplicationServi - Clearing previous game
21:24:58.066 [JavaFX Application Thread] DEBUG GameScene            - Clearing game scene
21:24:58.066 [JavaFX Application Thread] DEBUG GameWorld            - Clearing game world
21:24:58.066 [JavaFX Application Thread] DEBUG PhysicsWorld         - Clearing physics world
21:24:58.069 [FXGL Background Thread 2 ] DEBUG FXGLApplication      - Initializing game
21:24:58.084 [FXGL Background Thread 2 ] DEBUG FXGLAssetLoaderServi - Loading from file system: file:/C:/Users/%c4%b0brahim/AppData/Roaming/Code/User/workspaceStorage/6801d0249deebc7c36ce787dd200b0aa/redhat.java/jdt_ws/CS102PROJECT_F-NAL_66a0183f/bin/assets/textures/Bomb.png
21:24:58.087 [FXGL Background Thread 2 ] DEBUG FXGLAssetLoaderServi - Loading from file system: file:/C:/Users/%c4%b0brahim/AppData/Roaming/Code/User/workspaceStorage/6801d0249deebc7c36ce787dd200b0aa/redhat.java/jdt_ws/CS102PROJECT_F-NAL_66a0183f/bin/assets/textures/Bullet.png
21:24:58.097 [FXGL Background Thread 2 ] DEBUG FXGLAssetLoaderServi - Loading from file system: file:/C:/Users/%c4%b0brahim/AppData/Roaming/Code/User/workspaceStorage/6801d0249deebc7c36ce787dd200b0aa/redhat.java/jdt_ws/CS102PROJECT_F-NAL_66a0183f/bin/assets/textures/WingedAlien.png
21:24:58.109 [FXGL Background Thread 2 ] DEBUG FXGLAssetLoaderServi - Loading from file system: file:/C:/Users/%c4%b0brahim/AppData/Roaming/Code/User/workspaceStorage/6801d0249deebc7c36ce787dd200b0aa/redhat.java/jdt_ws/CS102PROJECT_F-NAL_66a0183f/bin/assets/textures/Bomber.png
21:24:58.118 [FXGL Background Thread 2 ] DEBUG FXGLAssetLoaderServi - Loading from file system: file:/C:/Users/%c4%b0brahim/AppData/Roaming/Code/User/workspaceStorage/6801d0249deebc7c36ce787dd200b0aa/redhat.java/jdt_ws/CS102PROJECT_F-NAL_66a0183f/bin/assets/textures/Boss.png
21:24:58.164 [FXGL Background Thread 2 ] DEBUG FXGLAssetLoaderServi - Loading from file system: file:/C:/Users/%c4%b0brahim/AppData/Roaming/Code/User/workspaceStorage/6801d0249deebc7c36ce787dd200b0aa/redhat.java/jdt_ws/CS102PROJECT_F-NAL_66a0183f/bin/assets/textures/AmongUs.png
21:24:58.189 [FXGL Background Thread 2 ] DEBUG FXGLAssetLoaderServi - Loading from file system: file:/C:/Users/%c4%b0brahim/AppData/Roaming/Code/User/workspaceStorage/6801d0249deebc7c36ce787dd200b0aa/redhat.java/jdt_ws/CS102PROJECT_F-NAL_66a0183f/bin/assets/textures/background/bg_0.png
21:24:58.434 [FXGL Background Thread 2 ] DEBUG FXGLAssetLoaderServi - Loading from file system: file:/C:/Users/%c4%b0brahim/AppData/Roaming/Code/User/workspaceStorage/6801d0249deebc7c36ce787dd200b0aa/redhat.java/jdt_ws/CS102PROJECT_F-NAL_66a0183f/bin/assets/textures/front.png
21:24:58.601 [FXGL Background Thread 2 ] DEBUG FXGLAssetLoaderServi - Loading from file system: file:/C:/Users/%c4%b0brahim/AppData/Roaming/Code/User/workspaceStorage/6801d0249deebc7c36ce787dd200b0aa/redhat.java/jdt_ws/CS102PROJECT_F-NAL_66a0183f/bin/assets/textures/front.png
21:24:58.608 [FXGL Background Thread 2 ] INFO  FXGLApplication      - Game initialization took: 0.539 sec
21:24:58.609 [JavaFX Application Thread] DEBUG Input                - Clearing active input actions
21:24:58.619 [JavaFX Application Thread] DEBUG GameApplicationServi - Removing overlay from FXGLLoadingScene and adding to GameScene
21:24:58.620 [JavaFX Application Thread] DEBUG PrimaryStageWindow   - FXGLLoadingScene -> GameScene
21:24:59.437 [FXGL Background Thread 3 ] DEBUG Engine               - Logging environment variables
21:24:59.437 [FXGL Background Thread 3 ] DEBUG Engine               - achievements: []
21:24:59.438 [FXGL Background Thread 3 ] DEBUG Engine               - actualHeight: 864.0
21:24:59.438 [FXGL Background Thread 3 ] DEBUG Engine               - actualHeightProperty: ReadOnlyDoubleProperty [value: 864.0]
21:24:59.438 [FXGL Background Thread 3 ] DEBUG Engine               - actualWidth: 1536.0
21:24:59.438 [FXGL Background Thread 3 ] DEBUG Engine               - actualWidthProperty: ReadOnlyDoubleProperty [value: 1536.0]
21:24:59.438 [FXGL Background Thread 3 ] DEBUG Engine               - appIcon: fxgl_icon.png
21:24:59.438 [FXGL Background Thread 3 ] DEBUG Engine               - applicationMode: DEVELOPER
21:24:59.438 [FXGL Background Thread 3 ] DEBUG Engine               - cSSList: [fxgl_dark.css]
21:24:59.438 [FXGL Background Thread 3 ] DEBUG Engine               - collisionDetectionStrategy: GRID_INDEXING
21:24:59.438 [FXGL Background Thread 3 ] DEBUG Engine               - configClass: Optional.empty
21:24:59.438 [FXGL Background Thread 3 ] DEBUG Engine               - credits: []
21:24:59.439 [FXGL Background Thread 3 ] DEBUG Engine               - defaultCursor: CursorInfo(imageName=fxgl_default_cursor.png, hotspotX=7.0, hotspotY=6.0)
21:24:59.439 [FXGL Background Thread 3 ] DEBUG Engine               - devBBoxColorProperty: ObjectProperty [value: 0xff0000ff]
21:24:59.439 [FXGL Background Thread 3 ] DEBUG Engine               - devEnableDebugCameraProperty: BooleanProperty [value: false]
21:24:59.440 [FXGL Background Thread 3 ] DEBUG Engine               - devSensorColorProperty: ObjectProperty [value: 0xffff00ff]
21:24:59.440 [FXGL Background Thread 3 ] DEBUG Engine               - devShowBBoxProperty: BooleanProperty [value: false]
21:24:59.440 [FXGL Background Thread 3 ] DEBUG Engine               - devShowPositionProperty: BooleanProperty [value: false]
21:24:59.440 [FXGL Background Thread 3 ] DEBUG Engine               - enabledMenuItems: []
21:24:59.440 [FXGL Background Thread 3 ] DEBUG Engine               - engineServices: [class com.almasb.fxgl.app.services.FXGLAssetLoaderService, class com.almasb.fxgl.app.FXGLApplication$GameApplicationService, class com.almasb.fxgl.app.services.FXGLDialogService, class com.almasb.fxgl.app.services.IOTaskExecutorService, class com.almasb.fxgl.io.FileSystemService, class com.almasb.fxgl.localization.LocalizationService, class com.almasb.fxgl.app.services.SystemBundleService, class com.almasb.fxgl.profile.SaveLoadService, class com.almasb.fxgl.ui.FXGLUIFactoryServiceProvider, class com.almasb.fxgl.ui.FXGLDialogFactoryServiceProvider, class com.almasb.fxgl.audio.AudioPlayer, class com.almasb.fxgl.notification.impl.NotificationServiceProvider, class com.almasb.fxgl.achievement.AchievementService, class com.almasb.fxgl.cutscene.CutsceneService, class com.almasb.fxgl.minigames.MiniGameService, class com.almasb.fxgl.net.NetService, class com.almasb.fxgl.app.services.UpdaterService, class com.almasb.fxgl.dev.DevService, class main.spacegame.service.HighScoreService, class main.spacegame.service.LevelPressureService, class main.spacegame.level.LevelService, class com.almasb.fxgl.dev.profiling.ProfilerService]
21:24:59.440 [FXGL Background Thread 3 ] DEBUG Engine               - fontGame: Abel-Regular.ttf
21:24:59.440 [FXGL Background Thread 3 ] DEBUG Engine               - fontMono: TerminalLandMono-Regular.otf
21:24:59.440 [FXGL Background Thread 3 ] DEBUG Engine               - fontSizeScaleUI: 1.0
21:24:59.440 [FXGL Background Thread 3 ] DEBUG Engine               - fontText: Courier-Prime.ttf
21:24:59.440 [FXGL Background Thread 3 ] DEBUG Engine               - fontUI: VarelaRound-Regular.ttf
21:24:59.440 [FXGL Background Thread 3 ] DEBUG Engine               - fullScreen: BooleanProperty [value: true]
21:24:59.441 [FXGL Background Thread 3 ] DEBUG Engine               - gameDifficulty: MEDIUM
21:24:59.441 [FXGL Background Thread 3 ] DEBUG Engine               - gameDifficultyProperty: ObjectProperty [value: MEDIUM]
21:24:59.441 [FXGL Background Thread 3 ] DEBUG Engine               - globalMusicVolume: 0.5
21:24:59.441 [FXGL Background Thread 3 ] DEBUG Engine               - globalMusicVolumeProperty: DoubleProperty [value: 0.7]
21:24:59.441 [FXGL Background Thread 3 ] DEBUG Engine               - globalSoundVolume: 0.5
21:24:59.441 [FXGL Background Thread 3 ] DEBUG Engine               - globalSoundVolumeProperty: DoubleProperty [value: 0.7]
21:24:59.441 [FXGL Background Thread 3 ] DEBUG Engine               - height: 1080
21:24:59.441 [FXGL Background Thread 3 ] DEBUG Engine               - is3D: false
21:24:59.442 [FXGL Background Thread 3 ] DEBUG Engine               - isAndroid: false
21:24:59.442 [FXGL Background Thread 3 ] DEBUG Engine               - isBrowser: false
21:24:59.442 [FXGL Background Thread 3 ] DEBUG Engine               - isClickFeedbackEnabled: false
21:24:59.442 [FXGL Background Thread 3 ] DEBUG Engine               - isCloseConfirmation: false
21:24:59.442 [FXGL Background Thread 3 ] DEBUG Engine               - isDesktop: true
21:24:59.442 [FXGL Background Thread 3 ] DEBUG Engine               - isDeveloperMenuEnabled: false
21:24:59.442 [FXGL Background Thread 3 ] DEBUG Engine               - isEmbedded: false
21:24:59.442 [FXGL Background Thread 3 ] DEBUG Engine               - isEntityPreloadEnabled: true
21:24:59.442 [FXGL Background Thread 3 ] DEBUG Engine               - isExperimentalTiledLargeMap: false
21:24:59.442 [FXGL Background Thread 3 ] DEBUG Engine               - isFileSystemWriteAllowed: true
21:24:59.442 [FXGL Background Thread 3 ] DEBUG Engine               - isFullScreenAllowed: true
21:24:59.442 [FXGL Background Thread 3 ] DEBUG Engine               - isFullScreenFromStart: true
21:24:59.442 [FXGL Background Thread 3 ] DEBUG Engine               - isGameMenuEnabled: true
21:24:59.442 [FXGL Background Thread 3 ] DEBUG Engine               - isIOS: false
21:24:59.442 [FXGL Background Thread 3 ] DEBUG Engine               - isIntroEnabled: false
21:24:59.442 [FXGL Background Thread 3 ] DEBUG Engine               - isLinux: false
21:24:59.442 [FXGL Background Thread 3 ] DEBUG Engine               - isMac: false
21:24:59.442 [FXGL Background Thread 3 ] DEBUG Engine               - isMainMenuEnabled: true
21:24:59.442 [FXGL Background Thread 3 ] DEBUG Engine               - isManualResizeEnabled: false
21:24:59.442 [FXGL Background Thread 3 ] DEBUG Engine               - isMobile: false
21:24:59.443 [FXGL Background Thread 3 ] DEBUG Engine               - isNative: false
21:24:59.443 [FXGL Background Thread 3 ] DEBUG Engine               - isPauseMusicWhenMinimized: true
21:24:59.443 [FXGL Background Thread 3 ] DEBUG Engine               - isPreserveResizeRatio: false
21:24:59.443 [FXGL Background Thread 3 ] DEBUG Engine               - isProfilingEnabled: true
21:24:59.443 [FXGL Background Thread 3 ] DEBUG Engine               - isScaleAffectedOnResize: true
21:24:59.443 [FXGL Background Thread 3 ] DEBUG Engine               - isSingleStep: false
21:24:59.443 [FXGL Background Thread 3 ] DEBUG Engine               - isUserProfileEnabled: false
21:24:59.443 [FXGL Background Thread 3 ] DEBUG Engine               - isWindows: true
21:24:59.443 [FXGL Background Thread 3 ] DEBUG Engine               - language: ObjectProperty [value: ENGLISH]
21:24:59.443 [FXGL Background Thread 3 ] DEBUG Engine               - menuKey: ESCAPE
21:24:59.443 [FXGL Background Thread 3 ] DEBUG Engine               - mouseSensitivity: 0.2
21:24:59.443 [FXGL Background Thread 3 ] DEBUG Engine               - notificationViewClass: class com.almasb.fxgl.notification.view.XboxNotificationView
21:24:59.443 [FXGL Background Thread 3 ] DEBUG Engine               - pixelsPerMeter: 50.0
21:24:59.443 [FXGL Background Thread 3 ] DEBUG Engine               - platform: WINDOWS
21:24:59.443 [FXGL Background Thread 3 ] DEBUG Engine               - prefHeightProperty: ReadOnlyDoubleProperty [value: 1080.0]
21:24:59.443 [FXGL Background Thread 3 ] DEBUG Engine               - prefWidthProperty: ReadOnlyDoubleProperty [value: 1920.0]
21:24:59.443 [FXGL Background Thread 3 ] DEBUG Engine               - profileDir: profiles/
21:24:59.443 [FXGL Background Thread 3 ] DEBUG Engine               - profileName: StringProperty [value: DEFAULT]
21:24:59.443 [FXGL Background Thread 3 ] DEBUG Engine               - randomSeed: -1
21:24:59.444 [FXGL Background Thread 3 ] DEBUG Engine               - runtimeInfo: RuntimeInfo(platform=WINDOWS, version=17.3, build=30.03.2023 11.54)
21:24:59.444 [FXGL Background Thread 3 ] DEBUG Engine               - saveFileExt: sav
21:24:59.444 [FXGL Background Thread 3 ] DEBUG Engine               - scaledHeightProp$fxgl: DoubleProperty [bound, value: 864.0]
21:24:59.444 [FXGL Background Thread 3 ] DEBUG Engine               - scaledWidthProp$fxgl: DoubleProperty [bound, value: 1536.0]
21:24:59.444 [FXGL Background Thread 3 ] DEBUG Engine               - sceneFactory: main.spacegame.SpaceGameApp$1@6868db0a
21:24:59.445 [FXGL Background Thread 3 ] DEBUG Engine               - secondsIn24h: 60
21:24:59.445 [FXGL Background Thread 3 ] DEBUG Engine               - soundMenuBack: menu/back.wav
21:24:59.445 [FXGL Background Thread 3 ] DEBUG Engine               - soundMenuPress: menu/press.wav
21:24:59.445 [FXGL Background Thread 3 ] DEBUG Engine               - soundMenuSelect: menu/select.wav
21:24:59.445 [FXGL Background Thread 3 ] DEBUG Engine               - soundNotification: core/notification.wav
21:24:59.445 [FXGL Background Thread 3 ] DEBUG Engine               - stageStyle: DECORATED
21:24:59.445 [FXGL Background Thread 3 ] DEBUG Engine               - supportedLanguages: [ENGLISH, FRENCH, GERMAN, HUNGARIAN, RUSSIAN]
21:24:59.445 [FXGL Background Thread 3 ] DEBUG Engine               - ticksPerSecond: -1
21:24:59.445 [FXGL Background Thread 3 ] DEBUG Engine               - title: Space_Game
21:24:59.445 [FXGL Background Thread 3 ] DEBUG Engine               - urlGithub: https://github.com/AlmasB/FXGL
21:24:59.445 [FXGL Background Thread 3 ] DEBUG Engine               - urlLeaderboard: http://fxgl-top.herokuapp.com/
21:24:59.445 [FXGL Background Thread 3 ] DEBUG Engine               - urlPOM: https://raw.githubusercontent.com/AlmasB/FXGL/release/README.md
21:24:59.445 [FXGL Background Thread 3 ] DEBUG Engine               - userAppClass: class main.spacegame.SpaceGameApp
21:24:59.445 [FXGL Background Thread 3 ] DEBUG Engine               - version: 1.0
21:24:59.445 [FXGL Background Thread 3 ] DEBUG Engine               - versionCheckDays: 7
21:24:59.445 [FXGL Background Thread 3 ] DEBUG Engine               - width: 1920
21:24:59.445 [FXGL Background Thread 3 ] DEBUG Engine               - Logging services
21:24:59.445 [FXGL Background Thread 3 ] DEBUG Engine               - class com.almasb.fxgl.app.services.FXGLAssetLoaderService
21:24:59.445 [FXGL Background Thread 3 ] DEBUG Engine               - class com.almasb.fxgl.app.FXGLApplication$GameApplicationService
21:24:59.445 [FXGL Background Thread 3 ] DEBUG Engine               - class com.almasb.fxgl.app.services.FXGLDialogService
21:24:59.445 [FXGL Background Thread 3 ] DEBUG Engine               - class com.almasb.fxgl.app.services.IOTaskExecutorService
21:24:59.445 [FXGL Background Thread 3 ] DEBUG Engine               - class com.almasb.fxgl.io.FileSystemService
21:24:59.445 [FXGL Background Thread 3 ] DEBUG Engine               - class com.almasb.fxgl.localization.LocalizationService
21:24:59.445 [FXGL Background Thread 3 ] DEBUG Engine               - class com.almasb.fxgl.app.services.SystemBundleService
21:24:59.445 [FXGL Background Thread 3 ] DEBUG Engine               - class com.almasb.fxgl.profile.SaveLoadService
21:24:59.445 [FXGL Background Thread 3 ] DEBUG Engine               - class com.almasb.fxgl.ui.FXGLUIFactoryServiceProvider
21:24:59.445 [FXGL Background Thread 3 ] DEBUG Engine               - class com.almasb.fxgl.ui.FXGLDialogFactoryServiceProvider
21:24:59.445 [FXGL Background Thread 3 ] DEBUG Engine               - class com.almasb.fxgl.audio.AudioPlayer
21:24:59.445 [FXGL Background Thread 3 ] DEBUG Engine               - class com.almasb.fxgl.notification.impl.NotificationServiceProvider
21:24:59.445 [FXGL Background Thread 3 ] DEBUG Engine               - class com.almasb.fxgl.achievement.AchievementService
21:24:59.445 [FXGL Background Thread 3 ] DEBUG Engine               - class com.almasb.fxgl.cutscene.CutsceneService
21:24:59.445 [FXGL Background Thread 3 ] DEBUG Engine               - class com.almasb.fxgl.minigames.MiniGameService
21:24:59.445 [FXGL Background Thread 3 ] DEBUG Engine               - class com.almasb.fxgl.net.NetService
21:24:59.445 [FXGL Background Thread 3 ] DEBUG Engine               - class com.almasb.fxgl.app.services.UpdaterService
21:24:59.445 [FXGL Background Thread 3 ] DEBUG Engine               - class com.almasb.fxgl.dev.DevService
21:24:59.446 [FXGL Background Thread 3 ] DEBUG Engine               - class main.spacegame.service.HighScoreService
21:24:59.446 [FXGL Background Thread 3 ] DEBUG Engine               - class main.spacegame.service.LevelPressureService
21:24:59.446 [FXGL Background Thread 3 ] DEBUG Engine               - class main.spacegame.level.LevelService
21:24:59.446 [FXGL Background Thread 3 ] DEBUG Engine               - class com.almasb.fxgl.dev.profiling.ProfilerService
21:25:04.997 [JavaFX Application Thread] DEBUG FXGLApplication      - Exiting FXGL
21:25:04.997 [JavaFX Application Thread] DEBUG LoopRunner           - Stopping loop
21:25:04.997 [JavaFX Application Thread] DEBUG SystemBundleService  - Saving FXGL system data
21:25:05.000 [JavaFX Application Thread] DEBUG FileSystemAccess     - Writing to: C:\Users\İbrahim\Desktop\CS102PROJECT_F-NAL\system\fxgl.bundle
21:25:05.004 [JavaFX Application Thread] INFO  ProfilerWindow       - Profiler (FPS) - 441 frames
21:25:05.005 [JavaFX Application Thread] INFO  ProfilerWindow       - Average: 54.775510204081634
21:25:05.006 [JavaFX Application Thread] INFO  ProfilerWindow       - Minimum: 46.0
21:25:05.006 [JavaFX Application Thread] INFO  ProfilerWindow       - Maximum: 60.0
21:25:05.007 [JavaFX Application Thread] INFO  ProfilerWindow       - Profiler (CPU (ms)) - 441 frames
21:25:05.007 [JavaFX Application Thread] INFO  ProfilerWindow       - Average: 4.448268253968253
21:25:05.008 [JavaFX Application Thread] INFO  ProfilerWindow       - Minimum: 0.0
21:25:05.009 [JavaFX Application Thread] INFO  ProfilerWindow       - Maximum: 33.2159
21:25:05.009 [JavaFX Application Thread] INFO  ProfilerWindow       - Profiler (RAM (MB)) - 441 frames
21:25:05.011 [JavaFX Application Thread] INFO  ProfilerWindow       - Average: 131.0650893749834
21:25:05.012 [JavaFX Application Thread] INFO  ProfilerWindow       - Minimum: 37.94429016113281
21:25:05.013 [JavaFX Application Thread] INFO  ProfilerWindow       - Maximum: 297.9362487792969
21:25:05.014 [JavaFX Application Thread] INFO  ProfilerService      - Estimated GC runs: 14
21:25:05.014 [JavaFX Application Thread] DEBUG Async                - Shutting down background threads
21:25:05.015 [JavaFX Application Thread] DEBUG PrimaryStageWindow   - Closing main window
21:25:05.071 [JavaFX Application Thread] DEBUG Logger               - Closing Logger
