00:55:01.845 [main                     ] DEBUG Logger               - Configured Logger
00:55:01.878 [main                     ] DEBUG GameApplication      - Logging settings
Title: Space_Game
Version: 1.0
Width: 1920
Height: 1080
Fullscreen: false
Intro: false
Profiling: false
Single step:false
App Mode: DEVELOPER
Menu Key: ESCAPE
Stage Style: DECORATED
Scene Factory: class main.spacegame.SpaceGameApp$1

00:55:02.248 [JavaFX Application Thread] DEBUG FXGLApplication      - Initializing FXGL
00:55:02.252 [JavaFX Application Thread] INFO  Engine               - FXGL-17.3 (30.03.2023 11.54) on WINDOWS (J:19.0.2 FX:20)
00:55:02.252 [JavaFX Application Thread] DEBUG Engine               - JRE Vendor Name: Oracle Corporation
00:55:02.253 [JavaFX Application Thread] DEBUG Engine               - Running on OS: Windows 10 version 10.0
00:55:02.253 [JavaFX Application Thread] DEBUG Engine               - Architecture: amd64
00:55:02.253 [JavaFX Application Thread] INFO  Engine               - Source code and latest versions at: https://github.com/AlmasB/FXGL
00:55:02.253 [JavaFX Application Thread] INFO  Engine               -       Ask questions and discuss at: https://github.com/AlmasB/FXGL/discussions
00:55:02.254 [JavaFX Application Thread] INFO  Engine               -              Join the FXGL chat at: https://gitter.im/AlmasB/FXGL
00:55:02.374 [JavaFX Application Thread] DEBUG PrimaryStageWindow   - Creating a JavaFX scene
00:55:02.375 [JavaFX Application Thread] DEBUG PrimaryStageWindow   - Target size > screen size
00:55:02.425 [JavaFX Application Thread] DEBUG PrimaryStageWindow   - Target settings size: 1920.0 x 1080.0
00:55:02.425 [JavaFX Application Thread] DEBUG PrimaryStageWindow   - Scaled scene size:    1439.0 x 823.0
00:55:02.425 [JavaFX Application Thread] DEBUG PrimaryStageWindow   - Scaled ratio: (0.7494791666666667, 0.7620370370370371)
00:55:02.426 [JavaFX Application Thread] DEBUG PrimaryStageWindow   - Set initial scene to FXGLStartupScene
00:55:02.430 [JavaFX Application Thread] DEBUG PrimaryStageWindow   - Opening main window
00:55:02.523 [JavaFX Application Thread] DEBUG PrimaryStageWindow   - Window border size: (14.5999755859375, 37.79998779296875)
00:55:02.523 [JavaFX Application Thread] DEBUG PrimaryStageWindow   - Scaled size: 1439.0 x 823.0
00:55:02.523 [JavaFX Application Thread] DEBUG PrimaryStageWindow   - Scaled ratio: (0.7494791666666667, 0.7620370370370371)
00:55:02.523 [JavaFX Application Thread] DEBUG PrimaryStageWindow   - Scene size: 1439.0 x 823.0
00:55:02.524 [JavaFX Application Thread] DEBUG PrimaryStageWindow   - Stage size: 1453.5999755859375 x 860.7999877929688
00:55:02.531 [FXGL Background Thread 1 ] DEBUG Engine               - Initializing environment variables
00:55:02.582 [FXGL Background Thread 1 ] DEBUG FXGLAssetLoaderServi - User app class for loading assets: class main.spacegame.SpaceGameApp
00:55:02.582 [FXGL Background Thread 1 ] DEBUG GameApplicationServi - Applying CSS: fxgl_dark.css
00:55:02.583 [FXGL Background Thread 1 ] DEBUG FXGLAssetLoaderServi - Loading from file system: jar:file:/C:/Users/%c4%b0brahim/Downloads/fxgl-17.3-uber.jar!/fxglassets/ui/css/fxgl_dark.css
00:55:02.624 [FXGL Background Thread 1 ] DEBUG GameApplicationServi - Initializing application scenes
00:55:02.662 [FXGL Background Thread 1 ] DEBUG GameWorld            - Game world initialized
00:55:02.723 [FXGL Background Thread 1 ] DEBUG PhysicsWorld         - Physics world initialized: appHeight=1080, physics.ppm=50.0
00:55:02.723 [FXGL Background Thread 1 ] DEBUG PhysicsWorld         - Using strategy: BRUTE_FORCE
00:55:02.727 [FXGL Background Thread 1 ] DEBUG GameScene            - Game scene initialized: 1920x1080
00:55:02.733 [FXGL Background Thread 1 ] DEBUG FXGLAssetLoaderServi - Loading from file system: file:/C:/Users/%c4%b0brahim/AppData/Roaming/Code/User/workspaceStorage/1a1948b350b0cb6fa70180a51989d365/redhat.java/jdt_ws/CS102PROJECT_F-NAL_66a0183f/bin/assets/textures/mainmenu.png
00:55:02.900 [FXGL Background Thread 1 ] DEBUG FXGLAssetLoaderServi - Loading from file system: file:/C:/Users/%c4%b0brahim/AppData/Roaming/Code/User/workspaceStorage/1a1948b350b0cb6fa70180a51989d365/redhat.java/jdt_ws/CS102PROJECT_F-NAL_66a0183f/bin/assets/textures/credits.png
00:55:02.943 [FXGL Background Thread 1 ] DEBUG FXGLAssetLoaderServi - Loading from file system: file:/C:/Users/%c4%b0brahim/AppData/Roaming/Code/User/workspaceStorage/1a1948b350b0cb6fa70180a51989d365/redhat.java/jdt_ws/CS102PROJECT_F-NAL_66a0183f/bin/assets/textures/gameMenu.png
00:55:02.981 [FXGL Background Thread 1 ] DEBUG GameApplicationServi - Application scenes initialized
00:55:02.993 [FXGL Background Thread 1 ] DEBUG SystemBundleService  - Loading FXGL system data
00:55:02.998 [FXGL Background Thread 1 ] DEBUG FileSystemAccess     - Reading from: C:\Users\İbrahim\Desktop\CS102PROJECT_F-NAL\system\fxgl.bundle
00:55:03.007 [FXGL Background Thread 1 ] DEBUG SystemBundleService  - Bundle FXGL: {}
00:55:03.007 [FXGL Background Thread 1 ] DEBUG UpdaterService       - Checking for updates
00:55:03.011 [FXGL Background Thread 4 ] DEBUG FXGLApplication      - Loading fonts
00:55:03.016 [FXGL Background Thread 4 ] DEBUG FXGLAssetLoaderServi - Loading from file system: jar:file:/C:/Users/%c4%b0brahim/Downloads/fxgl-17.3-uber.jar!/fxglassets/ui/fonts/VarelaRound-Regular.ttf
00:55:03.017 [FXGL Background Thread 1 ] DEBUG FXGLApplication      - Loading default localization
00:55:03.018 [FXGL Background Thread 1 ] DEBUG FXGLAssetLoaderServi - Loading from file system: jar:file:/C:/Users/%c4%b0brahim/Downloads/fxgl-17.3-uber.jar!/fxglassets/languages/english.lang
00:55:03.036 [FXGL Background Thread 1 ] INFO  FXGLApplication      - FXGL initialization took: 0.506 sec
00:55:03.038 [JavaFX Application Thread] DEBUG FXGLAssetLoaderServi - Loading from file system: jar:file:/C:/Users/%c4%b0brahim/Downloads/fxgl-17.3-uber.jar!/fxglassets/textures/fxgl_icon.png
00:55:03.055 [JavaFX Application Thread] DEBUG FXGLAssetLoaderServi - Loading from file system: jar:file:/C:/Users/%c4%b0brahim/Downloads/fxgl-17.3-uber.jar!/fxglassets/textures/fxgl_default_cursor.png
00:55:03.068 [JavaFX Application Thread] DEBUG Input                - Registered new binding: Screenshot - CTRL+8
00:55:03.069 [JavaFX Application Thread] DEBUG Input                - Registered new binding: System info dump - CTRL+9
00:55:03.069 [JavaFX Application Thread] DEBUG Input                - Registered new binding: Restart - CTRL+R
00:55:03.071 [JavaFX Application Thread] DEBUG Input                - Registered new binding: Toggle Debug Camera - CTRL+7
00:55:03.075 [JavaFX Application Thread] DEBUG LoopRunner           - Starting loop
00:55:03.075 [JavaFX Application Thread] DEBUG LoopRunner           - Initializing JavaFX AnimationTimerLoop
00:55:03.079 [JavaFX Application Thread] DEBUG Input                - Clearing active input actions
00:55:03.081 [FXGL Background Thread 4 ] DEBUG FXGLAssetLoaderServi - Loading from file system: jar:file:/C:/Users/%c4%b0brahim/Downloads/fxgl-17.3-uber.jar!/fxglassets/ui/fonts/Abel-Regular.ttf
00:55:03.086 [FXGL Background Thread 4 ] DEBUG FXGLAssetLoaderServi - Loading from file system: jar:file:/C:/Users/%c4%b0brahim/Downloads/fxgl-17.3-uber.jar!/fxglassets/ui/fonts/TerminalLandMono-Regular.otf
00:55:03.087 [JavaFX Application Thread] DEBUG GameApplicationServi - Removing overlay from FXGLStartupScene and adding to FXGLMainMenuDummyScene
00:55:03.087 [JavaFX Application Thread] DEBUG PrimaryStageWindow   - FXGLStartupScene -> FXGLMainMenuDummyScene
00:55:03.088 [JavaFX Application Thread] DEBUG PrimaryStageWindow   - Push state: SpaceGameMainMenu
00:55:03.088 [JavaFX Application Thread] DEBUG Input                - Clearing active input actions
00:55:03.092 [FXGL Background Thread 4 ] DEBUG FXGLAssetLoaderServi - Loading from file system: jar:file:/C:/Users/%c4%b0brahim/Downloads/fxgl-17.3-uber.jar!/fxglassets/ui/fonts/Courier-Prime.ttf
00:55:03.096 [JavaFX Application Thread] DEBUG GameApplicationServi - Removing overlay from FXGLMainMenuDummyScene and adding to SpaceGameMainMenu
00:55:03.097 [JavaFX Application Thread] DEBUG PrimaryStageWindow   - FXGLMainMenuDummyScene -> SpaceGameMainMenu
00:55:03.136 [JavaFX Application Thread] DEBUG FXGLApplication      - Registering font factories with UI factory
00:55:05.287 [JavaFX Application Thread] DEBUG Menu                 - fireNewGame()
00:55:05.287 [JavaFX Application Thread] DEBUG GameApplicationServi - Starting new game
00:55:05.287 [JavaFX Application Thread] DEBUG PrimaryStageWindow   - Pop state: SpaceGameMainMenu
00:55:05.287 [JavaFX Application Thread] DEBUG Input                - Clearing active input actions
00:55:05.288 [JavaFX Application Thread] DEBUG GameApplicationServi - Removing overlay from SpaceGameMainMenu and adding to FXGLMainMenuDummyScene
00:55:05.288 [JavaFX Application Thread] DEBUG PrimaryStageWindow   - FXGLMainMenuDummyScene <- SpaceGameMainMenu
00:55:05.289 [JavaFX Application Thread] DEBUG Input                - Clearing active input actions
00:55:05.295 [JavaFX Application Thread] DEBUG GameApplicationServi - Removing overlay from FXGLMainMenuDummyScene and adding to FXGLLoadingScene
00:55:05.295 [JavaFX Application Thread] DEBUG PrimaryStageWindow   - FXGLMainMenuDummyScene -> FXGLLoadingScene
00:55:05.295 [JavaFX Application Thread] DEBUG GameApplicationServi - Clearing previous game
00:55:05.295 [JavaFX Application Thread] DEBUG GameScene            - Clearing game scene
00:55:05.295 [JavaFX Application Thread] DEBUG GameWorld            - Clearing game world
00:55:05.296 [JavaFX Application Thread] DEBUG PhysicsWorld         - Clearing physics world
00:55:05.297 [FXGL Background Thread 2 ] DEBUG FXGLApplication      - Initializing game
00:55:05.301 [FXGL Background Thread 2 ] INFO  FXGLApplication      - Game initialization took: 0.003 sec
00:55:05.327 [JavaFX Application Thread] DEBUG Input                - Clearing active input actions
00:55:05.333 [JavaFX Application Thread] DEBUG GameApplicationServi - Removing overlay from FXGLLoadingScene and adding to GameScene
00:55:05.333 [JavaFX Application Thread] DEBUG PrimaryStageWindow   - FXGLLoadingScene -> GameScene
00:55:06.011 [FXGL Background Thread 3 ] DEBUG Engine               - Logging environment variables
00:55:06.011 [FXGL Background Thread 3 ] DEBUG Engine               - achievements: []
00:55:06.011 [FXGL Background Thread 3 ] DEBUG Engine               - actualHeight: 823.0
00:55:06.011 [FXGL Background Thread 3 ] DEBUG Engine               - actualHeightProperty: ReadOnlyDoubleProperty [value: 823.0]
00:55:06.011 [FXGL Background Thread 3 ] DEBUG Engine               - actualWidth: 1439.0
00:55:06.012 [FXGL Background Thread 3 ] DEBUG Engine               - actualWidthProperty: ReadOnlyDoubleProperty [value: 1439.0]
00:55:06.012 [FXGL Background Thread 3 ] DEBUG Engine               - appIcon: fxgl_icon.png
00:55:06.012 [FXGL Background Thread 3 ] DEBUG Engine               - applicationMode: DEVELOPER
00:55:06.012 [FXGL Background Thread 3 ] DEBUG Engine               - cSSList: [fxgl_dark.css]
00:55:06.012 [FXGL Background Thread 3 ] DEBUG Engine               - collisionDetectionStrategy: BRUTE_FORCE
00:55:06.012 [FXGL Background Thread 3 ] DEBUG Engine               - configClass: Optional.empty
00:55:06.012 [FXGL Background Thread 3 ] DEBUG Engine               - credits: []
00:55:06.013 [FXGL Background Thread 3 ] DEBUG Engine               - defaultCursor: CursorInfo(imageName=fxgl_default_cursor.png, hotspotX=7.0, hotspotY=6.0)
00:55:06.013 [FXGL Background Thread 3 ] DEBUG Engine               - devBBoxColorProperty: ObjectProperty [value: 0xff0000ff]
00:55:06.013 [FXGL Background Thread 3 ] DEBUG Engine               - devEnableDebugCameraProperty: BooleanProperty [value: false]
00:55:06.013 [FXGL Background Thread 3 ] DEBUG Engine               - devSensorColorProperty: ObjectProperty [value: 0xffff00ff]
00:55:06.013 [FXGL Background Thread 3 ] DEBUG Engine               - devShowBBoxProperty: BooleanProperty [value: false]
00:55:06.014 [FXGL Background Thread 3 ] DEBUG Engine               - devShowPositionProperty: BooleanProperty [value: false]
00:55:06.014 [FXGL Background Thread 3 ] DEBUG Engine               - enabledMenuItems: []
00:55:06.014 [FXGL Background Thread 3 ] DEBUG Engine               - engineServices: [class com.almasb.fxgl.app.services.FXGLAssetLoaderService, class com.almasb.fxgl.app.FXGLApplication$GameApplicationService, class com.almasb.fxgl.app.services.FXGLDialogService, class com.almasb.fxgl.app.services.IOTaskExecutorService, class com.almasb.fxgl.io.FileSystemService, class com.almasb.fxgl.localization.LocalizationService, class com.almasb.fxgl.app.services.SystemBundleService, class com.almasb.fxgl.profile.SaveLoadService, class com.almasb.fxgl.ui.FXGLUIFactoryServiceProvider, class com.almasb.fxgl.ui.FXGLDialogFactoryServiceProvider, class com.almasb.fxgl.audio.AudioPlayer, class com.almasb.fxgl.notification.impl.NotificationServiceProvider, class com.almasb.fxgl.achievement.AchievementService, class com.almasb.fxgl.cutscene.CutsceneService, class com.almasb.fxgl.minigames.MiniGameService, class com.almasb.fxgl.net.NetService, class com.almasb.fxgl.app.services.UpdaterService, class com.almasb.fxgl.dev.DevService]
00:55:06.014 [FXGL Background Thread 3 ] DEBUG Engine               - fontGame: Abel-Regular.ttf
00:55:06.014 [FXGL Background Thread 3 ] DEBUG Engine               - fontMono: TerminalLandMono-Regular.otf
00:55:06.014 [FXGL Background Thread 3 ] DEBUG Engine               - fontSizeScaleUI: 1.0
00:55:06.014 [FXGL Background Thread 3 ] DEBUG Engine               - fontText: Courier-Prime.ttf
00:55:06.014 [FXGL Background Thread 3 ] DEBUG Engine               - fontUI: VarelaRound-Regular.ttf
00:55:06.014 [FXGL Background Thread 3 ] DEBUG Engine               - fullScreen: BooleanProperty [value: false]
00:55:06.014 [FXGL Background Thread 3 ] DEBUG Engine               - gameDifficulty: MEDIUM
00:55:06.014 [FXGL Background Thread 3 ] DEBUG Engine               - gameDifficultyProperty: ObjectProperty [value: MEDIUM]
00:55:06.014 [FXGL Background Thread 3 ] DEBUG Engine               - globalMusicVolume: 0.5
00:55:06.014 [FXGL Background Thread 3 ] DEBUG Engine               - globalMusicVolumeProperty: DoubleProperty [value: 0.5]
00:55:06.014 [FXGL Background Thread 3 ] DEBUG Engine               - globalSoundVolume: 0.5
00:55:06.014 [FXGL Background Thread 3 ] DEBUG Engine               - globalSoundVolumeProperty: DoubleProperty [value: 0.5]
00:55:06.014 [FXGL Background Thread 3 ] DEBUG Engine               - height: 1080
00:55:06.014 [FXGL Background Thread 3 ] DEBUG Engine               - is3D: false
00:55:06.014 [FXGL Background Thread 3 ] DEBUG Engine               - isAndroid: false
00:55:06.014 [FXGL Background Thread 3 ] DEBUG Engine               - isBrowser: false
00:55:06.014 [FXGL Background Thread 3 ] DEBUG Engine               - isClickFeedbackEnabled: false
00:55:06.014 [FXGL Background Thread 3 ] DEBUG Engine               - isCloseConfirmation: false
00:55:06.014 [FXGL Background Thread 3 ] DEBUG Engine               - isDesktop: true
00:55:06.014 [FXGL Background Thread 3 ] DEBUG Engine               - isDeveloperMenuEnabled: false
00:55:06.014 [FXGL Background Thread 3 ] DEBUG Engine               - isEmbedded: false
00:55:06.014 [FXGL Background Thread 3 ] DEBUG Engine               - isEntityPreloadEnabled: true
00:55:06.014 [FXGL Background Thread 3 ] DEBUG Engine               - isExperimentalTiledLargeMap: false
00:55:06.015 [FXGL Background Thread 3 ] DEBUG Engine               - isFileSystemWriteAllowed: true
00:55:06.015 [FXGL Background Thread 3 ] DEBUG Engine               - isFullScreenAllowed: false
00:55:06.015 [FXGL Background Thread 3 ] DEBUG Engine               - isFullScreenFromStart: false
00:55:06.015 [FXGL Background Thread 3 ] DEBUG Engine               - isGameMenuEnabled: true
00:55:06.015 [FXGL Background Thread 3 ] DEBUG Engine               - isIOS: false
00:55:06.015 [FXGL Background Thread 3 ] DEBUG Engine               - isIntroEnabled: false
00:55:06.015 [FXGL Background Thread 3 ] DEBUG Engine               - isLinux: false
00:55:06.015 [FXGL Background Thread 3 ] DEBUG Engine               - isMac: false
00:55:06.015 [FXGL Background Thread 3 ] DEBUG Engine               - isMainMenuEnabled: true
00:55:06.015 [FXGL Background Thread 3 ] DEBUG Engine               - isManualResizeEnabled: false
00:55:06.015 [FXGL Background Thread 3 ] DEBUG Engine               - isMobile: false
00:55:06.015 [FXGL Background Thread 3 ] DEBUG Engine               - isNative: false
00:55:06.015 [FXGL Background Thread 3 ] DEBUG Engine               - isPauseMusicWhenMinimized: true
00:55:06.015 [FXGL Background Thread 3 ] DEBUG Engine               - isPreserveResizeRatio: false
00:55:06.015 [FXGL Background Thread 3 ] DEBUG Engine               - isProfilingEnabled: false
00:55:06.015 [FXGL Background Thread 3 ] DEBUG Engine               - isScaleAffectedOnResize: true
00:55:06.015 [FXGL Background Thread 3 ] DEBUG Engine               - isSingleStep: false
00:55:06.015 [FXGL Background Thread 3 ] DEBUG Engine               - isUserProfileEnabled: false
00:55:06.015 [FXGL Background Thread 3 ] DEBUG Engine               - isWindows: true
00:55:06.015 [FXGL Background Thread 3 ] DEBUG Engine               - language: ObjectProperty [value: ENGLISH]
00:55:06.015 [FXGL Background Thread 3 ] DEBUG Engine               - menuKey: ESCAPE
00:55:06.015 [FXGL Background Thread 3 ] DEBUG Engine               - mouseSensitivity: 0.2
00:55:06.015 [FXGL Background Thread 3 ] DEBUG Engine               - notificationViewClass: class com.almasb.fxgl.notification.view.XboxNotificationView
00:55:06.015 [FXGL Background Thread 3 ] DEBUG Engine               - pixelsPerMeter: 50.0
00:55:06.015 [FXGL Background Thread 3 ] DEBUG Engine               - platform: WINDOWS
00:55:06.016 [FXGL Background Thread 3 ] DEBUG Engine               - prefHeightProperty: ReadOnlyDoubleProperty [value: 1080.0]
00:55:06.016 [FXGL Background Thread 3 ] DEBUG Engine               - prefWidthProperty: ReadOnlyDoubleProperty [value: 1920.0]
00:55:06.016 [FXGL Background Thread 3 ] DEBUG Engine               - profileDir: profiles/
00:55:06.016 [FXGL Background Thread 3 ] DEBUG Engine               - profileName: StringProperty [value: DEFAULT]
00:55:06.016 [FXGL Background Thread 3 ] DEBUG Engine               - randomSeed: -1
00:55:06.016 [FXGL Background Thread 3 ] DEBUG Engine               - runtimeInfo: RuntimeInfo(platform=WINDOWS, version=17.3, build=30.03.2023 11.54)
00:55:06.016 [FXGL Background Thread 3 ] DEBUG Engine               - saveFileExt: sav
00:55:06.016 [FXGL Background Thread 3 ] DEBUG Engine               - scaledHeightProp$fxgl: DoubleProperty [bound, value: 823.0]
00:55:06.016 [FXGL Background Thread 3 ] DEBUG Engine               - scaledWidthProp$fxgl: DoubleProperty [bound, value: 1439.0]
00:55:06.016 [FXGL Background Thread 3 ] DEBUG Engine               - sceneFactory: main.spacegame.SpaceGameApp$1@57506c8b
00:55:06.016 [FXGL Background Thread 3 ] DEBUG Engine               - secondsIn24h: 60
00:55:06.017 [FXGL Background Thread 3 ] DEBUG Engine               - soundMenuBack: menu/back.wav
00:55:06.017 [FXGL Background Thread 3 ] DEBUG Engine               - soundMenuPress: menu/press.wav
00:55:06.017 [FXGL Background Thread 3 ] DEBUG Engine               - soundMenuSelect: menu/select.wav
00:55:06.017 [FXGL Background Thread 3 ] DEBUG Engine               - soundNotification: core/notification.wav
00:55:06.017 [FXGL Background Thread 3 ] DEBUG Engine               - stageStyle: DECORATED
00:55:06.017 [FXGL Background Thread 3 ] DEBUG Engine               - supportedLanguages: [ENGLISH, FRENCH, GERMAN, HUNGARIAN, RUSSIAN]
00:55:06.017 [FXGL Background Thread 3 ] DEBUG Engine               - ticksPerSecond: -1
00:55:06.017 [FXGL Background Thread 3 ] DEBUG Engine               - title: Space_Game
00:55:06.017 [FXGL Background Thread 3 ] DEBUG Engine               - urlGithub: https://github.com/AlmasB/FXGL
00:55:06.017 [FXGL Background Thread 3 ] DEBUG Engine               - urlLeaderboard: http://fxgl-top.herokuapp.com/
00:55:06.017 [FXGL Background Thread 3 ] DEBUG Engine               - urlPOM: https://raw.githubusercontent.com/AlmasB/FXGL/release/README.md
00:55:06.017 [FXGL Background Thread 3 ] DEBUG Engine               - userAppClass: class main.spacegame.SpaceGameApp
00:55:06.017 [FXGL Background Thread 3 ] DEBUG Engine               - version: 1.0
00:55:06.017 [FXGL Background Thread 3 ] DEBUG Engine               - versionCheckDays: 7
00:55:06.017 [FXGL Background Thread 3 ] DEBUG Engine               - width: 1920
00:55:06.017 [FXGL Background Thread 3 ] DEBUG Engine               - Logging services
00:55:06.017 [FXGL Background Thread 3 ] DEBUG Engine               - class com.almasb.fxgl.app.services.FXGLAssetLoaderService
00:55:06.017 [FXGL Background Thread 3 ] DEBUG Engine               - class com.almasb.fxgl.app.FXGLApplication$GameApplicationService
00:55:06.017 [FXGL Background Thread 3 ] DEBUG Engine               - class com.almasb.fxgl.app.services.FXGLDialogService
00:55:06.017 [FXGL Background Thread 3 ] DEBUG Engine               - class com.almasb.fxgl.app.services.IOTaskExecutorService
00:55:06.017 [FXGL Background Thread 3 ] DEBUG Engine               - class com.almasb.fxgl.io.FileSystemService
00:55:06.017 [FXGL Background Thread 3 ] DEBUG Engine               - class com.almasb.fxgl.localization.LocalizationService
00:55:06.018 [FXGL Background Thread 3 ] DEBUG Engine               - class com.almasb.fxgl.app.services.SystemBundleService
00:55:06.018 [FXGL Background Thread 3 ] DEBUG Engine               - class com.almasb.fxgl.profile.SaveLoadService
00:55:06.018 [FXGL Background Thread 3 ] DEBUG Engine               - class com.almasb.fxgl.ui.FXGLUIFactoryServiceProvider
00:55:06.018 [FXGL Background Thread 3 ] DEBUG Engine               - class com.almasb.fxgl.ui.FXGLDialogFactoryServiceProvider
00:55:06.018 [FXGL Background Thread 3 ] DEBUG Engine               - class com.almasb.fxgl.audio.AudioPlayer
00:55:06.018 [FXGL Background Thread 3 ] DEBUG Engine               - class com.almasb.fxgl.notification.impl.NotificationServiceProvider
00:55:06.018 [FXGL Background Thread 3 ] DEBUG Engine               - class com.almasb.fxgl.achievement.AchievementService
00:55:06.018 [FXGL Background Thread 3 ] DEBUG Engine               - class com.almasb.fxgl.cutscene.CutsceneService
00:55:06.018 [FXGL Background Thread 3 ] DEBUG Engine               - class com.almasb.fxgl.minigames.MiniGameService
00:55:06.018 [FXGL Background Thread 3 ] DEBUG Engine               - class com.almasb.fxgl.net.NetService
00:55:06.018 [FXGL Background Thread 3 ] DEBUG Engine               - class com.almasb.fxgl.app.services.UpdaterService
00:55:06.018 [FXGL Background Thread 3 ] DEBUG Engine               - class com.almasb.fxgl.dev.DevService
00:55:08.147 [JavaFX Application Thread] DEBUG FXGLApplication      - Exiting FXGL
00:55:08.147 [JavaFX Application Thread] DEBUG LoopRunner           - Stopping loop
00:55:08.147 [JavaFX Application Thread] DEBUG SystemBundleService  - Saving FXGL system data
00:55:08.149 [JavaFX Application Thread] DEBUG FileSystemAccess     - Writing to: C:\Users\İbrahim\Desktop\CS102PROJECT_F-NAL\system\fxgl.bundle
00:55:08.151 [JavaFX Application Thread] DEBUG Async                - Shutting down background threads
00:55:08.151 [JavaFX Application Thread] DEBUG PrimaryStageWindow   - Closing main window
00:55:08.160 [JavaFX Application Thread] DEBUG Logger               - Closing Logger
