19:58:51.091 [main                     ] DEBUG Logger               - Configured Logger
19:58:51.191 [main                     ] DEBUG GameApplication      - Logging settings
Title: Space_Game
Version: 1.0
Width: 1920
Height: 1080
Fullscreen: true
Intro: false
Profiling: true
Single step:false
App Mode: DEVELOPER
Menu Key: ESCAPE
Stage Style: DECORATED
Scene Factory: class main.spacegame.SpaceGameApp$1

19:58:52.215 [JavaFX Application Thread] DEBUG FXGLApplication      - Initializing FXGL
19:58:52.229 [JavaFX Application Thread] INFO  Engine               - FXGL-17.3 (30.03.2023 11.54) on WINDOWS (J:18.0.2.1 FX:20)
19:58:52.231 [JavaFX Application Thread] DEBUG Engine               - JRE Vendor Name: Oracle Corporation
19:58:52.232 [JavaFX Application Thread] DEBUG Engine               - Running on OS: Windows 10 version 10.0
19:58:52.232 [JavaFX Application Thread] DEBUG Engine               - Architecture: amd64
19:58:52.232 [JavaFX Application Thread] INFO  Engine               - Source code and latest versions at: https://github.com/AlmasB/FXGL
19:58:52.233 [JavaFX Application Thread] INFO  Engine               -       Ask questions and discuss at: https://github.com/AlmasB/FXGL/discussions
19:58:52.235 [JavaFX Application Thread] INFO  Engine               -              Join the FXGL chat at: https://gitter.im/AlmasB/FXGL
19:58:52.628 [JavaFX Application Thread] DEBUG PrimaryStageWindow   - Creating a JavaFX scene
19:58:52.628 [JavaFX Application Thread] DEBUG PrimaryStageWindow   - Target size > screen size
19:58:52.811 [JavaFX Application Thread] DEBUG PrimaryStageWindow   - Target settings size: 1920.0 x 1080.0
19:58:52.812 [JavaFX Application Thread] DEBUG PrimaryStageWindow   - Scaled scene size:    1511.0 x 864.0
19:58:52.814 [JavaFX Application Thread] DEBUG PrimaryStageWindow   - Scaled ratio: (0.7869791666666667, 0.8)
19:58:52.818 [JavaFX Application Thread] DEBUG PrimaryStageWindow   - Set initial scene to FXGLStartupScene
19:58:52.836 [JavaFX Application Thread] DEBUG PrimaryStageWindow   - Opening main window
19:58:53.121 [JavaFX Application Thread] DEBUG PrimaryStageWindow   - Window border size: (14.5999755859375, 37.5999755859375)
19:58:53.122 [JavaFX Application Thread] DEBUG PrimaryStageWindow   - Scaled size: 1511.0 x 864.0
19:58:53.123 [JavaFX Application Thread] DEBUG PrimaryStageWindow   - Scaled ratio: (0.7869791666666667, 0.8)
19:58:53.124 [JavaFX Application Thread] DEBUG PrimaryStageWindow   - Scene size: 1511.0 x 864.0
19:58:53.125 [JavaFX Application Thread] DEBUG PrimaryStageWindow   - Stage size: 1525.5999755859375 x 901.5999755859375
19:58:53.286 [JavaFX Application Thread] DEBUG PrimaryStageWindow   - Going fullscreen
19:58:53.338 [FXGL Background Thread 1 ] DEBUG Engine               - Initializing environment variables
19:58:53.500 [FXGL Background Thread 1 ] DEBUG FXGLAssetLoaderServi - User app class for loading assets: class main.spacegame.SpaceGameApp
19:58:53.501 [FXGL Background Thread 1 ] DEBUG GameApplicationServi - Applying CSS: fxgl_dark.css
19:58:53.503 [FXGL Background Thread 1 ] DEBUG FXGLAssetLoaderServi - Loading from file system: jar:file:/C:/Users/acer/Downloads/fxgl-17.3-uber.jar!/fxglassets/ui/css/fxgl_dark.css
19:58:53.627 [FXGL Background Thread 1 ] DEBUG GameApplicationServi - Initializing application scenes
19:58:53.740 [FXGL Background Thread 1 ] DEBUG GameWorld            - Game world initialized
19:58:53.938 [FXGL Background Thread 1 ] DEBUG PhysicsWorld         - Physics world initialized: appHeight=1080, physics.ppm=50,0
19:58:53.939 [FXGL Background Thread 1 ] DEBUG PhysicsWorld         - Using strategy: GRID_INDEXING
19:58:53.949 [FXGL Background Thread 1 ] DEBUG GameScene            - Game scene initialized: 1920x1080
19:58:53.959 [FXGL Background Thread 1 ] DEBUG FXGLAssetLoaderServi - Loading from file system: file:/C:/Users/acer/AppData/Roaming/Code/User/workspaceStorage/d4e31cc48637789aafa6fe6833a8970c/redhat.java/jdt_ws/CS102PROJECT_F-NAL-5_d3382592/bin/assets/textures/mainmenu.png
19:58:54.323 [FXGL Background Thread 1 ] DEBUG FXGLAssetLoaderServi - Loading from file system: file:/C:/Users/acer/AppData/Roaming/Code/User/workspaceStorage/d4e31cc48637789aafa6fe6833a8970c/redhat.java/jdt_ws/CS102PROJECT_F-NAL-5_d3382592/bin/assets/textures/credits.png
19:58:54.416 [FXGL Background Thread 1 ] DEBUG FXGLAssetLoaderServi - Loading from file system: file:/C:/Users/acer/AppData/Roaming/Code/User/workspaceStorage/d4e31cc48637789aafa6fe6833a8970c/redhat.java/jdt_ws/CS102PROJECT_F-NAL-5_d3382592/bin/assets/textures/gameMenu.png
19:58:54.500 [FXGL Background Thread 1 ] DEBUG GameApplicationServi - Application scenes initialized
19:58:54.527 [FXGL Background Thread 1 ] DEBUG SystemBundleService  - Loading FXGL system data
19:58:54.536 [FXGL Background Thread 1 ] DEBUG FileSystemAccess     - Reading from: C:\Users\acer\CS102PROJECT_F-NAL-5\system\fxgl.bundle
19:58:54.554 [FXGL Background Thread 1 ] DEBUG SystemBundleService  - Bundle FXGL: {}
19:58:54.555 [FXGL Background Thread 1 ] DEBUG UpdaterService       - Checking for updates
19:58:54.586 [FXGL Background Thread 4 ] DEBUG FXGLApplication      - Loading fonts
19:58:54.587 [FXGL Background Thread 4 ] DEBUG FXGLAssetLoaderServi - Loading from file system: jar:file:/C:/Users/acer/Downloads/fxgl-17.3-uber.jar!/fxglassets/ui/fonts/VarelaRound-Regular.ttf
19:58:54.588 [FXGL Background Thread 1 ] DEBUG FXGLApplication      - Loading default localization
19:58:54.602 [FXGL Background Thread 1 ] WARN  FXGLAssetLoaderServi - Asset "/assets/languages/englısh.lang" was not found!
19:58:54.604 [FXGL Background Thread 1 ] WARN  FXGLAssetLoaderServi - Failed to load PROPERTY_MAP
19:58:54.621 [FXGL Background Thread 1 ] INFO  FXGLApplication      - FXGL initialization took: 1,283 sec
19:58:54.658 [JavaFX Application Thread] DEBUG Input                - Registered new binding: action0 - V
19:58:54.659 [JavaFX Application Thread] DEBUG Input                - Registered new binding: Up - W
19:58:54.660 [JavaFX Application Thread] DEBUG Input                - Registered new binding: Down - S
19:58:54.660 [JavaFX Application Thread] DEBUG Input                - Registered new binding: Left - A
19:58:54.661 [JavaFX Application Thread] DEBUG Input                - Registered new binding: Right - D
19:58:54.666 [JavaFX Application Thread] DEBUG Input                - Registered new binding: Shoot Mouse - LMB
19:58:54.667 [JavaFX Application Thread] DEBUG Input                - Registered new binding: MouseRight - RMB
19:58:54.669 [JavaFX Application Thread] WARN  FXGLAssetLoaderServi - Asset "/assets/music/dans eden sincap ama epilepsi garantili (100).mp3" was not found!
19:58:54.670 [JavaFX Application Thread] WARN  FXGLAssetLoaderServi - Failed to load MUSIC
19:58:54.676 [JavaFX Application Thread] DEBUG AudioPlayer          - Playing music com.almasb.fxgl.audio.Music@7e7a580b
19:58:54.678 [JavaFX Application Thread] DEBUG FXGLAssetLoaderServi - Loading from file system: jar:file:/C:/Users/acer/Downloads/fxgl-17.3-uber.jar!/fxglassets/textures/fxgl_icon.png
19:58:54.726 [JavaFX Application Thread] DEBUG FXGLAssetLoaderServi - Loading from file system: jar:file:/C:/Users/acer/Downloads/fxgl-17.3-uber.jar!/fxglassets/textures/fxgl_default_cursor.png
19:58:54.733 [JavaFX Application Thread] DEBUG Input                - Registered new binding: Screenshot - CTRL+8
19:58:54.735 [JavaFX Application Thread] DEBUG Input                - Registered new binding: System info dump - CTRL+9
19:58:54.736 [JavaFX Application Thread] DEBUG Input                - Registered new binding: Restart - CTRL+R
19:58:54.738 [JavaFX Application Thread] DEBUG Input                - Registered new binding: Toggle Debug Camera - CTRL+7
19:58:54.746 [JavaFX Application Thread] DEBUG LoopRunner           - Starting loop
19:58:54.747 [JavaFX Application Thread] DEBUG LoopRunner           - Initializing JavaFX AnimationTimerLoop
19:58:54.756 [JavaFX Application Thread] DEBUG Input                - Clearing active input actions
19:58:54.775 [JavaFX Application Thread] DEBUG GameApplicationServi - Removing overlay from FXGLStartupScene and adding to FXGLMainMenuDummyScene
19:58:54.803 [JavaFX Application Thread] DEBUG PrimaryStageWindow   - FXGLStartupScene -> FXGLMainMenuDummyScene
19:58:54.803 [JavaFX Application Thread] DEBUG PrimaryStageWindow   - Push state: SpaceGameMainMenu
19:58:54.804 [JavaFX Application Thread] DEBUG Input                - Clearing active input actions
19:58:54.821 [JavaFX Application Thread] DEBUG GameApplicationServi - Removing overlay from FXGLMainMenuDummyScene and adding to SpaceGameMainMenu
19:58:54.835 [FXGL Background Thread 4 ] DEBUG FXGLAssetLoaderServi - Loading from file system: jar:file:/C:/Users/acer/Downloads/fxgl-17.3-uber.jar!/fxglassets/ui/fonts/Abel-Regular.ttf
19:58:54.842 [JavaFX Application Thread] DEBUG PrimaryStageWindow   - FXGLMainMenuDummyScene -> SpaceGameMainMenu
19:58:54.844 [FXGL Background Thread 4 ] DEBUG FXGLAssetLoaderServi - Loading from file system: jar:file:/C:/Users/acer/Downloads/fxgl-17.3-uber.jar!/fxglassets/ui/fonts/TerminalLandMono-Regular.otf
19:58:54.855 [FXGL Background Thread 4 ] DEBUG FXGLAssetLoaderServi - Loading from file system: jar:file:/C:/Users/acer/Downloads/fxgl-17.3-uber.jar!/fxglassets/ui/fonts/Courier-Prime.ttf
19:58:54.967 [JavaFX Application Thread] DEBUG FXGLApplication      - Registering font factories with UI factory
19:58:56.623 [JavaFX Application Thread] DEBUG Menu                 - fireNewGame()
19:58:56.624 [JavaFX Application Thread] DEBUG GameApplicationServi - Starting new game
19:58:56.624 [JavaFX Application Thread] DEBUG PrimaryStageWindow   - Pop state: SpaceGameMainMenu
19:58:56.624 [JavaFX Application Thread] DEBUG Input                - Clearing active input actions
19:58:56.627 [JavaFX Application Thread] DEBUG GameApplicationServi - Removing overlay from SpaceGameMainMenu and adding to FXGLMainMenuDummyScene
19:58:56.629 [JavaFX Application Thread] DEBUG PrimaryStageWindow   - FXGLMainMenuDummyScene <- SpaceGameMainMenu
19:58:56.630 [JavaFX Application Thread] DEBUG Input                - Clearing active input actions
19:58:56.660 [JavaFX Application Thread] DEBUG GameApplicationServi - Removing overlay from FXGLMainMenuDummyScene and adding to FXGLLoadingScene
19:58:56.665 [JavaFX Application Thread] DEBUG PrimaryStageWindow   - FXGLMainMenuDummyScene -> FXGLLoadingScene
19:58:56.665 [JavaFX Application Thread] DEBUG GameApplicationServi - Clearing previous game
19:58:56.665 [JavaFX Application Thread] DEBUG GameScene            - Clearing game scene
19:58:56.665 [JavaFX Application Thread] DEBUG GameWorld            - Clearing game world
19:58:56.666 [JavaFX Application Thread] DEBUG PhysicsWorld         - Clearing physics world
19:58:56.669 [FXGL Background Thread 2 ] DEBUG FXGLApplication      - Initializing game
19:58:56.696 [FXGL Background Thread 2 ] DEBUG FXGLAssetLoaderServi - Loading from file system: file:/C:/Users/acer/AppData/Roaming/Code/User/workspaceStorage/d4e31cc48637789aafa6fe6833a8970c/redhat.java/jdt_ws/CS102PROJECT_F-NAL-5_d3382592/bin/assets/textures/Bomb.png
19:58:56.700 [FXGL Background Thread 2 ] DEBUG FXGLAssetLoaderServi - Loading from file system: file:/C:/Users/acer/AppData/Roaming/Code/User/workspaceStorage/d4e31cc48637789aafa6fe6833a8970c/redhat.java/jdt_ws/CS102PROJECT_F-NAL-5_d3382592/bin/assets/textures/Bullet.png
19:58:56.721 [FXGL Background Thread 2 ] DEBUG FXGLAssetLoaderServi - Loading from file system: file:/C:/Users/acer/AppData/Roaming/Code/User/workspaceStorage/d4e31cc48637789aafa6fe6833a8970c/redhat.java/jdt_ws/CS102PROJECT_F-NAL-5_d3382592/bin/assets/textures/WingedAlien.png
19:58:56.728 [FXGL Background Thread 2 ] DEBUG FXGLAssetLoaderServi - Loading from file system: file:/C:/Users/acer/AppData/Roaming/Code/User/workspaceStorage/d4e31cc48637789aafa6fe6833a8970c/redhat.java/jdt_ws/CS102PROJECT_F-NAL-5_d3382592/bin/assets/textures/Bomber.png
19:58:56.735 [FXGL Background Thread 2 ] DEBUG FXGLAssetLoaderServi - Loading from file system: file:/C:/Users/acer/AppData/Roaming/Code/User/workspaceStorage/d4e31cc48637789aafa6fe6833a8970c/redhat.java/jdt_ws/CS102PROJECT_F-NAL-5_d3382592/bin/assets/textures/Boss.png
19:58:56.797 [FXGL Background Thread 2 ] DEBUG FXGLAssetLoaderServi - Loading from file system: file:/C:/Users/acer/AppData/Roaming/Code/User/workspaceStorage/d4e31cc48637789aafa6fe6833a8970c/redhat.java/jdt_ws/CS102PROJECT_F-NAL-5_d3382592/bin/assets/textures/AmongUs.png
19:58:56.877 [FXGL Background Thread 2 ] DEBUG FXGLAssetLoaderServi - Loading from file system: file:/C:/Users/acer/AppData/Roaming/Code/User/workspaceStorage/d4e31cc48637789aafa6fe6833a8970c/redhat.java/jdt_ws/CS102PROJECT_F-NAL-5_d3382592/bin/assets/textures/background/bg_0.png
19:58:57.442 [FXGL Background Thread 2 ] DEBUG FXGLAssetLoaderServi - Loading from file system: file:/C:/Users/acer/AppData/Roaming/Code/User/workspaceStorage/d4e31cc48637789aafa6fe6833a8970c/redhat.java/jdt_ws/CS102PROJECT_F-NAL-5_d3382592/bin/assets/textures/front.png
19:58:57.582 [FXGL Background Thread 3 ] DEBUG Engine               - Logging environment variables
19:58:57.584 [FXGL Background Thread 3 ] DEBUG Engine               - achievements: []
19:58:57.585 [FXGL Background Thread 3 ] DEBUG Engine               - actualHeight: 864.0
19:58:57.585 [FXGL Background Thread 3 ] DEBUG Engine               - actualHeightProperty: ReadOnlyDoubleProperty [value: 864.0]
19:58:57.585 [FXGL Background Thread 3 ] DEBUG Engine               - actualWidth: 1536.0
19:58:57.585 [FXGL Background Thread 3 ] DEBUG Engine               - actualWidthProperty: ReadOnlyDoubleProperty [value: 1536.0]
19:58:57.585 [FXGL Background Thread 3 ] DEBUG Engine               - appIcon: fxgl_icon.png
19:58:57.586 [FXGL Background Thread 3 ] DEBUG Engine               - applicationMode: DEVELOPER
19:58:57.586 [FXGL Background Thread 3 ] DEBUG Engine               - cSSList: [fxgl_dark.css]
19:58:57.586 [FXGL Background Thread 3 ] DEBUG Engine               - collisionDetectionStrategy: GRID_INDEXING
19:58:57.586 [FXGL Background Thread 3 ] DEBUG Engine               - configClass: Optional.empty
19:58:57.586 [FXGL Background Thread 3 ] DEBUG Engine               - credits: []
19:58:57.587 [FXGL Background Thread 3 ] DEBUG Engine               - defaultCursor: CursorInfo(imageName=fxgl_default_cursor.png, hotspotX=7.0, hotspotY=6.0)
19:58:57.588 [FXGL Background Thread 3 ] DEBUG Engine               - devBBoxColorProperty: ObjectProperty [value: 0xff0000ff]
19:58:57.588 [FXGL Background Thread 3 ] DEBUG Engine               - devEnableDebugCameraProperty: BooleanProperty [value: false]
19:58:57.588 [FXGL Background Thread 3 ] DEBUG Engine               - devSensorColorProperty: ObjectProperty [value: 0xffff00ff]
19:58:57.588 [FXGL Background Thread 3 ] DEBUG Engine               - devShowBBoxProperty: BooleanProperty [value: false]
19:58:57.588 [FXGL Background Thread 3 ] DEBUG Engine               - devShowPositionProperty: BooleanProperty [value: false]
19:58:57.588 [FXGL Background Thread 3 ] DEBUG Engine               - enabledMenuItems: []
19:58:57.589 [FXGL Background Thread 3 ] DEBUG Engine               - engineServices: [class com.almasb.fxgl.app.services.FXGLAssetLoaderService, class com.almasb.fxgl.app.FXGLApplication$GameApplicationService, class com.almasb.fxgl.app.services.FXGLDialogService, class com.almasb.fxgl.app.services.IOTaskExecutorService, class com.almasb.fxgl.io.FileSystemService, class com.almasb.fxgl.localization.LocalizationService, class com.almasb.fxgl.app.services.SystemBundleService, class com.almasb.fxgl.profile.SaveLoadService, class com.almasb.fxgl.ui.FXGLUIFactoryServiceProvider, class com.almasb.fxgl.ui.FXGLDialogFactoryServiceProvider, class com.almasb.fxgl.audio.AudioPlayer, class com.almasb.fxgl.notification.impl.NotificationServiceProvider, class com.almasb.fxgl.achievement.AchievementService, class com.almasb.fxgl.cutscene.CutsceneService, class com.almasb.fxgl.minigames.MiniGameService, class com.almasb.fxgl.net.NetService, class com.almasb.fxgl.app.services.UpdaterService, class com.almasb.fxgl.dev.DevService, class main.spacegame.service.HighScoreService, class main.spacegame.level.LevelService, class com.almasb.fxgl.dev.profiling.ProfilerService]
19:58:57.589 [FXGL Background Thread 3 ] DEBUG Engine               - fontGame: Abel-Regular.ttf
19:58:57.589 [FXGL Background Thread 3 ] DEBUG Engine               - fontMono: TerminalLandMono-Regular.otf
19:58:57.589 [FXGL Background Thread 3 ] DEBUG Engine               - fontSizeScaleUI: 1.0
19:58:57.589 [FXGL Background Thread 3 ] DEBUG Engine               - fontText: Courier-Prime.ttf
19:58:57.589 [FXGL Background Thread 3 ] DEBUG Engine               - fontUI: VarelaRound-Regular.ttf
19:58:57.589 [FXGL Background Thread 3 ] DEBUG Engine               - fullScreen: BooleanProperty [value: true]
19:58:57.589 [FXGL Background Thread 3 ] DEBUG Engine               - gameDifficulty: MEDIUM
19:58:57.590 [FXGL Background Thread 3 ] DEBUG Engine               - gameDifficultyProperty: ObjectProperty [value: MEDIUM]
19:58:57.590 [FXGL Background Thread 3 ] DEBUG Engine               - globalMusicVolume: 0.5
19:58:57.590 [FXGL Background Thread 3 ] DEBUG Engine               - globalMusicVolumeProperty: DoubleProperty [value: 0.7]
19:58:57.590 [FXGL Background Thread 3 ] DEBUG Engine               - globalSoundVolume: 0.5
19:58:57.590 [FXGL Background Thread 3 ] DEBUG Engine               - globalSoundVolumeProperty: DoubleProperty [value: 0.7]
19:58:57.590 [FXGL Background Thread 3 ] DEBUG Engine               - height: 1080
19:58:57.590 [FXGL Background Thread 3 ] DEBUG Engine               - is3D: false
19:58:57.591 [FXGL Background Thread 3 ] DEBUG Engine               - isAndroid: false
19:58:57.591 [FXGL Background Thread 3 ] DEBUG Engine               - isBrowser: false
19:58:57.591 [FXGL Background Thread 3 ] DEBUG Engine               - isClickFeedbackEnabled: false
19:58:57.591 [FXGL Background Thread 3 ] DEBUG Engine               - isCloseConfirmation: false
19:58:57.591 [FXGL Background Thread 3 ] DEBUG Engine               - isDesktop: true
19:58:57.591 [FXGL Background Thread 3 ] DEBUG Engine               - isDeveloperMenuEnabled: false
19:58:57.591 [FXGL Background Thread 3 ] DEBUG Engine               - isEmbedded: false
19:58:57.591 [FXGL Background Thread 3 ] DEBUG Engine               - isEntityPreloadEnabled: true
19:58:57.592 [FXGL Background Thread 3 ] DEBUG Engine               - isExperimentalTiledLargeMap: false
19:58:57.592 [FXGL Background Thread 3 ] DEBUG Engine               - isFileSystemWriteAllowed: true
19:58:57.592 [FXGL Background Thread 3 ] DEBUG Engine               - isFullScreenAllowed: true
19:58:57.592 [FXGL Background Thread 3 ] DEBUG Engine               - isFullScreenFromStart: true
19:58:57.592 [FXGL Background Thread 3 ] DEBUG Engine               - isGameMenuEnabled: true
19:58:57.592 [FXGL Background Thread 3 ] DEBUG Engine               - isIOS: false
19:58:57.592 [FXGL Background Thread 3 ] DEBUG Engine               - isIntroEnabled: false
19:58:57.592 [FXGL Background Thread 3 ] DEBUG Engine               - isLinux: false
19:58:57.592 [FXGL Background Thread 3 ] DEBUG Engine               - isMac: false
19:58:57.593 [FXGL Background Thread 3 ] DEBUG Engine               - isMainMenuEnabled: true
19:58:57.593 [FXGL Background Thread 3 ] DEBUG Engine               - isManualResizeEnabled: false
19:58:57.593 [FXGL Background Thread 3 ] DEBUG Engine               - isMobile: false
19:58:57.593 [FXGL Background Thread 3 ] DEBUG Engine               - isNative: false
19:58:57.593 [FXGL Background Thread 3 ] DEBUG Engine               - isPauseMusicWhenMinimized: true
19:58:57.593 [FXGL Background Thread 3 ] DEBUG Engine               - isPreserveResizeRatio: false
19:58:57.593 [FXGL Background Thread 3 ] DEBUG Engine               - isProfilingEnabled: true
19:58:57.593 [FXGL Background Thread 3 ] DEBUG Engine               - isScaleAffectedOnResize: true
19:58:57.593 [FXGL Background Thread 3 ] DEBUG Engine               - isSingleStep: false
19:58:57.594 [FXGL Background Thread 3 ] DEBUG Engine               - isUserProfileEnabled: false
19:58:57.594 [FXGL Background Thread 3 ] DEBUG Engine               - isWindows: true
19:58:57.594 [FXGL Background Thread 3 ] DEBUG Engine               - language: ObjectProperty [value: ENGLISH]
19:58:57.594 [FXGL Background Thread 3 ] DEBUG Engine               - menuKey: ESCAPE
19:58:57.594 [FXGL Background Thread 3 ] DEBUG Engine               - mouseSensitivity: 0.2
19:58:57.594 [FXGL Background Thread 3 ] DEBUG Engine               - notificationViewClass: class com.almasb.fxgl.notification.view.XboxNotificationView
19:58:57.594 [FXGL Background Thread 3 ] DEBUG Engine               - pixelsPerMeter: 50.0
19:58:57.595 [FXGL Background Thread 3 ] DEBUG Engine               - platform: WINDOWS
19:58:57.595 [FXGL Background Thread 3 ] DEBUG Engine               - prefHeightProperty: ReadOnlyDoubleProperty [value: 1080.0]
19:58:57.595 [FXGL Background Thread 3 ] DEBUG Engine               - prefWidthProperty: ReadOnlyDoubleProperty [value: 1920.0]
19:58:57.595 [FXGL Background Thread 3 ] DEBUG Engine               - profileDir: profiles/
19:58:57.595 [FXGL Background Thread 3 ] DEBUG Engine               - profileName: StringProperty [value: DEFAULT]
19:58:57.595 [FXGL Background Thread 3 ] DEBUG Engine               - randomSeed: -1
19:58:57.596 [FXGL Background Thread 3 ] DEBUG Engine               - runtimeInfo: RuntimeInfo(platform=WINDOWS, version=17.3, build=30.03.2023 11.54)
19:58:57.597 [FXGL Background Thread 3 ] DEBUG Engine               - saveFileExt: sav
19:58:57.597 [FXGL Background Thread 3 ] DEBUG Engine               - scaledHeightProp$fxgl: DoubleProperty [bound, value: 864.0]
19:58:57.597 [FXGL Background Thread 3 ] DEBUG Engine               - scaledWidthProp$fxgl: DoubleProperty [bound, value: 1536.0]
19:58:57.597 [FXGL Background Thread 3 ] DEBUG Engine               - sceneFactory: main.spacegame.SpaceGameApp$1@5ae9dbc7
19:58:57.597 [FXGL Background Thread 3 ] DEBUG Engine               - secondsIn24h: 60
19:58:57.597 [FXGL Background Thread 3 ] DEBUG Engine               - soundMenuBack: menu/back.wav
19:58:57.597 [FXGL Background Thread 3 ] DEBUG Engine               - soundMenuPress: menu/press.wav
19:58:57.598 [FXGL Background Thread 3 ] DEBUG Engine               - soundMenuSelect: menu/select.wav
19:58:57.598 [FXGL Background Thread 3 ] DEBUG Engine               - soundNotification: core/notification.wav
19:58:57.598 [FXGL Background Thread 3 ] DEBUG Engine               - stageStyle: DECORATED
19:58:57.598 [FXGL Background Thread 3 ] DEBUG Engine               - supportedLanguages: [ENGLISH, FRENCH, GERMAN, HUNGARIAN, RUSSIAN]
19:58:57.598 [FXGL Background Thread 3 ] DEBUG Engine               - ticksPerSecond: -1
19:58:57.598 [FXGL Background Thread 3 ] DEBUG Engine               - title: Space_Game
19:58:57.598 [FXGL Background Thread 3 ] DEBUG Engine               - urlGithub: https://github.com/AlmasB/FXGL
19:58:57.598 [FXGL Background Thread 3 ] DEBUG Engine               - urlLeaderboard: http://fxgl-top.herokuapp.com/
19:58:57.599 [FXGL Background Thread 3 ] DEBUG Engine               - urlPOM: https://raw.githubusercontent.com/AlmasB/FXGL/release/README.md
19:58:57.599 [FXGL Background Thread 3 ] DEBUG Engine               - userAppClass: class main.spacegame.SpaceGameApp
19:58:57.599 [FXGL Background Thread 3 ] DEBUG Engine               - version: 1.0
19:58:57.599 [FXGL Background Thread 3 ] DEBUG Engine               - versionCheckDays: 7
19:58:57.599 [FXGL Background Thread 3 ] DEBUG Engine               - width: 1920
19:58:57.599 [FXGL Background Thread 3 ] DEBUG Engine               - Logging services
19:58:57.599 [FXGL Background Thread 3 ] DEBUG Engine               - class com.almasb.fxgl.app.services.FXGLAssetLoaderService
19:58:57.599 [FXGL Background Thread 3 ] DEBUG Engine               - class com.almasb.fxgl.app.FXGLApplication$GameApplicationService
19:58:57.599 [FXGL Background Thread 3 ] DEBUG Engine               - class com.almasb.fxgl.app.services.FXGLDialogService
19:58:57.600 [FXGL Background Thread 3 ] DEBUG Engine               - class com.almasb.fxgl.app.services.IOTaskExecutorService
19:58:57.600 [FXGL Background Thread 3 ] DEBUG Engine               - class com.almasb.fxgl.io.FileSystemService
19:58:57.600 [FXGL Background Thread 3 ] DEBUG Engine               - class com.almasb.fxgl.localization.LocalizationService
19:58:57.600 [FXGL Background Thread 3 ] DEBUG Engine               - class com.almasb.fxgl.app.services.SystemBundleService
19:58:57.600 [FXGL Background Thread 3 ] DEBUG Engine               - class com.almasb.fxgl.profile.SaveLoadService
19:58:57.600 [FXGL Background Thread 3 ] DEBUG Engine               - class com.almasb.fxgl.ui.FXGLUIFactoryServiceProvider
19:58:57.600 [FXGL Background Thread 3 ] DEBUG Engine               - class com.almasb.fxgl.ui.FXGLDialogFactoryServiceProvider
19:58:57.600 [FXGL Background Thread 3 ] DEBUG Engine               - class com.almasb.fxgl.audio.AudioPlayer
19:58:57.600 [FXGL Background Thread 3 ] DEBUG Engine               - class com.almasb.fxgl.notification.impl.NotificationServiceProvider
19:58:57.601 [FXGL Background Thread 3 ] DEBUG Engine               - class com.almasb.fxgl.achievement.AchievementService
19:58:57.601 [FXGL Background Thread 3 ] DEBUG Engine               - class com.almasb.fxgl.cutscene.CutsceneService
19:58:57.601 [FXGL Background Thread 3 ] DEBUG Engine               - class com.almasb.fxgl.minigames.MiniGameService
19:58:57.601 [FXGL Background Thread 3 ] DEBUG Engine               - class com.almasb.fxgl.net.NetService
19:58:57.601 [FXGL Background Thread 3 ] DEBUG Engine               - class com.almasb.fxgl.app.services.UpdaterService
19:58:57.601 [FXGL Background Thread 3 ] DEBUG Engine               - class com.almasb.fxgl.dev.DevService
19:58:57.601 [FXGL Background Thread 3 ] DEBUG Engine               - class main.spacegame.service.HighScoreService
19:58:57.601 [FXGL Background Thread 3 ] DEBUG Engine               - class main.spacegame.level.LevelService
19:58:57.601 [FXGL Background Thread 3 ] DEBUG Engine               - class com.almasb.fxgl.dev.profiling.ProfilerService
19:58:57.644 [FXGL Background Thread 2 ] DEBUG FXGLAssetLoaderServi - Loading from file system: file:/C:/Users/acer/AppData/Roaming/Code/User/workspaceStorage/d4e31cc48637789aafa6fe6833a8970c/redhat.java/jdt_ws/CS102PROJECT_F-NAL-5_d3382592/bin/assets/textures/front.png
19:58:57.658 [FXGL Background Thread 2 ] INFO  FXGLApplication      - Game initialization took: 0,988 sec
19:58:57.666 [JavaFX Application Thread] DEBUG Input                - Clearing active input actions
19:58:57.687 [JavaFX Application Thread] DEBUG GameApplicationServi - Removing overlay from FXGLLoadingScene and adding to GameScene
19:58:57.688 [JavaFX Application Thread] DEBUG PrimaryStageWindow   - FXGLLoadingScene -> GameScene
19:58:59.166 [JavaFX Application Thread] DEBUG FXGLAssetLoaderServi - Loading from file system: file:/C:/Users/acer/AppData/Roaming/Code/User/workspaceStorage/d4e31cc48637789aafa6fe6833a8970c/redhat.java/jdt_ws/CS102PROJECT_F-NAL-5_d3382592/bin/assets/sounds/shoot2.wav
19:59:01.485 [JavaFX Application Thread] DEBUG FXGLAssetLoaderServi - Loading from file system: file:/C:/Users/acer/AppData/Roaming/Code/User/workspaceStorage/d4e31cc48637789aafa6fe6833a8970c/redhat.java/jdt_ws/CS102PROJECT_F-NAL-5_d3382592/bin/assets/sounds/shoot1.wav
19:59:02.476 [JavaFX Application Thread] DEBUG FXGLAssetLoaderServi - Loading from file system: file:/C:/Users/acer/AppData/Roaming/Code/User/workspaceStorage/d4e31cc48637789aafa6fe6833a8970c/redhat.java/jdt_ws/CS102PROJECT_F-NAL-5_d3382592/bin/assets/sounds/shoot3.wav
19:59:04.039 [JavaFX Application Thread] DEBUG FXGLAssetLoaderServi - Loading from file system: file:/C:/Users/acer/AppData/Roaming/Code/User/workspaceStorage/d4e31cc48637789aafa6fe6833a8970c/redhat.java/jdt_ws/CS102PROJECT_F-NAL-5_d3382592/bin/assets/sounds/shoot4.wav
20:00:54.866 [JavaFX Application Thread] DEBUG PrimaryStageWindow   - Push state: SpaceGamePauseMenu
20:00:54.867 [JavaFX Application Thread] DEBUG Input                - Clearing active input actions
20:00:54.868 [JavaFX Application Thread] DEBUG GameApplicationServi - Removing overlay from GameScene and adding to SpaceGamePauseMenu
20:00:54.868 [JavaFX Application Thread] DEBUG PrimaryStageWindow   - GameScene -> SpaceGamePauseMenu
20:01:05.609 [JavaFX Application Thread] DEBUG Menu                 - fireExit()
20:01:05.609 [JavaFX Application Thread] WARN  LocalizationService  - dialog.exitGame is not localized for language ENGLISH
20:01:05.612 [JavaFX Application Thread] WARN  LocalizationService  - dialog.yes is not localized for language ENGLISH
20:01:05.643 [JavaFX Application Thread] WARN  LocalizationService  - dialog.no is not localized for language ENGLISH
20:01:05.647 [JavaFX Application Thread] DEBUG PrimaryStageWindow   - Push state: DialogSubScene
20:01:05.647 [JavaFX Application Thread] DEBUG Input                - Clearing active input actions
20:01:05.656 [JavaFX Application Thread] DEBUG GameApplicationServi - Removing overlay from SpaceGamePauseMenu and adding to DialogSubScene
20:01:05.656 [JavaFX Application Thread] DEBUG PrimaryStageWindow   - SpaceGamePauseMenu -> DialogSubScene
20:01:07.355 [JavaFX Application Thread] DEBUG PrimaryStageWindow   - Pop state: DialogSubScene
20:01:07.355 [JavaFX Application Thread] DEBUG Input                - Clearing active input actions
20:01:07.360 [JavaFX Application Thread] DEBUG GameApplicationServi - Removing overlay from DialogSubScene and adding to SpaceGamePauseMenu
20:01:07.360 [JavaFX Application Thread] DEBUG PrimaryStageWindow   - SpaceGamePauseMenu <- DialogSubScene
20:01:07.360 [JavaFX Application Thread] DEBUG FXGLApplication      - Exiting FXGL
20:01:07.360 [JavaFX Application Thread] DEBUG LoopRunner           - Stopping loop
20:01:07.360 [JavaFX Application Thread] DEBUG SystemBundleService  - Saving FXGL system data
20:01:07.363 [JavaFX Application Thread] DEBUG FileSystemAccess     - Writing to: C:\Users\acer\CS102PROJECT_F-NAL-5\system\fxgl.bundle
20:01:07.370 [JavaFX Application Thread] INFO  ProfilerWindow       - Profiler (FPS) - 5534 frames
20:01:07.372 [JavaFX Application Thread] INFO  ProfilerWindow       - Average: 42.834839176002895
20:01:07.373 [JavaFX Application Thread] INFO  ProfilerWindow       - Minimum: 25.0
20:01:07.374 [JavaFX Application Thread] INFO  ProfilerWindow       - Maximum: 60.0
20:01:07.375 [JavaFX Application Thread] INFO  ProfilerWindow       - Profiler (CPU (ms)) - 5534 frames
20:01:07.376 [JavaFX Application Thread] INFO  ProfilerWindow       - Average: 10.171552855077676
20:01:07.377 [JavaFX Application Thread] INFO  ProfilerWindow       - Minimum: 0.0
20:01:07.378 [JavaFX Application Thread] INFO  ProfilerWindow       - Maximum: 208.5214
20:01:07.379 [JavaFX Application Thread] INFO  ProfilerWindow       - Profiler (RAM (MB)) - 5534 frames
20:01:07.379 [JavaFX Application Thread] INFO  ProfilerWindow       - Average: 165.5144013121191
20:01:07.380 [JavaFX Application Thread] INFO  ProfilerWindow       - Minimum: 36.630638122558594
20:01:07.382 [JavaFX Application Thread] INFO  ProfilerWindow       - Maximum: 231.5782012939453
20:01:07.383 [JavaFX Application Thread] INFO  ProfilerService      - Estimated GC runs: 107
20:01:07.384 [JavaFX Application Thread] DEBUG Async                - Shutting down background threads
20:01:07.385 [JavaFX Application Thread] DEBUG PrimaryStageWindow   - Closing main window
20:01:07.427 [JavaFX Application Thread] DEBUG Logger               - Closing Logger
