12:20:14.616 [main                     ] DEBUG Logger               - Configured Logger
12:20:14.664 [main                     ] DEBUG GameApplication      - Logging settings
Title: Space_Game
Version: 1.0
Width: 1920
Height: 1080
Fullscreen: true
Intro: false
Profiling: false
Single step:false
App Mode: DEVELOPER
Menu Key: ESCAPE
Stage Style: DECORATED
Scene Factory: class main.spacegame.SpaceGameApp$1

12:20:15.427 [JavaFX Application Thread] DEBUG FXGLApplication      - Initializing FXGL
12:20:15.433 [JavaFX Application Thread] INFO  Engine               - FXGL-17.3 (30.03.2023 11.54) on WINDOWS (J:19.0.2 FX:20)
12:20:15.434 [JavaFX Application Thread] DEBUG Engine               - JRE Vendor Name: Oracle Corporation
12:20:15.435 [JavaFX Application Thread] DEBUG Engine               - Running on OS: Windows 10 version 10.0
12:20:15.435 [JavaFX Application Thread] DEBUG Engine               - Architecture: amd64
12:20:15.435 [JavaFX Application Thread] INFO  Engine               - Source code and latest versions at: https://github.com/AlmasB/FXGL
12:20:15.436 [JavaFX Application Thread] INFO  Engine               -       Ask questions and discuss at: https://github.com/AlmasB/FXGL/discussions
12:20:15.436 [JavaFX Application Thread] INFO  Engine               -              Join the FXGL chat at: https://gitter.im/AlmasB/FXGL
12:20:15.641 [JavaFX Application Thread] DEBUG PrimaryStageWindow   - Creating a JavaFX scene
12:20:15.641 [JavaFX Application Thread] DEBUG PrimaryStageWindow   - Target size > screen size
12:20:15.737 [JavaFX Application Thread] DEBUG PrimaryStageWindow   - Target settings size: 1920.0 x 1080.0
12:20:15.738 [JavaFX Application Thread] DEBUG PrimaryStageWindow   - Scaled scene size:    1511.0 x 864.0
12:20:15.738 [JavaFX Application Thread] DEBUG PrimaryStageWindow   - Scaled ratio: (0.7869791666666667, 0.8)
12:20:15.740 [JavaFX Application Thread] DEBUG PrimaryStageWindow   - Set initial scene to FXGLStartupScene
12:20:15.749 [JavaFX Application Thread] DEBUG PrimaryStageWindow   - Opening main window
12:20:15.892 [JavaFX Application Thread] DEBUG PrimaryStageWindow   - Window border size: (14.5999755859375, 37.5999755859375)
12:20:15.893 [JavaFX Application Thread] DEBUG PrimaryStageWindow   - Scaled size: 1511.0 x 864.0
12:20:15.893 [JavaFX Application Thread] DEBUG PrimaryStageWindow   - Scaled ratio: (0.7869791666666667, 0.8)
12:20:15.894 [JavaFX Application Thread] DEBUG PrimaryStageWindow   - Scene size: 1511.0 x 864.0
12:20:15.894 [JavaFX Application Thread] DEBUG PrimaryStageWindow   - Stage size: 1525.5999755859375 x 901.5999755859375
12:20:15.976 [JavaFX Application Thread] DEBUG PrimaryStageWindow   - Going fullscreen
12:20:15.991 [FXGL Background Thread 1 ] DEBUG Engine               - Initializing environment variables
12:20:16.075 [FXGL Background Thread 1 ] DEBUG FXGLAssetLoaderServi - User app class for loading assets: class main.spacegame.SpaceGameApp
12:20:16.076 [FXGL Background Thread 1 ] DEBUG GameApplicationServi - Applying CSS: fxgl_dark.css
12:20:16.077 [FXGL Background Thread 1 ] DEBUG FXGLAssetLoaderServi - Loading from file system: jar:file:/C:/Users/%c4%b0brahim/Downloads/fxgl-17.3-uber.jar!/fxglassets/ui/css/fxgl_dark.css
12:20:16.146 [FXGL Background Thread 1 ] DEBUG GameApplicationServi - Initializing application scenes
12:20:16.210 [FXGL Background Thread 1 ] DEBUG GameWorld            - Game world initialized
12:20:16.320 [FXGL Background Thread 1 ] DEBUG PhysicsWorld         - Physics world initialized: appHeight=1080, physics.ppm=50.0
12:20:16.321 [FXGL Background Thread 1 ] DEBUG PhysicsWorld         - Using strategy: GRID_INDEXING
12:20:16.327 [FXGL Background Thread 1 ] DEBUG GameScene            - Game scene initialized: 1920x1080
12:20:16.333 [FXGL Background Thread 1 ] DEBUG FXGLAssetLoaderServi - Loading from file system: file:/C:/Users/%c4%b0brahim/AppData/Roaming/Code/User/workspaceStorage/6801d0249deebc7c36ce787dd200b0aa/redhat.java/jdt_ws/CS102PROJECT_F-NAL_66a0183f/bin/assets/textures/mainmenu.png
12:20:16.605 [FXGL Background Thread 1 ] DEBUG FXGLAssetLoaderServi - Loading from file system: file:/C:/Users/%c4%b0brahim/AppData/Roaming/Code/User/workspaceStorage/6801d0249deebc7c36ce787dd200b0aa/redhat.java/jdt_ws/CS102PROJECT_F-NAL_66a0183f/bin/assets/textures/credits.png
12:20:16.676 [FXGL Background Thread 1 ] DEBUG FXGLAssetLoaderServi - Loading from file system: file:/C:/Users/%c4%b0brahim/AppData/Roaming/Code/User/workspaceStorage/6801d0249deebc7c36ce787dd200b0aa/redhat.java/jdt_ws/CS102PROJECT_F-NAL_66a0183f/bin/assets/textures/gameMenu.png
12:20:16.757 [FXGL Background Thread 1 ] DEBUG GameApplicationServi - Application scenes initialized
12:20:16.778 [FXGL Background Thread 1 ] DEBUG SystemBundleService  - Loading FXGL system data
12:20:16.784 [FXGL Background Thread 1 ] DEBUG FileSystemAccess     - Reading from: C:\Users\İbrahim\Desktop\CS102PROJECT_F-NAL\system\fxgl.bundle
12:20:16.797 [FXGL Background Thread 1 ] DEBUG SystemBundleService  - Bundle FXGL: {}
12:20:16.797 [FXGL Background Thread 1 ] DEBUG UpdaterService       - Checking for updates
12:20:16.805 [FXGL Background Thread 4 ] DEBUG FXGLApplication      - Loading fonts
12:20:16.806 [FXGL Background Thread 4 ] DEBUG FXGLAssetLoaderServi - Loading from file system: jar:file:/C:/Users/%c4%b0brahim/Downloads/fxgl-17.3-uber.jar!/fxglassets/ui/fonts/VarelaRound-Regular.ttf
12:20:16.807 [FXGL Background Thread 1 ] DEBUG FXGLApplication      - Loading default localization
12:20:16.808 [FXGL Background Thread 1 ] DEBUG FXGLAssetLoaderServi - Loading from file system: jar:file:/C:/Users/%c4%b0brahim/Downloads/fxgl-17.3-uber.jar!/fxglassets/languages/english.lang
12:20:16.853 [FXGL Background Thread 1 ] INFO  FXGLApplication      - FXGL initialization took: 0.863 sec
12:20:16.872 [JavaFX Application Thread] DEBUG Input                - Registered new binding: action0 - V
12:20:16.873 [JavaFX Application Thread] DEBUG Input                - Registered new binding: Up - W
12:20:16.873 [JavaFX Application Thread] DEBUG Input                - Registered new binding: Down - S
12:20:16.874 [JavaFX Application Thread] DEBUG Input                - Registered new binding: Left - A
12:20:16.874 [JavaFX Application Thread] DEBUG Input                - Registered new binding: Right - D
12:20:16.877 [JavaFX Application Thread] DEBUG Input                - Registered new binding: Shoot Mouse - LMB
12:20:16.877 [JavaFX Application Thread] DEBUG Input                - Registered new binding: MouseRight - RMB
12:20:16.878 [JavaFX Application Thread] WARN  FXGLAssetLoaderServi - Asset "/assets/music/dans eden sincap ama epilepsi garantili (100).mp3" was not found!
12:20:16.879 [JavaFX Application Thread] WARN  FXGLAssetLoaderServi - Failed to load MUSIC
12:20:16.883 [JavaFX Application Thread] DEBUG AudioPlayer          - Playing music com.almasb.fxgl.audio.Music@1c78ee5b
12:20:16.884 [JavaFX Application Thread] DEBUG FXGLAssetLoaderServi - Loading from file system: jar:file:/C:/Users/%c4%b0brahim/Downloads/fxgl-17.3-uber.jar!/fxglassets/textures/fxgl_icon.png
12:20:16.915 [FXGL Background Thread 4 ] DEBUG FXGLAssetLoaderServi - Loading from file system: jar:file:/C:/Users/%c4%b0brahim/Downloads/fxgl-17.3-uber.jar!/fxglassets/ui/fonts/Abel-Regular.ttf
12:20:16.919 [JavaFX Application Thread] DEBUG FXGLAssetLoaderServi - Loading from file system: jar:file:/C:/Users/%c4%b0brahim/Downloads/fxgl-17.3-uber.jar!/fxglassets/textures/fxgl_default_cursor.png
12:20:16.922 [FXGL Background Thread 4 ] DEBUG FXGLAssetLoaderServi - Loading from file system: jar:file:/C:/Users/%c4%b0brahim/Downloads/fxgl-17.3-uber.jar!/fxglassets/ui/fonts/TerminalLandMono-Regular.otf
12:20:16.923 [JavaFX Application Thread] DEBUG Input                - Registered new binding: Screenshot - CTRL+8
12:20:16.924 [JavaFX Application Thread] DEBUG Input                - Registered new binding: System info dump - CTRL+9
12:20:16.925 [JavaFX Application Thread] DEBUG Input                - Registered new binding: Restart - CTRL+R
12:20:16.927 [JavaFX Application Thread] DEBUG Input                - Registered new binding: Toggle Debug Camera - CTRL+7
12:20:16.928 [FXGL Background Thread 4 ] DEBUG FXGLAssetLoaderServi - Loading from file system: jar:file:/C:/Users/%c4%b0brahim/Downloads/fxgl-17.3-uber.jar!/fxglassets/ui/fonts/Courier-Prime.ttf
12:20:16.932 [JavaFX Application Thread] DEBUG LoopRunner           - Starting loop
12:20:16.933 [JavaFX Application Thread] DEBUG LoopRunner           - Initializing JavaFX AnimationTimerLoop
12:20:16.938 [JavaFX Application Thread] DEBUG Input                - Clearing active input actions
12:20:16.950 [JavaFX Application Thread] DEBUG GameApplicationServi - Removing overlay from FXGLStartupScene and adding to FXGLMainMenuDummyScene
12:20:16.950 [JavaFX Application Thread] DEBUG PrimaryStageWindow   - FXGLStartupScene -> FXGLMainMenuDummyScene
12:20:16.951 [JavaFX Application Thread] DEBUG PrimaryStageWindow   - Push state: SpaceGameMainMenu
12:20:16.951 [JavaFX Application Thread] DEBUG Input                - Clearing active input actions
12:20:16.964 [JavaFX Application Thread] DEBUG GameApplicationServi - Removing overlay from FXGLMainMenuDummyScene and adding to SpaceGameMainMenu
12:20:16.965 [JavaFX Application Thread] DEBUG PrimaryStageWindow   - FXGLMainMenuDummyScene -> SpaceGameMainMenu
12:20:16.965 [JavaFX Application Thread] DEBUG FXGLApplication      - Registering font factories with UI factory
12:20:18.764 [JavaFX Application Thread] DEBUG Menu                 - fireNewGame()
12:20:18.764 [JavaFX Application Thread] DEBUG GameApplicationServi - Starting new game
12:20:18.764 [JavaFX Application Thread] DEBUG PrimaryStageWindow   - Pop state: SpaceGameMainMenu
12:20:18.764 [JavaFX Application Thread] DEBUG Input                - Clearing active input actions
12:20:18.766 [JavaFX Application Thread] DEBUG GameApplicationServi - Removing overlay from SpaceGameMainMenu and adding to FXGLMainMenuDummyScene
12:20:18.767 [JavaFX Application Thread] DEBUG PrimaryStageWindow   - FXGLMainMenuDummyScene <- SpaceGameMainMenu
12:20:18.767 [JavaFX Application Thread] DEBUG Input                - Clearing active input actions
12:20:18.778 [JavaFX Application Thread] DEBUG GameApplicationServi - Removing overlay from FXGLMainMenuDummyScene and adding to FXGLLoadingScene
12:20:18.779 [JavaFX Application Thread] DEBUG PrimaryStageWindow   - FXGLMainMenuDummyScene -> FXGLLoadingScene
12:20:18.779 [JavaFX Application Thread] DEBUG GameApplicationServi - Clearing previous game
12:20:18.779 [JavaFX Application Thread] DEBUG GameScene            - Clearing game scene
12:20:18.779 [JavaFX Application Thread] DEBUG GameWorld            - Clearing game world
12:20:18.779 [JavaFX Application Thread] DEBUG PhysicsWorld         - Clearing physics world
12:20:18.782 [FXGL Background Thread 2 ] DEBUG FXGLApplication      - Initializing game
12:20:18.795 [FXGL Background Thread 2 ] DEBUG FXGLAssetLoaderServi - Loading from file system: file:/C:/Users/%c4%b0brahim/AppData/Roaming/Code/User/workspaceStorage/6801d0249deebc7c36ce787dd200b0aa/redhat.java/jdt_ws/CS102PROJECT_F-NAL_66a0183f/bin/assets/textures/Bomb.png
12:20:18.799 [FXGL Background Thread 2 ] DEBUG FXGLAssetLoaderServi - Loading from file system: file:/C:/Users/%c4%b0brahim/AppData/Roaming/Code/User/workspaceStorage/6801d0249deebc7c36ce787dd200b0aa/redhat.java/jdt_ws/CS102PROJECT_F-NAL_66a0183f/bin/assets/textures/Bullet.png
12:20:18.809 [FXGL Background Thread 2 ] DEBUG FXGLAssetLoaderServi - Loading from file system: file:/C:/Users/%c4%b0brahim/AppData/Roaming/Code/User/workspaceStorage/6801d0249deebc7c36ce787dd200b0aa/redhat.java/jdt_ws/CS102PROJECT_F-NAL_66a0183f/bin/assets/textures/WingedAlien.png
12:20:18.826 [FXGL Background Thread 2 ] DEBUG FXGLAssetLoaderServi - Loading from file system: file:/C:/Users/%c4%b0brahim/AppData/Roaming/Code/User/workspaceStorage/6801d0249deebc7c36ce787dd200b0aa/redhat.java/jdt_ws/CS102PROJECT_F-NAL_66a0183f/bin/assets/textures/Bomber.png
12:20:18.839 [FXGL Background Thread 2 ] DEBUG FXGLAssetLoaderServi - Loading from file system: file:/C:/Users/%c4%b0brahim/AppData/Roaming/Code/User/workspaceStorage/6801d0249deebc7c36ce787dd200b0aa/redhat.java/jdt_ws/CS102PROJECT_F-NAL_66a0183f/bin/assets/textures/Boss.png
12:20:18.882 [FXGL Background Thread 2 ] DEBUG FXGLAssetLoaderServi - Loading from file system: file:/C:/Users/%c4%b0brahim/AppData/Roaming/Code/User/workspaceStorage/6801d0249deebc7c36ce787dd200b0aa/redhat.java/jdt_ws/CS102PROJECT_F-NAL_66a0183f/bin/assets/textures/AmongUs.png
12:20:18.908 [FXGL Background Thread 2 ] DEBUG FXGLAssetLoaderServi - Loading from file system: file:/C:/Users/%c4%b0brahim/AppData/Roaming/Code/User/workspaceStorage/6801d0249deebc7c36ce787dd200b0aa/redhat.java/jdt_ws/CS102PROJECT_F-NAL_66a0183f/bin/assets/textures/background/bg_0.png
12:20:19.164 [FXGL Background Thread 2 ] DEBUG FXGLAssetLoaderServi - Loading from file system: file:/C:/Users/%c4%b0brahim/AppData/Roaming/Code/User/workspaceStorage/6801d0249deebc7c36ce787dd200b0aa/redhat.java/jdt_ws/CS102PROJECT_F-NAL_66a0183f/bin/assets/textures/front.png
12:20:19.267 [FXGL Background Thread 2 ] DEBUG FXGLAssetLoaderServi - Loading from file system: file:/C:/Users/%c4%b0brahim/AppData/Roaming/Code/User/workspaceStorage/6801d0249deebc7c36ce787dd200b0aa/redhat.java/jdt_ws/CS102PROJECT_F-NAL_66a0183f/bin/assets/textures/front.png
12:20:19.274 [FXGL Background Thread 2 ] INFO  FXGLApplication      - Game initialization took: 0.492 sec
12:20:19.275 [JavaFX Application Thread] DEBUG Input                - Clearing active input actions
12:20:19.285 [JavaFX Application Thread] DEBUG GameApplicationServi - Removing overlay from FXGLLoadingScene and adding to GameScene
12:20:19.285 [JavaFX Application Thread] DEBUG PrimaryStageWindow   - FXGLLoadingScene -> GameScene
12:20:19.804 [FXGL Background Thread 3 ] DEBUG Engine               - Logging environment variables
12:20:19.804 [FXGL Background Thread 3 ] DEBUG Engine               - achievements: []
12:20:19.805 [FXGL Background Thread 3 ] DEBUG Engine               - actualHeight: 864.0
12:20:19.805 [FXGL Background Thread 3 ] DEBUG Engine               - actualHeightProperty: ReadOnlyDoubleProperty [value: 864.0]
12:20:19.805 [FXGL Background Thread 3 ] DEBUG Engine               - actualWidth: 1536.0
12:20:19.805 [FXGL Background Thread 3 ] DEBUG Engine               - actualWidthProperty: ReadOnlyDoubleProperty [value: 1536.0]
12:20:19.805 [FXGL Background Thread 3 ] DEBUG Engine               - appIcon: fxgl_icon.png
12:20:19.805 [FXGL Background Thread 3 ] DEBUG Engine               - applicationMode: DEVELOPER
12:20:19.805 [FXGL Background Thread 3 ] DEBUG Engine               - cSSList: [fxgl_dark.css]
12:20:19.805 [FXGL Background Thread 3 ] DEBUG Engine               - collisionDetectionStrategy: GRID_INDEXING
12:20:19.805 [FXGL Background Thread 3 ] DEBUG Engine               - configClass: Optional.empty
12:20:19.805 [FXGL Background Thread 3 ] DEBUG Engine               - credits: []
12:20:19.806 [FXGL Background Thread 3 ] DEBUG Engine               - defaultCursor: CursorInfo(imageName=fxgl_default_cursor.png, hotspotX=7.0, hotspotY=6.0)
12:20:19.806 [FXGL Background Thread 3 ] DEBUG Engine               - devBBoxColorProperty: ObjectProperty [value: 0xff0000ff]
12:20:19.806 [FXGL Background Thread 3 ] DEBUG Engine               - devEnableDebugCameraProperty: BooleanProperty [value: false]
12:20:19.806 [FXGL Background Thread 3 ] DEBUG Engine               - devSensorColorProperty: ObjectProperty [value: 0xffff00ff]
12:20:19.806 [FXGL Background Thread 3 ] DEBUG Engine               - devShowBBoxProperty: BooleanProperty [value: false]
12:20:19.806 [FXGL Background Thread 3 ] DEBUG Engine               - devShowPositionProperty: BooleanProperty [value: false]
12:20:19.806 [FXGL Background Thread 3 ] DEBUG Engine               - enabledMenuItems: []
12:20:19.807 [FXGL Background Thread 3 ] DEBUG Engine               - engineServices: [class com.almasb.fxgl.app.services.FXGLAssetLoaderService, class com.almasb.fxgl.app.FXGLApplication$GameApplicationService, class com.almasb.fxgl.app.services.FXGLDialogService, class com.almasb.fxgl.app.services.IOTaskExecutorService, class com.almasb.fxgl.io.FileSystemService, class com.almasb.fxgl.localization.LocalizationService, class com.almasb.fxgl.app.services.SystemBundleService, class com.almasb.fxgl.profile.SaveLoadService, class com.almasb.fxgl.ui.FXGLUIFactoryServiceProvider, class com.almasb.fxgl.ui.FXGLDialogFactoryServiceProvider, class com.almasb.fxgl.audio.AudioPlayer, class com.almasb.fxgl.notification.impl.NotificationServiceProvider, class com.almasb.fxgl.achievement.AchievementService, class com.almasb.fxgl.cutscene.CutsceneService, class com.almasb.fxgl.minigames.MiniGameService, class com.almasb.fxgl.net.NetService, class com.almasb.fxgl.app.services.UpdaterService, class com.almasb.fxgl.dev.DevService, class main.spacegame.service.HighScoreService, class main.spacegame.service.LevelPressureService, class main.spacegame.level.LevelService]
12:20:19.807 [FXGL Background Thread 3 ] DEBUG Engine               - fontGame: Abel-Regular.ttf
12:20:19.807 [FXGL Background Thread 3 ] DEBUG Engine               - fontMono: TerminalLandMono-Regular.otf
12:20:19.807 [FXGL Background Thread 3 ] DEBUG Engine               - fontSizeScaleUI: 1.0
12:20:19.807 [FXGL Background Thread 3 ] DEBUG Engine               - fontText: Courier-Prime.ttf
12:20:19.807 [FXGL Background Thread 3 ] DEBUG Engine               - fontUI: VarelaRound-Regular.ttf
12:20:19.807 [FXGL Background Thread 3 ] DEBUG Engine               - fullScreen: BooleanProperty [value: true]
12:20:19.808 [FXGL Background Thread 3 ] DEBUG Engine               - gameDifficulty: MEDIUM
12:20:19.808 [FXGL Background Thread 3 ] DEBUG Engine               - gameDifficultyProperty: ObjectProperty [value: MEDIUM]
12:20:19.808 [FXGL Background Thread 3 ] DEBUG Engine               - globalMusicVolume: 0.5
12:20:19.808 [FXGL Background Thread 3 ] DEBUG Engine               - globalMusicVolumeProperty: DoubleProperty [value: 0.7]
12:20:19.808 [FXGL Background Thread 3 ] DEBUG Engine               - globalSoundVolume: 0.5
12:20:19.808 [FXGL Background Thread 3 ] DEBUG Engine               - globalSoundVolumeProperty: DoubleProperty [value: 0.7]
12:20:19.808 [FXGL Background Thread 3 ] DEBUG Engine               - height: 1080
12:20:19.808 [FXGL Background Thread 3 ] DEBUG Engine               - is3D: false
12:20:19.809 [FXGL Background Thread 3 ] DEBUG Engine               - isAndroid: false
12:20:19.809 [FXGL Background Thread 3 ] DEBUG Engine               - isBrowser: false
12:20:19.809 [FXGL Background Thread 3 ] DEBUG Engine               - isClickFeedbackEnabled: false
12:20:19.809 [FXGL Background Thread 3 ] DEBUG Engine               - isCloseConfirmation: false
12:20:19.809 [FXGL Background Thread 3 ] DEBUG Engine               - isDesktop: true
12:20:19.809 [FXGL Background Thread 3 ] DEBUG Engine               - isDeveloperMenuEnabled: false
12:20:19.809 [FXGL Background Thread 3 ] DEBUG Engine               - isEmbedded: false
12:20:19.809 [FXGL Background Thread 3 ] DEBUG Engine               - isEntityPreloadEnabled: true
12:20:19.809 [FXGL Background Thread 3 ] DEBUG Engine               - isExperimentalTiledLargeMap: false
12:20:19.809 [FXGL Background Thread 3 ] DEBUG Engine               - isFileSystemWriteAllowed: true
12:20:19.809 [FXGL Background Thread 3 ] DEBUG Engine               - isFullScreenAllowed: true
12:20:19.809 [FXGL Background Thread 3 ] DEBUG Engine               - isFullScreenFromStart: true
12:20:19.809 [FXGL Background Thread 3 ] DEBUG Engine               - isGameMenuEnabled: true
12:20:19.809 [FXGL Background Thread 3 ] DEBUG Engine               - isIOS: false
12:20:19.809 [FXGL Background Thread 3 ] DEBUG Engine               - isIntroEnabled: false
12:20:19.810 [FXGL Background Thread 3 ] DEBUG Engine               - isLinux: false
12:20:19.810 [FXGL Background Thread 3 ] DEBUG Engine               - isMac: false
12:20:19.810 [FXGL Background Thread 3 ] DEBUG Engine               - isMainMenuEnabled: true
12:20:19.810 [FXGL Background Thread 3 ] DEBUG Engine               - isManualResizeEnabled: false
12:20:19.810 [FXGL Background Thread 3 ] DEBUG Engine               - isMobile: false
12:20:19.810 [FXGL Background Thread 3 ] DEBUG Engine               - isNative: false
12:20:19.810 [FXGL Background Thread 3 ] DEBUG Engine               - isPauseMusicWhenMinimized: true
12:20:19.810 [FXGL Background Thread 3 ] DEBUG Engine               - isPreserveResizeRatio: false
12:20:19.810 [FXGL Background Thread 3 ] DEBUG Engine               - isProfilingEnabled: false
12:20:19.810 [FXGL Background Thread 3 ] DEBUG Engine               - isScaleAffectedOnResize: true
12:20:19.810 [FXGL Background Thread 3 ] DEBUG Engine               - isSingleStep: false
12:20:19.810 [FXGL Background Thread 3 ] DEBUG Engine               - isUserProfileEnabled: false
12:20:19.810 [FXGL Background Thread 3 ] DEBUG Engine               - isWindows: true
12:20:19.810 [FXGL Background Thread 3 ] DEBUG Engine               - language: ObjectProperty [value: ENGLISH]
12:20:19.810 [FXGL Background Thread 3 ] DEBUG Engine               - menuKey: ESCAPE
12:20:19.811 [FXGL Background Thread 3 ] DEBUG Engine               - mouseSensitivity: 0.2
12:20:19.811 [FXGL Background Thread 3 ] DEBUG Engine               - notificationViewClass: class com.almasb.fxgl.notification.view.XboxNotificationView
12:20:19.811 [FXGL Background Thread 3 ] DEBUG Engine               - pixelsPerMeter: 50.0
12:20:19.811 [FXGL Background Thread 3 ] DEBUG Engine               - platform: WINDOWS
12:20:19.811 [FXGL Background Thread 3 ] DEBUG Engine               - prefHeightProperty: ReadOnlyDoubleProperty [value: 1080.0]
12:20:19.811 [FXGL Background Thread 3 ] DEBUG Engine               - prefWidthProperty: ReadOnlyDoubleProperty [value: 1920.0]
12:20:19.811 [FXGL Background Thread 3 ] DEBUG Engine               - profileDir: profiles/
12:20:19.811 [FXGL Background Thread 3 ] DEBUG Engine               - profileName: StringProperty [value: DEFAULT]
12:20:19.811 [FXGL Background Thread 3 ] DEBUG Engine               - randomSeed: -1
12:20:19.812 [FXGL Background Thread 3 ] DEBUG Engine               - runtimeInfo: RuntimeInfo(platform=WINDOWS, version=17.3, build=30.03.2023 11.54)
12:20:19.812 [FXGL Background Thread 3 ] DEBUG Engine               - saveFileExt: sav
12:20:19.812 [FXGL Background Thread 3 ] DEBUG Engine               - scaledHeightProp$fxgl: DoubleProperty [bound, value: 864.0]
12:20:19.812 [FXGL Background Thread 3 ] DEBUG Engine               - scaledWidthProp$fxgl: DoubleProperty [bound, value: 1536.0]
12:20:19.812 [FXGL Background Thread 3 ] DEBUG Engine               - sceneFactory: main.spacegame.SpaceGameApp$1@ae82ab
12:20:19.812 [FXGL Background Thread 3 ] DEBUG Engine               - secondsIn24h: 60
12:20:19.812 [FXGL Background Thread 3 ] DEBUG Engine               - soundMenuBack: menu/back.wav
12:20:19.812 [FXGL Background Thread 3 ] DEBUG Engine               - soundMenuPress: menu/press.wav
12:20:19.812 [FXGL Background Thread 3 ] DEBUG Engine               - soundMenuSelect: menu/select.wav
12:20:19.812 [FXGL Background Thread 3 ] DEBUG Engine               - soundNotification: core/notification.wav
12:20:19.813 [FXGL Background Thread 3 ] DEBUG Engine               - stageStyle: DECORATED
12:20:19.813 [FXGL Background Thread 3 ] DEBUG Engine               - supportedLanguages: [ENGLISH, FRENCH, GERMAN, HUNGARIAN, RUSSIAN]
12:20:19.813 [FXGL Background Thread 3 ] DEBUG Engine               - ticksPerSecond: -1
12:20:19.813 [FXGL Background Thread 3 ] DEBUG Engine               - title: Space_Game
12:20:19.813 [FXGL Background Thread 3 ] DEBUG Engine               - urlGithub: https://github.com/AlmasB/FXGL
12:20:19.813 [FXGL Background Thread 3 ] DEBUG Engine               - urlLeaderboard: http://fxgl-top.herokuapp.com/
12:20:19.813 [FXGL Background Thread 3 ] DEBUG Engine               - urlPOM: https://raw.githubusercontent.com/AlmasB/FXGL/release/README.md
12:20:19.813 [FXGL Background Thread 3 ] DEBUG Engine               - userAppClass: class main.spacegame.SpaceGameApp
12:20:19.813 [FXGL Background Thread 3 ] DEBUG Engine               - version: 1.0
12:20:19.813 [FXGL Background Thread 3 ] DEBUG Engine               - versionCheckDays: 7
12:20:19.813 [FXGL Background Thread 3 ] DEBUG Engine               - width: 1920
12:20:19.813 [FXGL Background Thread 3 ] DEBUG Engine               - Logging services
12:20:19.813 [FXGL Background Thread 3 ] DEBUG Engine               - class com.almasb.fxgl.app.services.FXGLAssetLoaderService
12:20:19.813 [FXGL Background Thread 3 ] DEBUG Engine               - class com.almasb.fxgl.app.FXGLApplication$GameApplicationService
12:20:19.813 [FXGL Background Thread 3 ] DEBUG Engine               - class com.almasb.fxgl.app.services.FXGLDialogService
12:20:19.813 [FXGL Background Thread 3 ] DEBUG Engine               - class com.almasb.fxgl.app.services.IOTaskExecutorService
12:20:19.813 [FXGL Background Thread 3 ] DEBUG Engine               - class com.almasb.fxgl.io.FileSystemService
12:20:19.813 [FXGL Background Thread 3 ] DEBUG Engine               - class com.almasb.fxgl.localization.LocalizationService
12:20:19.813 [FXGL Background Thread 3 ] DEBUG Engine               - class com.almasb.fxgl.app.services.SystemBundleService
12:20:19.814 [FXGL Background Thread 3 ] DEBUG Engine               - class com.almasb.fxgl.profile.SaveLoadService
12:20:19.814 [FXGL Background Thread 3 ] DEBUG Engine               - class com.almasb.fxgl.ui.FXGLUIFactoryServiceProvider
12:20:19.814 [FXGL Background Thread 3 ] DEBUG Engine               - class com.almasb.fxgl.ui.FXGLDialogFactoryServiceProvider
12:20:19.814 [FXGL Background Thread 3 ] DEBUG Engine               - class com.almasb.fxgl.audio.AudioPlayer
12:20:19.814 [FXGL Background Thread 3 ] DEBUG Engine               - class com.almasb.fxgl.notification.impl.NotificationServiceProvider
12:20:19.814 [FXGL Background Thread 3 ] DEBUG Engine               - class com.almasb.fxgl.achievement.AchievementService
12:20:19.814 [FXGL Background Thread 3 ] DEBUG Engine               - class com.almasb.fxgl.cutscene.CutsceneService
12:20:19.814 [FXGL Background Thread 3 ] DEBUG Engine               - class com.almasb.fxgl.minigames.MiniGameService
12:20:19.814 [FXGL Background Thread 3 ] DEBUG Engine               - class com.almasb.fxgl.net.NetService
12:20:19.814 [FXGL Background Thread 3 ] DEBUG Engine               - class com.almasb.fxgl.app.services.UpdaterService
12:20:19.814 [FXGL Background Thread 3 ] DEBUG Engine               - class com.almasb.fxgl.dev.DevService
12:20:19.814 [FXGL Background Thread 3 ] DEBUG Engine               - class main.spacegame.service.HighScoreService
12:20:19.814 [FXGL Background Thread 3 ] DEBUG Engine               - class main.spacegame.service.LevelPressureService
12:20:19.814 [FXGL Background Thread 3 ] DEBUG Engine               - class main.spacegame.level.LevelService
12:20:22.409 [JavaFX Application Thread] DEBUG FXGLAssetLoaderServi - Loading from file system: file:/C:/Users/%c4%b0brahim/AppData/Roaming/Code/User/workspaceStorage/6801d0249deebc7c36ce787dd200b0aa/redhat.java/jdt_ws/CS102PROJECT_F-NAL_66a0183f/bin/assets/sounds/shoot1.wav
12:20:25.406 [JavaFX Application Thread] WARN  GameWorld            - Attempted to remove entity which is not active
12:20:26.315 [JavaFX Application Thread] DEBUG FXGLAssetLoaderServi - Loading from file system: file:/C:/Users/%c4%b0brahim/AppData/Roaming/Code/User/workspaceStorage/6801d0249deebc7c36ce787dd200b0aa/redhat.java/jdt_ws/CS102PROJECT_F-NAL_66a0183f/bin/assets/sounds/shoot3.wav
12:20:26.427 [JavaFX Application Thread] DEBUG FXGLAssetLoaderServi - Loading from file system: file:/C:/Users/%c4%b0brahim/AppData/Roaming/Code/User/workspaceStorage/6801d0249deebc7c36ce787dd200b0aa/redhat.java/jdt_ws/CS102PROJECT_F-NAL_66a0183f/bin/assets/sounds/shoot2.wav
12:20:26.654 [JavaFX Application Thread] DEBUG FXGLAssetLoaderServi - Loading from file system: file:/C:/Users/%c4%b0brahim/AppData/Roaming/Code/User/workspaceStorage/6801d0249deebc7c36ce787dd200b0aa/redhat.java/jdt_ws/CS102PROJECT_F-NAL_66a0183f/bin/assets/sounds/shoot4.wav
12:20:52.529 [JavaFX Application Thread] DEBUG PrimaryStageWindow   - Push state: DialogSubScene
12:20:52.529 [JavaFX Application Thread] DEBUG Input                - Clearing active input actions
12:20:52.543 [JavaFX Application Thread] DEBUG GameApplicationServi - Removing overlay from GameScene and adding to DialogSubScene
12:20:52.543 [JavaFX Application Thread] DEBUG PrimaryStageWindow   - GameScene -> DialogSubScene
12:20:52.547 [JavaFX Application Thread] WARN  GameWorld            - Attempted to remove entity which is not active
12:21:00.630 [JavaFX Application Thread] DEBUG FXGLApplication      - Exiting FXGL
12:21:00.630 [JavaFX Application Thread] DEBUG LoopRunner           - Stopping loop
12:21:00.630 [JavaFX Application Thread] DEBUG SystemBundleService  - Saving FXGL system data
12:21:00.633 [JavaFX Application Thread] DEBUG FileSystemAccess     - Writing to: C:\Users\İbrahim\Desktop\CS102PROJECT_F-NAL\system\fxgl.bundle
12:21:00.636 [JavaFX Application Thread] DEBUG Async                - Shutting down background threads
12:21:00.636 [JavaFX Application Thread] DEBUG PrimaryStageWindow   - Closing main window
12:21:00.661 [JavaFX Application Thread] DEBUG Logger               - Closing Logger
