21:44:59.899 [main                     ] DEBUG Logger               - Configured Logger
21:44:59.922 [main                     ] DEBUG GameApplication      - Logging settings
Title: Space_Game
Version: 1.0
Width: 1920
Height: 1080
Fullscreen: false
Intro: false
Profiling: false
Single step:false
App Mode: DEVELOPER
Menu Key: ESCAPE
Stage Style: DECORATED
Scene Factory: class main.spacegame.SpaceGameApp$1

21:45:00.253 [JavaFX Application Thread] DEBUG FXGLApplication      - Initializing FXGL
21:45:00.256 [JavaFX Application Thread] INFO  Engine               - FXGL-17.3 (30.03.2023 11.54) on WINDOWS (J:19.0.2 FX:20)
21:45:00.257 [JavaFX Application Thread] DEBUG Engine               - JRE Vendor Name: Oracle Corporation
21:45:00.257 [JavaFX Application Thread] DEBUG Engine               - Running on OS: Windows 10 version 10.0
21:45:00.257 [JavaFX Application Thread] DEBUG Engine               - Architecture: amd64
21:45:00.257 [JavaFX Application Thread] INFO  Engine               - Source code and latest versions at: https://github.com/AlmasB/FXGL
21:45:00.258 [JavaFX Application Thread] INFO  Engine               -       Ask questions and discuss at: https://github.com/AlmasB/FXGL/discussions
21:45:00.258 [JavaFX Application Thread] INFO  Engine               -              Join the FXGL chat at: https://gitter.im/AlmasB/FXGL
21:45:00.373 [JavaFX Application Thread] DEBUG PrimaryStageWindow   - Creating a JavaFX scene
21:45:00.374 [JavaFX Application Thread] DEBUG PrimaryStageWindow   - Target size > screen size
21:45:00.423 [JavaFX Application Thread] DEBUG PrimaryStageWindow   - Target settings size: 1920.0 x 1080.0
21:45:00.423 [JavaFX Application Thread] DEBUG PrimaryStageWindow   - Scaled scene size:    1439.0 x 823.0
21:45:00.423 [JavaFX Application Thread] DEBUG PrimaryStageWindow   - Scaled ratio: (0.7494791666666667, 0.7620370370370371)
21:45:00.424 [JavaFX Application Thread] DEBUG PrimaryStageWindow   - Set initial scene to FXGLStartupScene
21:45:00.427 [JavaFX Application Thread] DEBUG PrimaryStageWindow   - Opening main window
21:45:00.504 [JavaFX Application Thread] DEBUG PrimaryStageWindow   - Window border size: (14.5999755859375, 37.79998779296875)
21:45:00.504 [JavaFX Application Thread] DEBUG PrimaryStageWindow   - Scaled size: 1439.0 x 823.0
21:45:00.504 [JavaFX Application Thread] DEBUG PrimaryStageWindow   - Scaled ratio: (0.7494791666666667, 0.7620370370370371)
21:45:00.505 [JavaFX Application Thread] DEBUG PrimaryStageWindow   - Scene size: 1439.0 x 823.0
21:45:00.505 [JavaFX Application Thread] DEBUG PrimaryStageWindow   - Stage size: 1453.5999755859375 x 860.7999877929688
21:45:00.512 [FXGL Background Thread 1 ] DEBUG Engine               - Initializing environment variables
21:45:00.557 [FXGL Background Thread 1 ] DEBUG FXGLAssetLoaderServi - User app class for loading assets: class main.spacegame.SpaceGameApp
21:45:00.557 [FXGL Background Thread 1 ] DEBUG GameApplicationServi - Applying CSS: fxgl_dark.css
21:45:00.558 [FXGL Background Thread 1 ] DEBUG FXGLAssetLoaderServi - Loading from file system: jar:file:/C:/Users/%c4%b0brahim/Downloads/fxgl-17.3-uber.jar!/fxglassets/ui/css/fxgl_dark.css
21:45:00.596 [FXGL Background Thread 1 ] DEBUG GameApplicationServi - Initializing application scenes
21:45:00.628 [FXGL Background Thread 1 ] DEBUG GameWorld            - Game world initialized
21:45:00.679 [FXGL Background Thread 1 ] DEBUG PhysicsWorld         - Physics world initialized: appHeight=1080, physics.ppm=50.0
21:45:00.680 [FXGL Background Thread 1 ] DEBUG PhysicsWorld         - Using strategy: BRUTE_FORCE
21:45:00.684 [FXGL Background Thread 1 ] DEBUG GameScene            - Game scene initialized: 1920x1080
21:45:00.687 [FXGL Background Thread 1 ] DEBUG FXGLAssetLoaderServi - Loading from file system: file:/C:/Users/%c4%b0brahim/AppData/Roaming/Code/User/workspaceStorage/1a1948b350b0cb6fa70180a51989d365/redhat.java/jdt_ws/CS102PROJECT_F-NAL_66a0183f/bin/assets/textures/mainmenu.png
21:45:00.845 [FXGL Background Thread 1 ] DEBUG FXGLAssetLoaderServi - Loading from file system: file:/C:/Users/%c4%b0brahim/AppData/Roaming/Code/User/workspaceStorage/1a1948b350b0cb6fa70180a51989d365/redhat.java/jdt_ws/CS102PROJECT_F-NAL_66a0183f/bin/assets/textures/credits.png
21:45:00.886 [FXGL Background Thread 1 ] DEBUG FXGLAssetLoaderServi - Loading from file system: file:/C:/Users/%c4%b0brahim/AppData/Roaming/Code/User/workspaceStorage/1a1948b350b0cb6fa70180a51989d365/redhat.java/jdt_ws/CS102PROJECT_F-NAL_66a0183f/bin/assets/textures/gameMenu.png
21:45:00.921 [FXGL Background Thread 1 ] DEBUG GameApplicationServi - Application scenes initialized
21:45:00.933 [FXGL Background Thread 1 ] DEBUG SystemBundleService  - Loading FXGL system data
21:45:00.937 [FXGL Background Thread 1 ] DEBUG FileSystemAccess     - Reading from: C:\Users\İbrahim\Desktop\CS102PROJECT_F-NAL\system\fxgl.bundle
21:45:00.945 [FXGL Background Thread 1 ] DEBUG SystemBundleService  - Bundle FXGL: {}
21:45:00.946 [FXGL Background Thread 1 ] DEBUG UpdaterService       - Checking for updates
21:45:00.950 [FXGL Background Thread 4 ] DEBUG FXGLApplication      - Loading fonts
21:45:00.950 [FXGL Background Thread 4 ] DEBUG FXGLAssetLoaderServi - Loading from file system: jar:file:/C:/Users/%c4%b0brahim/Downloads/fxgl-17.3-uber.jar!/fxglassets/ui/fonts/VarelaRound-Regular.ttf
21:45:00.951 [FXGL Background Thread 1 ] DEBUG FXGLApplication      - Loading default localization
21:45:00.951 [FXGL Background Thread 1 ] DEBUG FXGLAssetLoaderServi - Loading from file system: jar:file:/C:/Users/%c4%b0brahim/Downloads/fxgl-17.3-uber.jar!/fxglassets/languages/english.lang
21:45:00.975 [FXGL Background Thread 1 ] INFO  FXGLApplication      - FXGL initialization took: 0.463 sec
21:45:00.977 [JavaFX Application Thread] DEBUG FXGLAssetLoaderServi - Loading from file system: jar:file:/C:/Users/%c4%b0brahim/Downloads/fxgl-17.3-uber.jar!/fxglassets/textures/fxgl_icon.png
21:45:00.993 [JavaFX Application Thread] DEBUG FXGLAssetLoaderServi - Loading from file system: jar:file:/C:/Users/%c4%b0brahim/Downloads/fxgl-17.3-uber.jar!/fxglassets/textures/fxgl_default_cursor.png
21:45:01.005 [JavaFX Application Thread] DEBUG Input                - Registered new binding: Screenshot - CTRL+8
21:45:01.005 [FXGL Background Thread 4 ] DEBUG FXGLAssetLoaderServi - Loading from file system: jar:file:/C:/Users/%c4%b0brahim/Downloads/fxgl-17.3-uber.jar!/fxglassets/ui/fonts/Abel-Regular.ttf
21:45:01.006 [JavaFX Application Thread] DEBUG Input                - Registered new binding: System info dump - CTRL+9
21:45:01.006 [JavaFX Application Thread] DEBUG Input                - Registered new binding: Restart - CTRL+R
21:45:01.007 [JavaFX Application Thread] DEBUG Input                - Registered new binding: Toggle Debug Camera - CTRL+7
21:45:01.008 [FXGL Background Thread 4 ] DEBUG FXGLAssetLoaderServi - Loading from file system: jar:file:/C:/Users/%c4%b0brahim/Downloads/fxgl-17.3-uber.jar!/fxglassets/ui/fonts/TerminalLandMono-Regular.otf
21:45:01.010 [JavaFX Application Thread] DEBUG LoopRunner           - Starting loop
21:45:01.010 [JavaFX Application Thread] DEBUG LoopRunner           - Initializing JavaFX AnimationTimerLoop
21:45:01.012 [FXGL Background Thread 4 ] DEBUG FXGLAssetLoaderServi - Loading from file system: jar:file:/C:/Users/%c4%b0brahim/Downloads/fxgl-17.3-uber.jar!/fxglassets/ui/fonts/Courier-Prime.ttf
21:45:01.013 [JavaFX Application Thread] DEBUG Input                - Clearing active input actions
21:45:01.020 [JavaFX Application Thread] DEBUG GameApplicationServi - Removing overlay from FXGLStartupScene and adding to FXGLMainMenuDummyScene
21:45:01.020 [JavaFX Application Thread] DEBUG PrimaryStageWindow   - FXGLStartupScene -> FXGLMainMenuDummyScene
21:45:01.020 [JavaFX Application Thread] DEBUG PrimaryStageWindow   - Push state: SpaceGameMainMenu
21:45:01.020 [JavaFX Application Thread] DEBUG Input                - Clearing active input actions
21:45:01.027 [JavaFX Application Thread] DEBUG GameApplicationServi - Removing overlay from FXGLMainMenuDummyScene and adding to SpaceGameMainMenu
21:45:01.028 [JavaFX Application Thread] DEBUG PrimaryStageWindow   - FXGLMainMenuDummyScene -> SpaceGameMainMenu
21:45:01.037 [JavaFX Application Thread] DEBUG FXGLApplication      - Registering font factories with UI factory
21:45:02.229 [JavaFX Application Thread] DEBUG Menu                 - fireExit()
21:45:02.238 [JavaFX Application Thread] DEBUG PrimaryStageWindow   - Push state: DialogSubScene
21:45:02.238 [JavaFX Application Thread] DEBUG Input                - Clearing active input actions
21:45:02.242 [JavaFX Application Thread] DEBUG GameApplicationServi - Removing overlay from SpaceGameMainMenu and adding to DialogSubScene
21:45:02.242 [JavaFX Application Thread] DEBUG PrimaryStageWindow   - SpaceGameMainMenu -> DialogSubScene
21:45:03.623 [JavaFX Application Thread] DEBUG PrimaryStageWindow   - Pop state: DialogSubScene
21:45:03.623 [JavaFX Application Thread] DEBUG Input                - Clearing active input actions
21:45:03.623 [JavaFX Application Thread] DEBUG GameApplicationServi - Removing overlay from DialogSubScene and adding to SpaceGameMainMenu
21:45:03.624 [JavaFX Application Thread] DEBUG PrimaryStageWindow   - SpaceGameMainMenu <- DialogSubScene
21:45:03.624 [JavaFX Application Thread] DEBUG FXGLApplication      - Exiting FXGL
21:45:03.624 [JavaFX Application Thread] DEBUG LoopRunner           - Stopping loop
21:45:03.624 [JavaFX Application Thread] DEBUG SystemBundleService  - Saving FXGL system data
21:45:03.626 [JavaFX Application Thread] DEBUG FileSystemAccess     - Writing to: C:\Users\İbrahim\Desktop\CS102PROJECT_F-NAL\system\fxgl.bundle
21:45:03.628 [JavaFX Application Thread] DEBUG Async                - Shutting down background threads
21:45:03.628 [JavaFX Application Thread] DEBUG PrimaryStageWindow   - Closing main window
21:45:03.636 [JavaFX Application Thread] DEBUG Logger               - Closing Logger
