17:54:31.858 [main                     ] DEBUG Logger               - Configured Logger
17:54:31.884 [main                     ] DEBUG GameApplication      - Logging settings
Title: Space_Game
Version: 1.0
Width: 1920
Height: 1080
Fullscreen: false
Intro: false
Profiling: false
Single step:false
App Mode: DEVELOPER
Menu Key: ESCAPE
Stage Style: DECORATED
Scene Factory: class main.spacegame.SpaceGameApp$1

17:54:32.261 [JavaFX Application Thread] DEBUG FXGLApplication      - Initializing FXGL
17:54:32.269 [JavaFX Application Thread] INFO  Engine               - FXGL-17.3 (30.03.2023 11.54) on WINDOWS (J:19 FX:20)
17:54:32.270 [JavaFX Application Thread] DEBUG Engine               - JRE Vendor Name: Oracle Corporation
17:54:32.270 [JavaFX Application Thread] DEBUG Engine               - Running on OS: Windows 11 version 10.0
17:54:32.270 [JavaFX Application Thread] DEBUG Engine               - Architecture: amd64
17:54:32.270 [JavaFX Application Thread] INFO  Engine               - Source code and latest versions at: https://github.com/AlmasB/FXGL
17:54:32.270 [JavaFX Application Thread] INFO  Engine               -       Ask questions and discuss at: https://github.com/AlmasB/FXGL/discussions
17:54:32.271 [JavaFX Application Thread] INFO  Engine               -              Join the FXGL chat at: https://gitter.im/AlmasB/FXGL
17:54:32.376 [JavaFX Application Thread] DEBUG PrimaryStageWindow   - Creating a JavaFX scene
17:54:32.376 [JavaFX Application Thread] DEBUG PrimaryStageWindow   - Target size > screen size
17:54:32.416 [JavaFX Application Thread] DEBUG PrimaryStageWindow   - Target settings size: 1920.0 x 1080.0
17:54:32.416 [JavaFX Application Thread] DEBUG PrimaryStageWindow   - Scaled scene size:    1425.0 x 815.0
17:54:32.416 [JavaFX Application Thread] DEBUG PrimaryStageWindow   - Scaled ratio: (0.7421875, 0.7546296296296297)
17:54:32.417 [JavaFX Application Thread] DEBUG PrimaryStageWindow   - Set initial scene to FXGLStartupScene
17:54:32.420 [JavaFX Application Thread] DEBUG PrimaryStageWindow   - Opening main window
17:54:32.492 [JavaFX Application Thread] DEBUG PrimaryStageWindow   - Window border size: (15.0, 37.79998779296875)
17:54:32.492 [JavaFX Application Thread] DEBUG PrimaryStageWindow   - Scaled size: 1425.0 x 815.0
17:54:32.492 [JavaFX Application Thread] DEBUG PrimaryStageWindow   - Scaled ratio: (0.7421875, 0.7546296296296297)
17:54:32.492 [JavaFX Application Thread] DEBUG PrimaryStageWindow   - Scene size: 1425.0 x 815.0
17:54:32.492 [JavaFX Application Thread] DEBUG PrimaryStageWindow   - Stage size: 1440.0 x 852.7999877929688
17:54:32.506 [FXGL Background Thread 1 ] DEBUG Engine               - Initializing environment variables
17:54:32.555 [FXGL Background Thread 1 ] DEBUG FXGLAssetLoaderServi - User app class for loading assets: class main.spacegame.SpaceGameApp
17:54:32.555 [FXGL Background Thread 1 ] DEBUG GameApplicationServi - Applying CSS: fxgl_dark.css
17:54:32.556 [FXGL Background Thread 1 ] DEBUG FXGLAssetLoaderServi - Loading from file system: jar:file:/C:/Users/alprn/Downloads/fxgl-17.3-uber.jar!/fxglassets/ui/css/fxgl_dark.css
17:54:32.598 [FXGL Background Thread 1 ] DEBUG GameApplicationServi - Initializing application scenes
17:54:32.655 [FXGL Background Thread 1 ] DEBUG GameWorld            - Game world initialized
17:54:32.713 [FXGL Background Thread 1 ] DEBUG PhysicsWorld         - Physics world initialized: appHeight=1080, physics.ppm=50,0
17:54:32.713 [FXGL Background Thread 1 ] DEBUG PhysicsWorld         - Using strategy: BRUTE_FORCE
17:54:32.718 [FXGL Background Thread 1 ] DEBUG GameScene            - Game scene initialized: 1920x1080
17:54:32.722 [FXGL Background Thread 1 ] DEBUG FXGLAssetLoaderServi - Loading from file system: file:/C:/Users/alprn/AppData/Roaming/Code/User/workspaceStorage/c8b7dba4efe1b0e459f97f065891f12a/redhat.java/jdt_ws/CS102PROJECT_F-NAL_41cfdb4e/bin/assets/textures/mainmenu.png
17:54:32.895 [FXGL Background Thread 1 ] DEBUG FXGLAssetLoaderServi - Loading from file system: file:/C:/Users/alprn/AppData/Roaming/Code/User/workspaceStorage/c8b7dba4efe1b0e459f97f065891f12a/redhat.java/jdt_ws/CS102PROJECT_F-NAL_41cfdb4e/bin/assets/textures/credits.png
17:54:32.946 [FXGL Background Thread 1 ] DEBUG FXGLAssetLoaderServi - Loading from file system: file:/C:/Users/alprn/AppData/Roaming/Code/User/workspaceStorage/c8b7dba4efe1b0e459f97f065891f12a/redhat.java/jdt_ws/CS102PROJECT_F-NAL_41cfdb4e/bin/assets/textures/gameMenu.png
17:54:32.991 [FXGL Background Thread 1 ] DEBUG GameApplicationServi - Application scenes initialized
17:54:33.004 [FXGL Background Thread 1 ] DEBUG SystemBundleService  - Loading FXGL system data
17:54:33.009 [FXGL Background Thread 1 ] DEBUG FileSystemAccess     - Reading from: C:\Users\alprn\Desktop\Kafayı Yemeden proje bitirmece\CS102PROJECT_F-NAL\system\fxgl.bundle
17:54:33.017 [FXGL Background Thread 1 ] DEBUG SystemBundleService  - Bundle FXGL: {}
17:54:33.017 [FXGL Background Thread 1 ] DEBUG UpdaterService       - Checking for updates
17:54:33.023 [FXGL Background Thread 1 ] DEBUG FXGLApplication      - Loading default localization
17:54:33.024 [FXGL Background Thread 1 ] WARN  FXGLAssetLoaderServi - Asset "/assets/languages/englısh.lang" was not found!
17:54:33.025 [FXGL Background Thread 4 ] DEBUG FXGLApplication      - Loading fonts
17:54:33.025 [FXGL Background Thread 1 ] WARN  FXGLAssetLoaderServi - Failed to load PROPERTY_MAP
17:54:33.025 [FXGL Background Thread 4 ] DEBUG FXGLAssetLoaderServi - Loading from file system: jar:file:/C:/Users/alprn/Downloads/fxgl-17.3-uber.jar!/fxglassets/ui/fonts/VarelaRound-Regular.ttf
17:54:33.031 [FXGL Background Thread 1 ] INFO  FXGLApplication      - FXGL initialization took: 0,525 sec
17:54:33.035 [JavaFX Application Thread] DEBUG FXGLAssetLoaderServi - Loading from file system: jar:file:/C:/Users/alprn/Downloads/fxgl-17.3-uber.jar!/fxglassets/textures/fxgl_icon.png
17:54:33.051 [JavaFX Application Thread] DEBUG FXGLAssetLoaderServi - Loading from file system: jar:file:/C:/Users/alprn/Downloads/fxgl-17.3-uber.jar!/fxglassets/textures/fxgl_default_cursor.png
17:54:33.060 [JavaFX Application Thread] DEBUG Input                - Registered new binding: Screenshot - CTRL+8
17:54:33.061 [JavaFX Application Thread] DEBUG Input                - Registered new binding: System info dump - CTRL+9
17:54:33.062 [JavaFX Application Thread] DEBUG Input                - Registered new binding: Restart - CTRL+R
17:54:33.062 [JavaFX Application Thread] DEBUG Input                - Registered new binding: Toggle Debug Camera - CTRL+7
17:54:33.065 [JavaFX Application Thread] DEBUG LoopRunner           - Starting loop
17:54:33.065 [JavaFX Application Thread] DEBUG LoopRunner           - Initializing JavaFX AnimationTimerLoop
17:54:33.068 [JavaFX Application Thread] DEBUG Input                - Clearing active input actions
17:54:33.080 [JavaFX Application Thread] DEBUG GameApplicationServi - Removing overlay from FXGLStartupScene and adding to FXGLMainMenuDummyScene
17:54:33.080 [JavaFX Application Thread] DEBUG PrimaryStageWindow   - FXGLStartupScene -> FXGLMainMenuDummyScene
17:54:33.080 [JavaFX Application Thread] DEBUG PrimaryStageWindow   - Push state: SpaceGameMainMenu
17:54:33.081 [JavaFX Application Thread] DEBUG Input                - Clearing active input actions
17:54:33.087 [JavaFX Application Thread] DEBUG GameApplicationServi - Removing overlay from FXGLMainMenuDummyScene and adding to SpaceGameMainMenu
17:54:33.088 [JavaFX Application Thread] DEBUG PrimaryStageWindow   - FXGLMainMenuDummyScene -> SpaceGameMainMenu
17:54:33.094 [FXGL Background Thread 4 ] DEBUG FXGLAssetLoaderServi - Loading from file system: jar:file:/C:/Users/alprn/Downloads/fxgl-17.3-uber.jar!/fxglassets/ui/fonts/Abel-Regular.ttf
17:54:33.099 [FXGL Background Thread 4 ] DEBUG FXGLAssetLoaderServi - Loading from file system: jar:file:/C:/Users/alprn/Downloads/fxgl-17.3-uber.jar!/fxglassets/ui/fonts/TerminalLandMono-Regular.otf
17:54:33.102 [FXGL Background Thread 4 ] DEBUG FXGLAssetLoaderServi - Loading from file system: jar:file:/C:/Users/alprn/Downloads/fxgl-17.3-uber.jar!/fxglassets/ui/fonts/Courier-Prime.ttf
17:54:33.118 [JavaFX Application Thread] DEBUG FXGLApplication      - Registering font factories with UI factory
17:54:36.022 [FXGL Background Thread 3 ] DEBUG Engine               - Logging environment variables
17:54:36.023 [FXGL Background Thread 3 ] DEBUG Engine               - achievements: []
17:54:36.023 [FXGL Background Thread 3 ] DEBUG Engine               - actualHeight: 815.0
17:54:36.023 [FXGL Background Thread 3 ] DEBUG Engine               - actualHeightProperty: ReadOnlyDoubleProperty [value: 815.0]
17:54:36.023 [FXGL Background Thread 3 ] DEBUG Engine               - actualWidth: 1425.0
17:54:36.023 [FXGL Background Thread 3 ] DEBUG Engine               - actualWidthProperty: ReadOnlyDoubleProperty [value: 1425.0]
17:54:36.023 [FXGL Background Thread 3 ] DEBUG Engine               - appIcon: fxgl_icon.png
17:54:36.024 [FXGL Background Thread 3 ] DEBUG Engine               - applicationMode: DEVELOPER
17:54:36.024 [FXGL Background Thread 3 ] DEBUG Engine               - cSSList: [fxgl_dark.css]
17:54:36.024 [FXGL Background Thread 3 ] DEBUG Engine               - collisionDetectionStrategy: BRUTE_FORCE
17:54:36.024 [FXGL Background Thread 3 ] DEBUG Engine               - configClass: Optional.empty
17:54:36.024 [FXGL Background Thread 3 ] DEBUG Engine               - credits: []
17:54:36.026 [FXGL Background Thread 3 ] DEBUG Engine               - defaultCursor: CursorInfo(imageName=fxgl_default_cursor.png, hotspotX=7.0, hotspotY=6.0)
17:54:36.026 [FXGL Background Thread 3 ] DEBUG Engine               - devBBoxColorProperty: ObjectProperty [value: 0xff0000ff]
17:54:36.026 [FXGL Background Thread 3 ] DEBUG Engine               - devEnableDebugCameraProperty: BooleanProperty [value: false]
17:54:36.026 [FXGL Background Thread 3 ] DEBUG Engine               - devSensorColorProperty: ObjectProperty [value: 0xffff00ff]
17:54:36.026 [FXGL Background Thread 3 ] DEBUG Engine               - devShowBBoxProperty: BooleanProperty [value: false]
17:54:36.026 [FXGL Background Thread 3 ] DEBUG Engine               - devShowPositionProperty: BooleanProperty [value: false]
17:54:36.026 [FXGL Background Thread 3 ] DEBUG Engine               - enabledMenuItems: []
17:54:36.026 [FXGL Background Thread 3 ] DEBUG Engine               - engineServices: [class com.almasb.fxgl.app.services.FXGLAssetLoaderService, class com.almasb.fxgl.app.FXGLApplication$GameApplicationService, class com.almasb.fxgl.app.services.FXGLDialogService, class com.almasb.fxgl.app.services.IOTaskExecutorService, class com.almasb.fxgl.io.FileSystemService, class com.almasb.fxgl.localization.LocalizationService, class com.almasb.fxgl.app.services.SystemBundleService, class com.almasb.fxgl.profile.SaveLoadService, class com.almasb.fxgl.ui.FXGLUIFactoryServiceProvider, class com.almasb.fxgl.ui.FXGLDialogFactoryServiceProvider, class com.almasb.fxgl.audio.AudioPlayer, class com.almasb.fxgl.notification.impl.NotificationServiceProvider, class com.almasb.fxgl.achievement.AchievementService, class com.almasb.fxgl.cutscene.CutsceneService, class com.almasb.fxgl.minigames.MiniGameService, class com.almasb.fxgl.net.NetService, class com.almasb.fxgl.app.services.UpdaterService, class com.almasb.fxgl.dev.DevService]
17:54:36.026 [FXGL Background Thread 3 ] DEBUG Engine               - fontGame: Abel-Regular.ttf
17:54:36.026 [FXGL Background Thread 3 ] DEBUG Engine               - fontMono: TerminalLandMono-Regular.otf
17:54:36.026 [FXGL Background Thread 3 ] DEBUG Engine               - fontSizeScaleUI: 1.0
17:54:36.026 [FXGL Background Thread 3 ] DEBUG Engine               - fontText: Courier-Prime.ttf
17:54:36.027 [FXGL Background Thread 3 ] DEBUG Engine               - fontUI: VarelaRound-Regular.ttf
17:54:36.027 [FXGL Background Thread 3 ] DEBUG Engine               - fullScreen: BooleanProperty [value: false]
17:54:36.027 [FXGL Background Thread 3 ] DEBUG Engine               - gameDifficulty: MEDIUM
17:54:36.027 [FXGL Background Thread 3 ] DEBUG Engine               - gameDifficultyProperty: ObjectProperty [value: MEDIUM]
17:54:36.027 [FXGL Background Thread 3 ] DEBUG Engine               - globalMusicVolume: 0.5
17:54:36.027 [FXGL Background Thread 3 ] DEBUG Engine               - globalMusicVolumeProperty: DoubleProperty [value: 0.5]
17:54:36.027 [FXGL Background Thread 3 ] DEBUG Engine               - globalSoundVolume: 0.5
17:54:36.027 [FXGL Background Thread 3 ] DEBUG Engine               - globalSoundVolumeProperty: DoubleProperty [value: 0.5]
17:54:36.027 [FXGL Background Thread 3 ] DEBUG Engine               - height: 1080
17:54:36.027 [FXGL Background Thread 3 ] DEBUG Engine               - is3D: false
17:54:36.027 [FXGL Background Thread 3 ] DEBUG Engine               - isAndroid: false
17:54:36.027 [FXGL Background Thread 3 ] DEBUG Engine               - isBrowser: false
17:54:36.027 [FXGL Background Thread 3 ] DEBUG Engine               - isClickFeedbackEnabled: false
17:54:36.027 [FXGL Background Thread 3 ] DEBUG Engine               - isCloseConfirmation: false
17:54:36.027 [FXGL Background Thread 3 ] DEBUG Engine               - isDesktop: true
17:54:36.027 [FXGL Background Thread 3 ] DEBUG Engine               - isDeveloperMenuEnabled: false
17:54:36.027 [FXGL Background Thread 3 ] DEBUG Engine               - isEmbedded: false
17:54:36.027 [FXGL Background Thread 3 ] DEBUG Engine               - isEntityPreloadEnabled: true
17:54:36.027 [FXGL Background Thread 3 ] DEBUG Engine               - isExperimentalTiledLargeMap: false
17:54:36.027 [FXGL Background Thread 3 ] DEBUG Engine               - isFileSystemWriteAllowed: true
17:54:36.027 [FXGL Background Thread 3 ] DEBUG Engine               - isFullScreenAllowed: false
17:54:36.027 [FXGL Background Thread 3 ] DEBUG Engine               - isFullScreenFromStart: false
17:54:36.028 [FXGL Background Thread 3 ] DEBUG Engine               - isGameMenuEnabled: true
17:54:36.028 [FXGL Background Thread 3 ] DEBUG Engine               - isIOS: false
17:54:36.028 [FXGL Background Thread 3 ] DEBUG Engine               - isIntroEnabled: false
17:54:36.028 [FXGL Background Thread 3 ] DEBUG Engine               - isLinux: false
17:54:36.028 [FXGL Background Thread 3 ] DEBUG Engine               - isMac: false
17:54:36.028 [FXGL Background Thread 3 ] DEBUG Engine               - isMainMenuEnabled: true
17:54:36.028 [FXGL Background Thread 3 ] DEBUG Engine               - isManualResizeEnabled: false
17:54:36.028 [FXGL Background Thread 3 ] DEBUG Engine               - isMobile: false
17:54:36.028 [FXGL Background Thread 3 ] DEBUG Engine               - isNative: false
17:54:36.028 [FXGL Background Thread 3 ] DEBUG Engine               - isPauseMusicWhenMinimized: true
17:54:36.028 [FXGL Background Thread 3 ] DEBUG Engine               - isPreserveResizeRatio: false
17:54:36.028 [FXGL Background Thread 3 ] DEBUG Engine               - isProfilingEnabled: false
17:54:36.028 [FXGL Background Thread 3 ] DEBUG Engine               - isScaleAffectedOnResize: true
17:54:36.028 [FXGL Background Thread 3 ] DEBUG Engine               - isSingleStep: false
17:54:36.028 [FXGL Background Thread 3 ] DEBUG Engine               - isUserProfileEnabled: false
17:54:36.028 [FXGL Background Thread 3 ] DEBUG Engine               - isWindows: true
17:54:36.028 [FXGL Background Thread 3 ] DEBUG Engine               - language: ObjectProperty [value: ENGLISH]
17:54:36.028 [FXGL Background Thread 3 ] DEBUG Engine               - menuKey: ESCAPE
17:54:36.028 [FXGL Background Thread 3 ] DEBUG Engine               - mouseSensitivity: 0.2
17:54:36.028 [FXGL Background Thread 3 ] DEBUG Engine               - notificationViewClass: class com.almasb.fxgl.notification.view.XboxNotificationView
17:54:36.029 [FXGL Background Thread 3 ] DEBUG Engine               - pixelsPerMeter: 50.0
17:54:36.029 [FXGL Background Thread 3 ] DEBUG Engine               - platform: WINDOWS
17:54:36.029 [FXGL Background Thread 3 ] DEBUG Engine               - prefHeightProperty: ReadOnlyDoubleProperty [value: 1080.0]
17:54:36.029 [FXGL Background Thread 3 ] DEBUG Engine               - prefWidthProperty: ReadOnlyDoubleProperty [value: 1920.0]
17:54:36.029 [FXGL Background Thread 3 ] DEBUG Engine               - profileDir: profiles/
17:54:36.029 [FXGL Background Thread 3 ] DEBUG Engine               - profileName: StringProperty [value: DEFAULT]
17:54:36.029 [FXGL Background Thread 3 ] DEBUG Engine               - randomSeed: -1
17:54:36.029 [FXGL Background Thread 3 ] DEBUG Engine               - runtimeInfo: RuntimeInfo(platform=WINDOWS, version=17.3, build=30.03.2023 11.54)
17:54:36.029 [FXGL Background Thread 3 ] DEBUG Engine               - saveFileExt: sav
17:54:36.029 [FXGL Background Thread 3 ] DEBUG Engine               - scaledHeightProp$fxgl: DoubleProperty [bound, value: 815.0]
17:54:36.029 [FXGL Background Thread 3 ] DEBUG Engine               - scaledWidthProp$fxgl: DoubleProperty [bound, value: 1425.0]
17:54:36.030 [FXGL Background Thread 3 ] DEBUG Engine               - sceneFactory: main.spacegame.SpaceGameApp$1@34f4f4d7
17:54:36.030 [FXGL Background Thread 3 ] DEBUG Engine               - secondsIn24h: 60
17:54:36.030 [FXGL Background Thread 3 ] DEBUG Engine               - soundMenuBack: menu/back.wav
17:54:36.030 [FXGL Background Thread 3 ] DEBUG Engine               - soundMenuPress: menu/press.wav
17:54:36.030 [FXGL Background Thread 3 ] DEBUG Engine               - soundMenuSelect: menu/select.wav
17:54:36.030 [FXGL Background Thread 3 ] DEBUG Engine               - soundNotification: core/notification.wav
17:54:36.030 [FXGL Background Thread 3 ] DEBUG Engine               - stageStyle: DECORATED
17:54:36.030 [FXGL Background Thread 3 ] DEBUG Engine               - supportedLanguages: [ENGLISH, FRENCH, GERMAN, HUNGARIAN, RUSSIAN]
17:54:36.030 [FXGL Background Thread 3 ] DEBUG Engine               - ticksPerSecond: -1
17:54:36.030 [FXGL Background Thread 3 ] DEBUG Engine               - title: Space_Game
17:54:36.030 [FXGL Background Thread 3 ] DEBUG Engine               - urlGithub: https://github.com/AlmasB/FXGL
17:54:36.030 [FXGL Background Thread 3 ] DEBUG Engine               - urlLeaderboard: http://fxgl-top.herokuapp.com/
17:54:36.030 [FXGL Background Thread 3 ] DEBUG Engine               - urlPOM: https://raw.githubusercontent.com/AlmasB/FXGL/release/README.md
17:54:36.030 [FXGL Background Thread 3 ] DEBUG Engine               - userAppClass: class main.spacegame.SpaceGameApp
17:54:36.030 [FXGL Background Thread 3 ] DEBUG Engine               - version: 1.0
17:54:36.030 [FXGL Background Thread 3 ] DEBUG Engine               - versionCheckDays: 7
17:54:36.030 [FXGL Background Thread 3 ] DEBUG Engine               - width: 1920
17:54:36.030 [FXGL Background Thread 3 ] DEBUG Engine               - Logging services
17:54:36.030 [FXGL Background Thread 3 ] DEBUG Engine               - class com.almasb.fxgl.app.services.FXGLAssetLoaderService
17:54:36.030 [FXGL Background Thread 3 ] DEBUG Engine               - class com.almasb.fxgl.app.FXGLApplication$GameApplicationService
17:54:36.030 [FXGL Background Thread 3 ] DEBUG Engine               - class com.almasb.fxgl.app.services.FXGLDialogService
17:54:36.030 [FXGL Background Thread 3 ] DEBUG Engine               - class com.almasb.fxgl.app.services.IOTaskExecutorService
17:54:36.030 [FXGL Background Thread 3 ] DEBUG Engine               - class com.almasb.fxgl.io.FileSystemService
17:54:36.030 [FXGL Background Thread 3 ] DEBUG Engine               - class com.almasb.fxgl.localization.LocalizationService
17:54:36.031 [FXGL Background Thread 3 ] DEBUG Engine               - class com.almasb.fxgl.app.services.SystemBundleService
17:54:36.031 [FXGL Background Thread 3 ] DEBUG Engine               - class com.almasb.fxgl.profile.SaveLoadService
17:54:36.031 [FXGL Background Thread 3 ] DEBUG Engine               - class com.almasb.fxgl.ui.FXGLUIFactoryServiceProvider
17:54:36.031 [FXGL Background Thread 3 ] DEBUG Engine               - class com.almasb.fxgl.ui.FXGLDialogFactoryServiceProvider
17:54:36.031 [FXGL Background Thread 3 ] DEBUG Engine               - class com.almasb.fxgl.audio.AudioPlayer
17:54:36.031 [FXGL Background Thread 3 ] DEBUG Engine               - class com.almasb.fxgl.notification.impl.NotificationServiceProvider
17:54:36.031 [FXGL Background Thread 3 ] DEBUG Engine               - class com.almasb.fxgl.achievement.AchievementService
17:54:36.031 [FXGL Background Thread 3 ] DEBUG Engine               - class com.almasb.fxgl.cutscene.CutsceneService
17:54:36.031 [FXGL Background Thread 3 ] DEBUG Engine               - class com.almasb.fxgl.minigames.MiniGameService
17:54:36.031 [FXGL Background Thread 3 ] DEBUG Engine               - class com.almasb.fxgl.net.NetService
17:54:36.031 [FXGL Background Thread 3 ] DEBUG Engine               - class com.almasb.fxgl.app.services.UpdaterService
17:54:36.031 [FXGL Background Thread 3 ] DEBUG Engine               - class com.almasb.fxgl.dev.DevService
17:54:36.197 [JavaFX Application Thread] DEBUG Menu                 - fireNewGame()
17:54:36.198 [JavaFX Application Thread] DEBUG GameApplicationServi - Starting new game
17:54:36.198 [JavaFX Application Thread] DEBUG PrimaryStageWindow   - Pop state: SpaceGameMainMenu
17:54:36.198 [JavaFX Application Thread] DEBUG Input                - Clearing active input actions
17:54:36.199 [JavaFX Application Thread] DEBUG GameApplicationServi - Removing overlay from SpaceGameMainMenu and adding to FXGLMainMenuDummyScene
17:54:36.199 [JavaFX Application Thread] DEBUG PrimaryStageWindow   - FXGLMainMenuDummyScene <- SpaceGameMainMenu
17:54:36.199 [JavaFX Application Thread] DEBUG Input                - Clearing active input actions
17:54:36.211 [JavaFX Application Thread] DEBUG GameApplicationServi - Removing overlay from FXGLMainMenuDummyScene and adding to FXGLLoadingScene
17:54:36.211 [JavaFX Application Thread] DEBUG PrimaryStageWindow   - FXGLMainMenuDummyScene -> FXGLLoadingScene
17:54:36.211 [JavaFX Application Thread] DEBUG GameApplicationServi - Clearing previous game
17:54:36.211 [JavaFX Application Thread] DEBUG GameScene            - Clearing game scene
17:54:36.212 [JavaFX Application Thread] DEBUG GameWorld            - Clearing game world
17:54:36.212 [JavaFX Application Thread] DEBUG PhysicsWorld         - Clearing physics world
17:54:36.213 [FXGL Background Thread 2 ] DEBUG FXGLApplication      - Initializing game
17:54:36.218 [FXGL Background Thread 2 ] INFO  FXGLApplication      - Game initialization took: 0,004 sec
17:54:36.243 [JavaFX Application Thread] DEBUG Input                - Clearing active input actions
17:54:36.251 [JavaFX Application Thread] DEBUG GameApplicationServi - Removing overlay from FXGLLoadingScene and adding to GameScene
17:54:36.252 [JavaFX Application Thread] DEBUG PrimaryStageWindow   - FXGLLoadingScene -> GameScene
17:54:36.819 [JavaFX Application Thread] DEBUG PrimaryStageWindow   - Push state: SpaceGamePauseMenu
17:54:36.820 [JavaFX Application Thread] DEBUG Input                - Clearing active input actions
17:54:36.820 [JavaFX Application Thread] DEBUG GameApplicationServi - Removing overlay from GameScene and adding to SpaceGamePauseMenu
17:54:36.820 [JavaFX Application Thread] DEBUG PrimaryStageWindow   - GameScene -> SpaceGamePauseMenu
17:54:41.995 [JavaFX Application Thread] DEBUG FXGLApplication      - Exiting FXGL
17:54:41.995 [JavaFX Application Thread] DEBUG LoopRunner           - Stopping loop
17:54:41.995 [JavaFX Application Thread] DEBUG SystemBundleService  - Saving FXGL system data
17:54:41.997 [JavaFX Application Thread] DEBUG FileSystemAccess     - Writing to: C:\Users\alprn\Desktop\Kafayı Yemeden proje bitirmece\CS102PROJECT_F-NAL\system\fxgl.bundle
17:54:41.999 [JavaFX Application Thread] DEBUG Async                - Shutting down background threads
17:54:41.999 [JavaFX Application Thread] DEBUG PrimaryStageWindow   - Closing main window
17:54:42.004 [JavaFX Application Thread] DEBUG Logger               - Closing Logger
