12:44:37.897 [main                     ] DEBUG Logger               - Configured Logger
12:44:37.943 [main                     ] DEBUG GameApplication      - Logging settings
Title: Space_Game
Version: 1.0
Width: 1920
Height: 1080
Fullscreen: true
Intro: false
Profiling: false
Single step:false
App Mode: DEVELOPER
Menu Key: ESCAPE
Stage Style: DECORATED
Scene Factory: class main.spacegame.SpaceGameApp$1

12:44:38.555 [JavaFX Application Thread] DEBUG FXGLApplication      - Initializing FXGL
12:44:38.562 [JavaFX Application Thread] INFO  Engine               - FXGL-17.3 (30.03.2023 11.54) on WINDOWS (J:19.0.2 FX:20)
12:44:38.563 [JavaFX Application Thread] DEBUG Engine               - JRE Vendor Name: Oracle Corporation
12:44:38.564 [JavaFX Application Thread] DEBUG Engine               - Running on OS: Windows 10 version 10.0
12:44:38.564 [JavaFX Application Thread] DEBUG Engine               - Architecture: amd64
12:44:38.564 [JavaFX Application Thread] INFO  Engine               - Source code and latest versions at: https://github.com/AlmasB/FXGL
12:44:38.565 [JavaFX Application Thread] INFO  Engine               -       Ask questions and discuss at: https://github.com/AlmasB/FXGL/discussions
12:44:38.566 [JavaFX Application Thread] INFO  Engine               -              Join the FXGL chat at: https://gitter.im/AlmasB/FXGL
12:44:38.774 [JavaFX Application Thread] DEBUG PrimaryStageWindow   - Creating a JavaFX scene
12:44:38.774 [JavaFX Application Thread] DEBUG PrimaryStageWindow   - Target size > screen size
12:44:38.861 [JavaFX Application Thread] DEBUG PrimaryStageWindow   - Target settings size: 1920.0 x 1080.0
12:44:38.862 [JavaFX Application Thread] DEBUG PrimaryStageWindow   - Scaled scene size:    1511.0 x 864.0
12:44:38.862 [JavaFX Application Thread] DEBUG PrimaryStageWindow   - Scaled ratio: (0.7869791666666667, 0.8)
12:44:38.864 [JavaFX Application Thread] DEBUG PrimaryStageWindow   - Set initial scene to FXGLStartupScene
12:44:38.872 [JavaFX Application Thread] DEBUG PrimaryStageWindow   - Opening main window
12:44:39.005 [JavaFX Application Thread] DEBUG PrimaryStageWindow   - Window border size: (14.5999755859375, 37.5999755859375)
12:44:39.006 [JavaFX Application Thread] DEBUG PrimaryStageWindow   - Scaled size: 1511.0 x 864.0
12:44:39.006 [JavaFX Application Thread] DEBUG PrimaryStageWindow   - Scaled ratio: (0.7869791666666667, 0.8)
12:44:39.007 [JavaFX Application Thread] DEBUG PrimaryStageWindow   - Scene size: 1511.0 x 864.0
12:44:39.007 [JavaFX Application Thread] DEBUG PrimaryStageWindow   - Stage size: 1525.5999755859375 x 901.5999755859375
12:44:39.087 [JavaFX Application Thread] DEBUG PrimaryStageWindow   - Going fullscreen
12:44:39.101 [FXGL Background Thread 1 ] DEBUG Engine               - Initializing environment variables
12:44:39.186 [FXGL Background Thread 1 ] DEBUG FXGLAssetLoaderServi - User app class for loading assets: class main.spacegame.SpaceGameApp
12:44:39.187 [FXGL Background Thread 1 ] DEBUG GameApplicationServi - Applying CSS: fxgl_dark.css
12:44:39.188 [FXGL Background Thread 1 ] DEBUG FXGLAssetLoaderServi - Loading from file system: jar:file:/C:/Users/%c4%b0brahim/Downloads/fxgl-17.3-uber.jar!/fxglassets/ui/css/fxgl_dark.css
12:44:39.254 [FXGL Background Thread 1 ] DEBUG GameApplicationServi - Initializing application scenes
12:44:39.313 [FXGL Background Thread 1 ] DEBUG GameWorld            - Game world initialized
12:44:39.410 [FXGL Background Thread 1 ] DEBUG PhysicsWorld         - Physics world initialized: appHeight=1080, physics.ppm=50.0
12:44:39.410 [FXGL Background Thread 1 ] DEBUG PhysicsWorld         - Using strategy: GRID_INDEXING
12:44:39.418 [FXGL Background Thread 1 ] DEBUG GameScene            - Game scene initialized: 1920x1080
12:44:39.424 [FXGL Background Thread 1 ] DEBUG FXGLAssetLoaderServi - Loading from file system: file:/C:/Users/%c4%b0brahim/AppData/Roaming/Code/User/workspaceStorage/6801d0249deebc7c36ce787dd200b0aa/redhat.java/jdt_ws/CS102PROJECT_F-NAL_66a0183f/bin/assets/textures/mainmenu.png
12:44:39.705 [FXGL Background Thread 1 ] DEBUG FXGLAssetLoaderServi - Loading from file system: file:/C:/Users/%c4%b0brahim/AppData/Roaming/Code/User/workspaceStorage/6801d0249deebc7c36ce787dd200b0aa/redhat.java/jdt_ws/CS102PROJECT_F-NAL_66a0183f/bin/assets/textures/credits.png
12:44:39.780 [FXGL Background Thread 1 ] DEBUG FXGLAssetLoaderServi - Loading from file system: file:/C:/Users/%c4%b0brahim/AppData/Roaming/Code/User/workspaceStorage/6801d0249deebc7c36ce787dd200b0aa/redhat.java/jdt_ws/CS102PROJECT_F-NAL_66a0183f/bin/assets/textures/gameMenu.png
12:44:39.842 [FXGL Background Thread 1 ] DEBUG GameApplicationServi - Application scenes initialized
12:44:39.865 [FXGL Background Thread 1 ] DEBUG SystemBundleService  - Loading FXGL system data
12:44:39.871 [FXGL Background Thread 1 ] DEBUG FileSystemAccess     - Reading from: C:\Users\İbrahim\Desktop\CS102PROJECT_F-NAL\system\fxgl.bundle
12:44:39.885 [FXGL Background Thread 1 ] DEBUG SystemBundleService  - Bundle FXGL: {}
12:44:39.885 [FXGL Background Thread 1 ] DEBUG UpdaterService       - Checking for updates
12:44:39.894 [FXGL Background Thread 4 ] DEBUG FXGLApplication      - Loading fonts
12:44:39.895 [FXGL Background Thread 4 ] DEBUG FXGLAssetLoaderServi - Loading from file system: jar:file:/C:/Users/%c4%b0brahim/Downloads/fxgl-17.3-uber.jar!/fxglassets/ui/fonts/VarelaRound-Regular.ttf
12:44:39.896 [FXGL Background Thread 1 ] DEBUG FXGLApplication      - Loading default localization
12:44:39.897 [FXGL Background Thread 1 ] DEBUG FXGLAssetLoaderServi - Loading from file system: jar:file:/C:/Users/%c4%b0brahim/Downloads/fxgl-17.3-uber.jar!/fxglassets/languages/english.lang
12:44:39.953 [FXGL Background Thread 1 ] INFO  FXGLApplication      - FXGL initialization took: 0.852 sec
12:44:39.987 [JavaFX Application Thread] DEBUG Input                - Registered new binding: action0 - V
12:44:39.988 [JavaFX Application Thread] DEBUG Input                - Registered new binding: Up - W
12:44:39.988 [JavaFX Application Thread] DEBUG Input                - Registered new binding: Down - S
12:44:39.989 [JavaFX Application Thread] DEBUG Input                - Registered new binding: Left - A
12:44:39.990 [JavaFX Application Thread] DEBUG Input                - Registered new binding: Right - D
12:44:39.993 [JavaFX Application Thread] DEBUG Input                - Registered new binding: Shoot Mouse - LMB
12:44:39.994 [JavaFX Application Thread] DEBUG Input                - Registered new binding: MouseRight - RMB
12:44:39.997 [JavaFX Application Thread] WARN  FXGLAssetLoaderServi - Asset "/assets/music/dans eden sincap ama epilepsi garantili (100).mp3" was not found!
12:44:40.003 [JavaFX Application Thread] WARN  FXGLAssetLoaderServi - Failed to load MUSIC
12:44:40.008 [JavaFX Application Thread] DEBUG AudioPlayer          - Playing music com.almasb.fxgl.audio.Music@2c1b7d4e
12:44:40.009 [JavaFX Application Thread] DEBUG FXGLAssetLoaderServi - Loading from file system: jar:file:/C:/Users/%c4%b0brahim/Downloads/fxgl-17.3-uber.jar!/fxglassets/textures/fxgl_icon.png
12:44:40.054 [FXGL Background Thread 4 ] DEBUG FXGLAssetLoaderServi - Loading from file system: jar:file:/C:/Users/%c4%b0brahim/Downloads/fxgl-17.3-uber.jar!/fxglassets/ui/fonts/Abel-Regular.ttf
12:44:40.057 [JavaFX Application Thread] DEBUG FXGLAssetLoaderServi - Loading from file system: jar:file:/C:/Users/%c4%b0brahim/Downloads/fxgl-17.3-uber.jar!/fxglassets/textures/fxgl_default_cursor.png
12:44:40.061 [FXGL Background Thread 4 ] DEBUG FXGLAssetLoaderServi - Loading from file system: jar:file:/C:/Users/%c4%b0brahim/Downloads/fxgl-17.3-uber.jar!/fxglassets/ui/fonts/TerminalLandMono-Regular.otf
12:44:40.061 [JavaFX Application Thread] DEBUG Input                - Registered new binding: Screenshot - CTRL+8
12:44:40.063 [JavaFX Application Thread] DEBUG Input                - Registered new binding: System info dump - CTRL+9
12:44:40.065 [JavaFX Application Thread] DEBUG Input                - Registered new binding: Restart - CTRL+R
12:44:40.068 [JavaFX Application Thread] DEBUG Input                - Registered new binding: Toggle Debug Camera - CTRL+7
12:44:40.068 [FXGL Background Thread 4 ] DEBUG FXGLAssetLoaderServi - Loading from file system: jar:file:/C:/Users/%c4%b0brahim/Downloads/fxgl-17.3-uber.jar!/fxglassets/ui/fonts/Courier-Prime.ttf
12:44:40.075 [JavaFX Application Thread] DEBUG LoopRunner           - Starting loop
12:44:40.075 [JavaFX Application Thread] DEBUG LoopRunner           - Initializing JavaFX AnimationTimerLoop
12:44:40.081 [JavaFX Application Thread] DEBUG Input                - Clearing active input actions
12:44:40.095 [JavaFX Application Thread] DEBUG GameApplicationServi - Removing overlay from FXGLStartupScene and adding to FXGLMainMenuDummyScene
12:44:40.096 [JavaFX Application Thread] DEBUG PrimaryStageWindow   - FXGLStartupScene -> FXGLMainMenuDummyScene
12:44:40.096 [JavaFX Application Thread] DEBUG PrimaryStageWindow   - Push state: SpaceGameMainMenu
12:44:40.096 [JavaFX Application Thread] DEBUG Input                - Clearing active input actions
12:44:40.112 [JavaFX Application Thread] DEBUG GameApplicationServi - Removing overlay from FXGLMainMenuDummyScene and adding to SpaceGameMainMenu
12:44:40.113 [JavaFX Application Thread] DEBUG PrimaryStageWindow   - FXGLMainMenuDummyScene -> SpaceGameMainMenu
12:44:40.129 [JavaFX Application Thread] DEBUG FXGLApplication      - Registering font factories with UI factory
12:44:41.861 [JavaFX Application Thread] DEBUG Menu                 - fireNewGame()
12:44:41.861 [JavaFX Application Thread] DEBUG GameApplicationServi - Starting new game
12:44:41.861 [JavaFX Application Thread] DEBUG PrimaryStageWindow   - Pop state: SpaceGameMainMenu
12:44:41.861 [JavaFX Application Thread] DEBUG Input                - Clearing active input actions
12:44:41.863 [JavaFX Application Thread] DEBUG GameApplicationServi - Removing overlay from SpaceGameMainMenu and adding to FXGLMainMenuDummyScene
12:44:41.864 [JavaFX Application Thread] DEBUG PrimaryStageWindow   - FXGLMainMenuDummyScene <- SpaceGameMainMenu
12:44:41.864 [JavaFX Application Thread] DEBUG Input                - Clearing active input actions
12:44:41.877 [JavaFX Application Thread] DEBUG GameApplicationServi - Removing overlay from FXGLMainMenuDummyScene and adding to FXGLLoadingScene
12:44:41.878 [JavaFX Application Thread] DEBUG PrimaryStageWindow   - FXGLMainMenuDummyScene -> FXGLLoadingScene
12:44:41.878 [JavaFX Application Thread] DEBUG GameApplicationServi - Clearing previous game
12:44:41.878 [JavaFX Application Thread] DEBUG GameScene            - Clearing game scene
12:44:41.878 [JavaFX Application Thread] DEBUG GameWorld            - Clearing game world
12:44:41.878 [JavaFX Application Thread] DEBUG PhysicsWorld         - Clearing physics world
12:44:41.881 [FXGL Background Thread 2 ] DEBUG FXGLApplication      - Initializing game
12:44:41.894 [FXGL Background Thread 2 ] DEBUG FXGLAssetLoaderServi - Loading from file system: file:/C:/Users/%c4%b0brahim/AppData/Roaming/Code/User/workspaceStorage/6801d0249deebc7c36ce787dd200b0aa/redhat.java/jdt_ws/CS102PROJECT_F-NAL_66a0183f/bin/assets/textures/Bomb.png
12:44:41.898 [FXGL Background Thread 2 ] DEBUG FXGLAssetLoaderServi - Loading from file system: file:/C:/Users/%c4%b0brahim/AppData/Roaming/Code/User/workspaceStorage/6801d0249deebc7c36ce787dd200b0aa/redhat.java/jdt_ws/CS102PROJECT_F-NAL_66a0183f/bin/assets/textures/Bullet.png
12:44:41.910 [FXGL Background Thread 2 ] DEBUG FXGLAssetLoaderServi - Loading from file system: file:/C:/Users/%c4%b0brahim/AppData/Roaming/Code/User/workspaceStorage/6801d0249deebc7c36ce787dd200b0aa/redhat.java/jdt_ws/CS102PROJECT_F-NAL_66a0183f/bin/assets/textures/WingedAlien.png
12:44:41.925 [FXGL Background Thread 2 ] DEBUG FXGLAssetLoaderServi - Loading from file system: file:/C:/Users/%c4%b0brahim/AppData/Roaming/Code/User/workspaceStorage/6801d0249deebc7c36ce787dd200b0aa/redhat.java/jdt_ws/CS102PROJECT_F-NAL_66a0183f/bin/assets/textures/Bomber.png
12:44:41.939 [FXGL Background Thread 2 ] DEBUG FXGLAssetLoaderServi - Loading from file system: file:/C:/Users/%c4%b0brahim/AppData/Roaming/Code/User/workspaceStorage/6801d0249deebc7c36ce787dd200b0aa/redhat.java/jdt_ws/CS102PROJECT_F-NAL_66a0183f/bin/assets/textures/Boss.png
12:44:41.989 [FXGL Background Thread 2 ] DEBUG FXGLAssetLoaderServi - Loading from file system: file:/C:/Users/%c4%b0brahim/AppData/Roaming/Code/User/workspaceStorage/6801d0249deebc7c36ce787dd200b0aa/redhat.java/jdt_ws/CS102PROJECT_F-NAL_66a0183f/bin/assets/textures/AmongUs.png
12:44:42.015 [FXGL Background Thread 2 ] DEBUG FXGLAssetLoaderServi - Loading from file system: file:/C:/Users/%c4%b0brahim/AppData/Roaming/Code/User/workspaceStorage/6801d0249deebc7c36ce787dd200b0aa/redhat.java/jdt_ws/CS102PROJECT_F-NAL_66a0183f/bin/assets/textures/background/bg_0.png
12:44:42.255 [FXGL Background Thread 2 ] DEBUG FXGLAssetLoaderServi - Loading from file system: file:/C:/Users/%c4%b0brahim/AppData/Roaming/Code/User/workspaceStorage/6801d0249deebc7c36ce787dd200b0aa/redhat.java/jdt_ws/CS102PROJECT_F-NAL_66a0183f/bin/assets/textures/front.png
12:44:42.408 [FXGL Background Thread 2 ] DEBUG FXGLAssetLoaderServi - Loading from file system: file:/C:/Users/%c4%b0brahim/AppData/Roaming/Code/User/workspaceStorage/6801d0249deebc7c36ce787dd200b0aa/redhat.java/jdt_ws/CS102PROJECT_F-NAL_66a0183f/bin/assets/textures/front.png
12:44:42.413 [FXGL Background Thread 2 ] INFO  FXGLApplication      - Game initialization took: 0.532 sec
12:44:42.416 [JavaFX Application Thread] DEBUG Input                - Clearing active input actions
12:44:42.426 [JavaFX Application Thread] DEBUG GameApplicationServi - Removing overlay from FXGLLoadingScene and adding to GameScene
12:44:42.426 [JavaFX Application Thread] DEBUG PrimaryStageWindow   - FXGLLoadingScene -> GameScene
12:44:42.892 [FXGL Background Thread 3 ] DEBUG Engine               - Logging environment variables
12:44:42.893 [FXGL Background Thread 3 ] DEBUG Engine               - achievements: []
12:44:42.893 [FXGL Background Thread 3 ] DEBUG Engine               - actualHeight: 864.0
12:44:42.893 [FXGL Background Thread 3 ] DEBUG Engine               - actualHeightProperty: ReadOnlyDoubleProperty [value: 864.0]
12:44:42.893 [FXGL Background Thread 3 ] DEBUG Engine               - actualWidth: 1536.0
12:44:42.893 [FXGL Background Thread 3 ] DEBUG Engine               - actualWidthProperty: ReadOnlyDoubleProperty [value: 1536.0]
12:44:42.893 [FXGL Background Thread 3 ] DEBUG Engine               - appIcon: fxgl_icon.png
12:44:42.893 [FXGL Background Thread 3 ] DEBUG Engine               - applicationMode: DEVELOPER
12:44:42.893 [FXGL Background Thread 3 ] DEBUG Engine               - cSSList: [fxgl_dark.css]
12:44:42.893 [FXGL Background Thread 3 ] DEBUG Engine               - collisionDetectionStrategy: GRID_INDEXING
12:44:42.893 [FXGL Background Thread 3 ] DEBUG Engine               - configClass: Optional.empty
12:44:42.893 [FXGL Background Thread 3 ] DEBUG Engine               - credits: []
12:44:42.894 [FXGL Background Thread 3 ] DEBUG Engine               - defaultCursor: CursorInfo(imageName=fxgl_default_cursor.png, hotspotX=7.0, hotspotY=6.0)
12:44:42.894 [FXGL Background Thread 3 ] DEBUG Engine               - devBBoxColorProperty: ObjectProperty [value: 0xff0000ff]
12:44:42.894 [FXGL Background Thread 3 ] DEBUG Engine               - devEnableDebugCameraProperty: BooleanProperty [value: false]
12:44:42.894 [FXGL Background Thread 3 ] DEBUG Engine               - devSensorColorProperty: ObjectProperty [value: 0xffff00ff]
12:44:42.894 [FXGL Background Thread 3 ] DEBUG Engine               - devShowBBoxProperty: BooleanProperty [value: false]
12:44:42.894 [FXGL Background Thread 3 ] DEBUG Engine               - devShowPositionProperty: BooleanProperty [value: false]
12:44:42.895 [FXGL Background Thread 3 ] DEBUG Engine               - enabledMenuItems: []
12:44:42.895 [FXGL Background Thread 3 ] DEBUG Engine               - engineServices: [class com.almasb.fxgl.app.services.FXGLAssetLoaderService, class com.almasb.fxgl.app.FXGLApplication$GameApplicationService, class com.almasb.fxgl.app.services.FXGLDialogService, class com.almasb.fxgl.app.services.IOTaskExecutorService, class com.almasb.fxgl.io.FileSystemService, class com.almasb.fxgl.localization.LocalizationService, class com.almasb.fxgl.app.services.SystemBundleService, class com.almasb.fxgl.profile.SaveLoadService, class com.almasb.fxgl.ui.FXGLUIFactoryServiceProvider, class com.almasb.fxgl.ui.FXGLDialogFactoryServiceProvider, class com.almasb.fxgl.audio.AudioPlayer, class com.almasb.fxgl.notification.impl.NotificationServiceProvider, class com.almasb.fxgl.achievement.AchievementService, class com.almasb.fxgl.cutscene.CutsceneService, class com.almasb.fxgl.minigames.MiniGameService, class com.almasb.fxgl.net.NetService, class com.almasb.fxgl.app.services.UpdaterService, class com.almasb.fxgl.dev.DevService, class main.spacegame.service.HighScoreService, class main.spacegame.service.LevelPressureService, class main.spacegame.level.LevelService]
12:44:42.895 [FXGL Background Thread 3 ] DEBUG Engine               - fontGame: Abel-Regular.ttf
12:44:42.895 [FXGL Background Thread 3 ] DEBUG Engine               - fontMono: TerminalLandMono-Regular.otf
12:44:42.895 [FXGL Background Thread 3 ] DEBUG Engine               - fontSizeScaleUI: 1.0
12:44:42.895 [FXGL Background Thread 3 ] DEBUG Engine               - fontText: Courier-Prime.ttf
12:44:42.895 [FXGL Background Thread 3 ] DEBUG Engine               - fontUI: VarelaRound-Regular.ttf
12:44:42.896 [FXGL Background Thread 3 ] DEBUG Engine               - fullScreen: BooleanProperty [value: true]
12:44:42.896 [FXGL Background Thread 3 ] DEBUG Engine               - gameDifficulty: MEDIUM
12:44:42.896 [FXGL Background Thread 3 ] DEBUG Engine               - gameDifficultyProperty: ObjectProperty [value: MEDIUM]
12:44:42.896 [FXGL Background Thread 3 ] DEBUG Engine               - globalMusicVolume: 0.5
12:44:42.896 [FXGL Background Thread 3 ] DEBUG Engine               - globalMusicVolumeProperty: DoubleProperty [value: 0.7]
12:44:42.897 [FXGL Background Thread 3 ] DEBUG Engine               - globalSoundVolume: 0.5
12:44:42.897 [FXGL Background Thread 3 ] DEBUG Engine               - globalSoundVolumeProperty: DoubleProperty [value: 0.7]
12:44:42.897 [FXGL Background Thread 3 ] DEBUG Engine               - height: 1080
12:44:42.897 [FXGL Background Thread 3 ] DEBUG Engine               - is3D: false
12:44:42.897 [FXGL Background Thread 3 ] DEBUG Engine               - isAndroid: false
12:44:42.897 [FXGL Background Thread 3 ] DEBUG Engine               - isBrowser: false
12:44:42.897 [FXGL Background Thread 3 ] DEBUG Engine               - isClickFeedbackEnabled: false
12:44:42.897 [FXGL Background Thread 3 ] DEBUG Engine               - isCloseConfirmation: false
12:44:42.897 [FXGL Background Thread 3 ] DEBUG Engine               - isDesktop: true
12:44:42.897 [FXGL Background Thread 3 ] DEBUG Engine               - isDeveloperMenuEnabled: false
12:44:42.897 [FXGL Background Thread 3 ] DEBUG Engine               - isEmbedded: false
12:44:42.897 [FXGL Background Thread 3 ] DEBUG Engine               - isEntityPreloadEnabled: true
12:44:42.897 [FXGL Background Thread 3 ] DEBUG Engine               - isExperimentalTiledLargeMap: false
12:44:42.897 [FXGL Background Thread 3 ] DEBUG Engine               - isFileSystemWriteAllowed: true
12:44:42.898 [FXGL Background Thread 3 ] DEBUG Engine               - isFullScreenAllowed: true
12:44:42.898 [FXGL Background Thread 3 ] DEBUG Engine               - isFullScreenFromStart: true
12:44:42.898 [FXGL Background Thread 3 ] DEBUG Engine               - isGameMenuEnabled: true
12:44:42.898 [FXGL Background Thread 3 ] DEBUG Engine               - isIOS: false
12:44:42.898 [FXGL Background Thread 3 ] DEBUG Engine               - isIntroEnabled: false
12:44:42.898 [FXGL Background Thread 3 ] DEBUG Engine               - isLinux: false
12:44:42.898 [FXGL Background Thread 3 ] DEBUG Engine               - isMac: false
12:44:42.898 [FXGL Background Thread 3 ] DEBUG Engine               - isMainMenuEnabled: true
12:44:42.898 [FXGL Background Thread 3 ] DEBUG Engine               - isManualResizeEnabled: false
12:44:42.898 [FXGL Background Thread 3 ] DEBUG Engine               - isMobile: false
12:44:42.898 [FXGL Background Thread 3 ] DEBUG Engine               - isNative: false
12:44:42.898 [FXGL Background Thread 3 ] DEBUG Engine               - isPauseMusicWhenMinimized: true
12:44:42.899 [FXGL Background Thread 3 ] DEBUG Engine               - isPreserveResizeRatio: false
12:44:42.899 [FXGL Background Thread 3 ] DEBUG Engine               - isProfilingEnabled: false
12:44:42.899 [FXGL Background Thread 3 ] DEBUG Engine               - isScaleAffectedOnResize: true
12:44:42.899 [FXGL Background Thread 3 ] DEBUG Engine               - isSingleStep: false
12:44:42.899 [FXGL Background Thread 3 ] DEBUG Engine               - isUserProfileEnabled: false
12:44:42.899 [FXGL Background Thread 3 ] DEBUG Engine               - isWindows: true
12:44:42.899 [FXGL Background Thread 3 ] DEBUG Engine               - language: ObjectProperty [value: ENGLISH]
12:44:42.899 [FXGL Background Thread 3 ] DEBUG Engine               - menuKey: ESCAPE
12:44:42.899 [FXGL Background Thread 3 ] DEBUG Engine               - mouseSensitivity: 0.2
12:44:42.899 [FXGL Background Thread 3 ] DEBUG Engine               - notificationViewClass: class com.almasb.fxgl.notification.view.XboxNotificationView
12:44:42.899 [FXGL Background Thread 3 ] DEBUG Engine               - pixelsPerMeter: 50.0
12:44:42.899 [FXGL Background Thread 3 ] DEBUG Engine               - platform: WINDOWS
12:44:42.899 [FXGL Background Thread 3 ] DEBUG Engine               - prefHeightProperty: ReadOnlyDoubleProperty [value: 1080.0]
12:44:42.900 [FXGL Background Thread 3 ] DEBUG Engine               - prefWidthProperty: ReadOnlyDoubleProperty [value: 1920.0]
12:44:42.900 [FXGL Background Thread 3 ] DEBUG Engine               - profileDir: profiles/
12:44:42.900 [FXGL Background Thread 3 ] DEBUG Engine               - profileName: StringProperty [value: DEFAULT]
12:44:42.900 [FXGL Background Thread 3 ] DEBUG Engine               - randomSeed: -1
12:44:42.900 [FXGL Background Thread 3 ] DEBUG Engine               - runtimeInfo: RuntimeInfo(platform=WINDOWS, version=17.3, build=30.03.2023 11.54)
12:44:42.900 [FXGL Background Thread 3 ] DEBUG Engine               - saveFileExt: sav
12:44:42.901 [FXGL Background Thread 3 ] DEBUG Engine               - scaledHeightProp$fxgl: DoubleProperty [bound, value: 864.0]
12:44:42.901 [FXGL Background Thread 3 ] DEBUG Engine               - scaledWidthProp$fxgl: DoubleProperty [bound, value: 1536.0]
12:44:42.901 [FXGL Background Thread 3 ] DEBUG Engine               - sceneFactory: main.spacegame.SpaceGameApp$1@ef52eb3
12:44:42.901 [FXGL Background Thread 3 ] DEBUG Engine               - secondsIn24h: 60
12:44:42.901 [FXGL Background Thread 3 ] DEBUG Engine               - soundMenuBack: menu/back.wav
12:44:42.901 [FXGL Background Thread 3 ] DEBUG Engine               - soundMenuPress: menu/press.wav
12:44:42.901 [FXGL Background Thread 3 ] DEBUG Engine               - soundMenuSelect: menu/select.wav
12:44:42.901 [FXGL Background Thread 3 ] DEBUG Engine               - soundNotification: core/notification.wav
12:44:42.901 [FXGL Background Thread 3 ] DEBUG Engine               - stageStyle: DECORATED
12:44:42.901 [FXGL Background Thread 3 ] DEBUG Engine               - supportedLanguages: [ENGLISH, FRENCH, GERMAN, HUNGARIAN, RUSSIAN]
12:44:42.901 [FXGL Background Thread 3 ] DEBUG Engine               - ticksPerSecond: -1
12:44:42.901 [FXGL Background Thread 3 ] DEBUG Engine               - title: Space_Game
12:44:42.901 [FXGL Background Thread 3 ] DEBUG Engine               - urlGithub: https://github.com/AlmasB/FXGL
12:44:42.901 [FXGL Background Thread 3 ] DEBUG Engine               - urlLeaderboard: http://fxgl-top.herokuapp.com/
12:44:42.901 [FXGL Background Thread 3 ] DEBUG Engine               - urlPOM: https://raw.githubusercontent.com/AlmasB/FXGL/release/README.md
12:44:42.901 [FXGL Background Thread 3 ] DEBUG Engine               - userAppClass: class main.spacegame.SpaceGameApp
12:44:42.901 [FXGL Background Thread 3 ] DEBUG Engine               - version: 1.0
12:44:42.902 [FXGL Background Thread 3 ] DEBUG Engine               - versionCheckDays: 7
12:44:42.902 [FXGL Background Thread 3 ] DEBUG Engine               - width: 1920
12:44:42.902 [FXGL Background Thread 3 ] DEBUG Engine               - Logging services
12:44:42.902 [FXGL Background Thread 3 ] DEBUG Engine               - class com.almasb.fxgl.app.services.FXGLAssetLoaderService
12:44:42.902 [FXGL Background Thread 3 ] DEBUG Engine               - class com.almasb.fxgl.app.FXGLApplication$GameApplicationService
12:44:42.902 [FXGL Background Thread 3 ] DEBUG Engine               - class com.almasb.fxgl.app.services.FXGLDialogService
12:44:42.902 [FXGL Background Thread 3 ] DEBUG Engine               - class com.almasb.fxgl.app.services.IOTaskExecutorService
12:44:42.902 [FXGL Background Thread 3 ] DEBUG Engine               - class com.almasb.fxgl.io.FileSystemService
12:44:42.903 [FXGL Background Thread 3 ] DEBUG Engine               - class com.almasb.fxgl.localization.LocalizationService
12:44:42.903 [FXGL Background Thread 3 ] DEBUG Engine               - class com.almasb.fxgl.app.services.SystemBundleService
12:44:42.903 [FXGL Background Thread 3 ] DEBUG Engine               - class com.almasb.fxgl.profile.SaveLoadService
12:44:42.903 [FXGL Background Thread 3 ] DEBUG Engine               - class com.almasb.fxgl.ui.FXGLUIFactoryServiceProvider
12:44:42.903 [FXGL Background Thread 3 ] DEBUG Engine               - class com.almasb.fxgl.ui.FXGLDialogFactoryServiceProvider
12:44:42.903 [FXGL Background Thread 3 ] DEBUG Engine               - class com.almasb.fxgl.audio.AudioPlayer
12:44:42.903 [FXGL Background Thread 3 ] DEBUG Engine               - class com.almasb.fxgl.notification.impl.NotificationServiceProvider
12:44:42.903 [FXGL Background Thread 3 ] DEBUG Engine               - class com.almasb.fxgl.achievement.AchievementService
12:44:42.903 [FXGL Background Thread 3 ] DEBUG Engine               - class com.almasb.fxgl.cutscene.CutsceneService
12:44:42.903 [FXGL Background Thread 3 ] DEBUG Engine               - class com.almasb.fxgl.minigames.MiniGameService
12:44:42.903 [FXGL Background Thread 3 ] DEBUG Engine               - class com.almasb.fxgl.net.NetService
12:44:42.903 [FXGL Background Thread 3 ] DEBUG Engine               - class com.almasb.fxgl.app.services.UpdaterService
12:44:42.904 [FXGL Background Thread 3 ] DEBUG Engine               - class com.almasb.fxgl.dev.DevService
12:44:42.904 [FXGL Background Thread 3 ] DEBUG Engine               - class main.spacegame.service.HighScoreService
12:44:42.904 [FXGL Background Thread 3 ] DEBUG Engine               - class main.spacegame.service.LevelPressureService
12:44:42.904 [FXGL Background Thread 3 ] DEBUG Engine               - class main.spacegame.level.LevelService
12:44:45.892 [JavaFX Application Thread] DEBUG FXGLAssetLoaderServi - Loading from file system: file:/C:/Users/%c4%b0brahim/AppData/Roaming/Code/User/workspaceStorage/6801d0249deebc7c36ce787dd200b0aa/redhat.java/jdt_ws/CS102PROJECT_F-NAL_66a0183f/bin/assets/sounds/shoot1.wav
12:44:50.009 [JavaFX Application Thread] WARN  GameWorld            - Attempted to remove entity which is not active
12:44:52.117 [JavaFX Application Thread] DEBUG FXGLApplication      - Exiting FXGL
12:44:52.117 [JavaFX Application Thread] DEBUG LoopRunner           - Stopping loop
12:44:52.117 [JavaFX Application Thread] DEBUG SystemBundleService  - Saving FXGL system data
12:44:52.120 [JavaFX Application Thread] DEBUG FileSystemAccess     - Writing to: C:\Users\İbrahim\Desktop\CS102PROJECT_F-NAL\system\fxgl.bundle
12:44:52.124 [JavaFX Application Thread] DEBUG Async                - Shutting down background threads
12:44:52.124 [JavaFX Application Thread] DEBUG PrimaryStageWindow   - Closing main window
12:44:52.167 [JavaFX Application Thread] DEBUG Logger               - Closing Logger
