17:45:01.885 [main                     ] DEBUG Logger               - Configured Logger
17:45:01.909 [main                     ] DEBUG GameApplication      - Logging settings
Title: Space_Game
Version: 1.0
Width: 1920
Height: 1080
Fullscreen: true
Intro: false
Profiling: true
Single step:false
App Mode: DEVELOPER
Menu Key: ESCAPE
Stage Style: DECORATED
Scene Factory: class main.spacegame.SpaceGameApp$1

17:45:02.242 [JavaFX Application Thread] DEBUG FXGLApplication      - Initializing FXGL
17:45:02.246 [JavaFX Application Thread] INFO  Engine               - FXGL-17.3 (30.03.2023 11.54) on WINDOWS (J:19 FX:20)
17:45:02.247 [JavaFX Application Thread] DEBUG Engine               - JRE Vendor Name: Oracle Corporation
17:45:02.247 [JavaFX Application Thread] DEBUG Engine               - Running on OS: Windows 11 version 10.0
17:45:02.247 [JavaFX Application Thread] DEBUG Engine               - Architecture: amd64
17:45:02.247 [JavaFX Application Thread] INFO  Engine               - Source code and latest versions at: https://github.com/AlmasB/FXGL
17:45:02.248 [JavaFX Application Thread] INFO  Engine               -       Ask questions and discuss at: https://github.com/AlmasB/FXGL/discussions
17:45:02.248 [JavaFX Application Thread] INFO  Engine               -              Join the FXGL chat at: https://gitter.im/AlmasB/FXGL
17:45:02.364 [JavaFX Application Thread] DEBUG PrimaryStageWindow   - Creating a JavaFX scene
17:45:02.364 [JavaFX Application Thread] DEBUG PrimaryStageWindow   - Target size > screen size
17:45:02.414 [JavaFX Application Thread] DEBUG PrimaryStageWindow   - Target settings size: 1920.0 x 1080.0
17:45:02.414 [JavaFX Application Thread] DEBUG PrimaryStageWindow   - Scaled scene size:    1511.0 x 864.0
17:45:02.415 [JavaFX Application Thread] DEBUG PrimaryStageWindow   - Scaled ratio: (0.7869791666666667, 0.8)
17:45:02.416 [JavaFX Application Thread] DEBUG PrimaryStageWindow   - Set initial scene to FXGLStartupScene
17:45:02.423 [JavaFX Application Thread] DEBUG PrimaryStageWindow   - Opening main window
17:45:02.508 [JavaFX Application Thread] DEBUG PrimaryStageWindow   - Window border size: (14.5999755859375, 37.5999755859375)
17:45:02.508 [JavaFX Application Thread] DEBUG PrimaryStageWindow   - Scaled size: 1511.0 x 864.0
17:45:02.509 [JavaFX Application Thread] DEBUG PrimaryStageWindow   - Scaled ratio: (0.7869791666666667, 0.8)
17:45:02.509 [JavaFX Application Thread] DEBUG PrimaryStageWindow   - Scene size: 1511.0 x 864.0
17:45:02.509 [JavaFX Application Thread] DEBUG PrimaryStageWindow   - Stage size: 1525.5999755859375 x 901.5999755859375
17:45:02.596 [JavaFX Application Thread] DEBUG PrimaryStageWindow   - Going fullscreen
17:45:02.611 [FXGL Background Thread 1 ] DEBUG Engine               - Initializing environment variables
17:45:02.667 [FXGL Background Thread 1 ] DEBUG FXGLAssetLoaderServi - User app class for loading assets: class main.spacegame.SpaceGameApp
17:45:02.667 [FXGL Background Thread 1 ] DEBUG GameApplicationServi - Applying CSS: fxgl_dark.css
17:45:02.668 [FXGL Background Thread 1 ] DEBUG FXGLAssetLoaderServi - Loading from file system: jar:file:/C:/Users/alprn/Downloads/fxgl-17.3-uber.jar!/fxglassets/ui/css/fxgl_dark.css
17:45:02.702 [FXGL Background Thread 1 ] DEBUG GameApplicationServi - Initializing application scenes
17:45:02.746 [FXGL Background Thread 1 ] DEBUG GameWorld            - Game world initialized
17:45:02.789 [FXGL Background Thread 1 ] DEBUG PhysicsWorld         - Physics world initialized: appHeight=1080, physics.ppm=50,0
17:45:02.789 [FXGL Background Thread 1 ] DEBUG PhysicsWorld         - Using strategy: GRID_INDEXING
17:45:02.792 [FXGL Background Thread 1 ] DEBUG GameScene            - Game scene initialized: 1920x1080
17:45:02.797 [FXGL Background Thread 1 ] DEBUG FXGLAssetLoaderServi - Loading from file system: file:/C:/Users/alprn/AppData/Roaming/Code/User/workspaceStorage/78d877b89292864788bc45c330f464d6/redhat.java/jdt_ws/CS102PROJECT_F-NAL-1_21edc4da/bin/assets/textures/mainmenu.png
17:45:02.914 [FXGL Background Thread 1 ] DEBUG FXGLAssetLoaderServi - Loading from file system: file:/C:/Users/alprn/AppData/Roaming/Code/User/workspaceStorage/78d877b89292864788bc45c330f464d6/redhat.java/jdt_ws/CS102PROJECT_F-NAL-1_21edc4da/bin/assets/textures/credits.png
17:45:02.939 [FXGL Background Thread 1 ] DEBUG FXGLAssetLoaderServi - Loading from file system: file:/C:/Users/alprn/AppData/Roaming/Code/User/workspaceStorage/78d877b89292864788bc45c330f464d6/redhat.java/jdt_ws/CS102PROJECT_F-NAL-1_21edc4da/bin/assets/textures/gameMenu.png
17:45:02.966 [FXGL Background Thread 1 ] DEBUG GameApplicationServi - Application scenes initialized
17:45:02.975 [FXGL Background Thread 1 ] DEBUG SystemBundleService  - Loading FXGL system data
17:45:02.978 [FXGL Background Thread 1 ] DEBUG FileSystemAccess     - Reading from: C:\Users\alprn\CS102PROJECT_F-NAL-1\system\fxgl.bundle
17:45:02.985 [FXGL Background Thread 1 ] DEBUG SystemBundleService  - Bundle FXGL: {}
17:45:02.985 [FXGL Background Thread 1 ] DEBUG UpdaterService       - Checking for updates
17:45:02.998 [FXGL Background Thread 4 ] DEBUG FXGLApplication      - Loading fonts
17:45:02.998 [FXGL Background Thread 4 ] DEBUG FXGLAssetLoaderServi - Loading from file system: jar:file:/C:/Users/alprn/Downloads/fxgl-17.3-uber.jar!/fxglassets/ui/fonts/VarelaRound-Regular.ttf
17:45:02.999 [FXGL Background Thread 1 ] DEBUG FXGLApplication      - Loading default localization
17:45:03.001 [FXGL Background Thread 1 ] WARN  FXGLAssetLoaderServi - Asset "/assets/languages/englısh.lang" was not found!
17:45:03.002 [FXGL Background Thread 1 ] WARN  FXGLAssetLoaderServi - Failed to load PROPERTY_MAP
17:45:03.009 [FXGL Background Thread 1 ] INFO  FXGLApplication      - FXGL initialization took: 0,398 sec
17:45:03.020 [JavaFX Application Thread] DEBUG Input                - Registered new binding: action0 - V
17:45:03.020 [JavaFX Application Thread] DEBUG Input                - Registered new binding: Up - W
17:45:03.020 [JavaFX Application Thread] DEBUG Input                - Registered new binding: Down - S
17:45:03.020 [JavaFX Application Thread] DEBUG Input                - Registered new binding: Left - A
17:45:03.020 [JavaFX Application Thread] DEBUG Input                - Registered new binding: Right - D
17:45:03.021 [JavaFX Application Thread] DEBUG Input                - Registered new binding: Shoot Mouse - LMB
17:45:03.021 [JavaFX Application Thread] DEBUG Input                - Registered new binding: MouseRight - RMB
17:45:03.022 [JavaFX Application Thread] WARN  FXGLAssetLoaderServi - Asset "/assets/music/dans eden sincap ama epilepsi garantili (100).mp3" was not found!
17:45:03.023 [JavaFX Application Thread] WARN  FXGLAssetLoaderServi - Failed to load MUSIC
17:45:03.026 [JavaFX Application Thread] DEBUG AudioPlayer          - Playing music com.almasb.fxgl.audio.Music@25d2d734
17:45:03.026 [JavaFX Application Thread] DEBUG FXGLAssetLoaderServi - Loading from file system: jar:file:/C:/Users/alprn/Downloads/fxgl-17.3-uber.jar!/fxglassets/textures/fxgl_icon.png
17:45:03.055 [JavaFX Application Thread] DEBUG FXGLAssetLoaderServi - Loading from file system: jar:file:/C:/Users/alprn/Downloads/fxgl-17.3-uber.jar!/fxglassets/textures/fxgl_default_cursor.png
17:45:03.057 [JavaFX Application Thread] DEBUG Input                - Registered new binding: Screenshot - CTRL+8
17:45:03.057 [JavaFX Application Thread] DEBUG Input                - Registered new binding: System info dump - CTRL+9
17:45:03.057 [JavaFX Application Thread] DEBUG Input                - Registered new binding: Restart - CTRL+R
17:45:03.058 [JavaFX Application Thread] DEBUG Input                - Registered new binding: Toggle Debug Camera - CTRL+7
17:45:03.059 [FXGL Background Thread 4 ] DEBUG FXGLAssetLoaderServi - Loading from file system: jar:file:/C:/Users/alprn/Downloads/fxgl-17.3-uber.jar!/fxglassets/ui/fonts/Abel-Regular.ttf
17:45:03.061 [JavaFX Application Thread] DEBUG LoopRunner           - Starting loop
17:45:03.062 [JavaFX Application Thread] DEBUG LoopRunner           - Initializing JavaFX AnimationTimerLoop
17:45:03.065 [JavaFX Application Thread] DEBUG Input                - Clearing active input actions
17:45:03.065 [FXGL Background Thread 4 ] DEBUG FXGLAssetLoaderServi - Loading from file system: jar:file:/C:/Users/alprn/Downloads/fxgl-17.3-uber.jar!/fxglassets/ui/fonts/TerminalLandMono-Regular.otf
17:45:03.071 [JavaFX Application Thread] DEBUG GameApplicationServi - Removing overlay from FXGLStartupScene and adding to FXGLMainMenuDummyScene
17:45:03.075 [JavaFX Application Thread] DEBUG PrimaryStageWindow   - FXGLStartupScene -> FXGLMainMenuDummyScene
17:45:03.075 [JavaFX Application Thread] DEBUG PrimaryStageWindow   - Push state: SpaceGameMainMenu
17:45:03.075 [JavaFX Application Thread] DEBUG Input                - Clearing active input actions
17:45:03.076 [FXGL Background Thread 4 ] DEBUG FXGLAssetLoaderServi - Loading from file system: jar:file:/C:/Users/alprn/Downloads/fxgl-17.3-uber.jar!/fxglassets/ui/fonts/Courier-Prime.ttf
17:45:03.079 [JavaFX Application Thread] DEBUG GameApplicationServi - Removing overlay from FXGLMainMenuDummyScene and adding to SpaceGameMainMenu
17:45:03.084 [JavaFX Application Thread] DEBUG PrimaryStageWindow   - FXGLMainMenuDummyScene -> SpaceGameMainMenu
17:45:03.124 [JavaFX Application Thread] DEBUG FXGLApplication      - Registering font factories with UI factory
17:45:04.162 [JavaFX Application Thread] DEBUG Menu                 - fireNewGame()
17:45:04.163 [JavaFX Application Thread] DEBUG GameApplicationServi - Starting new game
17:45:04.163 [JavaFX Application Thread] DEBUG PrimaryStageWindow   - Pop state: SpaceGameMainMenu
17:45:04.163 [JavaFX Application Thread] DEBUG Input                - Clearing active input actions
17:45:04.163 [JavaFX Application Thread] DEBUG GameApplicationServi - Removing overlay from SpaceGameMainMenu and adding to FXGLMainMenuDummyScene
17:45:04.164 [JavaFX Application Thread] DEBUG PrimaryStageWindow   - FXGLMainMenuDummyScene <- SpaceGameMainMenu
17:45:04.165 [JavaFX Application Thread] DEBUG Input                - Clearing active input actions
17:45:04.173 [JavaFX Application Thread] DEBUG GameApplicationServi - Removing overlay from FXGLMainMenuDummyScene and adding to FXGLLoadingScene
17:45:04.175 [JavaFX Application Thread] DEBUG PrimaryStageWindow   - FXGLMainMenuDummyScene -> FXGLLoadingScene
17:45:04.175 [JavaFX Application Thread] DEBUG GameApplicationServi - Clearing previous game
17:45:04.175 [JavaFX Application Thread] DEBUG GameScene            - Clearing game scene
17:45:04.175 [JavaFX Application Thread] DEBUG GameWorld            - Clearing game world
17:45:04.175 [JavaFX Application Thread] DEBUG PhysicsWorld         - Clearing physics world
17:45:04.179 [FXGL Background Thread 2 ] DEBUG FXGLApplication      - Initializing game
17:45:04.188 [FXGL Background Thread 2 ] DEBUG FXGLAssetLoaderServi - Loading from file system: file:/C:/Users/alprn/AppData/Roaming/Code/User/workspaceStorage/78d877b89292864788bc45c330f464d6/redhat.java/jdt_ws/CS102PROJECT_F-NAL-1_21edc4da/bin/assets/textures/Bomb.png
17:45:04.190 [FXGL Background Thread 2 ] DEBUG FXGLAssetLoaderServi - Loading from file system: file:/C:/Users/alprn/AppData/Roaming/Code/User/workspaceStorage/78d877b89292864788bc45c330f464d6/redhat.java/jdt_ws/CS102PROJECT_F-NAL-1_21edc4da/bin/assets/textures/Bullet.png
17:45:04.198 [FXGL Background Thread 2 ] DEBUG FXGLAssetLoaderServi - Loading from file system: file:/C:/Users/alprn/AppData/Roaming/Code/User/workspaceStorage/78d877b89292864788bc45c330f464d6/redhat.java/jdt_ws/CS102PROJECT_F-NAL-1_21edc4da/bin/assets/textures/WingedAlien.png
17:45:04.212 [FXGL Background Thread 2 ] DEBUG FXGLAssetLoaderServi - Loading from file system: file:/C:/Users/alprn/AppData/Roaming/Code/User/workspaceStorage/78d877b89292864788bc45c330f464d6/redhat.java/jdt_ws/CS102PROJECT_F-NAL-1_21edc4da/bin/assets/textures/Bomber.png
17:45:04.215 [FXGL Background Thread 2 ] DEBUG FXGLAssetLoaderServi - Loading from file system: file:/C:/Users/alprn/AppData/Roaming/Code/User/workspaceStorage/78d877b89292864788bc45c330f464d6/redhat.java/jdt_ws/CS102PROJECT_F-NAL-1_21edc4da/bin/assets/textures/Boss.png
17:45:04.234 [FXGL Background Thread 2 ] DEBUG FXGLAssetLoaderServi - Loading from file system: file:/C:/Users/alprn/AppData/Roaming/Code/User/workspaceStorage/78d877b89292864788bc45c330f464d6/redhat.java/jdt_ws/CS102PROJECT_F-NAL-1_21edc4da/bin/assets/textures/AmongUs.png
17:45:04.253 [FXGL Background Thread 2 ] DEBUG FXGLAssetLoaderServi - Loading from file system: file:/C:/Users/alprn/AppData/Roaming/Code/User/workspaceStorage/78d877b89292864788bc45c330f464d6/redhat.java/jdt_ws/CS102PROJECT_F-NAL-1_21edc4da/bin/assets/textures/background/bg_0.png
17:45:04.394 [FXGL Background Thread 2 ] WARN  FXGLAssetLoaderServi - Asset "/assets/textures/PlayerNew.png" was not found!
17:45:04.395 [FXGL Background Thread 2 ] WARN  FXGLAssetLoaderServi - Failed to load RESIZABLE_IMAGE
17:45:04.461 [JavaFX Application Thread] DEBUG LoopRunner           - Stopping loop
17:45:04.463 [JavaFX Application Thread] FATAL FXGLApplication      - Uncaught Exception:
java.lang.RuntimeException: Initialization failed
	at com.almasb.fxgl.app.FXGLApplication$InitAppTask.failed(FXGLApplication.kt:343)
	at javafx.concurrent.Task.setState(Task.java:710)
	at javafx.concurrent.Task$TaskCallable.lambda$call$2(Task.java:1456)
	at com.sun.javafx.application.PlatformImpl.lambda$runLater$10(PlatformImpl.java:456)
	at java.base/java.security.AccessController.doPrivileged(AccessController.java:399)
	at com.sun.javafx.application.PlatformImpl.lambda$runLater$11(PlatformImpl.java:455)
	at com.sun.glass.ui.InvokeLaterDispatcher$Future.run(InvokeLaterDispatcher.java:95)
	at com.sun.glass.ui.win.WinApplication._runLoop(Native Method)
	at com.sun.glass.ui.win.WinApplication.lambda$runLoop$3(WinApplication.java:185)
	at java.base/java.lang.Thread.run(Thread.java:1589)
Caused by: java.lang.IllegalArgumentException: Property hp does not exist
	at com.almasb.fxgl.core.collection.PropertyMap.get(PropertyMap.kt:279)
	at com.almasb.fxgl.core.collection.PropertyMap.intProperty(PropertyMap.kt:172)
	at com.almasb.fxgl.dsl.FXGL$Companion.getip(FXGL.kt:316)
	at com.almasb.fxgl.dsl.FXGL.getip(FXGL.kt)
	at main.spacegame.component.PlayerViewComponent.<init>(PlayerViewComponent.java:154)
	at main.spacegame.factory.SpaceGameFactory.spawnPlayer(SpaceGameFactory.java:76)
	at java.base/jdk.internal.reflect.DirectMethodHandleAccessor.invoke(DirectMethodHandleAccessor.java:104)
	at java.base/java.lang.reflect.Method.invoke(Method.java:578)
	at com.almasb.fxgl.core.reflect.ReflectionUtils.call(ReflectionUtils.java:104)
	at com.almasb.fxgl.core.reflect.ReflectionUtils.lambda$mapToFunction$3(ReflectionUtils.java:111)
	at com.almasb.fxgl.entity.GameWorld$create$2.invoke(GameWorld.kt:430)
	at com.almasb.fxgl.entity.GameWorld$create$2.invoke(GameWorld.kt:430)
	at com.almasb.fxgl.core.util.DSLKt.tryCatchRoot(DSL.kt:34)
	at com.almasb.fxgl.entity.GameWorld.create(GameWorld.kt:430)
	at com.almasb.fxgl.entity.GameWorld.spawn(GameWorld.kt:396)
	at com.almasb.fxgl.entity.GameWorld.spawn(GameWorld.kt:384)
	at com.almasb.fxgl.entity.GameWorld.spawn(GameWorld.kt:359)
	at com.almasb.fxgl.dsl.FXGL$Companion.spawn(FXGL.kt:555)
	at com.almasb.fxgl.dsl.FXGL.spawn(FXGL.kt)
	at main.spacegame.SpaceGameApp.initGame(SpaceGameApp.java:285)
	at com.almasb.fxgl.app.FXGLApplication$InitAppTask.initGame(FXGLApplication.kt:339)
	at com.almasb.fxgl.app.FXGLApplication$InitAppTask.call(FXGLApplication.kt:319)
	at com.almasb.fxgl.app.FXGLApplication$InitAppTask.call(FXGLApplication.kt:311)
	at javafx.concurrent.Task$TaskCallable.call(Task.java:1426)
	at java.base/java.util.concurrent.FutureTask.run(FutureTask.java:317)
	at java.base/java.util.concurrent.Executors$RunnableAdapter.call(Executors.java:577)
	at java.base/java.util.concurrent.FutureTask.run(FutureTask.java:317)
	at java.base/java.util.concurrent.ThreadPoolExecutor.runWorker(ThreadPoolExecutor.java:1144)
	at java.base/java.util.concurrent.ThreadPoolExecutor$Worker.run(ThreadPoolExecutor.java:642)
	... 1 more

17:45:04.467 [JavaFX Application Thread] FATAL FXGLApplication      - Application will now exit
17:45:04.490 [JavaFX Application Thread] DEBUG PrimaryStageWindow   - Push state: ErrorSubScene
17:45:04.490 [JavaFX Application Thread] DEBUG Input                - Clearing active input actions
17:45:04.496 [JavaFX Application Thread] DEBUG GameApplicationServi - Removing overlay from FXGLLoadingScene and adding to ErrorSubScene
17:45:04.497 [JavaFX Application Thread] DEBUG PrimaryStageWindow   - FXGLLoadingScene -> ErrorSubScene
17:45:05.996 [FXGL Background Thread 3 ] DEBUG Engine               - Logging environment variables
17:45:05.996 [FXGL Background Thread 3 ] DEBUG Engine               - achievements: []
17:45:05.996 [FXGL Background Thread 3 ] DEBUG Engine               - actualHeight: 864.0
17:45:05.997 [FXGL Background Thread 3 ] DEBUG Engine               - actualHeightProperty: ReadOnlyDoubleProperty [value: 864.0]
17:45:05.997 [FXGL Background Thread 3 ] DEBUG Engine               - actualWidth: 1536.0
17:45:05.997 [FXGL Background Thread 3 ] DEBUG Engine               - actualWidthProperty: ReadOnlyDoubleProperty [value: 1536.0]
17:45:05.997 [FXGL Background Thread 3 ] DEBUG Engine               - appIcon: fxgl_icon.png
17:45:05.997 [FXGL Background Thread 3 ] DEBUG Engine               - applicationMode: DEVELOPER
17:45:05.997 [FXGL Background Thread 3 ] DEBUG Engine               - cSSList: [fxgl_dark.css]
17:45:05.997 [FXGL Background Thread 3 ] DEBUG Engine               - collisionDetectionStrategy: GRID_INDEXING
17:45:05.997 [FXGL Background Thread 3 ] DEBUG Engine               - configClass: Optional.empty
17:45:05.997 [FXGL Background Thread 3 ] DEBUG Engine               - credits: []
17:45:05.997 [FXGL Background Thread 3 ] DEBUG Engine               - defaultCursor: CursorInfo(imageName=fxgl_default_cursor.png, hotspotX=7.0, hotspotY=6.0)
17:45:05.997 [FXGL Background Thread 3 ] DEBUG Engine               - devBBoxColorProperty: ObjectProperty [value: 0xff0000ff]
17:45:05.997 [FXGL Background Thread 3 ] DEBUG Engine               - devEnableDebugCameraProperty: BooleanProperty [value: false]
17:45:05.997 [FXGL Background Thread 3 ] DEBUG Engine               - devSensorColorProperty: ObjectProperty [value: 0xffff00ff]
17:45:05.998 [FXGL Background Thread 3 ] DEBUG Engine               - devShowBBoxProperty: BooleanProperty [value: false]
17:45:05.998 [FXGL Background Thread 3 ] DEBUG Engine               - devShowPositionProperty: BooleanProperty [value: false]
17:45:05.998 [FXGL Background Thread 3 ] DEBUG Engine               - enabledMenuItems: []
17:45:05.998 [FXGL Background Thread 3 ] DEBUG Engine               - engineServices: [class com.almasb.fxgl.app.services.FXGLAssetLoaderService, class com.almasb.fxgl.app.FXGLApplication$GameApplicationService, class com.almasb.fxgl.app.services.FXGLDialogService, class com.almasb.fxgl.app.services.IOTaskExecutorService, class com.almasb.fxgl.io.FileSystemService, class com.almasb.fxgl.localization.LocalizationService, class com.almasb.fxgl.app.services.SystemBundleService, class com.almasb.fxgl.profile.SaveLoadService, class com.almasb.fxgl.ui.FXGLUIFactoryServiceProvider, class com.almasb.fxgl.ui.FXGLDialogFactoryServiceProvider, class com.almasb.fxgl.audio.AudioPlayer, class com.almasb.fxgl.notification.impl.NotificationServiceProvider, class com.almasb.fxgl.achievement.AchievementService, class com.almasb.fxgl.cutscene.CutsceneService, class com.almasb.fxgl.minigames.MiniGameService, class com.almasb.fxgl.net.NetService, class com.almasb.fxgl.app.services.UpdaterService, class com.almasb.fxgl.dev.DevService, class main.spacegame.service.HighScoreService, class main.spacegame.level.LevelService, class com.almasb.fxgl.dev.profiling.ProfilerService]
17:45:05.998 [FXGL Background Thread 3 ] DEBUG Engine               - fontGame: Abel-Regular.ttf
17:45:05.998 [FXGL Background Thread 3 ] DEBUG Engine               - fontMono: TerminalLandMono-Regular.otf
17:45:05.998 [FXGL Background Thread 3 ] DEBUG Engine               - fontSizeScaleUI: 1.0
17:45:05.998 [FXGL Background Thread 3 ] DEBUG Engine               - fontText: Courier-Prime.ttf
17:45:05.998 [FXGL Background Thread 3 ] DEBUG Engine               - fontUI: VarelaRound-Regular.ttf
17:45:05.998 [FXGL Background Thread 3 ] DEBUG Engine               - fullScreen: BooleanProperty [value: true]
17:45:05.998 [FXGL Background Thread 3 ] DEBUG Engine               - gameDifficulty: MEDIUM
17:45:05.998 [FXGL Background Thread 3 ] DEBUG Engine               - gameDifficultyProperty: ObjectProperty [value: MEDIUM]
17:45:05.998 [FXGL Background Thread 3 ] DEBUG Engine               - globalMusicVolume: 0.5
17:45:05.998 [FXGL Background Thread 3 ] DEBUG Engine               - globalMusicVolumeProperty: DoubleProperty [value: 0.7]
17:45:05.998 [FXGL Background Thread 3 ] DEBUG Engine               - globalSoundVolume: 0.5
17:45:05.998 [FXGL Background Thread 3 ] DEBUG Engine               - globalSoundVolumeProperty: DoubleProperty [value: 0.7]
17:45:05.998 [FXGL Background Thread 3 ] DEBUG Engine               - height: 1080
17:45:05.998 [FXGL Background Thread 3 ] DEBUG Engine               - is3D: false
17:45:05.998 [FXGL Background Thread 3 ] DEBUG Engine               - isAndroid: false
17:45:05.998 [FXGL Background Thread 3 ] DEBUG Engine               - isBrowser: false
17:45:05.998 [FXGL Background Thread 3 ] DEBUG Engine               - isClickFeedbackEnabled: false
17:45:05.998 [FXGL Background Thread 3 ] DEBUG Engine               - isCloseConfirmation: false
17:45:05.998 [FXGL Background Thread 3 ] DEBUG Engine               - isDesktop: true
17:45:05.998 [FXGL Background Thread 3 ] DEBUG Engine               - isDeveloperMenuEnabled: false
17:45:05.998 [FXGL Background Thread 3 ] DEBUG Engine               - isEmbedded: false
17:45:05.998 [FXGL Background Thread 3 ] DEBUG Engine               - isEntityPreloadEnabled: true
17:45:05.998 [FXGL Background Thread 3 ] DEBUG Engine               - isExperimentalTiledLargeMap: false
17:45:05.998 [FXGL Background Thread 3 ] DEBUG Engine               - isFileSystemWriteAllowed: true
17:45:05.998 [FXGL Background Thread 3 ] DEBUG Engine               - isFullScreenAllowed: true
17:45:05.998 [FXGL Background Thread 3 ] DEBUG Engine               - isFullScreenFromStart: true
17:45:05.998 [FXGL Background Thread 3 ] DEBUG Engine               - isGameMenuEnabled: true
17:45:05.998 [FXGL Background Thread 3 ] DEBUG Engine               - isIOS: false
17:45:05.998 [FXGL Background Thread 3 ] DEBUG Engine               - isIntroEnabled: false
17:45:05.998 [FXGL Background Thread 3 ] DEBUG Engine               - isLinux: false
17:45:05.998 [FXGL Background Thread 3 ] DEBUG Engine               - isMac: false
17:45:05.998 [FXGL Background Thread 3 ] DEBUG Engine               - isMainMenuEnabled: true
17:45:05.998 [FXGL Background Thread 3 ] DEBUG Engine               - isManualResizeEnabled: false
17:45:05.998 [FXGL Background Thread 3 ] DEBUG Engine               - isMobile: false
17:45:05.998 [FXGL Background Thread 3 ] DEBUG Engine               - isNative: false
17:45:05.998 [FXGL Background Thread 3 ] DEBUG Engine               - isPauseMusicWhenMinimized: true
17:45:05.998 [FXGL Background Thread 3 ] DEBUG Engine               - isPreserveResizeRatio: false
17:45:05.998 [FXGL Background Thread 3 ] DEBUG Engine               - isProfilingEnabled: true
17:45:05.998 [FXGL Background Thread 3 ] DEBUG Engine               - isScaleAffectedOnResize: true
17:45:05.998 [FXGL Background Thread 3 ] DEBUG Engine               - isSingleStep: false
17:45:05.998 [FXGL Background Thread 3 ] DEBUG Engine               - isUserProfileEnabled: false
17:45:05.998 [FXGL Background Thread 3 ] DEBUG Engine               - isWindows: true
17:45:05.998 [FXGL Background Thread 3 ] DEBUG Engine               - language: ObjectProperty [value: ENGLISH]
17:45:05.999 [FXGL Background Thread 3 ] DEBUG Engine               - menuKey: ESCAPE
17:45:05.999 [FXGL Background Thread 3 ] DEBUG Engine               - mouseSensitivity: 0.2
17:45:05.999 [FXGL Background Thread 3 ] DEBUG Engine               - notificationViewClass: class com.almasb.fxgl.notification.view.XboxNotificationView
17:45:05.999 [FXGL Background Thread 3 ] DEBUG Engine               - pixelsPerMeter: 50.0
17:45:05.999 [FXGL Background Thread 3 ] DEBUG Engine               - platform: WINDOWS
17:45:05.999 [FXGL Background Thread 3 ] DEBUG Engine               - prefHeightProperty: ReadOnlyDoubleProperty [value: 1080.0]
17:45:05.999 [FXGL Background Thread 3 ] DEBUG Engine               - prefWidthProperty: ReadOnlyDoubleProperty [value: 1920.0]
17:45:05.999 [FXGL Background Thread 3 ] DEBUG Engine               - profileDir: profiles/
17:45:05.999 [FXGL Background Thread 3 ] DEBUG Engine               - profileName: StringProperty [value: DEFAULT]
17:45:05.999 [FXGL Background Thread 3 ] DEBUG Engine               - randomSeed: -1
17:45:05.999 [FXGL Background Thread 3 ] DEBUG Engine               - runtimeInfo: RuntimeInfo(platform=WINDOWS, version=17.3, build=30.03.2023 11.54)
17:45:05.999 [FXGL Background Thread 3 ] DEBUG Engine               - saveFileExt: sav
17:45:05.999 [FXGL Background Thread 3 ] DEBUG Engine               - scaledHeightProp$fxgl: DoubleProperty [bound, value: 864.0]
17:45:05.999 [FXGL Background Thread 3 ] DEBUG Engine               - scaledWidthProp$fxgl: DoubleProperty [bound, value: 1536.0]
17:45:05.999 [FXGL Background Thread 3 ] DEBUG Engine               - sceneFactory: main.spacegame.SpaceGameApp$1@3a1f5480
17:45:05.999 [FXGL Background Thread 3 ] DEBUG Engine               - secondsIn24h: 60
17:45:05.999 [FXGL Background Thread 3 ] DEBUG Engine               - soundMenuBack: menu/back.wav
17:45:05.999 [FXGL Background Thread 3 ] DEBUG Engine               - soundMenuPress: menu/press.wav
17:45:05.999 [FXGL Background Thread 3 ] DEBUG Engine               - soundMenuSelect: menu/select.wav
17:45:05.999 [FXGL Background Thread 3 ] DEBUG Engine               - soundNotification: core/notification.wav
17:45:05.999 [FXGL Background Thread 3 ] DEBUG Engine               - stageStyle: DECORATED
17:45:05.999 [FXGL Background Thread 3 ] DEBUG Engine               - supportedLanguages: [ENGLISH, FRENCH, GERMAN, HUNGARIAN, RUSSIAN]
17:45:05.999 [FXGL Background Thread 3 ] DEBUG Engine               - ticksPerSecond: -1
17:45:05.999 [FXGL Background Thread 3 ] DEBUG Engine               - title: Space_Game
17:45:05.999 [FXGL Background Thread 3 ] DEBUG Engine               - urlGithub: https://github.com/AlmasB/FXGL
17:45:05.999 [FXGL Background Thread 3 ] DEBUG Engine               - urlLeaderboard: http://fxgl-top.herokuapp.com/
17:45:05.999 [FXGL Background Thread 3 ] DEBUG Engine               - urlPOM: https://raw.githubusercontent.com/AlmasB/FXGL/release/README.md
17:45:05.999 [FXGL Background Thread 3 ] DEBUG Engine               - userAppClass: class main.spacegame.SpaceGameApp
17:45:05.999 [FXGL Background Thread 3 ] DEBUG Engine               - version: 1.0
17:45:05.999 [FXGL Background Thread 3 ] DEBUG Engine               - versionCheckDays: 7
17:45:05.999 [FXGL Background Thread 3 ] DEBUG Engine               - width: 1920
17:45:05.999 [FXGL Background Thread 3 ] DEBUG Engine               - Logging services
17:45:05.999 [FXGL Background Thread 3 ] DEBUG Engine               - class com.almasb.fxgl.app.services.FXGLAssetLoaderService
17:45:05.999 [FXGL Background Thread 3 ] DEBUG Engine               - class com.almasb.fxgl.app.FXGLApplication$GameApplicationService
17:45:05.999 [FXGL Background Thread 3 ] DEBUG Engine               - class com.almasb.fxgl.app.services.FXGLDialogService
17:45:05.999 [FXGL Background Thread 3 ] DEBUG Engine               - class com.almasb.fxgl.app.services.IOTaskExecutorService
17:45:05.999 [FXGL Background Thread 3 ] DEBUG Engine               - class com.almasb.fxgl.io.FileSystemService
17:45:05.999 [FXGL Background Thread 3 ] DEBUG Engine               - class com.almasb.fxgl.localization.LocalizationService
17:45:05.999 [FXGL Background Thread 3 ] DEBUG Engine               - class com.almasb.fxgl.app.services.SystemBundleService
17:45:05.999 [FXGL Background Thread 3 ] DEBUG Engine               - class com.almasb.fxgl.profile.SaveLoadService
17:45:05.999 [FXGL Background Thread 3 ] DEBUG Engine               - class com.almasb.fxgl.ui.FXGLUIFactoryServiceProvider
17:45:05.999 [FXGL Background Thread 3 ] DEBUG Engine               - class com.almasb.fxgl.ui.FXGLDialogFactoryServiceProvider
17:45:05.999 [FXGL Background Thread 3 ] DEBUG Engine               - class com.almasb.fxgl.audio.AudioPlayer
17:45:05.999 [FXGL Background Thread 3 ] DEBUG Engine               - class com.almasb.fxgl.notification.impl.NotificationServiceProvider
17:45:05.999 [FXGL Background Thread 3 ] DEBUG Engine               - class com.almasb.fxgl.achievement.AchievementService
17:45:05.999 [FXGL Background Thread 3 ] DEBUG Engine               - class com.almasb.fxgl.cutscene.CutsceneService
17:45:05.999 [FXGL Background Thread 3 ] DEBUG Engine               - class com.almasb.fxgl.minigames.MiniGameService
17:45:05.999 [FXGL Background Thread 3 ] DEBUG Engine               - class com.almasb.fxgl.net.NetService
17:45:05.999 [FXGL Background Thread 3 ] DEBUG Engine               - class com.almasb.fxgl.app.services.UpdaterService
17:45:05.999 [FXGL Background Thread 3 ] DEBUG Engine               - class com.almasb.fxgl.dev.DevService
17:45:05.999 [FXGL Background Thread 3 ] DEBUG Engine               - class main.spacegame.service.HighScoreService
17:45:05.999 [FXGL Background Thread 3 ] DEBUG Engine               - class main.spacegame.level.LevelService
17:45:05.999 [FXGL Background Thread 3 ] DEBUG Engine               - class com.almasb.fxgl.dev.profiling.ProfilerService
17:45:15.213 [JavaFX Application Thread] DEBUG FXGLApplication      - Exiting FXGL
17:45:15.213 [JavaFX Application Thread] DEBUG Async                - Shutting down background threads
17:45:15.214 [JavaFX Application Thread] DEBUG PrimaryStageWindow   - Closing main window
17:45:15.238 [JavaFX Application Thread] DEBUG Logger               - Closing Logger
