18:33:10.425 [main                     ] DEBUG Logger               - Configured Logger
18:33:10.453 [main                     ] DEBUG GameApplication      - Logging settings
Title: Space_Game
Version: 1.0
Width: 1920
Height: 1080
Fullscreen: false
Intro: false
Profiling: false
Single step:false
App Mode: DEVELOPER
Menu Key: ESCAPE
Stage Style: DECORATED
Scene Factory: class main.spacegame.SpaceGameApp$1

18:33:10.828 [JavaFX Application Thread] DEBUG FXGLApplication      - Initializing FXGL
18:33:10.837 [JavaFX Application Thread] INFO  Engine               - FXGL-17.3 (30.03.2023 11.54) on WINDOWS (J:19 FX:20)
18:33:10.838 [JavaFX Application Thread] DEBUG Engine               - JRE Vendor Name: Oracle Corporation
18:33:10.838 [JavaFX Application Thread] DEBUG Engine               - Running on OS: Windows 11 version 10.0
18:33:10.838 [JavaFX Application Thread] DEBUG Engine               - Architecture: amd64
18:33:10.838 [JavaFX Application Thread] INFO  Engine               - Source code and latest versions at: https://github.com/AlmasB/FXGL
18:33:10.838 [JavaFX Application Thread] INFO  Engine               -       Ask questions and discuss at: https://github.com/AlmasB/FXGL/discussions
18:33:10.839 [JavaFX Application Thread] INFO  Engine               -              Join the FXGL chat at: https://gitter.im/AlmasB/FXGL
18:33:10.959 [JavaFX Application Thread] DEBUG PrimaryStageWindow   - Creating a JavaFX scene
18:33:10.959 [JavaFX Application Thread] DEBUG PrimaryStageWindow   - Target size > screen size
18:33:11.013 [JavaFX Application Thread] DEBUG PrimaryStageWindow   - Target settings size: 1920.0 x 1080.0
18:33:11.013 [JavaFX Application Thread] DEBUG PrimaryStageWindow   - Scaled scene size:    1425.0 x 815.0
18:33:11.014 [JavaFX Application Thread] DEBUG PrimaryStageWindow   - Scaled ratio: (0.7421875, 0.7546296296296297)
18:33:11.015 [JavaFX Application Thread] DEBUG PrimaryStageWindow   - Set initial scene to FXGLStartupScene
18:33:11.019 [JavaFX Application Thread] DEBUG PrimaryStageWindow   - Opening main window
18:33:11.104 [JavaFX Application Thread] DEBUG PrimaryStageWindow   - Window border size: (15.0, 37.79998779296875)
18:33:11.104 [JavaFX Application Thread] DEBUG PrimaryStageWindow   - Scaled size: 1425.0 x 815.0
18:33:11.105 [JavaFX Application Thread] DEBUG PrimaryStageWindow   - Scaled ratio: (0.7421875, 0.7546296296296297)
18:33:11.105 [JavaFX Application Thread] DEBUG PrimaryStageWindow   - Scene size: 1425.0 x 815.0
18:33:11.105 [JavaFX Application Thread] DEBUG PrimaryStageWindow   - Stage size: 1440.0 x 852.7999877929688
18:33:11.117 [FXGL Background Thread 1 ] DEBUG Engine               - Initializing environment variables
18:33:11.176 [FXGL Background Thread 1 ] DEBUG FXGLAssetLoaderServi - User app class for loading assets: class main.spacegame.SpaceGameApp
18:33:11.176 [FXGL Background Thread 1 ] DEBUG GameApplicationServi - Applying CSS: fxgl_dark.css
18:33:11.176 [FXGL Background Thread 1 ] DEBUG FXGLAssetLoaderServi - Loading from file system: jar:file:/C:/Users/alprn/Downloads/fxgl-17.3-uber.jar!/fxglassets/ui/css/fxgl_dark.css
18:33:11.227 [FXGL Background Thread 1 ] DEBUG GameApplicationServi - Initializing application scenes
18:33:11.270 [FXGL Background Thread 1 ] DEBUG GameWorld            - Game world initialized
18:33:11.332 [FXGL Background Thread 1 ] DEBUG PhysicsWorld         - Physics world initialized: appHeight=1080, physics.ppm=50,0
18:33:11.333 [FXGL Background Thread 1 ] DEBUG PhysicsWorld         - Using strategy: BRUTE_FORCE
18:33:11.338 [FXGL Background Thread 1 ] DEBUG GameScene            - Game scene initialized: 1920x1080
18:33:11.342 [FXGL Background Thread 1 ] DEBUG FXGLAssetLoaderServi - Loading from file system: file:/C:/Users/alprn/AppData/Roaming/Code/User/workspaceStorage/c8b7dba4efe1b0e459f97f065891f12a/redhat.java/jdt_ws/CS102PROJECT_F-NAL_41cfdb4e/bin/assets/textures/mainmenu.png
18:33:11.536 [FXGL Background Thread 1 ] DEBUG FXGLAssetLoaderServi - Loading from file system: file:/C:/Users/alprn/AppData/Roaming/Code/User/workspaceStorage/c8b7dba4efe1b0e459f97f065891f12a/redhat.java/jdt_ws/CS102PROJECT_F-NAL_41cfdb4e/bin/assets/textures/credits.png
18:33:11.592 [FXGL Background Thread 1 ] DEBUG FXGLAssetLoaderServi - Loading from file system: file:/C:/Users/alprn/AppData/Roaming/Code/User/workspaceStorage/c8b7dba4efe1b0e459f97f065891f12a/redhat.java/jdt_ws/CS102PROJECT_F-NAL_41cfdb4e/bin/assets/textures/gameMenu.png
18:33:11.643 [FXGL Background Thread 1 ] DEBUG GameApplicationServi - Application scenes initialized
18:33:11.657 [FXGL Background Thread 1 ] DEBUG SystemBundleService  - Loading FXGL system data
18:33:11.661 [FXGL Background Thread 1 ] DEBUG FileSystemAccess     - Reading from: C:\Users\alprn\Desktop\Kafayı Yemeden proje bitirmece\CS102PROJECT_F-NAL\system\fxgl.bundle
18:33:11.670 [FXGL Background Thread 1 ] DEBUG SystemBundleService  - Bundle FXGL: {}
18:33:11.670 [FXGL Background Thread 1 ] DEBUG UpdaterService       - Checking for updates
18:33:11.676 [FXGL Background Thread 1 ] DEBUG FXGLApplication      - Loading default localization
18:33:11.679 [FXGL Background Thread 1 ] WARN  FXGLAssetLoaderServi - Asset "/assets/languages/englısh.lang" was not found!
18:33:11.683 [FXGL Background Thread 1 ] WARN  FXGLAssetLoaderServi - Failed to load PROPERTY_MAP
18:33:11.683 [FXGL Background Thread 4 ] DEBUG FXGLApplication      - Loading fonts
18:33:11.683 [FXGL Background Thread 4 ] DEBUG FXGLAssetLoaderServi - Loading from file system: jar:file:/C:/Users/alprn/Downloads/fxgl-17.3-uber.jar!/fxglassets/ui/fonts/VarelaRound-Regular.ttf
18:33:11.688 [FXGL Background Thread 1 ] INFO  FXGLApplication      - FXGL initialization took: 0,572 sec
18:33:11.691 [JavaFX Application Thread] DEBUG FXGLAssetLoaderServi - Loading from file system: jar:file:/C:/Users/alprn/Downloads/fxgl-17.3-uber.jar!/fxglassets/textures/fxgl_icon.png
18:33:11.708 [JavaFX Application Thread] DEBUG FXGLAssetLoaderServi - Loading from file system: jar:file:/C:/Users/alprn/Downloads/fxgl-17.3-uber.jar!/fxglassets/textures/fxgl_default_cursor.png
18:33:11.720 [JavaFX Application Thread] DEBUG Input                - Registered new binding: Screenshot - CTRL+8
18:33:11.721 [JavaFX Application Thread] DEBUG Input                - Registered new binding: System info dump - CTRL+9
18:33:11.722 [JavaFX Application Thread] DEBUG Input                - Registered new binding: Restart - CTRL+R
18:33:11.723 [JavaFX Application Thread] DEBUG Input                - Registered new binding: Toggle Debug Camera - CTRL+7
18:33:11.726 [JavaFX Application Thread] DEBUG LoopRunner           - Starting loop
18:33:11.726 [JavaFX Application Thread] DEBUG LoopRunner           - Initializing JavaFX AnimationTimerLoop
18:33:11.730 [JavaFX Application Thread] DEBUG Input                - Clearing active input actions
18:33:11.737 [JavaFX Application Thread] DEBUG GameApplicationServi - Removing overlay from FXGLStartupScene and adding to FXGLMainMenuDummyScene
18:33:11.737 [JavaFX Application Thread] DEBUG PrimaryStageWindow   - FXGLStartupScene -> FXGLMainMenuDummyScene
18:33:11.738 [JavaFX Application Thread] DEBUG PrimaryStageWindow   - Push state: SpaceGameMainMenu
18:33:11.738 [JavaFX Application Thread] DEBUG Input                - Clearing active input actions
18:33:11.752 [JavaFX Application Thread] DEBUG GameApplicationServi - Removing overlay from FXGLMainMenuDummyScene and adding to SpaceGameMainMenu
18:33:11.753 [JavaFX Application Thread] DEBUG PrimaryStageWindow   - FXGLMainMenuDummyScene -> SpaceGameMainMenu
18:33:11.805 [FXGL Background Thread 4 ] DEBUG FXGLAssetLoaderServi - Loading from file system: jar:file:/C:/Users/alprn/Downloads/fxgl-17.3-uber.jar!/fxglassets/ui/fonts/Abel-Regular.ttf
18:33:11.810 [FXGL Background Thread 4 ] DEBUG FXGLAssetLoaderServi - Loading from file system: jar:file:/C:/Users/alprn/Downloads/fxgl-17.3-uber.jar!/fxglassets/ui/fonts/TerminalLandMono-Regular.otf
18:33:11.816 [FXGL Background Thread 4 ] DEBUG FXGLAssetLoaderServi - Loading from file system: jar:file:/C:/Users/alprn/Downloads/fxgl-17.3-uber.jar!/fxglassets/ui/fonts/Courier-Prime.ttf
18:33:12.023 [JavaFX Application Thread] DEBUG FXGLApplication      - Registering font factories with UI factory
18:33:13.035 [JavaFX Application Thread] DEBUG Menu                 - fireNewGame()
18:33:13.035 [JavaFX Application Thread] DEBUG GameApplicationServi - Starting new game
18:33:13.035 [JavaFX Application Thread] DEBUG PrimaryStageWindow   - Pop state: SpaceGameMainMenu
18:33:13.035 [JavaFX Application Thread] DEBUG Input                - Clearing active input actions
18:33:13.036 [JavaFX Application Thread] DEBUG GameApplicationServi - Removing overlay from SpaceGameMainMenu and adding to FXGLMainMenuDummyScene
18:33:13.037 [JavaFX Application Thread] DEBUG PrimaryStageWindow   - FXGLMainMenuDummyScene <- SpaceGameMainMenu
18:33:13.037 [JavaFX Application Thread] DEBUG Input                - Clearing active input actions
18:33:13.048 [JavaFX Application Thread] DEBUG GameApplicationServi - Removing overlay from FXGLMainMenuDummyScene and adding to FXGLLoadingScene
18:33:13.048 [JavaFX Application Thread] DEBUG PrimaryStageWindow   - FXGLMainMenuDummyScene -> FXGLLoadingScene
18:33:13.048 [JavaFX Application Thread] DEBUG GameApplicationServi - Clearing previous game
18:33:13.048 [JavaFX Application Thread] DEBUG GameScene            - Clearing game scene
18:33:13.048 [JavaFX Application Thread] DEBUG GameWorld            - Clearing game world
18:33:13.048 [JavaFX Application Thread] DEBUG PhysicsWorld         - Clearing physics world
18:33:13.049 [FXGL Background Thread 2 ] DEBUG FXGLApplication      - Initializing game
18:33:13.053 [FXGL Background Thread 2 ] INFO  FXGLApplication      - Game initialization took: 0,003 sec
18:33:13.079 [JavaFX Application Thread] DEBUG Input                - Clearing active input actions
18:33:13.085 [JavaFX Application Thread] DEBUG GameApplicationServi - Removing overlay from FXGLLoadingScene and adding to GameScene
18:33:13.086 [JavaFX Application Thread] DEBUG PrimaryStageWindow   - FXGLLoadingScene -> GameScene
18:33:13.855 [JavaFX Application Thread] DEBUG PrimaryStageWindow   - Push state: SpaceGamePauseMenu
18:33:13.855 [JavaFX Application Thread] DEBUG Input                - Clearing active input actions
18:33:13.856 [JavaFX Application Thread] DEBUG GameApplicationServi - Removing overlay from GameScene and adding to SpaceGamePauseMenu
18:33:13.856 [JavaFX Application Thread] DEBUG PrimaryStageWindow   - GameScene -> SpaceGamePauseMenu
18:33:14.677 [FXGL Background Thread 3 ] DEBUG Engine               - Logging environment variables
18:33:14.677 [FXGL Background Thread 3 ] DEBUG Engine               - achievements: []
18:33:14.677 [FXGL Background Thread 3 ] DEBUG Engine               - actualHeight: 815.0
18:33:14.677 [FXGL Background Thread 3 ] DEBUG Engine               - actualHeightProperty: ReadOnlyDoubleProperty [value: 815.0]
18:33:14.678 [FXGL Background Thread 3 ] DEBUG Engine               - actualWidth: 1425.0
18:33:14.678 [FXGL Background Thread 3 ] DEBUG Engine               - actualWidthProperty: ReadOnlyDoubleProperty [value: 1425.0]
18:33:14.678 [FXGL Background Thread 3 ] DEBUG Engine               - appIcon: fxgl_icon.png
18:33:14.678 [FXGL Background Thread 3 ] DEBUG Engine               - applicationMode: DEVELOPER
18:33:14.678 [FXGL Background Thread 3 ] DEBUG Engine               - cSSList: [fxgl_dark.css]
18:33:14.678 [FXGL Background Thread 3 ] DEBUG Engine               - collisionDetectionStrategy: BRUTE_FORCE
18:33:14.678 [FXGL Background Thread 3 ] DEBUG Engine               - configClass: Optional.empty
18:33:14.678 [FXGL Background Thread 3 ] DEBUG Engine               - credits: []
18:33:14.679 [FXGL Background Thread 3 ] DEBUG Engine               - defaultCursor: CursorInfo(imageName=fxgl_default_cursor.png, hotspotX=7.0, hotspotY=6.0)
18:33:14.679 [FXGL Background Thread 3 ] DEBUG Engine               - devBBoxColorProperty: ObjectProperty [value: 0xff0000ff]
18:33:14.679 [FXGL Background Thread 3 ] DEBUG Engine               - devEnableDebugCameraProperty: BooleanProperty [value: false]
18:33:14.679 [FXGL Background Thread 3 ] DEBUG Engine               - devSensorColorProperty: ObjectProperty [value: 0xffff00ff]
18:33:14.680 [FXGL Background Thread 3 ] DEBUG Engine               - devShowBBoxProperty: BooleanProperty [value: false]
18:33:14.680 [FXGL Background Thread 3 ] DEBUG Engine               - devShowPositionProperty: BooleanProperty [value: false]
18:33:14.680 [FXGL Background Thread 3 ] DEBUG Engine               - enabledMenuItems: []
18:33:14.680 [FXGL Background Thread 3 ] DEBUG Engine               - engineServices: [class com.almasb.fxgl.app.services.FXGLAssetLoaderService, class com.almasb.fxgl.app.FXGLApplication$GameApplicationService, class com.almasb.fxgl.app.services.FXGLDialogService, class com.almasb.fxgl.app.services.IOTaskExecutorService, class com.almasb.fxgl.io.FileSystemService, class com.almasb.fxgl.localization.LocalizationService, class com.almasb.fxgl.app.services.SystemBundleService, class com.almasb.fxgl.profile.SaveLoadService, class com.almasb.fxgl.ui.FXGLUIFactoryServiceProvider, class com.almasb.fxgl.ui.FXGLDialogFactoryServiceProvider, class com.almasb.fxgl.audio.AudioPlayer, class com.almasb.fxgl.notification.impl.NotificationServiceProvider, class com.almasb.fxgl.achievement.AchievementService, class com.almasb.fxgl.cutscene.CutsceneService, class com.almasb.fxgl.minigames.MiniGameService, class com.almasb.fxgl.net.NetService, class com.almasb.fxgl.app.services.UpdaterService, class com.almasb.fxgl.dev.DevService]
18:33:14.680 [FXGL Background Thread 3 ] DEBUG Engine               - fontGame: Abel-Regular.ttf
18:33:14.680 [FXGL Background Thread 3 ] DEBUG Engine               - fontMono: TerminalLandMono-Regular.otf
18:33:14.680 [FXGL Background Thread 3 ] DEBUG Engine               - fontSizeScaleUI: 1.0
18:33:14.680 [FXGL Background Thread 3 ] DEBUG Engine               - fontText: Courier-Prime.ttf
18:33:14.680 [FXGL Background Thread 3 ] DEBUG Engine               - fontUI: VarelaRound-Regular.ttf
18:33:14.680 [FXGL Background Thread 3 ] DEBUG Engine               - fullScreen: BooleanProperty [value: false]
18:33:14.680 [FXGL Background Thread 3 ] DEBUG Engine               - gameDifficulty: MEDIUM
18:33:14.680 [FXGL Background Thread 3 ] DEBUG Engine               - gameDifficultyProperty: ObjectProperty [value: MEDIUM]
18:33:14.680 [FXGL Background Thread 3 ] DEBUG Engine               - globalMusicVolume: 0.5
18:33:14.680 [FXGL Background Thread 3 ] DEBUG Engine               - globalMusicVolumeProperty: DoubleProperty [value: 0.5]
18:33:14.680 [FXGL Background Thread 3 ] DEBUG Engine               - globalSoundVolume: 0.5
18:33:14.680 [FXGL Background Thread 3 ] DEBUG Engine               - globalSoundVolumeProperty: DoubleProperty [value: 0.5]
18:33:14.680 [FXGL Background Thread 3 ] DEBUG Engine               - height: 1080
18:33:14.680 [FXGL Background Thread 3 ] DEBUG Engine               - is3D: false
18:33:14.680 [FXGL Background Thread 3 ] DEBUG Engine               - isAndroid: false
18:33:14.680 [FXGL Background Thread 3 ] DEBUG Engine               - isBrowser: false
18:33:14.680 [FXGL Background Thread 3 ] DEBUG Engine               - isClickFeedbackEnabled: false
18:33:14.681 [FXGL Background Thread 3 ] DEBUG Engine               - isCloseConfirmation: false
18:33:14.681 [FXGL Background Thread 3 ] DEBUG Engine               - isDesktop: true
18:33:14.681 [FXGL Background Thread 3 ] DEBUG Engine               - isDeveloperMenuEnabled: false
18:33:14.681 [FXGL Background Thread 3 ] DEBUG Engine               - isEmbedded: false
18:33:14.681 [FXGL Background Thread 3 ] DEBUG Engine               - isEntityPreloadEnabled: true
18:33:14.681 [FXGL Background Thread 3 ] DEBUG Engine               - isExperimentalTiledLargeMap: false
18:33:14.681 [FXGL Background Thread 3 ] DEBUG Engine               - isFileSystemWriteAllowed: true
18:33:14.681 [FXGL Background Thread 3 ] DEBUG Engine               - isFullScreenAllowed: false
18:33:14.681 [FXGL Background Thread 3 ] DEBUG Engine               - isFullScreenFromStart: false
18:33:14.681 [FXGL Background Thread 3 ] DEBUG Engine               - isGameMenuEnabled: true
18:33:14.681 [FXGL Background Thread 3 ] DEBUG Engine               - isIOS: false
18:33:14.681 [FXGL Background Thread 3 ] DEBUG Engine               - isIntroEnabled: false
18:33:14.681 [FXGL Background Thread 3 ] DEBUG Engine               - isLinux: false
18:33:14.681 [FXGL Background Thread 3 ] DEBUG Engine               - isMac: false
18:33:14.681 [FXGL Background Thread 3 ] DEBUG Engine               - isMainMenuEnabled: true
18:33:14.681 [FXGL Background Thread 3 ] DEBUG Engine               - isManualResizeEnabled: false
18:33:14.681 [FXGL Background Thread 3 ] DEBUG Engine               - isMobile: false
18:33:14.681 [FXGL Background Thread 3 ] DEBUG Engine               - isNative: false
18:33:14.681 [FXGL Background Thread 3 ] DEBUG Engine               - isPauseMusicWhenMinimized: true
18:33:14.681 [FXGL Background Thread 3 ] DEBUG Engine               - isPreserveResizeRatio: false
18:33:14.681 [FXGL Background Thread 3 ] DEBUG Engine               - isProfilingEnabled: false
18:33:14.681 [FXGL Background Thread 3 ] DEBUG Engine               - isScaleAffectedOnResize: true
18:33:14.681 [FXGL Background Thread 3 ] DEBUG Engine               - isSingleStep: false
18:33:14.681 [FXGL Background Thread 3 ] DEBUG Engine               - isUserProfileEnabled: false
18:33:14.681 [FXGL Background Thread 3 ] DEBUG Engine               - isWindows: true
18:33:14.681 [FXGL Background Thread 3 ] DEBUG Engine               - language: ObjectProperty [value: ENGLISH]
18:33:14.681 [FXGL Background Thread 3 ] DEBUG Engine               - menuKey: ESCAPE
18:33:14.681 [FXGL Background Thread 3 ] DEBUG Engine               - mouseSensitivity: 0.2
18:33:14.681 [FXGL Background Thread 3 ] DEBUG Engine               - notificationViewClass: class com.almasb.fxgl.notification.view.XboxNotificationView
18:33:14.681 [FXGL Background Thread 3 ] DEBUG Engine               - pixelsPerMeter: 50.0
18:33:14.681 [FXGL Background Thread 3 ] DEBUG Engine               - platform: WINDOWS
18:33:14.681 [FXGL Background Thread 3 ] DEBUG Engine               - prefHeightProperty: ReadOnlyDoubleProperty [value: 1080.0]
18:33:14.681 [FXGL Background Thread 3 ] DEBUG Engine               - prefWidthProperty: ReadOnlyDoubleProperty [value: 1920.0]
18:33:14.681 [FXGL Background Thread 3 ] DEBUG Engine               - profileDir: profiles/
18:33:14.681 [FXGL Background Thread 3 ] DEBUG Engine               - profileName: StringProperty [value: DEFAULT]
18:33:14.681 [FXGL Background Thread 3 ] DEBUG Engine               - randomSeed: -1
18:33:14.682 [FXGL Background Thread 3 ] DEBUG Engine               - runtimeInfo: RuntimeInfo(platform=WINDOWS, version=17.3, build=30.03.2023 11.54)
18:33:14.682 [FXGL Background Thread 3 ] DEBUG Engine               - saveFileExt: sav
18:33:14.682 [FXGL Background Thread 3 ] DEBUG Engine               - scaledHeightProp$fxgl: DoubleProperty [bound, value: 815.0]
18:33:14.682 [FXGL Background Thread 3 ] DEBUG Engine               - scaledWidthProp$fxgl: DoubleProperty [bound, value: 1425.0]
18:33:14.682 [FXGL Background Thread 3 ] DEBUG Engine               - sceneFactory: main.spacegame.SpaceGameApp$1@58882200
18:33:14.682 [FXGL Background Thread 3 ] DEBUG Engine               - secondsIn24h: 60
18:33:14.682 [FXGL Background Thread 3 ] DEBUG Engine               - soundMenuBack: menu/back.wav
18:33:14.682 [FXGL Background Thread 3 ] DEBUG Engine               - soundMenuPress: menu/press.wav
18:33:14.682 [FXGL Background Thread 3 ] DEBUG Engine               - soundMenuSelect: menu/select.wav
18:33:14.682 [FXGL Background Thread 3 ] DEBUG Engine               - soundNotification: core/notification.wav
18:33:14.682 [FXGL Background Thread 3 ] DEBUG Engine               - stageStyle: DECORATED
18:33:14.682 [FXGL Background Thread 3 ] DEBUG Engine               - supportedLanguages: [ENGLISH, FRENCH, GERMAN, HUNGARIAN, RUSSIAN]
18:33:14.682 [FXGL Background Thread 3 ] DEBUG Engine               - ticksPerSecond: -1
18:33:14.682 [FXGL Background Thread 3 ] DEBUG Engine               - title: Space_Game
18:33:14.682 [FXGL Background Thread 3 ] DEBUG Engine               - urlGithub: https://github.com/AlmasB/FXGL
18:33:14.682 [FXGL Background Thread 3 ] DEBUG Engine               - urlLeaderboard: http://fxgl-top.herokuapp.com/
18:33:14.682 [FXGL Background Thread 3 ] DEBUG Engine               - urlPOM: https://raw.githubusercontent.com/AlmasB/FXGL/release/README.md
18:33:14.682 [FXGL Background Thread 3 ] DEBUG Engine               - userAppClass: class main.spacegame.SpaceGameApp
18:33:14.682 [FXGL Background Thread 3 ] DEBUG Engine               - version: 1.0
18:33:14.682 [FXGL Background Thread 3 ] DEBUG Engine               - versionCheckDays: 7
18:33:14.683 [FXGL Background Thread 3 ] DEBUG Engine               - width: 1920
18:33:14.683 [FXGL Background Thread 3 ] DEBUG Engine               - Logging services
18:33:14.683 [FXGL Background Thread 3 ] DEBUG Engine               - class com.almasb.fxgl.app.services.FXGLAssetLoaderService
18:33:14.683 [FXGL Background Thread 3 ] DEBUG Engine               - class com.almasb.fxgl.app.FXGLApplication$GameApplicationService
18:33:14.683 [FXGL Background Thread 3 ] DEBUG Engine               - class com.almasb.fxgl.app.services.FXGLDialogService
18:33:14.683 [FXGL Background Thread 3 ] DEBUG Engine               - class com.almasb.fxgl.app.services.IOTaskExecutorService
18:33:14.683 [FXGL Background Thread 3 ] DEBUG Engine               - class com.almasb.fxgl.io.FileSystemService
18:33:14.683 [FXGL Background Thread 3 ] DEBUG Engine               - class com.almasb.fxgl.localization.LocalizationService
18:33:14.683 [FXGL Background Thread 3 ] DEBUG Engine               - class com.almasb.fxgl.app.services.SystemBundleService
18:33:14.683 [FXGL Background Thread 3 ] DEBUG Engine               - class com.almasb.fxgl.profile.SaveLoadService
18:33:14.683 [FXGL Background Thread 3 ] DEBUG Engine               - class com.almasb.fxgl.ui.FXGLUIFactoryServiceProvider
18:33:14.683 [FXGL Background Thread 3 ] DEBUG Engine               - class com.almasb.fxgl.ui.FXGLDialogFactoryServiceProvider
18:33:14.683 [FXGL Background Thread 3 ] DEBUG Engine               - class com.almasb.fxgl.audio.AudioPlayer
18:33:14.683 [FXGL Background Thread 3 ] DEBUG Engine               - class com.almasb.fxgl.notification.impl.NotificationServiceProvider
18:33:14.683 [FXGL Background Thread 3 ] DEBUG Engine               - class com.almasb.fxgl.achievement.AchievementService
18:33:14.683 [FXGL Background Thread 3 ] DEBUG Engine               - class com.almasb.fxgl.cutscene.CutsceneService
18:33:14.683 [FXGL Background Thread 3 ] DEBUG Engine               - class com.almasb.fxgl.minigames.MiniGameService
18:33:14.683 [FXGL Background Thread 3 ] DEBUG Engine               - class com.almasb.fxgl.net.NetService
18:33:14.683 [FXGL Background Thread 3 ] DEBUG Engine               - class com.almasb.fxgl.app.services.UpdaterService
18:33:14.683 [FXGL Background Thread 3 ] DEBUG Engine               - class com.almasb.fxgl.dev.DevService
18:33:16.097 [JavaFX Application Thread] DEBUG FXGLApplication      - Exiting FXGL
18:33:16.098 [JavaFX Application Thread] DEBUG LoopRunner           - Stopping loop
18:33:16.098 [JavaFX Application Thread] DEBUG SystemBundleService  - Saving FXGL system data
18:33:16.099 [JavaFX Application Thread] DEBUG FileSystemAccess     - Writing to: C:\Users\alprn\Desktop\Kafayı Yemeden proje bitirmece\CS102PROJECT_F-NAL\system\fxgl.bundle
18:33:16.102 [JavaFX Application Thread] DEBUG Async                - Shutting down background threads
18:33:16.102 [JavaFX Application Thread] DEBUG PrimaryStageWindow   - Closing main window
18:33:16.109 [JavaFX Application Thread] DEBUG Logger               - Closing Logger
