17:11:09.876 [main                     ] DEBUG Logger               - Configured Logger
17:11:09.899 [main                     ] DEBUG GameApplication      - Logging settings
Title: Space_Game
Version: 1.0
Width: 1920
Height: 1080
Fullscreen: false
Intro: false
Profiling: false
Single step:false
App Mode: DEVELOPER
Menu Key: ESCAPE
Stage Style: DECORATED
Scene Factory: class main.spacegame.SpaceGameApp$1

17:11:10.233 [JavaFX Application Thread] DEBUG FXGLApplication      - Initializing FXGL
17:11:10.242 [JavaFX Application Thread] INFO  Engine               - FXGL-17.3 (30.03.2023 11.54) on WINDOWS (J:19 FX:20)
17:11:10.242 [JavaFX Application Thread] DEBUG Engine               - JRE Vendor Name: Oracle Corporation
17:11:10.243 [JavaFX Application Thread] DEBUG Engine               - Running on OS: Windows 11 version 10.0
17:11:10.243 [JavaFX Application Thread] DEBUG Engine               - Architecture: amd64
17:11:10.243 [JavaFX Application Thread] INFO  Engine               - Source code and latest versions at: https://github.com/AlmasB/FXGL
17:11:10.243 [JavaFX Application Thread] INFO  Engine               -       Ask questions and discuss at: https://github.com/AlmasB/FXGL/discussions
17:11:10.243 [JavaFX Application Thread] INFO  Engine               -              Join the FXGL chat at: https://gitter.im/AlmasB/FXGL
17:11:10.353 [JavaFX Application Thread] DEBUG PrimaryStageWindow   - Creating a JavaFX scene
17:11:10.354 [JavaFX Application Thread] DEBUG PrimaryStageWindow   - Target size > screen size
17:11:10.401 [JavaFX Application Thread] DEBUG PrimaryStageWindow   - Target settings size: 1920.0 x 1080.0
17:11:10.402 [JavaFX Application Thread] DEBUG PrimaryStageWindow   - Scaled scene size:    1425.0 x 815.0
17:11:10.402 [JavaFX Application Thread] DEBUG PrimaryStageWindow   - Scaled ratio: (0.7421875, 0.7546296296296297)
17:11:10.403 [JavaFX Application Thread] DEBUG PrimaryStageWindow   - Set initial scene to FXGLStartupScene
17:11:10.405 [JavaFX Application Thread] DEBUG PrimaryStageWindow   - Opening main window
17:11:10.477 [JavaFX Application Thread] DEBUG PrimaryStageWindow   - Window border size: (15.0, 37.79998779296875)
17:11:10.478 [JavaFX Application Thread] DEBUG PrimaryStageWindow   - Scaled size: 1425.0 x 815.0
17:11:10.478 [JavaFX Application Thread] DEBUG PrimaryStageWindow   - Scaled ratio: (0.7421875, 0.7546296296296297)
17:11:10.478 [JavaFX Application Thread] DEBUG PrimaryStageWindow   - Scene size: 1425.0 x 815.0
17:11:10.478 [JavaFX Application Thread] DEBUG PrimaryStageWindow   - Stage size: 1440.0 x 852.7999877929688
17:11:10.495 [FXGL Background Thread 1 ] DEBUG Engine               - Initializing environment variables
17:11:10.548 [FXGL Background Thread 1 ] DEBUG FXGLAssetLoaderServi - User app class for loading assets: class main.spacegame.SpaceGameApp
17:11:10.549 [FXGL Background Thread 1 ] DEBUG GameApplicationServi - Applying CSS: fxgl_dark.css
17:11:10.549 [FXGL Background Thread 1 ] DEBUG FXGLAssetLoaderServi - Loading from file system: jar:file:/C:/Users/alprn/Downloads/fxgl-17.3-uber.jar!/fxglassets/ui/css/fxgl_dark.css
17:11:10.594 [FXGL Background Thread 1 ] DEBUG GameApplicationServi - Initializing application scenes
17:11:10.646 [FXGL Background Thread 1 ] DEBUG GameWorld            - Game world initialized
17:11:10.709 [FXGL Background Thread 1 ] DEBUG PhysicsWorld         - Physics world initialized: appHeight=1080, physics.ppm=50,0
17:11:10.710 [FXGL Background Thread 1 ] DEBUG PhysicsWorld         - Using strategy: BRUTE_FORCE
17:11:10.714 [FXGL Background Thread 1 ] DEBUG GameScene            - Game scene initialized: 1920x1080
17:11:10.718 [FXGL Background Thread 1 ] DEBUG FXGLAssetLoaderServi - Loading from file system: file:/C:/Users/alprn/AppData/Roaming/Code/User/workspaceStorage/c8b7dba4efe1b0e459f97f065891f12a/redhat.java/jdt_ws/CS102PROJECT_F-NAL_41cfdb4e/bin/assets/textures/mainmenu.png
17:11:10.904 [JavaFX Application Thread] DEBUG LoopRunner           - Stopping loop
17:11:10.906 [JavaFX Application Thread] DEBUG LoopRunner           - Initializing JavaFX AnimationTimerLoop
17:11:10.908 [JavaFX Application Thread] FATAL FXGLApplication      - Uncaught Exception:
java.lang.Error: Unresolved compilation problems: 
	myıImageView2 cannot be resolved
	myıImageView2 cannot be resolved

	at main.spacegame.ui.SpaceGamePauseMenu.<init>(SpaceGamePauseMenu.java:97)
	at main.spacegame.SpaceGameApp$1.newGameMenu(SpaceGameApp.java:64)
	at com.almasb.fxgl.app.FXGLApplication$GameApplicationService.initAppScenes(FXGLApplication.kt:461)
	at com.almasb.fxgl.app.FXGLApplication$GameApplicationService.onInit(FXGLApplication.kt:417)
	at com.almasb.fxgl.app.Engine.initServices(Engine.kt:85)
	at com.almasb.fxgl.app.FXGLApplication.startImpl$lambda$2(FXGLApplication.kt:138)
	at com.almasb.fxgl.core.concurrent.IOTask.lambda$ofVoid$5(IOTask.java:184)
	at com.almasb.fxgl.core.concurrent.IOTask$2.onExecute(IOTask.java:197)
	at com.almasb.fxgl.core.concurrent.IOTask$1.call(IOTask.java:148)
	at javafx.concurrent.Task$TaskCallable.call(Task.java:1426)
	at java.base/java.util.concurrent.FutureTask.run(FutureTask.java:317)
	at java.base/java.util.concurrent.Executors$RunnableAdapter.call(Executors.java:577)
	at java.base/java.util.concurrent.FutureTask.run(FutureTask.java:317)
	at java.base/java.util.concurrent.ThreadPoolExecutor.runWorker(ThreadPoolExecutor.java:1144)
	at java.base/java.util.concurrent.ThreadPoolExecutor$Worker.run(ThreadPoolExecutor.java:642)
	at java.base/java.lang.Thread.run(Thread.java:1589)

17:11:10.910 [JavaFX Application Thread] FATAL FXGLApplication      - Application will now exit
17:11:10.949 [JavaFX Application Thread] DEBUG PrimaryStageWindow   - Push state: ErrorSubScene
17:11:10.949 [JavaFX Application Thread] DEBUG Input                - Clearing active input actions
17:11:10.957 [JavaFX Application Thread] DEBUG GameApplicationServi - Removing overlay from FXGLStartupScene and adding to ErrorSubScene
17:11:10.958 [JavaFX Application Thread] DEBUG PrimaryStageWindow   - FXGLStartupScene -> ErrorSubScene
17:11:13.116 [JavaFX Application Thread] DEBUG FXGLApplication      - Exiting FXGL
17:11:13.116 [JavaFX Application Thread] DEBUG Async                - Shutting down background threads
17:11:13.117 [JavaFX Application Thread] DEBUG PrimaryStageWindow   - Closing main window
17:11:13.123 [JavaFX Application Thread] DEBUG Logger               - Closing Logger
