19:40:20.915 [main                     ] DEBUG Logger               - Configured Logger
19:40:20.988 [main                     ] DEBUG GameApplication      - Logging settings
Title: Space_Game
Version: 1.0
Width: 1920
Height: 1080
Fullscreen: true
Intro: false
Profiling: true
Single step:false
App Mode: DEVELOPER
Menu Key: ESCAPE
Stage Style: DECORATED
Scene Factory: class main.spacegame.SpaceGameApp$1

19:40:22.117 [JavaFX Application Thread] DEBUG FXGLApplication      - Initializing FXGL
19:40:22.140 [JavaFX Application Thread] INFO  Engine               - FXGL-17.3 (30.03.2023 11.54) on WINDOWS (J:18.0.2.1 FX:20)
19:40:22.142 [JavaFX Application Thread] DEBUG Engine               - JRE Vendor Name: Oracle Corporation
19:40:22.144 [JavaFX Application Thread] DEBUG Engine               - Running on OS: Windows 10 version 10.0
19:40:22.145 [JavaFX Application Thread] DEBUG Engine               - Architecture: amd64
19:40:22.145 [JavaFX Application Thread] INFO  Engine               - Source code and latest versions at: https://github.com/AlmasB/FXGL
19:40:22.146 [JavaFX Application Thread] INFO  Engine               -       Ask questions and discuss at: https://github.com/AlmasB/FXGL/discussions
19:40:22.147 [JavaFX Application Thread] INFO  Engine               -              Join the FXGL chat at: https://gitter.im/AlmasB/FXGL
19:40:22.594 [JavaFX Application Thread] DEBUG PrimaryStageWindow   - Creating a JavaFX scene
19:40:22.595 [JavaFX Application Thread] DEBUG PrimaryStageWindow   - Target size > screen size
19:40:22.730 [JavaFX Application Thread] DEBUG PrimaryStageWindow   - Target settings size: 1920.0 x 1080.0
19:40:22.730 [JavaFX Application Thread] DEBUG PrimaryStageWindow   - Scaled scene size:    1511.0 x 864.0
19:40:22.731 [JavaFX Application Thread] DEBUG PrimaryStageWindow   - Scaled ratio: (0.7869791666666667, 0.8)
19:40:22.734 [JavaFX Application Thread] DEBUG PrimaryStageWindow   - Set initial scene to FXGLStartupScene
19:40:22.746 [JavaFX Application Thread] DEBUG PrimaryStageWindow   - Opening main window
19:40:22.992 [JavaFX Application Thread] DEBUG PrimaryStageWindow   - Window border size: (14.5999755859375, 37.5999755859375)
19:40:22.994 [JavaFX Application Thread] DEBUG PrimaryStageWindow   - Scaled size: 1511.0 x 864.0
19:40:22.995 [JavaFX Application Thread] DEBUG PrimaryStageWindow   - Scaled ratio: (0.7869791666666667, 0.8)
19:40:22.996 [JavaFX Application Thread] DEBUG PrimaryStageWindow   - Scene size: 1511.0 x 864.0
19:40:22.998 [JavaFX Application Thread] DEBUG PrimaryStageWindow   - Stage size: 1525.5999755859375 x 901.5999755859375
19:40:23.142 [JavaFX Application Thread] DEBUG PrimaryStageWindow   - Going fullscreen
19:40:23.175 [FXGL Background Thread 1 ] DEBUG Engine               - Initializing environment variables
19:40:23.335 [FXGL Background Thread 1 ] DEBUG FXGLAssetLoaderServi - User app class for loading assets: class main.spacegame.SpaceGameApp
19:40:23.335 [FXGL Background Thread 1 ] DEBUG GameApplicationServi - Applying CSS: fxgl_dark.css
19:40:23.337 [FXGL Background Thread 1 ] DEBUG FXGLAssetLoaderServi - Loading from file system: jar:file:/C:/Users/acer/Downloads/fxgl-17.3-uber.jar!/fxglassets/ui/css/fxgl_dark.css
19:40:23.449 [FXGL Background Thread 1 ] DEBUG GameApplicationServi - Initializing application scenes
19:40:23.549 [FXGL Background Thread 1 ] DEBUG GameWorld            - Game world initialized
19:40:23.708 [FXGL Background Thread 1 ] DEBUG PhysicsWorld         - Physics world initialized: appHeight=1080, physics.ppm=50,0
19:40:23.708 [FXGL Background Thread 1 ] DEBUG PhysicsWorld         - Using strategy: GRID_INDEXING
19:40:23.719 [FXGL Background Thread 1 ] DEBUG GameScene            - Game scene initialized: 1920x1080
19:40:23.728 [FXGL Background Thread 1 ] DEBUG FXGLAssetLoaderServi - Loading from file system: file:/C:/Users/acer/AppData/Roaming/Code/User/workspaceStorage/d4e31cc48637789aafa6fe6833a8970c/redhat.java/jdt_ws/CS102PROJECT_F-NAL-5_d3382592/bin/assets/textures/mainmenu.png
19:40:24.072 [FXGL Background Thread 1 ] DEBUG FXGLAssetLoaderServi - Loading from file system: file:/C:/Users/acer/AppData/Roaming/Code/User/workspaceStorage/d4e31cc48637789aafa6fe6833a8970c/redhat.java/jdt_ws/CS102PROJECT_F-NAL-5_d3382592/bin/assets/textures/credits.png
19:40:24.181 [FXGL Background Thread 1 ] DEBUG FXGLAssetLoaderServi - Loading from file system: file:/C:/Users/acer/AppData/Roaming/Code/User/workspaceStorage/d4e31cc48637789aafa6fe6833a8970c/redhat.java/jdt_ws/CS102PROJECT_F-NAL-5_d3382592/bin/assets/textures/gameMenu.png
19:40:24.281 [FXGL Background Thread 1 ] DEBUG GameApplicationServi - Application scenes initialized
19:40:24.308 [FXGL Background Thread 1 ] DEBUG SystemBundleService  - Loading FXGL system data
19:40:24.316 [FXGL Background Thread 1 ] DEBUG FileSystemAccess     - Reading from: C:\Users\acer\CS102PROJECT_F-NAL-5\system\fxgl.bundle
19:40:24.335 [FXGL Background Thread 1 ] DEBUG SystemBundleService  - Bundle FXGL: {}
19:40:24.335 [FXGL Background Thread 1 ] DEBUG UpdaterService       - Checking for updates
19:40:24.370 [FXGL Background Thread 4 ] DEBUG FXGLApplication      - Loading fonts
19:40:24.371 [FXGL Background Thread 4 ] DEBUG FXGLAssetLoaderServi - Loading from file system: jar:file:/C:/Users/acer/Downloads/fxgl-17.3-uber.jar!/fxglassets/ui/fonts/VarelaRound-Regular.ttf
19:40:24.372 [FXGL Background Thread 1 ] DEBUG FXGLApplication      - Loading default localization
19:40:24.386 [FXGL Background Thread 1 ] WARN  FXGLAssetLoaderServi - Asset "/assets/languages/englısh.lang" was not found!
19:40:24.390 [FXGL Background Thread 1 ] WARN  FXGLAssetLoaderServi - Failed to load PROPERTY_MAP
19:40:24.413 [FXGL Background Thread 1 ] INFO  FXGLApplication      - FXGL initialization took: 1,238 sec
19:40:24.455 [JavaFX Application Thread] DEBUG Input                - Registered new binding: action0 - V
19:40:24.457 [JavaFX Application Thread] DEBUG Input                - Registered new binding: Up - W
19:40:24.458 [JavaFX Application Thread] DEBUG Input                - Registered new binding: Down - S
19:40:24.458 [JavaFX Application Thread] DEBUG Input                - Registered new binding: Left - A
19:40:24.458 [JavaFX Application Thread] DEBUG Input                - Registered new binding: Right - D
19:40:24.462 [JavaFX Application Thread] DEBUG Input                - Registered new binding: Shoot Mouse - LMB
19:40:24.462 [JavaFX Application Thread] DEBUG Input                - Registered new binding: MouseRight - RMB
19:40:24.464 [JavaFX Application Thread] WARN  FXGLAssetLoaderServi - Asset "/assets/music/dans eden sincap ama epilepsi garantili (100).mp3" was not found!
19:40:24.465 [JavaFX Application Thread] WARN  FXGLAssetLoaderServi - Failed to load MUSIC
19:40:24.473 [JavaFX Application Thread] DEBUG AudioPlayer          - Playing music com.almasb.fxgl.audio.Music@7e7a580b
19:40:24.474 [JavaFX Application Thread] DEBUG FXGLAssetLoaderServi - Loading from file system: jar:file:/C:/Users/acer/Downloads/fxgl-17.3-uber.jar!/fxglassets/textures/fxgl_icon.png
19:40:24.521 [JavaFX Application Thread] DEBUG FXGLAssetLoaderServi - Loading from file system: jar:file:/C:/Users/acer/Downloads/fxgl-17.3-uber.jar!/fxglassets/textures/fxgl_default_cursor.png
19:40:24.526 [JavaFX Application Thread] DEBUG Input                - Registered new binding: Screenshot - CTRL+8
19:40:24.527 [JavaFX Application Thread] DEBUG Input                - Registered new binding: System info dump - CTRL+9
19:40:24.529 [JavaFX Application Thread] DEBUG Input                - Registered new binding: Restart - CTRL+R
19:40:24.531 [JavaFX Application Thread] DEBUG Input                - Registered new binding: Toggle Debug Camera - CTRL+7
19:40:24.541 [JavaFX Application Thread] DEBUG LoopRunner           - Starting loop
19:40:24.541 [JavaFX Application Thread] DEBUG LoopRunner           - Initializing JavaFX AnimationTimerLoop
19:40:24.548 [JavaFX Application Thread] DEBUG Input                - Clearing active input actions
19:40:24.567 [JavaFX Application Thread] DEBUG GameApplicationServi - Removing overlay from FXGLStartupScene and adding to FXGLMainMenuDummyScene
19:40:24.592 [JavaFX Application Thread] DEBUG PrimaryStageWindow   - FXGLStartupScene -> FXGLMainMenuDummyScene
19:40:24.593 [JavaFX Application Thread] DEBUG PrimaryStageWindow   - Push state: SpaceGameMainMenu
19:40:24.593 [JavaFX Application Thread] DEBUG Input                - Clearing active input actions
19:40:24.611 [JavaFX Application Thread] DEBUG GameApplicationServi - Removing overlay from FXGLMainMenuDummyScene and adding to SpaceGameMainMenu
19:40:24.622 [FXGL Background Thread 4 ] DEBUG FXGLAssetLoaderServi - Loading from file system: jar:file:/C:/Users/acer/Downloads/fxgl-17.3-uber.jar!/fxglassets/ui/fonts/Abel-Regular.ttf
19:40:24.628 [JavaFX Application Thread] DEBUG PrimaryStageWindow   - FXGLMainMenuDummyScene -> SpaceGameMainMenu
19:40:24.630 [FXGL Background Thread 4 ] DEBUG FXGLAssetLoaderServi - Loading from file system: jar:file:/C:/Users/acer/Downloads/fxgl-17.3-uber.jar!/fxglassets/ui/fonts/TerminalLandMono-Regular.otf
19:40:24.638 [FXGL Background Thread 4 ] DEBUG FXGLAssetLoaderServi - Loading from file system: jar:file:/C:/Users/acer/Downloads/fxgl-17.3-uber.jar!/fxglassets/ui/fonts/Courier-Prime.ttf
19:40:24.762 [JavaFX Application Thread] DEBUG FXGLApplication      - Registering font factories with UI factory
19:40:26.456 [JavaFX Application Thread] DEBUG Menu                 - fireNewGame()
19:40:26.456 [JavaFX Application Thread] DEBUG GameApplicationServi - Starting new game
19:40:26.457 [JavaFX Application Thread] DEBUG PrimaryStageWindow   - Pop state: SpaceGameMainMenu
19:40:26.457 [JavaFX Application Thread] DEBUG Input                - Clearing active input actions
19:40:26.460 [JavaFX Application Thread] DEBUG GameApplicationServi - Removing overlay from SpaceGameMainMenu and adding to FXGLMainMenuDummyScene
19:40:26.462 [JavaFX Application Thread] DEBUG PrimaryStageWindow   - FXGLMainMenuDummyScene <- SpaceGameMainMenu
19:40:26.463 [JavaFX Application Thread] DEBUG Input                - Clearing active input actions
19:40:26.491 [JavaFX Application Thread] DEBUG GameApplicationServi - Removing overlay from FXGLMainMenuDummyScene and adding to FXGLLoadingScene
19:40:26.494 [JavaFX Application Thread] DEBUG PrimaryStageWindow   - FXGLMainMenuDummyScene -> FXGLLoadingScene
19:40:26.495 [JavaFX Application Thread] DEBUG GameApplicationServi - Clearing previous game
19:40:26.495 [JavaFX Application Thread] DEBUG GameScene            - Clearing game scene
19:40:26.495 [JavaFX Application Thread] DEBUG GameWorld            - Clearing game world
19:40:26.495 [JavaFX Application Thread] DEBUG PhysicsWorld         - Clearing physics world
19:40:26.499 [FXGL Background Thread 4 ] DEBUG FXGLApplication      - Initializing game
19:40:26.523 [FXGL Background Thread 4 ] DEBUG FXGLAssetLoaderServi - Loading from file system: file:/C:/Users/acer/AppData/Roaming/Code/User/workspaceStorage/d4e31cc48637789aafa6fe6833a8970c/redhat.java/jdt_ws/CS102PROJECT_F-NAL-5_d3382592/bin/assets/textures/Bomb.png
19:40:26.527 [FXGL Background Thread 4 ] DEBUG FXGLAssetLoaderServi - Loading from file system: file:/C:/Users/acer/AppData/Roaming/Code/User/workspaceStorage/d4e31cc48637789aafa6fe6833a8970c/redhat.java/jdt_ws/CS102PROJECT_F-NAL-5_d3382592/bin/assets/textures/Bullet.png
19:40:26.545 [FXGL Background Thread 4 ] DEBUG FXGLAssetLoaderServi - Loading from file system: file:/C:/Users/acer/AppData/Roaming/Code/User/workspaceStorage/d4e31cc48637789aafa6fe6833a8970c/redhat.java/jdt_ws/CS102PROJECT_F-NAL-5_d3382592/bin/assets/textures/WingedAlien.png
19:40:26.575 [FXGL Background Thread 4 ] DEBUG FXGLAssetLoaderServi - Loading from file system: file:/C:/Users/acer/AppData/Roaming/Code/User/workspaceStorage/d4e31cc48637789aafa6fe6833a8970c/redhat.java/jdt_ws/CS102PROJECT_F-NAL-5_d3382592/bin/assets/textures/Bomber.png
19:40:26.593 [FXGL Background Thread 4 ] DEBUG FXGLAssetLoaderServi - Loading from file system: file:/C:/Users/acer/AppData/Roaming/Code/User/workspaceStorage/d4e31cc48637789aafa6fe6833a8970c/redhat.java/jdt_ws/CS102PROJECT_F-NAL-5_d3382592/bin/assets/textures/Boss.png
19:40:26.655 [FXGL Background Thread 4 ] DEBUG FXGLAssetLoaderServi - Loading from file system: file:/C:/Users/acer/AppData/Roaming/Code/User/workspaceStorage/d4e31cc48637789aafa6fe6833a8970c/redhat.java/jdt_ws/CS102PROJECT_F-NAL-5_d3382592/bin/assets/textures/AmongUs.png
19:40:26.697 [FXGL Background Thread 4 ] DEBUG FXGLAssetLoaderServi - Loading from file system: file:/C:/Users/acer/AppData/Roaming/Code/User/workspaceStorage/d4e31cc48637789aafa6fe6833a8970c/redhat.java/jdt_ws/CS102PROJECT_F-NAL-5_d3382592/bin/assets/textures/background/bg_0.png
19:40:27.246 [FXGL Background Thread 4 ] DEBUG FXGLAssetLoaderServi - Loading from file system: file:/C:/Users/acer/AppData/Roaming/Code/User/workspaceStorage/d4e31cc48637789aafa6fe6833a8970c/redhat.java/jdt_ws/CS102PROJECT_F-NAL-5_d3382592/bin/assets/textures/front.png
19:40:27.365 [FXGL Background Thread 3 ] DEBUG Engine               - Logging environment variables
19:40:27.367 [FXGL Background Thread 3 ] DEBUG Engine               - achievements: []
19:40:27.367 [FXGL Background Thread 3 ] DEBUG Engine               - actualHeight: 864.0
19:40:27.368 [FXGL Background Thread 3 ] DEBUG Engine               - actualHeightProperty: ReadOnlyDoubleProperty [value: 864.0]
19:40:27.368 [FXGL Background Thread 3 ] DEBUG Engine               - actualWidth: 1536.0
19:40:27.368 [FXGL Background Thread 3 ] DEBUG Engine               - actualWidthProperty: ReadOnlyDoubleProperty [value: 1536.0]
19:40:27.368 [FXGL Background Thread 3 ] DEBUG Engine               - appIcon: fxgl_icon.png
19:40:27.368 [FXGL Background Thread 3 ] DEBUG Engine               - applicationMode: DEVELOPER
19:40:27.369 [FXGL Background Thread 3 ] DEBUG Engine               - cSSList: [fxgl_dark.css]
19:40:27.369 [FXGL Background Thread 3 ] DEBUG Engine               - collisionDetectionStrategy: GRID_INDEXING
19:40:27.369 [FXGL Background Thread 3 ] DEBUG Engine               - configClass: Optional.empty
19:40:27.369 [FXGL Background Thread 3 ] DEBUG Engine               - credits: []
19:40:27.370 [FXGL Background Thread 3 ] DEBUG Engine               - defaultCursor: CursorInfo(imageName=fxgl_default_cursor.png, hotspotX=7.0, hotspotY=6.0)
19:40:27.371 [FXGL Background Thread 3 ] DEBUG Engine               - devBBoxColorProperty: ObjectProperty [value: 0xff0000ff]
19:40:27.371 [FXGL Background Thread 3 ] DEBUG Engine               - devEnableDebugCameraProperty: BooleanProperty [value: false]
19:40:27.371 [FXGL Background Thread 3 ] DEBUG Engine               - devSensorColorProperty: ObjectProperty [value: 0xffff00ff]
19:40:27.371 [FXGL Background Thread 3 ] DEBUG Engine               - devShowBBoxProperty: BooleanProperty [value: false]
19:40:27.371 [FXGL Background Thread 3 ] DEBUG Engine               - devShowPositionProperty: BooleanProperty [value: false]
19:40:27.372 [FXGL Background Thread 3 ] DEBUG Engine               - enabledMenuItems: []
19:40:27.373 [FXGL Background Thread 3 ] DEBUG Engine               - engineServices: [class com.almasb.fxgl.app.services.FXGLAssetLoaderService, class com.almasb.fxgl.app.FXGLApplication$GameApplicationService, class com.almasb.fxgl.app.services.FXGLDialogService, class com.almasb.fxgl.app.services.IOTaskExecutorService, class com.almasb.fxgl.io.FileSystemService, class com.almasb.fxgl.localization.LocalizationService, class com.almasb.fxgl.app.services.SystemBundleService, class com.almasb.fxgl.profile.SaveLoadService, class com.almasb.fxgl.ui.FXGLUIFactoryServiceProvider, class com.almasb.fxgl.ui.FXGLDialogFactoryServiceProvider, class com.almasb.fxgl.audio.AudioPlayer, class com.almasb.fxgl.notification.impl.NotificationServiceProvider, class com.almasb.fxgl.achievement.AchievementService, class com.almasb.fxgl.cutscene.CutsceneService, class com.almasb.fxgl.minigames.MiniGameService, class com.almasb.fxgl.net.NetService, class com.almasb.fxgl.app.services.UpdaterService, class com.almasb.fxgl.dev.DevService, class main.spacegame.service.HighScoreService, class main.spacegame.level.LevelService, class com.almasb.fxgl.dev.profiling.ProfilerService]
19:40:27.373 [FXGL Background Thread 3 ] DEBUG Engine               - fontGame: Abel-Regular.ttf
19:40:27.374 [FXGL Background Thread 3 ] DEBUG Engine               - fontMono: TerminalLandMono-Regular.otf
19:40:27.374 [FXGL Background Thread 3 ] DEBUG Engine               - fontSizeScaleUI: 1.0
19:40:27.374 [FXGL Background Thread 3 ] DEBUG Engine               - fontText: Courier-Prime.ttf
19:40:27.374 [FXGL Background Thread 3 ] DEBUG Engine               - fontUI: VarelaRound-Regular.ttf
19:40:27.374 [FXGL Background Thread 3 ] DEBUG Engine               - fullScreen: BooleanProperty [value: true]
19:40:27.374 [FXGL Background Thread 3 ] DEBUG Engine               - gameDifficulty: MEDIUM
19:40:27.374 [FXGL Background Thread 3 ] DEBUG Engine               - gameDifficultyProperty: ObjectProperty [value: MEDIUM]
19:40:27.375 [FXGL Background Thread 3 ] DEBUG Engine               - globalMusicVolume: 0.5
19:40:27.375 [FXGL Background Thread 3 ] DEBUG Engine               - globalMusicVolumeProperty: DoubleProperty [value: 0.7]
19:40:27.375 [FXGL Background Thread 3 ] DEBUG Engine               - globalSoundVolume: 0.5
19:40:27.375 [FXGL Background Thread 3 ] DEBUG Engine               - globalSoundVolumeProperty: DoubleProperty [value: 0.7]
19:40:27.375 [FXGL Background Thread 3 ] DEBUG Engine               - height: 1080
19:40:27.375 [FXGL Background Thread 3 ] DEBUG Engine               - is3D: false
19:40:27.375 [FXGL Background Thread 3 ] DEBUG Engine               - isAndroid: false
19:40:27.376 [FXGL Background Thread 3 ] DEBUG Engine               - isBrowser: false
19:40:27.376 [FXGL Background Thread 3 ] DEBUG Engine               - isClickFeedbackEnabled: false
19:40:27.376 [FXGL Background Thread 3 ] DEBUG Engine               - isCloseConfirmation: false
19:40:27.376 [FXGL Background Thread 3 ] DEBUG Engine               - isDesktop: true
19:40:27.376 [FXGL Background Thread 3 ] DEBUG Engine               - isDeveloperMenuEnabled: false
19:40:27.376 [FXGL Background Thread 3 ] DEBUG Engine               - isEmbedded: false
19:40:27.376 [FXGL Background Thread 3 ] DEBUG Engine               - isEntityPreloadEnabled: true
19:40:27.376 [FXGL Background Thread 3 ] DEBUG Engine               - isExperimentalTiledLargeMap: false
19:40:27.377 [FXGL Background Thread 3 ] DEBUG Engine               - isFileSystemWriteAllowed: true
19:40:27.377 [FXGL Background Thread 3 ] DEBUG Engine               - isFullScreenAllowed: true
19:40:27.377 [FXGL Background Thread 3 ] DEBUG Engine               - isFullScreenFromStart: true
19:40:27.377 [FXGL Background Thread 3 ] DEBUG Engine               - isGameMenuEnabled: true
19:40:27.377 [FXGL Background Thread 3 ] DEBUG Engine               - isIOS: false
19:40:27.377 [FXGL Background Thread 3 ] DEBUG Engine               - isIntroEnabled: false
19:40:27.377 [FXGL Background Thread 3 ] DEBUG Engine               - isLinux: false
19:40:27.377 [FXGL Background Thread 3 ] DEBUG Engine               - isMac: false
19:40:27.377 [FXGL Background Thread 3 ] DEBUG Engine               - isMainMenuEnabled: true
19:40:27.377 [FXGL Background Thread 3 ] DEBUG Engine               - isManualResizeEnabled: false
19:40:27.378 [FXGL Background Thread 3 ] DEBUG Engine               - isMobile: false
19:40:27.378 [FXGL Background Thread 3 ] DEBUG Engine               - isNative: false
19:40:27.378 [FXGL Background Thread 3 ] DEBUG Engine               - isPauseMusicWhenMinimized: true
19:40:27.378 [FXGL Background Thread 3 ] DEBUG Engine               - isPreserveResizeRatio: false
19:40:27.378 [FXGL Background Thread 3 ] DEBUG Engine               - isProfilingEnabled: true
19:40:27.378 [FXGL Background Thread 3 ] DEBUG Engine               - isScaleAffectedOnResize: true
19:40:27.378 [FXGL Background Thread 3 ] DEBUG Engine               - isSingleStep: false
19:40:27.378 [FXGL Background Thread 3 ] DEBUG Engine               - isUserProfileEnabled: false
19:40:27.378 [FXGL Background Thread 3 ] DEBUG Engine               - isWindows: true
19:40:27.379 [FXGL Background Thread 3 ] DEBUG Engine               - language: ObjectProperty [value: ENGLISH]
19:40:27.379 [FXGL Background Thread 3 ] DEBUG Engine               - menuKey: ESCAPE
19:40:27.379 [FXGL Background Thread 3 ] DEBUG Engine               - mouseSensitivity: 0.2
19:40:27.379 [FXGL Background Thread 3 ] DEBUG Engine               - notificationViewClass: class com.almasb.fxgl.notification.view.XboxNotificationView
19:40:27.379 [FXGL Background Thread 3 ] DEBUG Engine               - pixelsPerMeter: 50.0
19:40:27.379 [FXGL Background Thread 3 ] DEBUG Engine               - platform: WINDOWS
19:40:27.379 [FXGL Background Thread 3 ] DEBUG Engine               - prefHeightProperty: ReadOnlyDoubleProperty [value: 1080.0]
19:40:27.379 [FXGL Background Thread 3 ] DEBUG Engine               - prefWidthProperty: ReadOnlyDoubleProperty [value: 1920.0]
19:40:27.379 [FXGL Background Thread 3 ] DEBUG Engine               - profileDir: profiles/
19:40:27.380 [FXGL Background Thread 3 ] DEBUG Engine               - profileName: StringProperty [value: DEFAULT]
19:40:27.380 [FXGL Background Thread 3 ] DEBUG Engine               - randomSeed: -1
19:40:27.381 [FXGL Background Thread 3 ] DEBUG Engine               - runtimeInfo: RuntimeInfo(platform=WINDOWS, version=17.3, build=30.03.2023 11.54)
19:40:27.381 [FXGL Background Thread 3 ] DEBUG Engine               - saveFileExt: sav
19:40:27.381 [FXGL Background Thread 3 ] DEBUG Engine               - scaledHeightProp$fxgl: DoubleProperty [bound, value: 864.0]
19:40:27.381 [FXGL Background Thread 3 ] DEBUG Engine               - scaledWidthProp$fxgl: DoubleProperty [bound, value: 1536.0]
19:40:27.382 [FXGL Background Thread 3 ] DEBUG Engine               - sceneFactory: main.spacegame.SpaceGameApp$1@5a5ca788
19:40:27.382 [FXGL Background Thread 3 ] DEBUG Engine               - secondsIn24h: 60
19:40:27.382 [FXGL Background Thread 3 ] DEBUG Engine               - soundMenuBack: menu/back.wav
19:40:27.382 [FXGL Background Thread 3 ] DEBUG Engine               - soundMenuPress: menu/press.wav
19:40:27.382 [FXGL Background Thread 3 ] DEBUG Engine               - soundMenuSelect: menu/select.wav
19:40:27.382 [FXGL Background Thread 3 ] DEBUG Engine               - soundNotification: core/notification.wav
19:40:27.382 [FXGL Background Thread 3 ] DEBUG Engine               - stageStyle: DECORATED
19:40:27.382 [FXGL Background Thread 3 ] DEBUG Engine               - supportedLanguages: [ENGLISH, FRENCH, GERMAN, HUNGARIAN, RUSSIAN]
19:40:27.382 [FXGL Background Thread 3 ] DEBUG Engine               - ticksPerSecond: -1
19:40:27.383 [FXGL Background Thread 3 ] DEBUG Engine               - title: Space_Game
19:40:27.383 [FXGL Background Thread 3 ] DEBUG Engine               - urlGithub: https://github.com/AlmasB/FXGL
19:40:27.383 [FXGL Background Thread 3 ] DEBUG Engine               - urlLeaderboard: http://fxgl-top.herokuapp.com/
19:40:27.383 [FXGL Background Thread 3 ] DEBUG Engine               - urlPOM: https://raw.githubusercontent.com/AlmasB/FXGL/release/README.md
19:40:27.383 [FXGL Background Thread 3 ] DEBUG Engine               - userAppClass: class main.spacegame.SpaceGameApp
19:40:27.383 [FXGL Background Thread 3 ] DEBUG Engine               - version: 1.0
19:40:27.383 [FXGL Background Thread 3 ] DEBUG Engine               - versionCheckDays: 7
19:40:27.383 [FXGL Background Thread 3 ] DEBUG Engine               - width: 1920
19:40:27.383 [FXGL Background Thread 3 ] DEBUG Engine               - Logging services
19:40:27.383 [FXGL Background Thread 3 ] DEBUG Engine               - class com.almasb.fxgl.app.services.FXGLAssetLoaderService
19:40:27.384 [FXGL Background Thread 3 ] DEBUG Engine               - class com.almasb.fxgl.app.FXGLApplication$GameApplicationService
19:40:27.384 [FXGL Background Thread 3 ] DEBUG Engine               - class com.almasb.fxgl.app.services.FXGLDialogService
19:40:27.384 [FXGL Background Thread 3 ] DEBUG Engine               - class com.almasb.fxgl.app.services.IOTaskExecutorService
19:40:27.384 [FXGL Background Thread 3 ] DEBUG Engine               - class com.almasb.fxgl.io.FileSystemService
19:40:27.384 [FXGL Background Thread 3 ] DEBUG Engine               - class com.almasb.fxgl.localization.LocalizationService
19:40:27.384 [FXGL Background Thread 3 ] DEBUG Engine               - class com.almasb.fxgl.app.services.SystemBundleService
19:40:27.384 [FXGL Background Thread 3 ] DEBUG Engine               - class com.almasb.fxgl.profile.SaveLoadService
19:40:27.384 [FXGL Background Thread 3 ] DEBUG Engine               - class com.almasb.fxgl.ui.FXGLUIFactoryServiceProvider
19:40:27.384 [FXGL Background Thread 3 ] DEBUG Engine               - class com.almasb.fxgl.ui.FXGLDialogFactoryServiceProvider
19:40:27.385 [FXGL Background Thread 3 ] DEBUG Engine               - class com.almasb.fxgl.audio.AudioPlayer
19:40:27.385 [FXGL Background Thread 3 ] DEBUG Engine               - class com.almasb.fxgl.notification.impl.NotificationServiceProvider
19:40:27.385 [FXGL Background Thread 3 ] DEBUG Engine               - class com.almasb.fxgl.achievement.AchievementService
19:40:27.385 [FXGL Background Thread 3 ] DEBUG Engine               - class com.almasb.fxgl.cutscene.CutsceneService
19:40:27.385 [FXGL Background Thread 3 ] DEBUG Engine               - class com.almasb.fxgl.minigames.MiniGameService
19:40:27.385 [FXGL Background Thread 3 ] DEBUG Engine               - class com.almasb.fxgl.net.NetService
19:40:27.385 [FXGL Background Thread 3 ] DEBUG Engine               - class com.almasb.fxgl.app.services.UpdaterService
19:40:27.385 [FXGL Background Thread 3 ] DEBUG Engine               - class com.almasb.fxgl.dev.DevService
19:40:27.385 [FXGL Background Thread 3 ] DEBUG Engine               - class main.spacegame.service.HighScoreService
19:40:27.385 [FXGL Background Thread 3 ] DEBUG Engine               - class main.spacegame.level.LevelService
19:40:27.386 [FXGL Background Thread 3 ] DEBUG Engine               - class com.almasb.fxgl.dev.profiling.ProfilerService
19:40:27.510 [FXGL Background Thread 4 ] DEBUG FXGLAssetLoaderServi - Loading from file system: file:/C:/Users/acer/AppData/Roaming/Code/User/workspaceStorage/d4e31cc48637789aafa6fe6833a8970c/redhat.java/jdt_ws/CS102PROJECT_F-NAL-5_d3382592/bin/assets/textures/front.png
19:40:27.527 [FXGL Background Thread 4 ] INFO  FXGLApplication      - Game initialization took: 1,028 sec
19:40:27.529 [JavaFX Application Thread] DEBUG Input                - Clearing active input actions
19:40:27.570 [JavaFX Application Thread] DEBUG GameApplicationServi - Removing overlay from FXGLLoadingScene and adding to GameScene
19:40:27.572 [JavaFX Application Thread] DEBUG PrimaryStageWindow   - FXGLLoadingScene -> GameScene
19:40:35.316 [JavaFX Application Thread] DEBUG PrimaryStageWindow   - Push state: SpaceGamePauseMenu
19:40:35.316 [JavaFX Application Thread] DEBUG Input                - Clearing active input actions
19:40:35.317 [JavaFX Application Thread] DEBUG GameApplicationServi - Removing overlay from GameScene and adding to SpaceGamePauseMenu
19:40:35.318 [JavaFX Application Thread] DEBUG PrimaryStageWindow   - GameScene -> SpaceGamePauseMenu
19:40:41.964 [JavaFX Application Thread] DEBUG Menu                 - fireNewGame()
19:40:41.964 [JavaFX Application Thread] DEBUG GameApplicationServi - Starting new game
19:40:41.964 [JavaFX Application Thread] DEBUG PrimaryStageWindow   - Pop state: SpaceGamePauseMenu
19:40:41.965 [JavaFX Application Thread] DEBUG Input                - Clearing active input actions
19:40:41.965 [JavaFX Application Thread] DEBUG GameApplicationServi - Removing overlay from SpaceGamePauseMenu and adding to GameScene
19:40:41.966 [JavaFX Application Thread] DEBUG PrimaryStageWindow   - GameScene <- SpaceGamePauseMenu
19:40:41.966 [JavaFX Application Thread] DEBUG Input                - Clearing active input actions
19:40:41.984 [JavaFX Application Thread] DEBUG GameApplicationServi - Removing overlay from GameScene and adding to FXGLLoadingScene
19:40:41.987 [JavaFX Application Thread] DEBUG PrimaryStageWindow   - GameScene -> FXGLLoadingScene
19:40:41.987 [JavaFX Application Thread] DEBUG GameApplicationServi - Clearing previous game
19:40:41.987 [JavaFX Application Thread] DEBUG GameScene            - Clearing game scene
19:40:41.987 [JavaFX Application Thread] DEBUG GameWorld            - Clearing game world
19:40:42.016 [JavaFX Application Thread] DEBUG PhysicsWorld         - Clearing physics world
19:40:42.018 [FXGL Background Thread 4 ] DEBUG FXGLApplication      - Initializing game
19:40:42.079 [FXGL Background Thread 4 ] INFO  FXGLApplication      - Game initialization took: 0,060 sec
19:40:42.081 [JavaFX Application Thread] DEBUG Input                - Clearing active input actions
19:40:42.097 [JavaFX Application Thread] DEBUG GameApplicationServi - Removing overlay from FXGLLoadingScene and adding to GameScene
19:40:42.099 [JavaFX Application Thread] DEBUG PrimaryStageWindow   - FXGLLoadingScene -> GameScene
19:40:42.669 [JavaFX Application Thread] DEBUG PrimaryStageWindow   - Push state: SpaceGamePauseMenu
19:40:42.669 [JavaFX Application Thread] DEBUG Input                - Clearing active input actions
19:40:42.671 [JavaFX Application Thread] DEBUG GameApplicationServi - Removing overlay from GameScene and adding to SpaceGamePauseMenu
19:40:42.671 [JavaFX Application Thread] DEBUG PrimaryStageWindow   - GameScene -> SpaceGamePauseMenu
19:40:43.250 [JavaFX Application Thread] DEBUG PrimaryStageWindow   - Pop state: SpaceGamePauseMenu
19:40:43.250 [JavaFX Application Thread] DEBUG Input                - Clearing active input actions
19:40:43.251 [JavaFX Application Thread] DEBUG GameApplicationServi - Removing overlay from SpaceGamePauseMenu and adding to GameScene
19:40:43.251 [JavaFX Application Thread] DEBUG PrimaryStageWindow   - GameScene <- SpaceGamePauseMenu
19:40:46.730 [FXGL Background Thread 2 ] WARN  UpdaterService       - Failed to find updates: java.net.SocketException: Bağlanılan uygun olarak belli bir süre içinde yanıt vermediğinden veya kurulan
bağlantı bağlanılan ana bilgisayar yanıt vermediğinden bir bağlantı kurulamadı
19:40:58.031 [JavaFX Application Thread] DEBUG LoopRunner           - Stopping loop
19:40:58.034 [JavaFX Application Thread] FATAL FXGLApplication      - Uncaught Exception:
java.lang.IndexOutOfBoundsException: Index: 0, Size: 0
	at com.almasb.fxgl.core.collection.Array.checkRange(Array.java:612)
	at com.almasb.fxgl.core.collection.Array.get(Array.java:165)
	at main.spacegame.level.Level.onUpdate(Level.java:52)
	at main.spacegame.level.LevelService.onGameUpdate(LevelService.java:29)
	at com.almasb.fxgl.app.Engine.onGameUpdate(Engine.kt:138)
	at com.almasb.fxgl.app.FXGLApplication.postServicesInit$lambda$7(FXGLApplication.kt:182)
	at com.almasb.fxgl.scene.Scene.update(Scene.kt:113)
	at com.almasb.fxgl.app.MainWindow$update$1.invoke(MainWindow.kt:115)
	at com.almasb.fxgl.app.MainWindow$update$1.invoke(MainWindow.kt:115)
	at com.almasb.fxgl.core.fsm.StateMachine.runOnActiveStates(StateMachine.kt:69)
	at com.almasb.fxgl.app.MainWindow.update(MainWindow.kt:115)
	at com.almasb.fxgl.app.FXGLApplication$GameApplicationService.onUpdate(FXGLApplication.kt:426)
	at com.almasb.fxgl.app.Engine.loop(Engine.kt:134)
	at com.almasb.fxgl.app.Engine.access$loop(Engine.kt:24)
	at com.almasb.fxgl.app.Engine$loop$1.invoke(Engine.kt:28)
	at com.almasb.fxgl.app.Engine$loop$1.invoke(Engine.kt:28)
	at com.almasb.fxgl.app.LoopRunner.frame(LoopRunner.kt:103)
	at com.almasb.fxgl.app.LoopRunner.access$frame(LoopRunner.kt:23)
	at com.almasb.fxgl.app.LoopRunner$impl$2$1.onTick(LoopRunner.kt:57)
	at com.almasb.fxgl.app.AnimationTimerLoop$timer$1.handle(LoopRunner.kt:137)
	at javafx.animation.AnimationTimer$AnimationTimerReceiver.lambda$handle$0(AnimationTimer.java:58)
	at java.base/java.security.AccessController.doPrivileged(AccessController.java:399)
	at javafx.animation.AnimationTimer$AnimationTimerReceiver.handle(AnimationTimer.java:57)
	at com.sun.scenario.animation.AbstractPrimaryTimer.timePulseImpl(AbstractPrimaryTimer.java:356)
	at com.sun.scenario.animation.AbstractPrimaryTimer$MainLoop.run(AbstractPrimaryTimer.java:266)
	at com.sun.javafx.tk.quantum.QuantumToolkit.pulse(QuantumToolkit.java:588)
	at com.sun.javafx.tk.quantum.QuantumToolkit.pulse(QuantumToolkit.java:572)
	at com.sun.javafx.tk.quantum.QuantumToolkit.pulseFromQueue(QuantumToolkit.java:565)
	at com.sun.javafx.tk.quantum.QuantumToolkit.lambda$runToolkit$11(QuantumToolkit.java:352)
	at com.sun.glass.ui.InvokeLaterDispatcher$Future.run(InvokeLaterDispatcher.java:95)
	at com.sun.glass.ui.win.WinApplication._runLoop(Native Method)
	at com.sun.glass.ui.win.WinApplication.lambda$runLoop$3(WinApplication.java:185)
	at java.base/java.lang.Thread.run(Thread.java:833)

19:40:58.044 [JavaFX Application Thread] FATAL FXGLApplication      - Application will now exit
19:40:58.131 [JavaFX Application Thread] DEBUG PrimaryStageWindow   - Push state: ErrorSubScene
19:40:58.132 [JavaFX Application Thread] DEBUG Input                - Clearing active input actions
19:40:58.147 [JavaFX Application Thread] DEBUG GameApplicationServi - Removing overlay from GameScene and adding to ErrorSubScene
19:40:58.148 [JavaFX Application Thread] DEBUG PrimaryStageWindow   - GameScene -> ErrorSubScene
19:43:02.644 [JavaFX Application Thread] DEBUG FXGLApplication      - Exiting FXGL
19:43:02.644 [JavaFX Application Thread] DEBUG Async                - Shutting down background threads
19:43:02.645 [JavaFX Application Thread] DEBUG PrimaryStageWindow   - Closing main window
19:43:02.710 [JavaFX Application Thread] DEBUG Logger               - Closing Logger
