12:17:19.860 [main                     ] DEBUG Logger               - Configured Logger
12:17:19.913 [main                     ] DEBUG GameApplication      - Logging settings
Title: Space_Game
Version: 1.0
Width: 1920
Height: 1080
Fullscreen: true
Intro: false
Profiling: true
Single step:false
App Mode: DEVELOPER
Menu Key: ESCAPE
Stage Style: DECORATED
Scene Factory: class main.spacegame.SpaceGameApp$1

12:17:20.599 [JavaFX Application Thread] DEBUG FXGLApplication      - Initializing FXGL
12:17:20.606 [JavaFX Application Thread] INFO  Engine               - FXGL-17.3 (30.03.2023 11.54) on WINDOWS (J:19.0.2 FX:20)
12:17:20.607 [JavaFX Application Thread] DEBUG Engine               - JRE Vendor Name: Oracle Corporation
12:17:20.608 [JavaFX Application Thread] DEBUG Engine               - Running on OS: Windows 10 version 10.0
12:17:20.608 [JavaFX Application Thread] DEBUG Engine               - Architecture: amd64
12:17:20.608 [JavaFX Application Thread] INFO  Engine               - Source code and latest versions at: https://github.com/AlmasB/FXGL
12:17:20.609 [JavaFX Application Thread] INFO  Engine               -       Ask questions and discuss at: https://github.com/AlmasB/FXGL/discussions
12:17:20.610 [JavaFX Application Thread] INFO  Engine               -              Join the FXGL chat at: https://gitter.im/AlmasB/FXGL
12:17:20.826 [JavaFX Application Thread] DEBUG PrimaryStageWindow   - Creating a JavaFX scene
12:17:20.827 [JavaFX Application Thread] DEBUG PrimaryStageWindow   - Target size > screen size
12:17:20.915 [JavaFX Application Thread] DEBUG PrimaryStageWindow   - Target settings size: 1920.0 x 1080.0
12:17:20.915 [JavaFX Application Thread] DEBUG PrimaryStageWindow   - Scaled scene size:    1511.0 x 864.0
12:17:20.916 [JavaFX Application Thread] DEBUG PrimaryStageWindow   - Scaled ratio: (0.7869791666666667, 0.8)
12:17:20.918 [JavaFX Application Thread] DEBUG PrimaryStageWindow   - Set initial scene to FXGLStartupScene
12:17:20.925 [JavaFX Application Thread] DEBUG PrimaryStageWindow   - Opening main window
12:17:21.070 [JavaFX Application Thread] DEBUG PrimaryStageWindow   - Window border size: (14.5999755859375, 37.5999755859375)
12:17:21.070 [JavaFX Application Thread] DEBUG PrimaryStageWindow   - Scaled size: 1511.0 x 864.0
12:17:21.071 [JavaFX Application Thread] DEBUG PrimaryStageWindow   - Scaled ratio: (0.7869791666666667, 0.8)
12:17:21.071 [JavaFX Application Thread] DEBUG PrimaryStageWindow   - Scene size: 1511.0 x 864.0
12:17:21.071 [JavaFX Application Thread] DEBUG PrimaryStageWindow   - Stage size: 1525.5999755859375 x 901.5999755859375
12:17:21.149 [JavaFX Application Thread] DEBUG PrimaryStageWindow   - Going fullscreen
12:17:21.162 [FXGL Background Thread 1 ] DEBUG Engine               - Initializing environment variables
12:17:21.245 [FXGL Background Thread 1 ] DEBUG FXGLAssetLoaderServi - User app class for loading assets: class main.spacegame.SpaceGameApp
12:17:21.245 [FXGL Background Thread 1 ] DEBUG GameApplicationServi - Applying CSS: fxgl_dark.css
12:17:21.247 [FXGL Background Thread 1 ] DEBUG FXGLAssetLoaderServi - Loading from file system: jar:file:/C:/Users/%c4%b0brahim/Downloads/fxgl-17.3-uber.jar!/fxglassets/ui/css/fxgl_dark.css
12:17:21.316 [FXGL Background Thread 1 ] DEBUG GameApplicationServi - Initializing application scenes
12:17:21.376 [FXGL Background Thread 1 ] DEBUG GameWorld            - Game world initialized
12:17:21.467 [FXGL Background Thread 1 ] DEBUG PhysicsWorld         - Physics world initialized: appHeight=1080, physics.ppm=50.0
12:17:21.468 [FXGL Background Thread 1 ] DEBUG PhysicsWorld         - Using strategy: GRID_INDEXING
12:17:21.477 [FXGL Background Thread 1 ] DEBUG GameScene            - Game scene initialized: 1920x1080
12:17:21.485 [FXGL Background Thread 1 ] DEBUG FXGLAssetLoaderServi - Loading from file system: file:/C:/Users/%c4%b0brahim/AppData/Roaming/Code/User/workspaceStorage/6801d0249deebc7c36ce787dd200b0aa/redhat.java/jdt_ws/CS102PROJECT_F-NAL_66a0183f/bin/assets/textures/mainmenu.png
12:17:21.768 [FXGL Background Thread 1 ] DEBUG FXGLAssetLoaderServi - Loading from file system: file:/C:/Users/%c4%b0brahim/AppData/Roaming/Code/User/workspaceStorage/6801d0249deebc7c36ce787dd200b0aa/redhat.java/jdt_ws/CS102PROJECT_F-NAL_66a0183f/bin/assets/textures/credits.png
12:17:21.839 [FXGL Background Thread 1 ] DEBUG FXGLAssetLoaderServi - Loading from file system: file:/C:/Users/%c4%b0brahim/AppData/Roaming/Code/User/workspaceStorage/6801d0249deebc7c36ce787dd200b0aa/redhat.java/jdt_ws/CS102PROJECT_F-NAL_66a0183f/bin/assets/textures/gameMenu.png
12:17:21.902 [FXGL Background Thread 1 ] DEBUG GameApplicationServi - Application scenes initialized
12:17:21.925 [FXGL Background Thread 1 ] DEBUG SystemBundleService  - Loading FXGL system data
12:17:21.932 [FXGL Background Thread 1 ] DEBUG FileSystemAccess     - Reading from: C:\Users\İbrahim\Desktop\CS102PROJECT_F-NAL\system\fxgl.bundle
12:17:21.951 [FXGL Background Thread 1 ] DEBUG SystemBundleService  - Bundle FXGL: {}
12:17:21.951 [FXGL Background Thread 1 ] DEBUG UpdaterService       - Checking for updates
12:17:21.989 [FXGL Background Thread 4 ] DEBUG FXGLApplication      - Loading fonts
12:17:21.990 [FXGL Background Thread 4 ] DEBUG FXGLAssetLoaderServi - Loading from file system: jar:file:/C:/Users/%c4%b0brahim/Downloads/fxgl-17.3-uber.jar!/fxglassets/ui/fonts/VarelaRound-Regular.ttf
12:17:21.992 [FXGL Background Thread 1 ] DEBUG FXGLApplication      - Loading default localization
12:17:21.995 [FXGL Background Thread 1 ] DEBUG FXGLAssetLoaderServi - Loading from file system: jar:file:/C:/Users/%c4%b0brahim/Downloads/fxgl-17.3-uber.jar!/fxglassets/languages/english.lang
12:17:22.042 [FXGL Background Thread 1 ] INFO  FXGLApplication      - FXGL initialization took: 0.879 sec
12:17:22.064 [JavaFX Application Thread] DEBUG Input                - Registered new binding: action0 - V
12:17:22.065 [JavaFX Application Thread] DEBUG Input                - Registered new binding: Up - W
12:17:22.065 [JavaFX Application Thread] DEBUG Input                - Registered new binding: Down - S
12:17:22.066 [JavaFX Application Thread] DEBUG Input                - Registered new binding: Left - A
12:17:22.066 [JavaFX Application Thread] DEBUG Input                - Registered new binding: Right - D
12:17:22.069 [JavaFX Application Thread] DEBUG Input                - Registered new binding: Shoot Mouse - LMB
12:17:22.070 [JavaFX Application Thread] DEBUG Input                - Registered new binding: MouseRight - RMB
12:17:22.071 [JavaFX Application Thread] WARN  FXGLAssetLoaderServi - Asset "/assets/music/dans eden sincap ama epilepsi garantili (100).mp3" was not found!
12:17:22.072 [JavaFX Application Thread] WARN  FXGLAssetLoaderServi - Failed to load MUSIC
12:17:22.075 [JavaFX Application Thread] DEBUG AudioPlayer          - Playing music com.almasb.fxgl.audio.Music@6765e021
12:17:22.075 [JavaFX Application Thread] DEBUG FXGLAssetLoaderServi - Loading from file system: jar:file:/C:/Users/%c4%b0brahim/Downloads/fxgl-17.3-uber.jar!/fxglassets/textures/fxgl_icon.png
12:17:22.108 [JavaFX Application Thread] DEBUG FXGLAssetLoaderServi - Loading from file system: jar:file:/C:/Users/%c4%b0brahim/Downloads/fxgl-17.3-uber.jar!/fxglassets/textures/fxgl_default_cursor.png
12:17:22.112 [JavaFX Application Thread] DEBUG Input                - Registered new binding: Screenshot - CTRL+8
12:17:22.113 [JavaFX Application Thread] DEBUG Input                - Registered new binding: System info dump - CTRL+9
12:17:22.114 [JavaFX Application Thread] DEBUG Input                - Registered new binding: Restart - CTRL+R
12:17:22.115 [JavaFX Application Thread] DEBUG Input                - Registered new binding: Toggle Debug Camera - CTRL+7
12:17:22.116 [FXGL Background Thread 4 ] DEBUG FXGLAssetLoaderServi - Loading from file system: jar:file:/C:/Users/%c4%b0brahim/Downloads/fxgl-17.3-uber.jar!/fxglassets/ui/fonts/Abel-Regular.ttf
12:17:22.121 [JavaFX Application Thread] DEBUG LoopRunner           - Starting loop
12:17:22.121 [JavaFX Application Thread] DEBUG LoopRunner           - Initializing JavaFX AnimationTimerLoop
12:17:22.122 [FXGL Background Thread 4 ] DEBUG FXGLAssetLoaderServi - Loading from file system: jar:file:/C:/Users/%c4%b0brahim/Downloads/fxgl-17.3-uber.jar!/fxglassets/ui/fonts/TerminalLandMono-Regular.otf
12:17:22.126 [JavaFX Application Thread] DEBUG Input                - Clearing active input actions
12:17:22.130 [FXGL Background Thread 4 ] DEBUG FXGLAssetLoaderServi - Loading from file system: jar:file:/C:/Users/%c4%b0brahim/Downloads/fxgl-17.3-uber.jar!/fxglassets/ui/fonts/Courier-Prime.ttf
12:17:22.142 [JavaFX Application Thread] DEBUG GameApplicationServi - Removing overlay from FXGLStartupScene and adding to FXGLMainMenuDummyScene
12:17:22.150 [JavaFX Application Thread] DEBUG PrimaryStageWindow   - FXGLStartupScene -> FXGLMainMenuDummyScene
12:17:22.150 [JavaFX Application Thread] DEBUG PrimaryStageWindow   - Push state: SpaceGameMainMenu
12:17:22.150 [JavaFX Application Thread] DEBUG Input                - Clearing active input actions
12:17:22.158 [JavaFX Application Thread] DEBUG GameApplicationServi - Removing overlay from FXGLMainMenuDummyScene and adding to SpaceGameMainMenu
12:17:22.168 [JavaFX Application Thread] DEBUG PrimaryStageWindow   - FXGLMainMenuDummyScene -> SpaceGameMainMenu
12:17:22.248 [JavaFX Application Thread] DEBUG FXGLApplication      - Registering font factories with UI factory
12:17:24.011 [JavaFX Application Thread] DEBUG Menu                 - fireNewGame()
12:17:24.012 [JavaFX Application Thread] DEBUG GameApplicationServi - Starting new game
12:17:24.012 [JavaFX Application Thread] DEBUG PrimaryStageWindow   - Pop state: SpaceGameMainMenu
12:17:24.012 [JavaFX Application Thread] DEBUG Input                - Clearing active input actions
12:17:24.014 [JavaFX Application Thread] DEBUG GameApplicationServi - Removing overlay from SpaceGameMainMenu and adding to FXGLMainMenuDummyScene
12:17:24.015 [JavaFX Application Thread] DEBUG PrimaryStageWindow   - FXGLMainMenuDummyScene <- SpaceGameMainMenu
12:17:24.016 [JavaFX Application Thread] DEBUG Input                - Clearing active input actions
12:17:24.031 [JavaFX Application Thread] DEBUG GameApplicationServi - Removing overlay from FXGLMainMenuDummyScene and adding to FXGLLoadingScene
12:17:24.036 [JavaFX Application Thread] DEBUG PrimaryStageWindow   - FXGLMainMenuDummyScene -> FXGLLoadingScene
12:17:24.036 [JavaFX Application Thread] DEBUG GameApplicationServi - Clearing previous game
12:17:24.036 [JavaFX Application Thread] DEBUG GameScene            - Clearing game scene
12:17:24.036 [JavaFX Application Thread] DEBUG GameWorld            - Clearing game world
12:17:24.036 [JavaFX Application Thread] DEBUG PhysicsWorld         - Clearing physics world
12:17:24.039 [FXGL Background Thread 2 ] DEBUG FXGLApplication      - Initializing game
12:17:24.054 [FXGL Background Thread 2 ] DEBUG FXGLAssetLoaderServi - Loading from file system: file:/C:/Users/%c4%b0brahim/AppData/Roaming/Code/User/workspaceStorage/6801d0249deebc7c36ce787dd200b0aa/redhat.java/jdt_ws/CS102PROJECT_F-NAL_66a0183f/bin/assets/textures/Bomb.png
12:17:24.058 [FXGL Background Thread 2 ] DEBUG FXGLAssetLoaderServi - Loading from file system: file:/C:/Users/%c4%b0brahim/AppData/Roaming/Code/User/workspaceStorage/6801d0249deebc7c36ce787dd200b0aa/redhat.java/jdt_ws/CS102PROJECT_F-NAL_66a0183f/bin/assets/textures/Bullet.png
12:17:24.069 [FXGL Background Thread 2 ] DEBUG FXGLAssetLoaderServi - Loading from file system: file:/C:/Users/%c4%b0brahim/AppData/Roaming/Code/User/workspaceStorage/6801d0249deebc7c36ce787dd200b0aa/redhat.java/jdt_ws/CS102PROJECT_F-NAL_66a0183f/bin/assets/textures/WingedAlien.png
12:17:24.083 [FXGL Background Thread 2 ] DEBUG FXGLAssetLoaderServi - Loading from file system: file:/C:/Users/%c4%b0brahim/AppData/Roaming/Code/User/workspaceStorage/6801d0249deebc7c36ce787dd200b0aa/redhat.java/jdt_ws/CS102PROJECT_F-NAL_66a0183f/bin/assets/textures/Bomber.png
12:17:24.097 [FXGL Background Thread 2 ] DEBUG FXGLAssetLoaderServi - Loading from file system: file:/C:/Users/%c4%b0brahim/AppData/Roaming/Code/User/workspaceStorage/6801d0249deebc7c36ce787dd200b0aa/redhat.java/jdt_ws/CS102PROJECT_F-NAL_66a0183f/bin/assets/textures/Boss.png
12:17:24.145 [FXGL Background Thread 2 ] DEBUG FXGLAssetLoaderServi - Loading from file system: file:/C:/Users/%c4%b0brahim/AppData/Roaming/Code/User/workspaceStorage/6801d0249deebc7c36ce787dd200b0aa/redhat.java/jdt_ws/CS102PROJECT_F-NAL_66a0183f/bin/assets/textures/AmongUs.png
12:17:24.175 [FXGL Background Thread 2 ] DEBUG FXGLAssetLoaderServi - Loading from file system: file:/C:/Users/%c4%b0brahim/AppData/Roaming/Code/User/workspaceStorage/6801d0249deebc7c36ce787dd200b0aa/redhat.java/jdt_ws/CS102PROJECT_F-NAL_66a0183f/bin/assets/textures/background/bg_0.png
12:17:24.454 [FXGL Background Thread 2 ] DEBUG FXGLAssetLoaderServi - Loading from file system: file:/C:/Users/%c4%b0brahim/AppData/Roaming/Code/User/workspaceStorage/6801d0249deebc7c36ce787dd200b0aa/redhat.java/jdt_ws/CS102PROJECT_F-NAL_66a0183f/bin/assets/textures/front.png
12:17:24.612 [FXGL Background Thread 2 ] DEBUG FXGLAssetLoaderServi - Loading from file system: file:/C:/Users/%c4%b0brahim/AppData/Roaming/Code/User/workspaceStorage/6801d0249deebc7c36ce787dd200b0aa/redhat.java/jdt_ws/CS102PROJECT_F-NAL_66a0183f/bin/assets/textures/front.png
12:17:24.618 [FXGL Background Thread 2 ] INFO  FXGLApplication      - Game initialization took: 0.579 sec
12:17:24.619 [JavaFX Application Thread] DEBUG Input                - Clearing active input actions
12:17:24.628 [JavaFX Application Thread] DEBUG GameApplicationServi - Removing overlay from FXGLLoadingScene and adding to GameScene
12:17:24.629 [JavaFX Application Thread] DEBUG PrimaryStageWindow   - FXGLLoadingScene -> GameScene
12:17:24.976 [FXGL Background Thread 3 ] DEBUG Engine               - Logging environment variables
12:17:24.977 [FXGL Background Thread 3 ] DEBUG Engine               - achievements: []
12:17:24.977 [FXGL Background Thread 3 ] DEBUG Engine               - actualHeight: 864.0
12:17:24.977 [FXGL Background Thread 3 ] DEBUG Engine               - actualHeightProperty: ReadOnlyDoubleProperty [value: 864.0]
12:17:24.977 [FXGL Background Thread 3 ] DEBUG Engine               - actualWidth: 1536.0
12:17:24.977 [FXGL Background Thread 3 ] DEBUG Engine               - actualWidthProperty: ReadOnlyDoubleProperty [value: 1536.0]
12:17:24.977 [FXGL Background Thread 3 ] DEBUG Engine               - appIcon: fxgl_icon.png
12:17:24.977 [FXGL Background Thread 3 ] DEBUG Engine               - applicationMode: DEVELOPER
12:17:24.977 [FXGL Background Thread 3 ] DEBUG Engine               - cSSList: [fxgl_dark.css]
12:17:24.977 [FXGL Background Thread 3 ] DEBUG Engine               - collisionDetectionStrategy: GRID_INDEXING
12:17:24.977 [FXGL Background Thread 3 ] DEBUG Engine               - configClass: Optional.empty
12:17:24.977 [FXGL Background Thread 3 ] DEBUG Engine               - credits: []
12:17:24.978 [FXGL Background Thread 3 ] DEBUG Engine               - defaultCursor: CursorInfo(imageName=fxgl_default_cursor.png, hotspotX=7.0, hotspotY=6.0)
12:17:24.978 [FXGL Background Thread 3 ] DEBUG Engine               - devBBoxColorProperty: ObjectProperty [value: 0xff0000ff]
12:17:24.978 [FXGL Background Thread 3 ] DEBUG Engine               - devEnableDebugCameraProperty: BooleanProperty [value: false]
12:17:24.978 [FXGL Background Thread 3 ] DEBUG Engine               - devSensorColorProperty: ObjectProperty [value: 0xffff00ff]
12:17:24.978 [FXGL Background Thread 3 ] DEBUG Engine               - devShowBBoxProperty: BooleanProperty [value: false]
12:17:24.978 [FXGL Background Thread 3 ] DEBUG Engine               - devShowPositionProperty: BooleanProperty [value: false]
12:17:24.978 [FXGL Background Thread 3 ] DEBUG Engine               - enabledMenuItems: []
12:17:24.979 [FXGL Background Thread 3 ] DEBUG Engine               - engineServices: [class com.almasb.fxgl.app.services.FXGLAssetLoaderService, class com.almasb.fxgl.app.FXGLApplication$GameApplicationService, class com.almasb.fxgl.app.services.FXGLDialogService, class com.almasb.fxgl.app.services.IOTaskExecutorService, class com.almasb.fxgl.io.FileSystemService, class com.almasb.fxgl.localization.LocalizationService, class com.almasb.fxgl.app.services.SystemBundleService, class com.almasb.fxgl.profile.SaveLoadService, class com.almasb.fxgl.ui.FXGLUIFactoryServiceProvider, class com.almasb.fxgl.ui.FXGLDialogFactoryServiceProvider, class com.almasb.fxgl.audio.AudioPlayer, class com.almasb.fxgl.notification.impl.NotificationServiceProvider, class com.almasb.fxgl.achievement.AchievementService, class com.almasb.fxgl.cutscene.CutsceneService, class com.almasb.fxgl.minigames.MiniGameService, class com.almasb.fxgl.net.NetService, class com.almasb.fxgl.app.services.UpdaterService, class com.almasb.fxgl.dev.DevService, class main.spacegame.service.HighScoreService, class main.spacegame.service.LevelPressureService, class main.spacegame.level.LevelService, class com.almasb.fxgl.dev.profiling.ProfilerService]
12:17:24.979 [FXGL Background Thread 3 ] DEBUG Engine               - fontGame: Abel-Regular.ttf
12:17:24.979 [FXGL Background Thread 3 ] DEBUG Engine               - fontMono: TerminalLandMono-Regular.otf
12:17:24.979 [FXGL Background Thread 3 ] DEBUG Engine               - fontSizeScaleUI: 1.0
12:17:24.979 [FXGL Background Thread 3 ] DEBUG Engine               - fontText: Courier-Prime.ttf
12:17:24.979 [FXGL Background Thread 3 ] DEBUG Engine               - fontUI: VarelaRound-Regular.ttf
12:17:24.979 [FXGL Background Thread 3 ] DEBUG Engine               - fullScreen: BooleanProperty [value: true]
12:17:24.979 [FXGL Background Thread 3 ] DEBUG Engine               - gameDifficulty: MEDIUM
12:17:24.979 [FXGL Background Thread 3 ] DEBUG Engine               - gameDifficultyProperty: ObjectProperty [value: MEDIUM]
12:17:24.979 [FXGL Background Thread 3 ] DEBUG Engine               - globalMusicVolume: 0.5
12:17:24.979 [FXGL Background Thread 3 ] DEBUG Engine               - globalMusicVolumeProperty: DoubleProperty [value: 0.7]
12:17:24.979 [FXGL Background Thread 3 ] DEBUG Engine               - globalSoundVolume: 0.5
12:17:24.979 [FXGL Background Thread 3 ] DEBUG Engine               - globalSoundVolumeProperty: DoubleProperty [value: 0.7]
12:17:24.979 [FXGL Background Thread 3 ] DEBUG Engine               - height: 1080
12:17:24.979 [FXGL Background Thread 3 ] DEBUG Engine               - is3D: false
12:17:24.979 [FXGL Background Thread 3 ] DEBUG Engine               - isAndroid: false
12:17:24.979 [FXGL Background Thread 3 ] DEBUG Engine               - isBrowser: false
12:17:24.979 [FXGL Background Thread 3 ] DEBUG Engine               - isClickFeedbackEnabled: false
12:17:24.979 [FXGL Background Thread 3 ] DEBUG Engine               - isCloseConfirmation: false
12:17:24.979 [FXGL Background Thread 3 ] DEBUG Engine               - isDesktop: true
12:17:24.979 [FXGL Background Thread 3 ] DEBUG Engine               - isDeveloperMenuEnabled: false
12:17:24.980 [FXGL Background Thread 3 ] DEBUG Engine               - isEmbedded: false
12:17:24.980 [FXGL Background Thread 3 ] DEBUG Engine               - isEntityPreloadEnabled: true
12:17:24.980 [FXGL Background Thread 3 ] DEBUG Engine               - isExperimentalTiledLargeMap: false
12:17:24.980 [FXGL Background Thread 3 ] DEBUG Engine               - isFileSystemWriteAllowed: true
12:17:24.980 [FXGL Background Thread 3 ] DEBUG Engine               - isFullScreenAllowed: true
12:17:24.980 [FXGL Background Thread 3 ] DEBUG Engine               - isFullScreenFromStart: true
12:17:24.980 [FXGL Background Thread 3 ] DEBUG Engine               - isGameMenuEnabled: true
12:17:24.980 [FXGL Background Thread 3 ] DEBUG Engine               - isIOS: false
12:17:24.980 [FXGL Background Thread 3 ] DEBUG Engine               - isIntroEnabled: false
12:17:24.980 [FXGL Background Thread 3 ] DEBUG Engine               - isLinux: false
12:17:24.980 [FXGL Background Thread 3 ] DEBUG Engine               - isMac: false
12:17:24.980 [FXGL Background Thread 3 ] DEBUG Engine               - isMainMenuEnabled: true
12:17:24.980 [FXGL Background Thread 3 ] DEBUG Engine               - isManualResizeEnabled: false
12:17:24.980 [FXGL Background Thread 3 ] DEBUG Engine               - isMobile: false
12:17:24.980 [FXGL Background Thread 3 ] DEBUG Engine               - isNative: false
12:17:24.980 [FXGL Background Thread 3 ] DEBUG Engine               - isPauseMusicWhenMinimized: true
12:17:24.980 [FXGL Background Thread 3 ] DEBUG Engine               - isPreserveResizeRatio: false
12:17:24.980 [FXGL Background Thread 3 ] DEBUG Engine               - isProfilingEnabled: true
12:17:24.980 [FXGL Background Thread 3 ] DEBUG Engine               - isScaleAffectedOnResize: true
12:17:24.980 [FXGL Background Thread 3 ] DEBUG Engine               - isSingleStep: false
12:17:24.980 [FXGL Background Thread 3 ] DEBUG Engine               - isUserProfileEnabled: false
12:17:24.980 [FXGL Background Thread 3 ] DEBUG Engine               - isWindows: true
12:17:24.980 [FXGL Background Thread 3 ] DEBUG Engine               - language: ObjectProperty [value: ENGLISH]
12:17:24.980 [FXGL Background Thread 3 ] DEBUG Engine               - menuKey: ESCAPE
12:17:24.980 [FXGL Background Thread 3 ] DEBUG Engine               - mouseSensitivity: 0.2
12:17:24.980 [FXGL Background Thread 3 ] DEBUG Engine               - notificationViewClass: class com.almasb.fxgl.notification.view.XboxNotificationView
12:17:24.980 [FXGL Background Thread 3 ] DEBUG Engine               - pixelsPerMeter: 50.0
12:17:24.980 [FXGL Background Thread 3 ] DEBUG Engine               - platform: WINDOWS
12:17:24.980 [FXGL Background Thread 3 ] DEBUG Engine               - prefHeightProperty: ReadOnlyDoubleProperty [value: 1080.0]
12:17:24.981 [FXGL Background Thread 3 ] DEBUG Engine               - prefWidthProperty: ReadOnlyDoubleProperty [value: 1920.0]
12:17:24.981 [FXGL Background Thread 3 ] DEBUG Engine               - profileDir: profiles/
12:17:24.981 [FXGL Background Thread 3 ] DEBUG Engine               - profileName: StringProperty [value: DEFAULT]
12:17:24.981 [FXGL Background Thread 3 ] DEBUG Engine               - randomSeed: -1
12:17:24.981 [FXGL Background Thread 3 ] DEBUG Engine               - runtimeInfo: RuntimeInfo(platform=WINDOWS, version=17.3, build=30.03.2023 11.54)
12:17:24.981 [FXGL Background Thread 3 ] DEBUG Engine               - saveFileExt: sav
12:17:24.981 [FXGL Background Thread 3 ] DEBUG Engine               - scaledHeightProp$fxgl: DoubleProperty [bound, value: 864.0]
12:17:24.981 [FXGL Background Thread 3 ] DEBUG Engine               - scaledWidthProp$fxgl: DoubleProperty [bound, value: 1536.0]
12:17:24.981 [FXGL Background Thread 3 ] DEBUG Engine               - sceneFactory: main.spacegame.SpaceGameApp$1@4154fd09
12:17:24.981 [FXGL Background Thread 3 ] DEBUG Engine               - secondsIn24h: 60
12:17:24.981 [FXGL Background Thread 3 ] DEBUG Engine               - soundMenuBack: menu/back.wav
12:17:24.981 [FXGL Background Thread 3 ] DEBUG Engine               - soundMenuPress: menu/press.wav
12:17:24.982 [FXGL Background Thread 3 ] DEBUG Engine               - soundMenuSelect: menu/select.wav
12:17:24.982 [FXGL Background Thread 3 ] DEBUG Engine               - soundNotification: core/notification.wav
12:17:24.982 [FXGL Background Thread 3 ] DEBUG Engine               - stageStyle: DECORATED
12:17:24.982 [FXGL Background Thread 3 ] DEBUG Engine               - supportedLanguages: [ENGLISH, FRENCH, GERMAN, HUNGARIAN, RUSSIAN]
12:17:24.982 [FXGL Background Thread 3 ] DEBUG Engine               - ticksPerSecond: -1
12:17:24.982 [FXGL Background Thread 3 ] DEBUG Engine               - title: Space_Game
12:17:24.982 [FXGL Background Thread 3 ] DEBUG Engine               - urlGithub: https://github.com/AlmasB/FXGL
12:17:24.982 [FXGL Background Thread 3 ] DEBUG Engine               - urlLeaderboard: http://fxgl-top.herokuapp.com/
12:17:24.982 [FXGL Background Thread 3 ] DEBUG Engine               - urlPOM: https://raw.githubusercontent.com/AlmasB/FXGL/release/README.md
12:17:24.982 [FXGL Background Thread 3 ] DEBUG Engine               - userAppClass: class main.spacegame.SpaceGameApp
12:17:24.982 [FXGL Background Thread 3 ] DEBUG Engine               - version: 1.0
12:17:24.982 [FXGL Background Thread 3 ] DEBUG Engine               - versionCheckDays: 7
12:17:24.982 [FXGL Background Thread 3 ] DEBUG Engine               - width: 1920
12:17:24.982 [FXGL Background Thread 3 ] DEBUG Engine               - Logging services
12:17:24.982 [FXGL Background Thread 3 ] DEBUG Engine               - class com.almasb.fxgl.app.services.FXGLAssetLoaderService
12:17:24.982 [FXGL Background Thread 3 ] DEBUG Engine               - class com.almasb.fxgl.app.FXGLApplication$GameApplicationService
12:17:24.982 [FXGL Background Thread 3 ] DEBUG Engine               - class com.almasb.fxgl.app.services.FXGLDialogService
12:17:24.982 [FXGL Background Thread 3 ] DEBUG Engine               - class com.almasb.fxgl.app.services.IOTaskExecutorService
12:17:24.982 [FXGL Background Thread 3 ] DEBUG Engine               - class com.almasb.fxgl.io.FileSystemService
12:17:24.982 [FXGL Background Thread 3 ] DEBUG Engine               - class com.almasb.fxgl.localization.LocalizationService
12:17:24.982 [FXGL Background Thread 3 ] DEBUG Engine               - class com.almasb.fxgl.app.services.SystemBundleService
12:17:24.982 [FXGL Background Thread 3 ] DEBUG Engine               - class com.almasb.fxgl.profile.SaveLoadService
12:17:24.982 [FXGL Background Thread 3 ] DEBUG Engine               - class com.almasb.fxgl.ui.FXGLUIFactoryServiceProvider
12:17:24.982 [FXGL Background Thread 3 ] DEBUG Engine               - class com.almasb.fxgl.ui.FXGLDialogFactoryServiceProvider
12:17:24.982 [FXGL Background Thread 3 ] DEBUG Engine               - class com.almasb.fxgl.audio.AudioPlayer
12:17:24.982 [FXGL Background Thread 3 ] DEBUG Engine               - class com.almasb.fxgl.notification.impl.NotificationServiceProvider
12:17:24.982 [FXGL Background Thread 3 ] DEBUG Engine               - class com.almasb.fxgl.achievement.AchievementService
12:17:24.982 [FXGL Background Thread 3 ] DEBUG Engine               - class com.almasb.fxgl.cutscene.CutsceneService
12:17:24.982 [FXGL Background Thread 3 ] DEBUG Engine               - class com.almasb.fxgl.minigames.MiniGameService
12:17:24.982 [FXGL Background Thread 3 ] DEBUG Engine               - class com.almasb.fxgl.net.NetService
12:17:24.982 [FXGL Background Thread 3 ] DEBUG Engine               - class com.almasb.fxgl.app.services.UpdaterService
12:17:24.982 [FXGL Background Thread 3 ] DEBUG Engine               - class com.almasb.fxgl.dev.DevService
12:17:24.982 [FXGL Background Thread 3 ] DEBUG Engine               - class main.spacegame.service.HighScoreService
12:17:24.982 [FXGL Background Thread 3 ] DEBUG Engine               - class main.spacegame.service.LevelPressureService
12:17:24.982 [FXGL Background Thread 3 ] DEBUG Engine               - class main.spacegame.level.LevelService
12:17:24.982 [FXGL Background Thread 3 ] DEBUG Engine               - class com.almasb.fxgl.dev.profiling.ProfilerService
12:17:25.407 [JavaFX Application Thread] DEBUG FXGLAssetLoaderServi - Loading from file system: file:/C:/Users/%c4%b0brahim/AppData/Roaming/Code/User/workspaceStorage/6801d0249deebc7c36ce787dd200b0aa/redhat.java/jdt_ws/CS102PROJECT_F-NAL_66a0183f/bin/assets/sounds/shoot1.wav
12:17:25.636 [JavaFX Application Thread] DEBUG FXGLAssetLoaderServi - Loading from file system: file:/C:/Users/%c4%b0brahim/AppData/Roaming/Code/User/workspaceStorage/6801d0249deebc7c36ce787dd200b0aa/redhat.java/jdt_ws/CS102PROJECT_F-NAL_66a0183f/bin/assets/sounds/shoot2.wav
12:17:26.387 [JavaFX Application Thread] DEBUG FXGLAssetLoaderServi - Loading from file system: file:/C:/Users/%c4%b0brahim/AppData/Roaming/Code/User/workspaceStorage/6801d0249deebc7c36ce787dd200b0aa/redhat.java/jdt_ws/CS102PROJECT_F-NAL_66a0183f/bin/assets/sounds/shoot3.wav
12:17:31.122 [JavaFX Application Thread] DEBUG FXGLAssetLoaderServi - Loading from file system: file:/C:/Users/%c4%b0brahim/AppData/Roaming/Code/User/workspaceStorage/6801d0249deebc7c36ce787dd200b0aa/redhat.java/jdt_ws/CS102PROJECT_F-NAL_66a0183f/bin/assets/sounds/shoot4.wav
12:17:32.977 [JavaFX Application Thread] WARN  GameWorld            - Attempted to remove entity which is not active
12:17:44.341 [JavaFX Application Thread] WARN  GameWorld            - Attempted to remove entity which is not active
12:17:56.391 [JavaFX Application Thread] DEBUG PrimaryStageWindow   - Push state: DialogSubScene
12:17:56.391 [JavaFX Application Thread] DEBUG Input                - Clearing active input actions
12:17:56.405 [JavaFX Application Thread] DEBUG GameApplicationServi - Removing overlay from GameScene and adding to DialogSubScene
12:17:56.406 [JavaFX Application Thread] DEBUG PrimaryStageWindow   - GameScene -> DialogSubScene
12:17:56.410 [JavaFX Application Thread] WARN  GameWorld            - Attempted to remove entity which is not active
12:18:08.668 [JavaFX Application Thread] DEBUG PrimaryStageWindow   - Pop state: DialogSubScene
12:18:08.668 [JavaFX Application Thread] DEBUG Input                - Clearing active input actions
12:18:08.670 [JavaFX Application Thread] DEBUG GameApplicationServi - Removing overlay from DialogSubScene and adding to GameScene
12:18:08.671 [JavaFX Application Thread] DEBUG PrimaryStageWindow   - GameScene <- DialogSubScene
12:18:13.867 [JavaFX Application Thread] DEBUG FXGLApplication      - Exiting FXGL
12:18:13.868 [JavaFX Application Thread] DEBUG LoopRunner           - Stopping loop
12:18:13.868 [JavaFX Application Thread] DEBUG SystemBundleService  - Saving FXGL system data
12:18:13.871 [JavaFX Application Thread] DEBUG FileSystemAccess     - Writing to: C:\Users\İbrahim\Desktop\CS102PROJECT_F-NAL\system\fxgl.bundle
12:18:13.875 [JavaFX Application Thread] INFO  ProfilerWindow       - Profiler (FPS) - 3029 frames
12:18:13.876 [JavaFX Application Thread] INFO  ProfilerWindow       - Average: 58.58336084516342
12:18:13.877 [JavaFX Application Thread] INFO  ProfilerWindow       - Minimum: 44.0
12:18:13.877 [JavaFX Application Thread] INFO  ProfilerWindow       - Maximum: 60.0
12:18:13.878 [JavaFX Application Thread] INFO  ProfilerWindow       - Profiler (CPU (ms)) - 3029 frames
12:18:13.879 [JavaFX Application Thread] INFO  ProfilerWindow       - Average: 1.2288526246285905
12:18:13.879 [JavaFX Application Thread] INFO  ProfilerWindow       - Minimum: 0.0
12:18:13.880 [JavaFX Application Thread] INFO  ProfilerWindow       - Maximum: 144.5646
12:18:13.880 [JavaFX Application Thread] INFO  ProfilerWindow       - Profiler (RAM (MB)) - 3029 frames
12:18:13.881 [JavaFX Application Thread] INFO  ProfilerWindow       - Average: 183.22009452399186
12:18:13.881 [JavaFX Application Thread] INFO  ProfilerWindow       - Minimum: 37.4071044921875
12:18:13.883 [JavaFX Application Thread] INFO  ProfilerWindow       - Maximum: 298.9088363647461
12:18:13.884 [JavaFX Application Thread] INFO  ProfilerService      - Estimated GC runs: 57
12:18:13.885 [JavaFX Application Thread] DEBUG Async                - Shutting down background threads
12:18:13.885 [JavaFX Application Thread] DEBUG PrimaryStageWindow   - Closing main window
12:18:13.932 [JavaFX Application Thread] DEBUG Logger               - Closing Logger
