17:11:22.200 [main                     ] DEBUG Logger               - Configured Logger
17:11:22.224 [main                     ] DEBUG GameApplication      - Logging settings
Title: Space_Game
Version: 1.0
Width: 1920
Height: 1080
Fullscreen: false
Intro: false
Profiling: false
Single step:false
App Mode: DEVELOPER
Menu Key: ESCAPE
Stage Style: DECORATED
Scene Factory: class main.spacegame.SpaceGameApp$1

17:11:22.573 [JavaFX Application Thread] DEBUG FXGLApplication      - Initializing FXGL
17:11:22.577 [JavaFX Application Thread] INFO  Engine               - FXGL-17.3 (30.03.2023 11.54) on WINDOWS (J:19 FX:20)
17:11:22.580 [JavaFX Application Thread] DEBUG Engine               - JRE Vendor Name: Oracle Corporation
17:11:22.580 [JavaFX Application Thread] DEBUG Engine               - Running on OS: Windows 11 version 10.0
17:11:22.580 [JavaFX Application Thread] DEBUG Engine               - Architecture: amd64
17:11:22.580 [JavaFX Application Thread] INFO  Engine               - Source code and latest versions at: https://github.com/AlmasB/FXGL
17:11:22.581 [JavaFX Application Thread] INFO  Engine               -       Ask questions and discuss at: https://github.com/AlmasB/FXGL/discussions
17:11:22.581 [JavaFX Application Thread] INFO  Engine               -              Join the FXGL chat at: https://gitter.im/AlmasB/FXGL
17:11:22.705 [JavaFX Application Thread] DEBUG PrimaryStageWindow   - Creating a JavaFX scene
17:11:22.706 [JavaFX Application Thread] DEBUG PrimaryStageWindow   - Target size > screen size
17:11:22.757 [JavaFX Application Thread] DEBUG PrimaryStageWindow   - Target settings size: 1920.0 x 1080.0
17:11:22.757 [JavaFX Application Thread] DEBUG PrimaryStageWindow   - Scaled scene size:    1425.0 x 815.0
17:11:22.757 [JavaFX Application Thread] DEBUG PrimaryStageWindow   - Scaled ratio: (0.7421875, 0.7546296296296297)
17:11:22.759 [JavaFX Application Thread] DEBUG PrimaryStageWindow   - Set initial scene to FXGLStartupScene
17:11:22.762 [JavaFX Application Thread] DEBUG PrimaryStageWindow   - Opening main window
17:11:22.836 [JavaFX Application Thread] DEBUG PrimaryStageWindow   - Window border size: (15.0, 37.79998779296875)
17:11:22.836 [JavaFX Application Thread] DEBUG PrimaryStageWindow   - Scaled size: 1425.0 x 815.0
17:11:22.836 [JavaFX Application Thread] DEBUG PrimaryStageWindow   - Scaled ratio: (0.7421875, 0.7546296296296297)
17:11:22.836 [JavaFX Application Thread] DEBUG PrimaryStageWindow   - Scene size: 1425.0 x 815.0
17:11:22.836 [JavaFX Application Thread] DEBUG PrimaryStageWindow   - Stage size: 1440.0 x 852.7999877929688
17:11:22.846 [FXGL Background Thread 1 ] DEBUG Engine               - Initializing environment variables
17:11:22.904 [FXGL Background Thread 1 ] DEBUG FXGLAssetLoaderServi - User app class for loading assets: class main.spacegame.SpaceGameApp
17:11:22.904 [FXGL Background Thread 1 ] DEBUG GameApplicationServi - Applying CSS: fxgl_dark.css
17:11:22.905 [FXGL Background Thread 1 ] DEBUG FXGLAssetLoaderServi - Loading from file system: jar:file:/C:/Users/alprn/Downloads/fxgl-17.3-uber.jar!/fxglassets/ui/css/fxgl_dark.css
17:11:22.956 [FXGL Background Thread 1 ] DEBUG GameApplicationServi - Initializing application scenes
17:11:23.013 [FXGL Background Thread 1 ] DEBUG GameWorld            - Game world initialized
17:11:23.076 [FXGL Background Thread 1 ] DEBUG PhysicsWorld         - Physics world initialized: appHeight=1080, physics.ppm=50,0
17:11:23.077 [FXGL Background Thread 1 ] DEBUG PhysicsWorld         - Using strategy: BRUTE_FORCE
17:11:23.082 [FXGL Background Thread 1 ] DEBUG GameScene            - Game scene initialized: 1920x1080
17:11:23.086 [FXGL Background Thread 1 ] DEBUG FXGLAssetLoaderServi - Loading from file system: file:/C:/Users/alprn/AppData/Roaming/Code/User/workspaceStorage/c8b7dba4efe1b0e459f97f065891f12a/redhat.java/jdt_ws/CS102PROJECT_F-NAL_41cfdb4e/bin/assets/textures/mainmenu.png
17:11:23.263 [FXGL Background Thread 1 ] DEBUG FXGLAssetLoaderServi - Loading from file system: file:/C:/Users/alprn/AppData/Roaming/Code/User/workspaceStorage/c8b7dba4efe1b0e459f97f065891f12a/redhat.java/jdt_ws/CS102PROJECT_F-NAL_41cfdb4e/bin/assets/textures/gameMenu.png
17:11:23.308 [FXGL Background Thread 1 ] DEBUG GameApplicationServi - Application scenes initialized
17:11:23.319 [FXGL Background Thread 1 ] DEBUG SystemBundleService  - Loading FXGL system data
17:11:23.324 [FXGL Background Thread 1 ] DEBUG FileSystemAccess     - Reading from: C:\Users\alprn\Desktop\Kafayı Yemeden proje bitirmece\CS102PROJECT_F-NAL\system\fxgl.bundle
17:11:23.332 [FXGL Background Thread 1 ] DEBUG SystemBundleService  - Bundle FXGL: {}
17:11:23.332 [FXGL Background Thread 1 ] DEBUG UpdaterService       - Checking for updates
17:11:23.337 [FXGL Background Thread 1 ] DEBUG FXGLApplication      - Loading default localization
17:11:23.339 [FXGL Background Thread 1 ] WARN  FXGLAssetLoaderServi - Asset "/assets/languages/englısh.lang" was not found!
17:11:23.339 [FXGL Background Thread 1 ] WARN  FXGLAssetLoaderServi - Failed to load PROPERTY_MAP
17:11:23.340 [FXGL Background Thread 4 ] DEBUG FXGLApplication      - Loading fonts
17:11:23.340 [FXGL Background Thread 4 ] DEBUG FXGLAssetLoaderServi - Loading from file system: jar:file:/C:/Users/alprn/Downloads/fxgl-17.3-uber.jar!/fxglassets/ui/fonts/VarelaRound-Regular.ttf
17:11:23.345 [FXGL Background Thread 1 ] INFO  FXGLApplication      - FXGL initialization took: 0,498 sec
17:11:23.347 [JavaFX Application Thread] DEBUG FXGLAssetLoaderServi - Loading from file system: jar:file:/C:/Users/alprn/Downloads/fxgl-17.3-uber.jar!/fxglassets/textures/fxgl_icon.png
17:11:23.364 [JavaFX Application Thread] DEBUG FXGLAssetLoaderServi - Loading from file system: jar:file:/C:/Users/alprn/Downloads/fxgl-17.3-uber.jar!/fxglassets/textures/fxgl_default_cursor.png
17:11:23.375 [JavaFX Application Thread] DEBUG Input                - Registered new binding: Screenshot - CTRL+8
17:11:23.375 [JavaFX Application Thread] DEBUG Input                - Registered new binding: System info dump - CTRL+9
17:11:23.376 [JavaFX Application Thread] DEBUG Input                - Registered new binding: Restart - CTRL+R
17:11:23.377 [JavaFX Application Thread] DEBUG Input                - Registered new binding: Toggle Debug Camera - CTRL+7
17:11:23.379 [JavaFX Application Thread] DEBUG LoopRunner           - Starting loop
17:11:23.379 [JavaFX Application Thread] DEBUG LoopRunner           - Initializing JavaFX AnimationTimerLoop
17:11:23.381 [JavaFX Application Thread] DEBUG Input                - Clearing active input actions
17:11:23.389 [JavaFX Application Thread] DEBUG GameApplicationServi - Removing overlay from FXGLStartupScene and adding to FXGLMainMenuDummyScene
17:11:23.390 [JavaFX Application Thread] DEBUG PrimaryStageWindow   - FXGLStartupScene -> FXGLMainMenuDummyScene
17:11:23.391 [JavaFX Application Thread] DEBUG PrimaryStageWindow   - Push state: SpaceGameMainMenu
17:11:23.391 [JavaFX Application Thread] DEBUG Input                - Clearing active input actions
17:11:23.398 [JavaFX Application Thread] DEBUG GameApplicationServi - Removing overlay from FXGLMainMenuDummyScene and adding to SpaceGameMainMenu
17:11:23.399 [JavaFX Application Thread] DEBUG PrimaryStageWindow   - FXGLMainMenuDummyScene -> SpaceGameMainMenu
17:11:23.448 [FXGL Background Thread 4 ] DEBUG FXGLAssetLoaderServi - Loading from file system: jar:file:/C:/Users/alprn/Downloads/fxgl-17.3-uber.jar!/fxglassets/ui/fonts/Abel-Regular.ttf
17:11:23.451 [FXGL Background Thread 4 ] DEBUG FXGLAssetLoaderServi - Loading from file system: jar:file:/C:/Users/alprn/Downloads/fxgl-17.3-uber.jar!/fxglassets/ui/fonts/TerminalLandMono-Regular.otf
17:11:23.457 [FXGL Background Thread 4 ] DEBUG FXGLAssetLoaderServi - Loading from file system: jar:file:/C:/Users/alprn/Downloads/fxgl-17.3-uber.jar!/fxglassets/ui/fonts/Courier-Prime.ttf
17:11:23.680 [JavaFX Application Thread] DEBUG FXGLApplication      - Registering font factories with UI factory
17:11:24.784 [JavaFX Application Thread] DEBUG Menu                 - fireNewGame()
17:11:24.784 [JavaFX Application Thread] DEBUG GameApplicationServi - Starting new game
17:11:24.784 [JavaFX Application Thread] DEBUG PrimaryStageWindow   - Pop state: SpaceGameMainMenu
17:11:24.784 [JavaFX Application Thread] DEBUG Input                - Clearing active input actions
17:11:24.785 [JavaFX Application Thread] DEBUG GameApplicationServi - Removing overlay from SpaceGameMainMenu and adding to FXGLMainMenuDummyScene
17:11:24.786 [JavaFX Application Thread] DEBUG PrimaryStageWindow   - FXGLMainMenuDummyScene <- SpaceGameMainMenu
17:11:24.786 [JavaFX Application Thread] DEBUG Input                - Clearing active input actions
17:11:24.794 [JavaFX Application Thread] DEBUG GameApplicationServi - Removing overlay from FXGLMainMenuDummyScene and adding to FXGLLoadingScene
17:11:24.794 [JavaFX Application Thread] DEBUG PrimaryStageWindow   - FXGLMainMenuDummyScene -> FXGLLoadingScene
17:11:24.794 [JavaFX Application Thread] DEBUG GameApplicationServi - Clearing previous game
17:11:24.794 [JavaFX Application Thread] DEBUG GameScene            - Clearing game scene
17:11:24.795 [JavaFX Application Thread] DEBUG GameWorld            - Clearing game world
17:11:24.795 [JavaFX Application Thread] DEBUG PhysicsWorld         - Clearing physics world
17:11:24.797 [FXGL Background Thread 2 ] DEBUG FXGLApplication      - Initializing game
17:11:24.801 [FXGL Background Thread 2 ] INFO  FXGLApplication      - Game initialization took: 0,004 sec
17:11:24.830 [JavaFX Application Thread] DEBUG Input                - Clearing active input actions
17:11:24.837 [JavaFX Application Thread] DEBUG GameApplicationServi - Removing overlay from FXGLLoadingScene and adding to GameScene
17:11:24.837 [JavaFX Application Thread] DEBUG PrimaryStageWindow   - FXGLLoadingScene -> GameScene
17:11:25.303 [JavaFX Application Thread] DEBUG PrimaryStageWindow   - Push state: SpaceGamePauseMenu
17:11:25.303 [JavaFX Application Thread] DEBUG Input                - Clearing active input actions
17:11:25.303 [JavaFX Application Thread] DEBUG GameApplicationServi - Removing overlay from GameScene and adding to SpaceGamePauseMenu
17:11:25.304 [JavaFX Application Thread] DEBUG PrimaryStageWindow   - GameScene -> SpaceGamePauseMenu
17:11:26.337 [FXGL Background Thread 3 ] DEBUG Engine               - Logging environment variables
17:11:26.337 [FXGL Background Thread 3 ] DEBUG Engine               - achievements: []
17:11:26.337 [FXGL Background Thread 3 ] DEBUG Engine               - actualHeight: 815.0
17:11:26.337 [FXGL Background Thread 3 ] DEBUG Engine               - actualHeightProperty: ReadOnlyDoubleProperty [value: 815.0]
17:11:26.337 [FXGL Background Thread 3 ] DEBUG Engine               - actualWidth: 1425.0
17:11:26.338 [FXGL Background Thread 3 ] DEBUG Engine               - actualWidthProperty: ReadOnlyDoubleProperty [value: 1425.0]
17:11:26.338 [FXGL Background Thread 3 ] DEBUG Engine               - appIcon: fxgl_icon.png
17:11:26.338 [FXGL Background Thread 3 ] DEBUG Engine               - applicationMode: DEVELOPER
17:11:26.338 [FXGL Background Thread 3 ] DEBUG Engine               - cSSList: [fxgl_dark.css]
17:11:26.338 [FXGL Background Thread 3 ] DEBUG Engine               - collisionDetectionStrategy: BRUTE_FORCE
17:11:26.338 [FXGL Background Thread 3 ] DEBUG Engine               - configClass: Optional.empty
17:11:26.338 [FXGL Background Thread 3 ] DEBUG Engine               - credits: []
17:11:26.339 [FXGL Background Thread 3 ] DEBUG Engine               - defaultCursor: CursorInfo(imageName=fxgl_default_cursor.png, hotspotX=7.0, hotspotY=6.0)
17:11:26.339 [FXGL Background Thread 3 ] DEBUG Engine               - devBBoxColorProperty: ObjectProperty [value: 0xff0000ff]
17:11:26.339 [FXGL Background Thread 3 ] DEBUG Engine               - devEnableDebugCameraProperty: BooleanProperty [value: false]
17:11:26.339 [FXGL Background Thread 3 ] DEBUG Engine               - devSensorColorProperty: ObjectProperty [value: 0xffff00ff]
17:11:26.340 [FXGL Background Thread 3 ] DEBUG Engine               - devShowBBoxProperty: BooleanProperty [value: false]
17:11:26.340 [FXGL Background Thread 3 ] DEBUG Engine               - devShowPositionProperty: BooleanProperty [value: false]
17:11:26.340 [FXGL Background Thread 3 ] DEBUG Engine               - enabledMenuItems: []
17:11:26.340 [FXGL Background Thread 3 ] DEBUG Engine               - engineServices: [class com.almasb.fxgl.app.services.FXGLAssetLoaderService, class com.almasb.fxgl.app.FXGLApplication$GameApplicationService, class com.almasb.fxgl.app.services.FXGLDialogService, class com.almasb.fxgl.app.services.IOTaskExecutorService, class com.almasb.fxgl.io.FileSystemService, class com.almasb.fxgl.localization.LocalizationService, class com.almasb.fxgl.app.services.SystemBundleService, class com.almasb.fxgl.profile.SaveLoadService, class com.almasb.fxgl.ui.FXGLUIFactoryServiceProvider, class com.almasb.fxgl.ui.FXGLDialogFactoryServiceProvider, class com.almasb.fxgl.audio.AudioPlayer, class com.almasb.fxgl.notification.impl.NotificationServiceProvider, class com.almasb.fxgl.achievement.AchievementService, class com.almasb.fxgl.cutscene.CutsceneService, class com.almasb.fxgl.minigames.MiniGameService, class com.almasb.fxgl.net.NetService, class com.almasb.fxgl.app.services.UpdaterService, class com.almasb.fxgl.dev.DevService]
17:11:26.340 [FXGL Background Thread 3 ] DEBUG Engine               - fontGame: Abel-Regular.ttf
17:11:26.340 [FXGL Background Thread 3 ] DEBUG Engine               - fontMono: TerminalLandMono-Regular.otf
17:11:26.340 [FXGL Background Thread 3 ] DEBUG Engine               - fontSizeScaleUI: 1.0
17:11:26.340 [FXGL Background Thread 3 ] DEBUG Engine               - fontText: Courier-Prime.ttf
17:11:26.340 [FXGL Background Thread 3 ] DEBUG Engine               - fontUI: VarelaRound-Regular.ttf
17:11:26.340 [FXGL Background Thread 3 ] DEBUG Engine               - fullScreen: BooleanProperty [value: false]
17:11:26.340 [FXGL Background Thread 3 ] DEBUG Engine               - gameDifficulty: MEDIUM
17:11:26.340 [FXGL Background Thread 3 ] DEBUG Engine               - gameDifficultyProperty: ObjectProperty [value: MEDIUM]
17:11:26.340 [FXGL Background Thread 3 ] DEBUG Engine               - globalMusicVolume: 0.5
17:11:26.340 [FXGL Background Thread 3 ] DEBUG Engine               - globalMusicVolumeProperty: DoubleProperty [value: 0.5]
17:11:26.340 [FXGL Background Thread 3 ] DEBUG Engine               - globalSoundVolume: 0.5
17:11:26.340 [FXGL Background Thread 3 ] DEBUG Engine               - globalSoundVolumeProperty: DoubleProperty [value: 0.5]
17:11:26.340 [FXGL Background Thread 3 ] DEBUG Engine               - height: 1080
17:11:26.340 [FXGL Background Thread 3 ] DEBUG Engine               - is3D: false
17:11:26.340 [FXGL Background Thread 3 ] DEBUG Engine               - isAndroid: false
17:11:26.340 [FXGL Background Thread 3 ] DEBUG Engine               - isBrowser: false
17:11:26.341 [FXGL Background Thread 3 ] DEBUG Engine               - isClickFeedbackEnabled: false
17:11:26.341 [FXGL Background Thread 3 ] DEBUG Engine               - isCloseConfirmation: false
17:11:26.341 [FXGL Background Thread 3 ] DEBUG Engine               - isDesktop: true
17:11:26.341 [FXGL Background Thread 3 ] DEBUG Engine               - isDeveloperMenuEnabled: false
17:11:26.341 [FXGL Background Thread 3 ] DEBUG Engine               - isEmbedded: false
17:11:26.341 [FXGL Background Thread 3 ] DEBUG Engine               - isEntityPreloadEnabled: true
17:11:26.341 [FXGL Background Thread 3 ] DEBUG Engine               - isExperimentalTiledLargeMap: false
17:11:26.341 [FXGL Background Thread 3 ] DEBUG Engine               - isFileSystemWriteAllowed: true
17:11:26.341 [FXGL Background Thread 3 ] DEBUG Engine               - isFullScreenAllowed: false
17:11:26.341 [FXGL Background Thread 3 ] DEBUG Engine               - isFullScreenFromStart: false
17:11:26.341 [FXGL Background Thread 3 ] DEBUG Engine               - isGameMenuEnabled: true
17:11:26.341 [FXGL Background Thread 3 ] DEBUG Engine               - isIOS: false
17:11:26.341 [FXGL Background Thread 3 ] DEBUG Engine               - isIntroEnabled: false
17:11:26.341 [FXGL Background Thread 3 ] DEBUG Engine               - isLinux: false
17:11:26.341 [FXGL Background Thread 3 ] DEBUG Engine               - isMac: false
17:11:26.341 [FXGL Background Thread 3 ] DEBUG Engine               - isMainMenuEnabled: true
17:11:26.341 [FXGL Background Thread 3 ] DEBUG Engine               - isManualResizeEnabled: false
17:11:26.341 [FXGL Background Thread 3 ] DEBUG Engine               - isMobile: false
17:11:26.341 [FXGL Background Thread 3 ] DEBUG Engine               - isNative: false
17:11:26.341 [FXGL Background Thread 3 ] DEBUG Engine               - isPauseMusicWhenMinimized: true
17:11:26.341 [FXGL Background Thread 3 ] DEBUG Engine               - isPreserveResizeRatio: false
17:11:26.341 [FXGL Background Thread 3 ] DEBUG Engine               - isProfilingEnabled: false
17:11:26.341 [FXGL Background Thread 3 ] DEBUG Engine               - isScaleAffectedOnResize: true
17:11:26.342 [FXGL Background Thread 3 ] DEBUG Engine               - isSingleStep: false
17:11:26.342 [FXGL Background Thread 3 ] DEBUG Engine               - isUserProfileEnabled: false
17:11:26.342 [FXGL Background Thread 3 ] DEBUG Engine               - isWindows: true
17:11:26.342 [FXGL Background Thread 3 ] DEBUG Engine               - language: ObjectProperty [value: ENGLISH]
17:11:26.342 [FXGL Background Thread 3 ] DEBUG Engine               - menuKey: ESCAPE
17:11:26.342 [FXGL Background Thread 3 ] DEBUG Engine               - mouseSensitivity: 0.2
17:11:26.342 [FXGL Background Thread 3 ] DEBUG Engine               - notificationViewClass: class com.almasb.fxgl.notification.view.XboxNotificationView
17:11:26.342 [FXGL Background Thread 3 ] DEBUG Engine               - pixelsPerMeter: 50.0
17:11:26.342 [FXGL Background Thread 3 ] DEBUG Engine               - platform: WINDOWS
17:11:26.342 [FXGL Background Thread 3 ] DEBUG Engine               - prefHeightProperty: ReadOnlyDoubleProperty [value: 1080.0]
17:11:26.342 [FXGL Background Thread 3 ] DEBUG Engine               - prefWidthProperty: ReadOnlyDoubleProperty [value: 1920.0]
17:11:26.342 [FXGL Background Thread 3 ] DEBUG Engine               - profileDir: profiles/
17:11:26.342 [FXGL Background Thread 3 ] DEBUG Engine               - profileName: StringProperty [value: DEFAULT]
17:11:26.342 [FXGL Background Thread 3 ] DEBUG Engine               - randomSeed: -1
17:11:26.342 [FXGL Background Thread 3 ] DEBUG Engine               - runtimeInfo: RuntimeInfo(platform=WINDOWS, version=17.3, build=30.03.2023 11.54)
17:11:26.342 [FXGL Background Thread 3 ] DEBUG Engine               - saveFileExt: sav
17:11:26.342 [FXGL Background Thread 3 ] DEBUG Engine               - scaledHeightProp$fxgl: DoubleProperty [bound, value: 815.0]
17:11:26.342 [FXGL Background Thread 3 ] DEBUG Engine               - scaledWidthProp$fxgl: DoubleProperty [bound, value: 1425.0]
17:11:26.342 [FXGL Background Thread 3 ] DEBUG Engine               - sceneFactory: main.spacegame.SpaceGameApp$1@7a218e46
17:11:26.342 [FXGL Background Thread 3 ] DEBUG Engine               - secondsIn24h: 60
17:11:26.343 [FXGL Background Thread 3 ] DEBUG Engine               - soundMenuBack: menu/back.wav
17:11:26.343 [FXGL Background Thread 3 ] DEBUG Engine               - soundMenuPress: menu/press.wav
17:11:26.343 [FXGL Background Thread 3 ] DEBUG Engine               - soundMenuSelect: menu/select.wav
17:11:26.343 [FXGL Background Thread 3 ] DEBUG Engine               - soundNotification: core/notification.wav
17:11:26.343 [FXGL Background Thread 3 ] DEBUG Engine               - stageStyle: DECORATED
17:11:26.343 [FXGL Background Thread 3 ] DEBUG Engine               - supportedLanguages: [ENGLISH, FRENCH, GERMAN, HUNGARIAN, RUSSIAN]
17:11:26.343 [FXGL Background Thread 3 ] DEBUG Engine               - ticksPerSecond: -1
17:11:26.343 [FXGL Background Thread 3 ] DEBUG Engine               - title: Space_Game
17:11:26.343 [FXGL Background Thread 3 ] DEBUG Engine               - urlGithub: https://github.com/AlmasB/FXGL
17:11:26.343 [FXGL Background Thread 3 ] DEBUG Engine               - urlLeaderboard: http://fxgl-top.herokuapp.com/
17:11:26.343 [FXGL Background Thread 3 ] DEBUG Engine               - urlPOM: https://raw.githubusercontent.com/AlmasB/FXGL/release/README.md
17:11:26.343 [FXGL Background Thread 3 ] DEBUG Engine               - userAppClass: class main.spacegame.SpaceGameApp
17:11:26.343 [FXGL Background Thread 3 ] DEBUG Engine               - version: 1.0
17:11:26.343 [FXGL Background Thread 3 ] DEBUG Engine               - versionCheckDays: 7
17:11:26.343 [FXGL Background Thread 3 ] DEBUG Engine               - width: 1920
17:11:26.343 [FXGL Background Thread 3 ] DEBUG Engine               - Logging services
17:11:26.343 [FXGL Background Thread 3 ] DEBUG Engine               - class com.almasb.fxgl.app.services.FXGLAssetLoaderService
17:11:26.343 [FXGL Background Thread 3 ] DEBUG Engine               - class com.almasb.fxgl.app.FXGLApplication$GameApplicationService
17:11:26.343 [FXGL Background Thread 3 ] DEBUG Engine               - class com.almasb.fxgl.app.services.FXGLDialogService
17:11:26.343 [FXGL Background Thread 3 ] DEBUG Engine               - class com.almasb.fxgl.app.services.IOTaskExecutorService
17:11:26.343 [FXGL Background Thread 3 ] DEBUG Engine               - class com.almasb.fxgl.io.FileSystemService
17:11:26.343 [FXGL Background Thread 3 ] DEBUG Engine               - class com.almasb.fxgl.localization.LocalizationService
17:11:26.343 [FXGL Background Thread 3 ] DEBUG Engine               - class com.almasb.fxgl.app.services.SystemBundleService
17:11:26.343 [FXGL Background Thread 3 ] DEBUG Engine               - class com.almasb.fxgl.profile.SaveLoadService
17:11:26.343 [FXGL Background Thread 3 ] DEBUG Engine               - class com.almasb.fxgl.ui.FXGLUIFactoryServiceProvider
17:11:26.343 [FXGL Background Thread 3 ] DEBUG Engine               - class com.almasb.fxgl.ui.FXGLDialogFactoryServiceProvider
17:11:26.343 [FXGL Background Thread 3 ] DEBUG Engine               - class com.almasb.fxgl.audio.AudioPlayer
17:11:26.344 [FXGL Background Thread 3 ] DEBUG Engine               - class com.almasb.fxgl.notification.impl.NotificationServiceProvider
17:11:26.344 [FXGL Background Thread 3 ] DEBUG Engine               - class com.almasb.fxgl.achievement.AchievementService
17:11:26.344 [FXGL Background Thread 3 ] DEBUG Engine               - class com.almasb.fxgl.cutscene.CutsceneService
17:11:26.344 [FXGL Background Thread 3 ] DEBUG Engine               - class com.almasb.fxgl.minigames.MiniGameService
17:11:26.344 [FXGL Background Thread 3 ] DEBUG Engine               - class com.almasb.fxgl.net.NetService
17:11:26.344 [FXGL Background Thread 3 ] DEBUG Engine               - class com.almasb.fxgl.app.services.UpdaterService
17:11:26.344 [FXGL Background Thread 3 ] DEBUG Engine               - class com.almasb.fxgl.dev.DevService
17:11:27.201 [JavaFX Application Thread] DEBUG PrimaryStageWindow   - Pop state: SpaceGamePauseMenu
17:11:27.202 [JavaFX Application Thread] DEBUG Input                - Clearing active input actions
17:11:27.202 [JavaFX Application Thread] DEBUG GameApplicationServi - Removing overlay from SpaceGamePauseMenu and adding to GameScene
17:11:27.202 [JavaFX Application Thread] DEBUG PrimaryStageWindow   - GameScene <- SpaceGamePauseMenu
17:11:29.046 [JavaFX Application Thread] DEBUG FXGLApplication      - Exiting FXGL
17:11:29.046 [JavaFX Application Thread] DEBUG LoopRunner           - Stopping loop
17:11:29.046 [JavaFX Application Thread] DEBUG SystemBundleService  - Saving FXGL system data
17:11:29.048 [JavaFX Application Thread] DEBUG FileSystemAccess     - Writing to: C:\Users\alprn\Desktop\Kafayı Yemeden proje bitirmece\CS102PROJECT_F-NAL\system\fxgl.bundle
17:11:29.049 [JavaFX Application Thread] DEBUG Async                - Shutting down background threads
17:11:29.049 [JavaFX Application Thread] DEBUG PrimaryStageWindow   - Closing main window
17:11:29.055 [JavaFX Application Thread] DEBUG Logger               - Closing Logger
