21:45:05.511 [main                     ] DEBUG Logger               - Configured Logger
21:45:05.534 [main                     ] DEBUG GameApplication      - Logging settings
Title: Space_Game
Version: 1.0
Width: 1920
Height: 1080
Fullscreen: false
Intro: false
Profiling: false
Single step:false
App Mode: DEVELOPER
Menu Key: ESCAPE
Stage Style: DECORATED
Scene Factory: class main.spacegame.SpaceGameApp$1

21:45:05.884 [JavaFX Application Thread] DEBUG FXGLApplication      - Initializing FXGL
21:45:05.887 [JavaFX Application Thread] INFO  Engine               - FXGL-17.3 (30.03.2023 11.54) on WINDOWS (J:19.0.2 FX:20)
21:45:05.888 [JavaFX Application Thread] DEBUG Engine               - JRE Vendor Name: Oracle Corporation
21:45:05.888 [JavaFX Application Thread] DEBUG Engine               - Running on OS: Windows 10 version 10.0
21:45:05.888 [JavaFX Application Thread] DEBUG Engine               - Architecture: amd64
21:45:05.888 [JavaFX Application Thread] INFO  Engine               - Source code and latest versions at: https://github.com/AlmasB/FXGL
21:45:05.889 [JavaFX Application Thread] INFO  Engine               -       Ask questions and discuss at: https://github.com/AlmasB/FXGL/discussions
21:45:05.889 [JavaFX Application Thread] INFO  Engine               -              Join the FXGL chat at: https://gitter.im/AlmasB/FXGL
21:45:06.006 [JavaFX Application Thread] DEBUG PrimaryStageWindow   - Creating a JavaFX scene
21:45:06.006 [JavaFX Application Thread] DEBUG PrimaryStageWindow   - Target size > screen size
21:45:06.058 [JavaFX Application Thread] DEBUG PrimaryStageWindow   - Target settings size: 1920.0 x 1080.0
21:45:06.059 [JavaFX Application Thread] DEBUG PrimaryStageWindow   - Scaled scene size:    1439.0 x 823.0
21:45:06.059 [JavaFX Application Thread] DEBUG PrimaryStageWindow   - Scaled ratio: (0.7494791666666667, 0.7620370370370371)
21:45:06.060 [JavaFX Application Thread] DEBUG PrimaryStageWindow   - Set initial scene to FXGLStartupScene
21:45:06.063 [JavaFX Application Thread] DEBUG PrimaryStageWindow   - Opening main window
21:45:06.142 [JavaFX Application Thread] DEBUG PrimaryStageWindow   - Window border size: (14.5999755859375, 37.79998779296875)
21:45:06.143 [JavaFX Application Thread] DEBUG PrimaryStageWindow   - Scaled size: 1439.0 x 823.0
21:45:06.143 [JavaFX Application Thread] DEBUG PrimaryStageWindow   - Scaled ratio: (0.7494791666666667, 0.7620370370370371)
21:45:06.143 [JavaFX Application Thread] DEBUG PrimaryStageWindow   - Scene size: 1439.0 x 823.0
21:45:06.143 [JavaFX Application Thread] DEBUG PrimaryStageWindow   - Stage size: 1453.5999755859375 x 860.7999877929688
21:45:06.151 [FXGL Background Thread 1 ] DEBUG Engine               - Initializing environment variables
21:45:06.201 [FXGL Background Thread 1 ] DEBUG FXGLAssetLoaderServi - User app class for loading assets: class main.spacegame.SpaceGameApp
21:45:06.201 [FXGL Background Thread 1 ] DEBUG GameApplicationServi - Applying CSS: fxgl_dark.css
21:45:06.202 [FXGL Background Thread 1 ] DEBUG FXGLAssetLoaderServi - Loading from file system: jar:file:/C:/Users/%c4%b0brahim/Downloads/fxgl-17.3-uber.jar!/fxglassets/ui/css/fxgl_dark.css
21:45:06.239 [FXGL Background Thread 1 ] DEBUG GameApplicationServi - Initializing application scenes
21:45:06.271 [FXGL Background Thread 1 ] DEBUG GameWorld            - Game world initialized
21:45:06.325 [FXGL Background Thread 1 ] DEBUG PhysicsWorld         - Physics world initialized: appHeight=1080, physics.ppm=50.0
21:45:06.325 [FXGL Background Thread 1 ] DEBUG PhysicsWorld         - Using strategy: BRUTE_FORCE
21:45:06.330 [FXGL Background Thread 1 ] DEBUG GameScene            - Game scene initialized: 1920x1080
21:45:06.333 [FXGL Background Thread 1 ] DEBUG FXGLAssetLoaderServi - Loading from file system: file:/C:/Users/%c4%b0brahim/AppData/Roaming/Code/User/workspaceStorage/1a1948b350b0cb6fa70180a51989d365/redhat.java/jdt_ws/CS102PROJECT_F-NAL_66a0183f/bin/assets/textures/mainmenu.png
21:45:06.489 [FXGL Background Thread 1 ] DEBUG FXGLAssetLoaderServi - Loading from file system: file:/C:/Users/%c4%b0brahim/AppData/Roaming/Code/User/workspaceStorage/1a1948b350b0cb6fa70180a51989d365/redhat.java/jdt_ws/CS102PROJECT_F-NAL_66a0183f/bin/assets/textures/credits.png
21:45:06.530 [FXGL Background Thread 1 ] DEBUG FXGLAssetLoaderServi - Loading from file system: file:/C:/Users/%c4%b0brahim/AppData/Roaming/Code/User/workspaceStorage/1a1948b350b0cb6fa70180a51989d365/redhat.java/jdt_ws/CS102PROJECT_F-NAL_66a0183f/bin/assets/textures/gameMenu.png
21:45:06.566 [FXGL Background Thread 1 ] DEBUG GameApplicationServi - Application scenes initialized
21:45:06.578 [FXGL Background Thread 1 ] DEBUG SystemBundleService  - Loading FXGL system data
21:45:06.582 [FXGL Background Thread 1 ] DEBUG FileSystemAccess     - Reading from: C:\Users\İbrahim\Desktop\CS102PROJECT_F-NAL\system\fxgl.bundle
21:45:06.590 [FXGL Background Thread 1 ] DEBUG SystemBundleService  - Bundle FXGL: {}
21:45:06.590 [FXGL Background Thread 1 ] DEBUG UpdaterService       - Checking for updates
21:45:06.594 [FXGL Background Thread 4 ] DEBUG FXGLApplication      - Loading fonts
21:45:06.595 [FXGL Background Thread 4 ] DEBUG FXGLAssetLoaderServi - Loading from file system: jar:file:/C:/Users/%c4%b0brahim/Downloads/fxgl-17.3-uber.jar!/fxglassets/ui/fonts/VarelaRound-Regular.ttf
21:45:06.595 [FXGL Background Thread 1 ] DEBUG FXGLApplication      - Loading default localization
21:45:06.596 [FXGL Background Thread 1 ] DEBUG FXGLAssetLoaderServi - Loading from file system: jar:file:/C:/Users/%c4%b0brahim/Downloads/fxgl-17.3-uber.jar!/fxglassets/languages/english.lang
21:45:06.621 [FXGL Background Thread 1 ] INFO  FXGLApplication      - FXGL initialization took: 0.469 sec
21:45:06.623 [JavaFX Application Thread] DEBUG FXGLAssetLoaderServi - Loading from file system: jar:file:/C:/Users/%c4%b0brahim/Downloads/fxgl-17.3-uber.jar!/fxglassets/textures/fxgl_icon.png
21:45:06.639 [JavaFX Application Thread] DEBUG FXGLAssetLoaderServi - Loading from file system: jar:file:/C:/Users/%c4%b0brahim/Downloads/fxgl-17.3-uber.jar!/fxglassets/textures/fxgl_default_cursor.png
21:45:06.646 [FXGL Background Thread 4 ] DEBUG FXGLAssetLoaderServi - Loading from file system: jar:file:/C:/Users/%c4%b0brahim/Downloads/fxgl-17.3-uber.jar!/fxglassets/ui/fonts/Abel-Regular.ttf
21:45:06.649 [JavaFX Application Thread] DEBUG Input                - Registered new binding: Screenshot - CTRL+8
21:45:06.650 [FXGL Background Thread 4 ] DEBUG FXGLAssetLoaderServi - Loading from file system: jar:file:/C:/Users/%c4%b0brahim/Downloads/fxgl-17.3-uber.jar!/fxglassets/ui/fonts/TerminalLandMono-Regular.otf
21:45:06.650 [JavaFX Application Thread] DEBUG Input                - Registered new binding: System info dump - CTRL+9
21:45:06.650 [JavaFX Application Thread] DEBUG Input                - Registered new binding: Restart - CTRL+R
21:45:06.651 [JavaFX Application Thread] DEBUG Input                - Registered new binding: Toggle Debug Camera - CTRL+7
21:45:06.653 [FXGL Background Thread 4 ] DEBUG FXGLAssetLoaderServi - Loading from file system: jar:file:/C:/Users/%c4%b0brahim/Downloads/fxgl-17.3-uber.jar!/fxglassets/ui/fonts/Courier-Prime.ttf
21:45:06.654 [JavaFX Application Thread] DEBUG LoopRunner           - Starting loop
21:45:06.654 [JavaFX Application Thread] DEBUG LoopRunner           - Initializing JavaFX AnimationTimerLoop
21:45:06.657 [JavaFX Application Thread] DEBUG Input                - Clearing active input actions
21:45:06.663 [JavaFX Application Thread] DEBUG GameApplicationServi - Removing overlay from FXGLStartupScene and adding to FXGLMainMenuDummyScene
21:45:06.663 [JavaFX Application Thread] DEBUG PrimaryStageWindow   - FXGLStartupScene -> FXGLMainMenuDummyScene
21:45:06.664 [JavaFX Application Thread] DEBUG PrimaryStageWindow   - Push state: SpaceGameMainMenu
21:45:06.664 [JavaFX Application Thread] DEBUG Input                - Clearing active input actions
21:45:06.671 [JavaFX Application Thread] DEBUG GameApplicationServi - Removing overlay from FXGLMainMenuDummyScene and adding to SpaceGameMainMenu
21:45:06.671 [JavaFX Application Thread] DEBUG PrimaryStageWindow   - FXGLMainMenuDummyScene -> SpaceGameMainMenu
21:45:06.680 [JavaFX Application Thread] DEBUG FXGLApplication      - Registering font factories with UI factory
21:45:07.671 [JavaFX Application Thread] DEBUG Menu                 - fireExit()
21:45:07.681 [JavaFX Application Thread] DEBUG PrimaryStageWindow   - Push state: DialogSubScene
21:45:07.681 [JavaFX Application Thread] DEBUG Input                - Clearing active input actions
21:45:07.685 [JavaFX Application Thread] DEBUG GameApplicationServi - Removing overlay from SpaceGameMainMenu and adding to DialogSubScene
21:45:07.685 [JavaFX Application Thread] DEBUG PrimaryStageWindow   - SpaceGameMainMenu -> DialogSubScene
21:45:08.554 [JavaFX Application Thread] DEBUG PrimaryStageWindow   - Pop state: DialogSubScene
21:45:08.554 [JavaFX Application Thread] DEBUG Input                - Clearing active input actions
21:45:08.555 [JavaFX Application Thread] DEBUG GameApplicationServi - Removing overlay from DialogSubScene and adding to SpaceGameMainMenu
21:45:08.555 [JavaFX Application Thread] DEBUG PrimaryStageWindow   - SpaceGameMainMenu <- DialogSubScene
21:45:09.595 [FXGL Background Thread 3 ] DEBUG Engine               - Logging environment variables
21:45:09.595 [FXGL Background Thread 3 ] DEBUG Engine               - achievements: []
21:45:09.596 [FXGL Background Thread 3 ] DEBUG Engine               - actualHeight: 823.0
21:45:09.596 [FXGL Background Thread 3 ] DEBUG Engine               - actualHeightProperty: ReadOnlyDoubleProperty [value: 823.0]
21:45:09.596 [FXGL Background Thread 3 ] DEBUG Engine               - actualWidth: 1439.0
21:45:09.596 [FXGL Background Thread 3 ] DEBUG Engine               - actualWidthProperty: ReadOnlyDoubleProperty [value: 1439.0]
21:45:09.596 [FXGL Background Thread 3 ] DEBUG Engine               - appIcon: fxgl_icon.png
21:45:09.596 [FXGL Background Thread 3 ] DEBUG Engine               - applicationMode: DEVELOPER
21:45:09.596 [FXGL Background Thread 3 ] DEBUG Engine               - cSSList: [fxgl_dark.css]
21:45:09.596 [FXGL Background Thread 3 ] DEBUG Engine               - collisionDetectionStrategy: BRUTE_FORCE
21:45:09.596 [FXGL Background Thread 3 ] DEBUG Engine               - configClass: Optional.empty
21:45:09.596 [FXGL Background Thread 3 ] DEBUG Engine               - credits: []
21:45:09.598 [FXGL Background Thread 3 ] DEBUG Engine               - defaultCursor: CursorInfo(imageName=fxgl_default_cursor.png, hotspotX=7.0, hotspotY=6.0)
21:45:09.598 [FXGL Background Thread 3 ] DEBUG Engine               - devBBoxColorProperty: ObjectProperty [value: 0xff0000ff]
21:45:09.598 [FXGL Background Thread 3 ] DEBUG Engine               - devEnableDebugCameraProperty: BooleanProperty [value: false]
21:45:09.598 [FXGL Background Thread 3 ] DEBUG Engine               - devSensorColorProperty: ObjectProperty [value: 0xffff00ff]
21:45:09.598 [FXGL Background Thread 3 ] DEBUG Engine               - devShowBBoxProperty: BooleanProperty [value: false]
21:45:09.598 [FXGL Background Thread 3 ] DEBUG Engine               - devShowPositionProperty: BooleanProperty [value: false]
21:45:09.598 [FXGL Background Thread 3 ] DEBUG Engine               - enabledMenuItems: []
21:45:09.599 [FXGL Background Thread 3 ] DEBUG Engine               - engineServices: [class com.almasb.fxgl.app.services.FXGLAssetLoaderService, class com.almasb.fxgl.app.FXGLApplication$GameApplicationService, class com.almasb.fxgl.app.services.FXGLDialogService, class com.almasb.fxgl.app.services.IOTaskExecutorService, class com.almasb.fxgl.io.FileSystemService, class com.almasb.fxgl.localization.LocalizationService, class com.almasb.fxgl.app.services.SystemBundleService, class com.almasb.fxgl.profile.SaveLoadService, class com.almasb.fxgl.ui.FXGLUIFactoryServiceProvider, class com.almasb.fxgl.ui.FXGLDialogFactoryServiceProvider, class com.almasb.fxgl.audio.AudioPlayer, class com.almasb.fxgl.notification.impl.NotificationServiceProvider, class com.almasb.fxgl.achievement.AchievementService, class com.almasb.fxgl.cutscene.CutsceneService, class com.almasb.fxgl.minigames.MiniGameService, class com.almasb.fxgl.net.NetService, class com.almasb.fxgl.app.services.UpdaterService, class com.almasb.fxgl.dev.DevService]
21:45:09.599 [FXGL Background Thread 3 ] DEBUG Engine               - fontGame: Abel-Regular.ttf
21:45:09.599 [FXGL Background Thread 3 ] DEBUG Engine               - fontMono: TerminalLandMono-Regular.otf
21:45:09.599 [FXGL Background Thread 3 ] DEBUG Engine               - fontSizeScaleUI: 1.0
21:45:09.599 [FXGL Background Thread 3 ] DEBUG Engine               - fontText: Courier-Prime.ttf
21:45:09.599 [FXGL Background Thread 3 ] DEBUG Engine               - fontUI: VarelaRound-Regular.ttf
21:45:09.599 [FXGL Background Thread 3 ] DEBUG Engine               - fullScreen: BooleanProperty [value: false]
21:45:09.599 [FXGL Background Thread 3 ] DEBUG Engine               - gameDifficulty: MEDIUM
21:45:09.599 [FXGL Background Thread 3 ] DEBUG Engine               - gameDifficultyProperty: ObjectProperty [value: MEDIUM]
21:45:09.599 [FXGL Background Thread 3 ] DEBUG Engine               - globalMusicVolume: 0.5
21:45:09.599 [FXGL Background Thread 3 ] DEBUG Engine               - globalMusicVolumeProperty: DoubleProperty [value: 0.5]
21:45:09.599 [FXGL Background Thread 3 ] DEBUG Engine               - globalSoundVolume: 0.5
21:45:09.599 [FXGL Background Thread 3 ] DEBUG Engine               - globalSoundVolumeProperty: DoubleProperty [value: 0.5]
21:45:09.599 [FXGL Background Thread 3 ] DEBUG Engine               - height: 1080
21:45:09.599 [FXGL Background Thread 3 ] DEBUG Engine               - is3D: false
21:45:09.599 [FXGL Background Thread 3 ] DEBUG Engine               - isAndroid: false
21:45:09.599 [FXGL Background Thread 3 ] DEBUG Engine               - isBrowser: false
21:45:09.599 [FXGL Background Thread 3 ] DEBUG Engine               - isClickFeedbackEnabled: false
21:45:09.599 [FXGL Background Thread 3 ] DEBUG Engine               - isCloseConfirmation: false
21:45:09.599 [FXGL Background Thread 3 ] DEBUG Engine               - isDesktop: true
21:45:09.599 [FXGL Background Thread 3 ] DEBUG Engine               - isDeveloperMenuEnabled: false
21:45:09.599 [FXGL Background Thread 3 ] DEBUG Engine               - isEmbedded: false
21:45:09.599 [FXGL Background Thread 3 ] DEBUG Engine               - isEntityPreloadEnabled: true
21:45:09.599 [FXGL Background Thread 3 ] DEBUG Engine               - isExperimentalTiledLargeMap: false
21:45:09.599 [FXGL Background Thread 3 ] DEBUG Engine               - isFileSystemWriteAllowed: true
21:45:09.600 [FXGL Background Thread 3 ] DEBUG Engine               - isFullScreenAllowed: false
21:45:09.600 [FXGL Background Thread 3 ] DEBUG Engine               - isFullScreenFromStart: false
21:45:09.600 [FXGL Background Thread 3 ] DEBUG Engine               - isGameMenuEnabled: true
21:45:09.600 [FXGL Background Thread 3 ] DEBUG Engine               - isIOS: false
21:45:09.600 [FXGL Background Thread 3 ] DEBUG Engine               - isIntroEnabled: false
21:45:09.600 [FXGL Background Thread 3 ] DEBUG Engine               - isLinux: false
21:45:09.600 [FXGL Background Thread 3 ] DEBUG Engine               - isMac: false
21:45:09.600 [FXGL Background Thread 3 ] DEBUG Engine               - isMainMenuEnabled: true
21:45:09.600 [FXGL Background Thread 3 ] DEBUG Engine               - isManualResizeEnabled: false
21:45:09.600 [FXGL Background Thread 3 ] DEBUG Engine               - isMobile: false
21:45:09.600 [FXGL Background Thread 3 ] DEBUG Engine               - isNative: false
21:45:09.600 [FXGL Background Thread 3 ] DEBUG Engine               - isPauseMusicWhenMinimized: true
21:45:09.600 [FXGL Background Thread 3 ] DEBUG Engine               - isPreserveResizeRatio: false
21:45:09.600 [FXGL Background Thread 3 ] DEBUG Engine               - isProfilingEnabled: false
21:45:09.600 [FXGL Background Thread 3 ] DEBUG Engine               - isScaleAffectedOnResize: true
21:45:09.600 [FXGL Background Thread 3 ] DEBUG Engine               - isSingleStep: false
21:45:09.600 [FXGL Background Thread 3 ] DEBUG Engine               - isUserProfileEnabled: false
21:45:09.600 [FXGL Background Thread 3 ] DEBUG Engine               - isWindows: true
21:45:09.600 [FXGL Background Thread 3 ] DEBUG Engine               - language: ObjectProperty [value: ENGLISH]
21:45:09.600 [FXGL Background Thread 3 ] DEBUG Engine               - menuKey: ESCAPE
21:45:09.600 [FXGL Background Thread 3 ] DEBUG Engine               - mouseSensitivity: 0.2
21:45:09.601 [FXGL Background Thread 3 ] DEBUG Engine               - notificationViewClass: class com.almasb.fxgl.notification.view.XboxNotificationView
21:45:09.601 [FXGL Background Thread 3 ] DEBUG Engine               - pixelsPerMeter: 50.0
21:45:09.601 [FXGL Background Thread 3 ] DEBUG Engine               - platform: WINDOWS
21:45:09.601 [FXGL Background Thread 3 ] DEBUG Engine               - prefHeightProperty: ReadOnlyDoubleProperty [value: 1080.0]
21:45:09.601 [FXGL Background Thread 3 ] DEBUG Engine               - prefWidthProperty: ReadOnlyDoubleProperty [value: 1920.0]
21:45:09.601 [FXGL Background Thread 3 ] DEBUG Engine               - profileDir: profiles/
21:45:09.601 [FXGL Background Thread 3 ] DEBUG Engine               - profileName: StringProperty [value: DEFAULT]
21:45:09.601 [FXGL Background Thread 3 ] DEBUG Engine               - randomSeed: -1
21:45:09.601 [FXGL Background Thread 3 ] DEBUG Engine               - runtimeInfo: RuntimeInfo(platform=WINDOWS, version=17.3, build=30.03.2023 11.54)
21:45:09.601 [FXGL Background Thread 3 ] DEBUG Engine               - saveFileExt: sav
21:45:09.601 [FXGL Background Thread 3 ] DEBUG Engine               - scaledHeightProp$fxgl: DoubleProperty [bound, value: 823.0]
21:45:09.601 [FXGL Background Thread 3 ] DEBUG Engine               - scaledWidthProp$fxgl: DoubleProperty [bound, value: 1439.0]
21:45:09.601 [FXGL Background Thread 3 ] DEBUG Engine               - sceneFactory: main.spacegame.SpaceGameApp$1@59b936bc
21:45:09.601 [FXGL Background Thread 3 ] DEBUG Engine               - secondsIn24h: 60
21:45:09.601 [FXGL Background Thread 3 ] DEBUG Engine               - soundMenuBack: menu/back.wav
21:45:09.601 [FXGL Background Thread 3 ] DEBUG Engine               - soundMenuPress: menu/press.wav
21:45:09.601 [FXGL Background Thread 3 ] DEBUG Engine               - soundMenuSelect: menu/select.wav
21:45:09.601 [FXGL Background Thread 3 ] DEBUG Engine               - soundNotification: core/notification.wav
21:45:09.601 [FXGL Background Thread 3 ] DEBUG Engine               - stageStyle: DECORATED
21:45:09.601 [FXGL Background Thread 3 ] DEBUG Engine               - supportedLanguages: [ENGLISH, FRENCH, GERMAN, HUNGARIAN, RUSSIAN]
21:45:09.601 [FXGL Background Thread 3 ] DEBUG Engine               - ticksPerSecond: -1
21:45:09.601 [FXGL Background Thread 3 ] DEBUG Engine               - title: Space_Game
21:45:09.601 [FXGL Background Thread 3 ] DEBUG Engine               - urlGithub: https://github.com/AlmasB/FXGL
21:45:09.601 [FXGL Background Thread 3 ] DEBUG Engine               - urlLeaderboard: http://fxgl-top.herokuapp.com/
21:45:09.602 [FXGL Background Thread 3 ] DEBUG Engine               - urlPOM: https://raw.githubusercontent.com/AlmasB/FXGL/release/README.md
21:45:09.602 [FXGL Background Thread 3 ] DEBUG Engine               - userAppClass: class main.spacegame.SpaceGameApp
21:45:09.602 [FXGL Background Thread 3 ] DEBUG Engine               - version: 1.0
21:45:09.602 [FXGL Background Thread 3 ] DEBUG Engine               - versionCheckDays: 7
21:45:09.602 [FXGL Background Thread 3 ] DEBUG Engine               - width: 1920
21:45:09.602 [FXGL Background Thread 3 ] DEBUG Engine               - Logging services
21:45:09.602 [FXGL Background Thread 3 ] DEBUG Engine               - class com.almasb.fxgl.app.services.FXGLAssetLoaderService
21:45:09.602 [FXGL Background Thread 3 ] DEBUG Engine               - class com.almasb.fxgl.app.FXGLApplication$GameApplicationService
21:45:09.602 [FXGL Background Thread 3 ] DEBUG Engine               - class com.almasb.fxgl.app.services.FXGLDialogService
21:45:09.602 [FXGL Background Thread 3 ] DEBUG Engine               - class com.almasb.fxgl.app.services.IOTaskExecutorService
21:45:09.602 [FXGL Background Thread 3 ] DEBUG Engine               - class com.almasb.fxgl.io.FileSystemService
21:45:09.602 [FXGL Background Thread 3 ] DEBUG Engine               - class com.almasb.fxgl.localization.LocalizationService
21:45:09.602 [FXGL Background Thread 3 ] DEBUG Engine               - class com.almasb.fxgl.app.services.SystemBundleService
21:45:09.602 [FXGL Background Thread 3 ] DEBUG Engine               - class com.almasb.fxgl.profile.SaveLoadService
21:45:09.602 [FXGL Background Thread 3 ] DEBUG Engine               - class com.almasb.fxgl.ui.FXGLUIFactoryServiceProvider
21:45:09.602 [FXGL Background Thread 3 ] DEBUG Engine               - class com.almasb.fxgl.ui.FXGLDialogFactoryServiceProvider
21:45:09.602 [FXGL Background Thread 3 ] DEBUG Engine               - class com.almasb.fxgl.audio.AudioPlayer
21:45:09.602 [FXGL Background Thread 3 ] DEBUG Engine               - class com.almasb.fxgl.notification.impl.NotificationServiceProvider
21:45:09.602 [FXGL Background Thread 3 ] DEBUG Engine               - class com.almasb.fxgl.achievement.AchievementService
21:45:09.602 [FXGL Background Thread 3 ] DEBUG Engine               - class com.almasb.fxgl.cutscene.CutsceneService
21:45:09.602 [FXGL Background Thread 3 ] DEBUG Engine               - class com.almasb.fxgl.minigames.MiniGameService
21:45:09.602 [FXGL Background Thread 3 ] DEBUG Engine               - class com.almasb.fxgl.net.NetService
21:45:09.602 [FXGL Background Thread 3 ] DEBUG Engine               - class com.almasb.fxgl.app.services.UpdaterService
21:45:09.602 [FXGL Background Thread 3 ] DEBUG Engine               - class com.almasb.fxgl.dev.DevService
21:45:12.778 [JavaFX Application Thread] DEBUG Menu                 - fireNewGame()
21:45:12.778 [JavaFX Application Thread] DEBUG GameApplicationServi - Starting new game
21:45:12.778 [JavaFX Application Thread] DEBUG PrimaryStageWindow   - Pop state: SpaceGameMainMenu
21:45:12.778 [JavaFX Application Thread] DEBUG Input                - Clearing active input actions
21:45:12.779 [JavaFX Application Thread] DEBUG GameApplicationServi - Removing overlay from SpaceGameMainMenu and adding to FXGLMainMenuDummyScene
21:45:12.779 [JavaFX Application Thread] DEBUG PrimaryStageWindow   - FXGLMainMenuDummyScene <- SpaceGameMainMenu
21:45:12.779 [JavaFX Application Thread] DEBUG Input                - Clearing active input actions
21:45:12.784 [JavaFX Application Thread] DEBUG GameApplicationServi - Removing overlay from FXGLMainMenuDummyScene and adding to FXGLLoadingScene
21:45:12.785 [JavaFX Application Thread] DEBUG PrimaryStageWindow   - FXGLMainMenuDummyScene -> FXGLLoadingScene
21:45:12.785 [JavaFX Application Thread] DEBUG GameApplicationServi - Clearing previous game
21:45:12.785 [JavaFX Application Thread] DEBUG GameScene            - Clearing game scene
21:45:12.785 [JavaFX Application Thread] DEBUG GameWorld            - Clearing game world
21:45:12.785 [JavaFX Application Thread] DEBUG PhysicsWorld         - Clearing physics world
21:45:12.786 [FXGL Background Thread 2 ] DEBUG FXGLApplication      - Initializing game
21:45:12.788 [FXGL Background Thread 2 ] INFO  FXGLApplication      - Game initialization took: 0.002 sec
21:45:12.805 [JavaFX Application Thread] DEBUG Input                - Clearing active input actions
21:45:12.810 [JavaFX Application Thread] DEBUG GameApplicationServi - Removing overlay from FXGLLoadingScene and adding to GameScene
21:45:12.811 [JavaFX Application Thread] DEBUG PrimaryStageWindow   - FXGLLoadingScene -> GameScene
21:45:16.624 [JavaFX Application Thread] DEBUG FXGLApplication      - Exiting FXGL
21:45:16.624 [JavaFX Application Thread] DEBUG LoopRunner           - Stopping loop
21:45:16.624 [JavaFX Application Thread] DEBUG SystemBundleService  - Saving FXGL system data
21:45:16.626 [JavaFX Application Thread] DEBUG FileSystemAccess     - Writing to: C:\Users\İbrahim\Desktop\CS102PROJECT_F-NAL\system\fxgl.bundle
21:45:16.628 [JavaFX Application Thread] DEBUG Async                - Shutting down background threads
21:45:16.628 [JavaFX Application Thread] DEBUG PrimaryStageWindow   - Closing main window
21:45:16.636 [JavaFX Application Thread] DEBUG Logger               - Closing Logger
