19:20:02.820 [main                     ] DEBUG Logger               - Configured Logger
19:20:02.840 [main                     ] DEBUG GameApplication      - Logging settings
Title: Space_Game
Version: 1.0
Width: 1920
Height: 1080
Fullscreen: true
Intro: false
Profiling: true
Single step:false
App Mode: DEVELOPER
Menu Key: ESCAPE
Stage Style: DECORATED
Scene Factory: class main.spacegame.SpaceGameApp$1

19:20:03.092 [JavaFX Application Thread] DEBUG FXGLApplication      - Initializing FXGL
19:20:03.095 [JavaFX Application Thread] INFO  Engine               - FXGL-17.3 (30.03.2023 11.54) on WINDOWS (J:19 FX:20)
19:20:03.095 [JavaFX Application Thread] DEBUG Engine               - JRE Vendor Name: Oracle Corporation
19:20:03.096 [JavaFX Application Thread] DEBUG Engine               - Running on OS: Windows 11 version 10.0
19:20:03.096 [JavaFX Application Thread] DEBUG Engine               - Architecture: amd64
19:20:03.096 [JavaFX Application Thread] INFO  Engine               - Source code and latest versions at: https://github.com/AlmasB/FXGL
19:20:03.096 [JavaFX Application Thread] INFO  Engine               -       Ask questions and discuss at: https://github.com/AlmasB/FXGL/discussions
19:20:03.096 [JavaFX Application Thread] INFO  Engine               -              Join the FXGL chat at: https://gitter.im/AlmasB/FXGL
19:20:03.208 [JavaFX Application Thread] DEBUG PrimaryStageWindow   - Creating a JavaFX scene
19:20:03.208 [JavaFX Application Thread] DEBUG PrimaryStageWindow   - Target size > screen size
19:20:03.241 [JavaFX Application Thread] DEBUG PrimaryStageWindow   - Target settings size: 1920.0 x 1080.0
19:20:03.241 [JavaFX Application Thread] DEBUG PrimaryStageWindow   - Scaled scene size:    1511.0 x 864.0
19:20:03.242 [JavaFX Application Thread] DEBUG PrimaryStageWindow   - Scaled ratio: (0.7869791666666667, 0.8)
19:20:03.242 [JavaFX Application Thread] DEBUG PrimaryStageWindow   - Set initial scene to FXGLStartupScene
19:20:03.245 [JavaFX Application Thread] DEBUG PrimaryStageWindow   - Opening main window
19:20:03.311 [JavaFX Application Thread] DEBUG PrimaryStageWindow   - Window border size: (14.5999755859375, 37.5999755859375)
19:20:03.312 [JavaFX Application Thread] DEBUG PrimaryStageWindow   - Scaled size: 1511.0 x 864.0
19:20:03.312 [JavaFX Application Thread] DEBUG PrimaryStageWindow   - Scaled ratio: (0.7869791666666667, 0.8)
19:20:03.312 [JavaFX Application Thread] DEBUG PrimaryStageWindow   - Scene size: 1511.0 x 864.0
19:20:03.313 [JavaFX Application Thread] DEBUG PrimaryStageWindow   - Stage size: 1525.5999755859375 x 901.5999755859375
19:20:03.382 [JavaFX Application Thread] DEBUG PrimaryStageWindow   - Going fullscreen
19:20:03.392 [FXGL Background Thread 1 ] DEBUG Engine               - Initializing environment variables
19:20:03.437 [FXGL Background Thread 1 ] DEBUG FXGLAssetLoaderServi - User app class for loading assets: class main.spacegame.SpaceGameApp
19:20:03.438 [FXGL Background Thread 1 ] DEBUG GameApplicationServi - Applying CSS: fxgl_dark.css
19:20:03.438 [FXGL Background Thread 1 ] DEBUG FXGLAssetLoaderServi - Loading from file system: jar:file:/C:/Users/alprn/Downloads/fxgl-17.3-uber.jar!/fxglassets/ui/css/fxgl_dark.css
19:20:03.469 [FXGL Background Thread 1 ] DEBUG GameApplicationServi - Initializing application scenes
19:20:03.502 [FXGL Background Thread 1 ] DEBUG GameWorld            - Game world initialized
19:20:03.544 [FXGL Background Thread 1 ] DEBUG PhysicsWorld         - Physics world initialized: appHeight=1080, physics.ppm=50,0
19:20:03.545 [FXGL Background Thread 1 ] DEBUG PhysicsWorld         - Using strategy: GRID_INDEXING
19:20:03.548 [FXGL Background Thread 1 ] DEBUG GameScene            - Game scene initialized: 1920x1080
19:20:03.552 [FXGL Background Thread 1 ] DEBUG FXGLAssetLoaderServi - Loading from file system: file:/C:/Users/alprn/AppData/Roaming/Code/User/workspaceStorage/78d877b89292864788bc45c330f464d6/redhat.java/jdt_ws/CS102PROJECT_F-NAL-1_21edc4da/bin/assets/textures/mainmenu.png
19:20:03.667 [FXGL Background Thread 1 ] DEBUG FXGLAssetLoaderServi - Loading from file system: file:/C:/Users/alprn/AppData/Roaming/Code/User/workspaceStorage/78d877b89292864788bc45c330f464d6/redhat.java/jdt_ws/CS102PROJECT_F-NAL-1_21edc4da/bin/assets/textures/credits.png
19:20:03.694 [FXGL Background Thread 1 ] DEBUG FXGLAssetLoaderServi - Loading from file system: file:/C:/Users/alprn/AppData/Roaming/Code/User/workspaceStorage/78d877b89292864788bc45c330f464d6/redhat.java/jdt_ws/CS102PROJECT_F-NAL-1_21edc4da/bin/assets/textures/gameMenu.png
19:20:03.722 [FXGL Background Thread 1 ] DEBUG GameApplicationServi - Application scenes initialized
19:20:03.731 [FXGL Background Thread 1 ] DEBUG SystemBundleService  - Loading FXGL system data
19:20:03.734 [FXGL Background Thread 1 ] DEBUG FileSystemAccess     - Reading from: C:\Users\alprn\CS102PROJECT_F-NAL-1\system\fxgl.bundle
19:20:03.740 [FXGL Background Thread 1 ] DEBUG SystemBundleService  - Bundle FXGL: {}
19:20:03.741 [FXGL Background Thread 1 ] DEBUG UpdaterService       - Checking for updates
19:20:03.754 [FXGL Background Thread 4 ] DEBUG FXGLApplication      - Loading fonts
19:20:03.754 [FXGL Background Thread 4 ] DEBUG FXGLAssetLoaderServi - Loading from file system: jar:file:/C:/Users/alprn/Downloads/fxgl-17.3-uber.jar!/fxglassets/ui/fonts/VarelaRound-Regular.ttf
19:20:03.755 [FXGL Background Thread 1 ] DEBUG FXGLApplication      - Loading default localization
19:20:03.756 [FXGL Background Thread 1 ] WARN  FXGLAssetLoaderServi - Asset "/assets/languages/englısh.lang" was not found!
19:20:03.756 [FXGL Background Thread 1 ] WARN  FXGLAssetLoaderServi - Failed to load PROPERTY_MAP
19:20:03.763 [FXGL Background Thread 1 ] INFO  FXGLApplication      - FXGL initialization took: 0,370 sec
19:20:03.773 [JavaFX Application Thread] DEBUG Input                - Registered new binding: action0 - V
19:20:03.774 [JavaFX Application Thread] DEBUG Input                - Registered new binding: Up - W
19:20:03.774 [JavaFX Application Thread] DEBUG Input                - Registered new binding: Down - S
19:20:03.774 [JavaFX Application Thread] DEBUG Input                - Registered new binding: Left - A
19:20:03.774 [JavaFX Application Thread] DEBUG Input                - Registered new binding: Right - D
19:20:03.775 [JavaFX Application Thread] DEBUG Input                - Registered new binding: Shoot Mouse - LMB
19:20:03.775 [JavaFX Application Thread] DEBUG Input                - Registered new binding: MouseRight - RMB
19:20:03.776 [JavaFX Application Thread] WARN  FXGLAssetLoaderServi - Asset "/assets/music/dans eden sincap ama epilepsi garantili (100).mp3" was not found!
19:20:03.776 [JavaFX Application Thread] WARN  FXGLAssetLoaderServi - Failed to load MUSIC
19:20:03.778 [JavaFX Application Thread] DEBUG AudioPlayer          - Playing music com.almasb.fxgl.audio.Music@b59be4d
19:20:03.778 [JavaFX Application Thread] DEBUG FXGLAssetLoaderServi - Loading from file system: jar:file:/C:/Users/alprn/Downloads/fxgl-17.3-uber.jar!/fxglassets/textures/fxgl_icon.png
19:20:03.801 [JavaFX Application Thread] DEBUG FXGLAssetLoaderServi - Loading from file system: jar:file:/C:/Users/alprn/Downloads/fxgl-17.3-uber.jar!/fxglassets/textures/fxgl_default_cursor.png
19:20:03.803 [JavaFX Application Thread] DEBUG Input                - Registered new binding: Screenshot - CTRL+8
19:20:03.803 [JavaFX Application Thread] DEBUG Input                - Registered new binding: System info dump - CTRL+9
19:20:03.803 [JavaFX Application Thread] DEBUG Input                - Registered new binding: Restart - CTRL+R
19:20:03.804 [JavaFX Application Thread] DEBUG Input                - Registered new binding: Toggle Debug Camera - CTRL+7
19:20:03.807 [JavaFX Application Thread] DEBUG LoopRunner           - Starting loop
19:20:03.807 [JavaFX Application Thread] DEBUG LoopRunner           - Initializing JavaFX AnimationTimerLoop
19:20:03.808 [FXGL Background Thread 4 ] DEBUG FXGLAssetLoaderServi - Loading from file system: jar:file:/C:/Users/alprn/Downloads/fxgl-17.3-uber.jar!/fxglassets/ui/fonts/Abel-Regular.ttf
19:20:03.811 [JavaFX Application Thread] DEBUG Input                - Clearing active input actions
19:20:03.812 [FXGL Background Thread 4 ] DEBUG FXGLAssetLoaderServi - Loading from file system: jar:file:/C:/Users/alprn/Downloads/fxgl-17.3-uber.jar!/fxglassets/ui/fonts/TerminalLandMono-Regular.otf
19:20:03.817 [JavaFX Application Thread] DEBUG GameApplicationServi - Removing overlay from FXGLStartupScene and adding to FXGLMainMenuDummyScene
19:20:03.821 [JavaFX Application Thread] DEBUG PrimaryStageWindow   - FXGLStartupScene -> FXGLMainMenuDummyScene
19:20:03.821 [JavaFX Application Thread] DEBUG PrimaryStageWindow   - Push state: SpaceGameMainMenu
19:20:03.821 [JavaFX Application Thread] DEBUG Input                - Clearing active input actions
19:20:03.824 [FXGL Background Thread 4 ] DEBUG FXGLAssetLoaderServi - Loading from file system: jar:file:/C:/Users/alprn/Downloads/fxgl-17.3-uber.jar!/fxglassets/ui/fonts/Courier-Prime.ttf
19:20:03.827 [JavaFX Application Thread] DEBUG GameApplicationServi - Removing overlay from FXGLMainMenuDummyScene and adding to SpaceGameMainMenu
19:20:03.831 [JavaFX Application Thread] DEBUG PrimaryStageWindow   - FXGLMainMenuDummyScene -> SpaceGameMainMenu
19:20:03.867 [JavaFX Application Thread] DEBUG FXGLApplication      - Registering font factories with UI factory
19:20:05.157 [JavaFX Application Thread] DEBUG Menu                 - fireNewGame()
19:20:05.157 [JavaFX Application Thread] DEBUG GameApplicationServi - Starting new game
19:20:05.157 [JavaFX Application Thread] DEBUG PrimaryStageWindow   - Pop state: SpaceGameMainMenu
19:20:05.157 [JavaFX Application Thread] DEBUG Input                - Clearing active input actions
19:20:05.158 [JavaFX Application Thread] DEBUG GameApplicationServi - Removing overlay from SpaceGameMainMenu and adding to FXGLMainMenuDummyScene
19:20:05.158 [JavaFX Application Thread] DEBUG PrimaryStageWindow   - FXGLMainMenuDummyScene <- SpaceGameMainMenu
19:20:05.159 [JavaFX Application Thread] DEBUG Input                - Clearing active input actions
19:20:05.166 [JavaFX Application Thread] DEBUG GameApplicationServi - Removing overlay from FXGLMainMenuDummyScene and adding to FXGLLoadingScene
19:20:05.167 [JavaFX Application Thread] DEBUG PrimaryStageWindow   - FXGLMainMenuDummyScene -> FXGLLoadingScene
19:20:05.167 [JavaFX Application Thread] DEBUG GameApplicationServi - Clearing previous game
19:20:05.167 [JavaFX Application Thread] DEBUG GameScene            - Clearing game scene
19:20:05.167 [JavaFX Application Thread] DEBUG GameWorld            - Clearing game world
19:20:05.167 [JavaFX Application Thread] DEBUG PhysicsWorld         - Clearing physics world
19:20:05.169 [FXGL Background Thread 2 ] DEBUG FXGLApplication      - Initializing game
19:20:05.181 [FXGL Background Thread 2 ] DEBUG FXGLAssetLoaderServi - Loading from file system: file:/C:/Users/alprn/AppData/Roaming/Code/User/workspaceStorage/78d877b89292864788bc45c330f464d6/redhat.java/jdt_ws/CS102PROJECT_F-NAL-1_21edc4da/bin/assets/textures/Bomb.png
19:20:05.182 [FXGL Background Thread 2 ] DEBUG FXGLAssetLoaderServi - Loading from file system: file:/C:/Users/alprn/AppData/Roaming/Code/User/workspaceStorage/78d877b89292864788bc45c330f464d6/redhat.java/jdt_ws/CS102PROJECT_F-NAL-1_21edc4da/bin/assets/textures/Bullet.png
19:20:05.188 [FXGL Background Thread 2 ] DEBUG FXGLAssetLoaderServi - Loading from file system: file:/C:/Users/alprn/AppData/Roaming/Code/User/workspaceStorage/78d877b89292864788bc45c330f464d6/redhat.java/jdt_ws/CS102PROJECT_F-NAL-1_21edc4da/bin/assets/textures/WingedAlien.png
19:20:05.196 [FXGL Background Thread 2 ] DEBUG FXGLAssetLoaderServi - Loading from file system: file:/C:/Users/alprn/AppData/Roaming/Code/User/workspaceStorage/78d877b89292864788bc45c330f464d6/redhat.java/jdt_ws/CS102PROJECT_F-NAL-1_21edc4da/bin/assets/textures/Bomber.png
19:20:05.200 [FXGL Background Thread 2 ] DEBUG FXGLAssetLoaderServi - Loading from file system: file:/C:/Users/alprn/AppData/Roaming/Code/User/workspaceStorage/78d877b89292864788bc45c330f464d6/redhat.java/jdt_ws/CS102PROJECT_F-NAL-1_21edc4da/bin/assets/textures/Boss.png
19:20:05.212 [FXGL Background Thread 2 ] DEBUG FXGLAssetLoaderServi - Loading from file system: file:/C:/Users/alprn/AppData/Roaming/Code/User/workspaceStorage/78d877b89292864788bc45c330f464d6/redhat.java/jdt_ws/CS102PROJECT_F-NAL-1_21edc4da/bin/assets/textures/AmongUs.png
19:20:05.232 [FXGL Background Thread 2 ] DEBUG FXGLAssetLoaderServi - Loading from file system: file:/C:/Users/alprn/AppData/Roaming/Code/User/workspaceStorage/78d877b89292864788bc45c330f464d6/redhat.java/jdt_ws/CS102PROJECT_F-NAL-1_21edc4da/bin/assets/textures/background/bg_0.png
19:20:05.355 [FXGL Background Thread 2 ] DEBUG FXGLAssetLoaderServi - Loading from file system: file:/C:/Users/alprn/AppData/Roaming/Code/User/workspaceStorage/78d877b89292864788bc45c330f464d6/redhat.java/jdt_ws/CS102PROJECT_F-NAL-1_21edc4da/bin/assets/textures/front.png
19:20:05.425 [FXGL Background Thread 2 ] DEBUG FXGLAssetLoaderServi - Loading from file system: file:/C:/Users/alprn/AppData/Roaming/Code/User/workspaceStorage/78d877b89292864788bc45c330f464d6/redhat.java/jdt_ws/CS102PROJECT_F-NAL-1_21edc4da/bin/assets/textures/front.png
19:20:05.429 [FXGL Background Thread 2 ] INFO  FXGLApplication      - Game initialization took: 0,260 sec
19:20:05.430 [JavaFX Application Thread] DEBUG Input                - Clearing active input actions
19:20:05.435 [JavaFX Application Thread] DEBUG GameApplicationServi - Removing overlay from FXGLLoadingScene and adding to GameScene
19:20:05.436 [JavaFX Application Thread] DEBUG PrimaryStageWindow   - FXGLLoadingScene -> GameScene
19:20:06.080 [JavaFX Application Thread] DEBUG FXGLAssetLoaderServi - Loading from file system: file:/C:/Users/alprn/AppData/Roaming/Code/User/workspaceStorage/78d877b89292864788bc45c330f464d6/redhat.java/jdt_ws/CS102PROJECT_F-NAL-1_21edc4da/bin/assets/sounds/shoot4.wav
19:20:06.231 [JavaFX Application Thread] DEBUG FXGLAssetLoaderServi - Loading from file system: file:/C:/Users/alprn/AppData/Roaming/Code/User/workspaceStorage/78d877b89292864788bc45c330f464d6/redhat.java/jdt_ws/CS102PROJECT_F-NAL-1_21edc4da/bin/assets/sounds/shoot3.wav
19:20:06.324 [JavaFX Application Thread] DEBUG FXGLAssetLoaderServi - Loading from file system: file:/C:/Users/alprn/AppData/Roaming/Code/User/workspaceStorage/78d877b89292864788bc45c330f464d6/redhat.java/jdt_ws/CS102PROJECT_F-NAL-1_21edc4da/bin/assets/sounds/shoot2.wav
19:20:06.751 [FXGL Background Thread 3 ] DEBUG Engine               - Logging environment variables
19:20:06.752 [FXGL Background Thread 3 ] DEBUG Engine               - achievements: []
19:20:06.752 [FXGL Background Thread 3 ] DEBUG Engine               - actualHeight: 864.0
19:20:06.752 [FXGL Background Thread 3 ] DEBUG Engine               - actualHeightProperty: ReadOnlyDoubleProperty [value: 864.0]
19:20:06.752 [FXGL Background Thread 3 ] DEBUG Engine               - actualWidth: 1536.0
19:20:06.752 [FXGL Background Thread 3 ] DEBUG Engine               - actualWidthProperty: ReadOnlyDoubleProperty [value: 1536.0]
19:20:06.752 [FXGL Background Thread 3 ] DEBUG Engine               - appIcon: fxgl_icon.png
19:20:06.752 [FXGL Background Thread 3 ] DEBUG Engine               - applicationMode: DEVELOPER
19:20:06.752 [FXGL Background Thread 3 ] DEBUG Engine               - cSSList: [fxgl_dark.css]
19:20:06.752 [FXGL Background Thread 3 ] DEBUG Engine               - collisionDetectionStrategy: GRID_INDEXING
19:20:06.752 [FXGL Background Thread 3 ] DEBUG Engine               - configClass: Optional.empty
19:20:06.752 [FXGL Background Thread 3 ] DEBUG Engine               - credits: []
19:20:06.753 [FXGL Background Thread 3 ] DEBUG Engine               - defaultCursor: CursorInfo(imageName=fxgl_default_cursor.png, hotspotX=7.0, hotspotY=6.0)
19:20:06.753 [FXGL Background Thread 3 ] DEBUG Engine               - devBBoxColorProperty: ObjectProperty [value: 0xff0000ff]
19:20:06.753 [FXGL Background Thread 3 ] DEBUG Engine               - devEnableDebugCameraProperty: BooleanProperty [value: false]
19:20:06.753 [FXGL Background Thread 3 ] DEBUG Engine               - devSensorColorProperty: ObjectProperty [value: 0xffff00ff]
19:20:06.753 [FXGL Background Thread 3 ] DEBUG Engine               - devShowBBoxProperty: BooleanProperty [value: false]
19:20:06.753 [FXGL Background Thread 3 ] DEBUG Engine               - devShowPositionProperty: BooleanProperty [value: false]
19:20:06.753 [FXGL Background Thread 3 ] DEBUG Engine               - enabledMenuItems: []
19:20:06.754 [FXGL Background Thread 3 ] DEBUG Engine               - engineServices: [class com.almasb.fxgl.app.services.FXGLAssetLoaderService, class com.almasb.fxgl.app.FXGLApplication$GameApplicationService, class com.almasb.fxgl.app.services.FXGLDialogService, class com.almasb.fxgl.app.services.IOTaskExecutorService, class com.almasb.fxgl.io.FileSystemService, class com.almasb.fxgl.localization.LocalizationService, class com.almasb.fxgl.app.services.SystemBundleService, class com.almasb.fxgl.profile.SaveLoadService, class com.almasb.fxgl.ui.FXGLUIFactoryServiceProvider, class com.almasb.fxgl.ui.FXGLDialogFactoryServiceProvider, class com.almasb.fxgl.audio.AudioPlayer, class com.almasb.fxgl.notification.impl.NotificationServiceProvider, class com.almasb.fxgl.achievement.AchievementService, class com.almasb.fxgl.cutscene.CutsceneService, class com.almasb.fxgl.minigames.MiniGameService, class com.almasb.fxgl.net.NetService, class com.almasb.fxgl.app.services.UpdaterService, class com.almasb.fxgl.dev.DevService, class main.spacegame.service.HighScoreService, class main.spacegame.level.LevelService, class com.almasb.fxgl.dev.profiling.ProfilerService]
19:20:06.754 [FXGL Background Thread 3 ] DEBUG Engine               - fontGame: Abel-Regular.ttf
19:20:06.754 [FXGL Background Thread 3 ] DEBUG Engine               - fontMono: TerminalLandMono-Regular.otf
19:20:06.754 [FXGL Background Thread 3 ] DEBUG Engine               - fontSizeScaleUI: 1.0
19:20:06.754 [FXGL Background Thread 3 ] DEBUG Engine               - fontText: Courier-Prime.ttf
19:20:06.754 [FXGL Background Thread 3 ] DEBUG Engine               - fontUI: VarelaRound-Regular.ttf
19:20:06.754 [FXGL Background Thread 3 ] DEBUG Engine               - fullScreen: BooleanProperty [value: true]
19:20:06.754 [FXGL Background Thread 3 ] DEBUG Engine               - gameDifficulty: MEDIUM
19:20:06.754 [FXGL Background Thread 3 ] DEBUG Engine               - gameDifficultyProperty: ObjectProperty [value: MEDIUM]
19:20:06.754 [FXGL Background Thread 3 ] DEBUG Engine               - globalMusicVolume: 0.5
19:20:06.754 [FXGL Background Thread 3 ] DEBUG Engine               - globalMusicVolumeProperty: DoubleProperty [value: 0.7]
19:20:06.754 [FXGL Background Thread 3 ] DEBUG Engine               - globalSoundVolume: 0.5
19:20:06.754 [FXGL Background Thread 3 ] DEBUG Engine               - globalSoundVolumeProperty: DoubleProperty [value: 0.7]
19:20:06.754 [FXGL Background Thread 3 ] DEBUG Engine               - height: 1080
19:20:06.754 [FXGL Background Thread 3 ] DEBUG Engine               - is3D: false
19:20:06.754 [FXGL Background Thread 3 ] DEBUG Engine               - isAndroid: false
19:20:06.754 [FXGL Background Thread 3 ] DEBUG Engine               - isBrowser: false
19:20:06.754 [FXGL Background Thread 3 ] DEBUG Engine               - isClickFeedbackEnabled: false
19:20:06.754 [FXGL Background Thread 3 ] DEBUG Engine               - isCloseConfirmation: false
19:20:06.754 [FXGL Background Thread 3 ] DEBUG Engine               - isDesktop: true
19:20:06.754 [FXGL Background Thread 3 ] DEBUG Engine               - isDeveloperMenuEnabled: false
19:20:06.754 [FXGL Background Thread 3 ] DEBUG Engine               - isEmbedded: false
19:20:06.754 [FXGL Background Thread 3 ] DEBUG Engine               - isEntityPreloadEnabled: true
19:20:06.754 [FXGL Background Thread 3 ] DEBUG Engine               - isExperimentalTiledLargeMap: false
19:20:06.754 [FXGL Background Thread 3 ] DEBUG Engine               - isFileSystemWriteAllowed: true
19:20:06.754 [FXGL Background Thread 3 ] DEBUG Engine               - isFullScreenAllowed: true
19:20:06.754 [FXGL Background Thread 3 ] DEBUG Engine               - isFullScreenFromStart: true
19:20:06.754 [FXGL Background Thread 3 ] DEBUG Engine               - isGameMenuEnabled: true
19:20:06.754 [FXGL Background Thread 3 ] DEBUG Engine               - isIOS: false
19:20:06.754 [FXGL Background Thread 3 ] DEBUG Engine               - isIntroEnabled: false
19:20:06.754 [FXGL Background Thread 3 ] DEBUG Engine               - isLinux: false
19:20:06.754 [FXGL Background Thread 3 ] DEBUG Engine               - isMac: false
19:20:06.754 [FXGL Background Thread 3 ] DEBUG Engine               - isMainMenuEnabled: true
19:20:06.754 [FXGL Background Thread 3 ] DEBUG Engine               - isManualResizeEnabled: false
19:20:06.754 [FXGL Background Thread 3 ] DEBUG Engine               - isMobile: false
19:20:06.754 [FXGL Background Thread 3 ] DEBUG Engine               - isNative: false
19:20:06.754 [FXGL Background Thread 3 ] DEBUG Engine               - isPauseMusicWhenMinimized: true
19:20:06.754 [FXGL Background Thread 3 ] DEBUG Engine               - isPreserveResizeRatio: false
19:20:06.754 [FXGL Background Thread 3 ] DEBUG Engine               - isProfilingEnabled: true
19:20:06.754 [FXGL Background Thread 3 ] DEBUG Engine               - isScaleAffectedOnResize: true
19:20:06.755 [FXGL Background Thread 3 ] DEBUG Engine               - isSingleStep: false
19:20:06.755 [FXGL Background Thread 3 ] DEBUG Engine               - isUserProfileEnabled: false
19:20:06.755 [FXGL Background Thread 3 ] DEBUG Engine               - isWindows: true
19:20:06.755 [FXGL Background Thread 3 ] DEBUG Engine               - language: ObjectProperty [value: ENGLISH]
19:20:06.755 [FXGL Background Thread 3 ] DEBUG Engine               - menuKey: ESCAPE
19:20:06.755 [FXGL Background Thread 3 ] DEBUG Engine               - mouseSensitivity: 0.2
19:20:06.755 [FXGL Background Thread 3 ] DEBUG Engine               - notificationViewClass: class com.almasb.fxgl.notification.view.XboxNotificationView
19:20:06.755 [FXGL Background Thread 3 ] DEBUG Engine               - pixelsPerMeter: 50.0
19:20:06.755 [FXGL Background Thread 3 ] DEBUG Engine               - platform: WINDOWS
19:20:06.755 [FXGL Background Thread 3 ] DEBUG Engine               - prefHeightProperty: ReadOnlyDoubleProperty [value: 1080.0]
19:20:06.755 [FXGL Background Thread 3 ] DEBUG Engine               - prefWidthProperty: ReadOnlyDoubleProperty [value: 1920.0]
19:20:06.755 [FXGL Background Thread 3 ] DEBUG Engine               - profileDir: profiles/
19:20:06.755 [FXGL Background Thread 3 ] DEBUG Engine               - profileName: StringProperty [value: DEFAULT]
19:20:06.755 [FXGL Background Thread 3 ] DEBUG Engine               - randomSeed: -1
19:20:06.756 [FXGL Background Thread 3 ] DEBUG Engine               - runtimeInfo: RuntimeInfo(platform=WINDOWS, version=17.3, build=30.03.2023 11.54)
19:20:06.756 [FXGL Background Thread 3 ] DEBUG Engine               - saveFileExt: sav
19:20:06.756 [FXGL Background Thread 3 ] DEBUG Engine               - scaledHeightProp$fxgl: DoubleProperty [bound, value: 864.0]
19:20:06.756 [FXGL Background Thread 3 ] DEBUG Engine               - scaledWidthProp$fxgl: DoubleProperty [bound, value: 1536.0]
19:20:06.756 [FXGL Background Thread 3 ] DEBUG Engine               - sceneFactory: main.spacegame.SpaceGameApp$1@5443b098
19:20:06.756 [FXGL Background Thread 3 ] DEBUG Engine               - secondsIn24h: 60
19:20:06.756 [FXGL Background Thread 3 ] DEBUG Engine               - soundMenuBack: menu/back.wav
19:20:06.756 [FXGL Background Thread 3 ] DEBUG Engine               - soundMenuPress: menu/press.wav
19:20:06.756 [FXGL Background Thread 3 ] DEBUG Engine               - soundMenuSelect: menu/select.wav
19:20:06.756 [FXGL Background Thread 3 ] DEBUG Engine               - soundNotification: core/notification.wav
19:20:06.756 [FXGL Background Thread 3 ] DEBUG Engine               - stageStyle: DECORATED
19:20:06.756 [FXGL Background Thread 3 ] DEBUG Engine               - supportedLanguages: [ENGLISH, FRENCH, GERMAN, HUNGARIAN, RUSSIAN]
19:20:06.756 [FXGL Background Thread 3 ] DEBUG Engine               - ticksPerSecond: -1
19:20:06.756 [FXGL Background Thread 3 ] DEBUG Engine               - title: Space_Game
19:20:06.756 [FXGL Background Thread 3 ] DEBUG Engine               - urlGithub: https://github.com/AlmasB/FXGL
19:20:06.756 [FXGL Background Thread 3 ] DEBUG Engine               - urlLeaderboard: http://fxgl-top.herokuapp.com/
19:20:06.756 [FXGL Background Thread 3 ] DEBUG Engine               - urlPOM: https://raw.githubusercontent.com/AlmasB/FXGL/release/README.md
19:20:06.756 [FXGL Background Thread 3 ] DEBUG Engine               - userAppClass: class main.spacegame.SpaceGameApp
19:20:06.756 [FXGL Background Thread 3 ] DEBUG Engine               - version: 1.0
19:20:06.756 [FXGL Background Thread 3 ] DEBUG Engine               - versionCheckDays: 7
19:20:06.756 [FXGL Background Thread 3 ] DEBUG Engine               - width: 1920
19:20:06.756 [FXGL Background Thread 3 ] DEBUG Engine               - Logging services
19:20:06.756 [FXGL Background Thread 3 ] DEBUG Engine               - class com.almasb.fxgl.app.services.FXGLAssetLoaderService
19:20:06.756 [FXGL Background Thread 3 ] DEBUG Engine               - class com.almasb.fxgl.app.FXGLApplication$GameApplicationService
19:20:06.756 [FXGL Background Thread 3 ] DEBUG Engine               - class com.almasb.fxgl.app.services.FXGLDialogService
19:20:06.756 [FXGL Background Thread 3 ] DEBUG Engine               - class com.almasb.fxgl.app.services.IOTaskExecutorService
19:20:06.756 [FXGL Background Thread 3 ] DEBUG Engine               - class com.almasb.fxgl.io.FileSystemService
19:20:06.756 [FXGL Background Thread 3 ] DEBUG Engine               - class com.almasb.fxgl.localization.LocalizationService
19:20:06.757 [FXGL Background Thread 3 ] DEBUG Engine               - class com.almasb.fxgl.app.services.SystemBundleService
19:20:06.757 [FXGL Background Thread 3 ] DEBUG Engine               - class com.almasb.fxgl.profile.SaveLoadService
19:20:06.757 [FXGL Background Thread 3 ] DEBUG Engine               - class com.almasb.fxgl.ui.FXGLUIFactoryServiceProvider
19:20:06.757 [FXGL Background Thread 3 ] DEBUG Engine               - class com.almasb.fxgl.ui.FXGLDialogFactoryServiceProvider
19:20:06.757 [FXGL Background Thread 3 ] DEBUG Engine               - class com.almasb.fxgl.audio.AudioPlayer
19:20:06.757 [FXGL Background Thread 3 ] DEBUG Engine               - class com.almasb.fxgl.notification.impl.NotificationServiceProvider
19:20:06.757 [FXGL Background Thread 3 ] DEBUG Engine               - class com.almasb.fxgl.achievement.AchievementService
19:20:06.757 [FXGL Background Thread 3 ] DEBUG Engine               - class com.almasb.fxgl.cutscene.CutsceneService
19:20:06.757 [FXGL Background Thread 3 ] DEBUG Engine               - class com.almasb.fxgl.minigames.MiniGameService
19:20:06.757 [FXGL Background Thread 3 ] DEBUG Engine               - class com.almasb.fxgl.net.NetService
19:20:06.757 [FXGL Background Thread 3 ] DEBUG Engine               - class com.almasb.fxgl.app.services.UpdaterService
19:20:06.757 [FXGL Background Thread 3 ] DEBUG Engine               - class com.almasb.fxgl.dev.DevService
19:20:06.757 [FXGL Background Thread 3 ] DEBUG Engine               - class main.spacegame.service.HighScoreService
19:20:06.757 [FXGL Background Thread 3 ] DEBUG Engine               - class main.spacegame.level.LevelService
19:20:06.757 [FXGL Background Thread 3 ] DEBUG Engine               - class com.almasb.fxgl.dev.profiling.ProfilerService
19:20:11.239 [JavaFX Application Thread] DEBUG FXGLAssetLoaderServi - Loading from file system: file:/C:/Users/alprn/AppData/Roaming/Code/User/workspaceStorage/78d877b89292864788bc45c330f464d6/redhat.java/jdt_ws/CS102PROJECT_F-NAL-1_21edc4da/bin/assets/sounds/shoot1.wav
19:20:18.398 [JavaFX Application Thread] DEBUG LoopRunner           - Stopping loop
19:20:18.399 [JavaFX Application Thread] FATAL FXGLApplication      - Uncaught Exception:
java.lang.IndexOutOfBoundsException: Index: 0, Size: 0
	at com.almasb.fxgl.core.collection.Array.checkRange(Array.java:612)
	at com.almasb.fxgl.core.collection.Array.get(Array.java:165)
	at main.spacegame.level.Level.onUpdate(Level.java:52)
	at main.spacegame.level.LevelService.onGameUpdate(LevelService.java:29)
	at com.almasb.fxgl.app.Engine.onGameUpdate(Engine.kt:138)
	at com.almasb.fxgl.app.FXGLApplication.postServicesInit$lambda$7(FXGLApplication.kt:182)
	at com.almasb.fxgl.scene.Scene.update(Scene.kt:113)
	at com.almasb.fxgl.app.MainWindow$update$1.invoke(MainWindow.kt:115)
	at com.almasb.fxgl.app.MainWindow$update$1.invoke(MainWindow.kt:115)
	at com.almasb.fxgl.core.fsm.StateMachine.runOnActiveStates(StateMachine.kt:69)
	at com.almasb.fxgl.app.MainWindow.update(MainWindow.kt:115)
	at com.almasb.fxgl.app.FXGLApplication$GameApplicationService.onUpdate(FXGLApplication.kt:426)
	at com.almasb.fxgl.app.Engine.loop(Engine.kt:134)
	at com.almasb.fxgl.app.Engine.access$loop(Engine.kt:24)
	at com.almasb.fxgl.app.Engine$loop$1.invoke(Engine.kt:28)
	at com.almasb.fxgl.app.Engine$loop$1.invoke(Engine.kt:28)
	at com.almasb.fxgl.app.LoopRunner.frame(LoopRunner.kt:103)
	at com.almasb.fxgl.app.LoopRunner.access$frame(LoopRunner.kt:23)
	at com.almasb.fxgl.app.LoopRunner$impl$2$1.onTick(LoopRunner.kt:57)
	at com.almasb.fxgl.app.AnimationTimerLoop$timer$1.handle(LoopRunner.kt:137)
	at javafx.animation.AnimationTimer$AnimationTimerReceiver.lambda$handle$0(AnimationTimer.java:58)
	at java.base/java.security.AccessController.doPrivileged(AccessController.java:399)
	at javafx.animation.AnimationTimer$AnimationTimerReceiver.handle(AnimationTimer.java:57)
	at com.sun.scenario.animation.AbstractPrimaryTimer.timePulseImpl(AbstractPrimaryTimer.java:356)
	at com.sun.scenario.animation.AbstractPrimaryTimer$MainLoop.run(AbstractPrimaryTimer.java:266)
	at com.sun.javafx.tk.quantum.QuantumToolkit.pulse(QuantumToolkit.java:588)
	at com.sun.javafx.tk.quantum.QuantumToolkit.pulse(QuantumToolkit.java:572)
	at com.sun.javafx.tk.quantum.QuantumToolkit.pulseFromQueue(QuantumToolkit.java:565)
	at com.sun.javafx.tk.quantum.QuantumToolkit.lambda$runToolkit$11(QuantumToolkit.java:352)
	at com.sun.glass.ui.InvokeLaterDispatcher$Future.run(InvokeLaterDispatcher.java:95)
	at com.sun.glass.ui.win.WinApplication._runLoop(Native Method)
	at com.sun.glass.ui.win.WinApplication.lambda$runLoop$3(WinApplication.java:185)
	at java.base/java.lang.Thread.run(Thread.java:1589)

19:20:18.411 [JavaFX Application Thread] FATAL FXGLApplication      - Application will now exit
19:20:18.434 [JavaFX Application Thread] DEBUG PrimaryStageWindow   - Push state: ErrorSubScene
19:20:18.434 [JavaFX Application Thread] DEBUG Input                - Clearing active input actions
19:20:18.439 [JavaFX Application Thread] DEBUG GameApplicationServi - Removing overlay from GameScene and adding to ErrorSubScene
19:20:18.439 [JavaFX Application Thread] DEBUG PrimaryStageWindow   - GameScene -> ErrorSubScene
19:20:25.491 [JavaFX Application Thread] DEBUG FXGLApplication      - Exiting FXGL
19:20:25.491 [JavaFX Application Thread] DEBUG Async                - Shutting down background threads
19:20:25.492 [JavaFX Application Thread] DEBUG PrimaryStageWindow   - Closing main window
19:20:25.529 [JavaFX Application Thread] DEBUG Logger               - Closing Logger
