18:00:55.187 [main                     ] DEBUG Logger               - Configured Logger
18:00:55.214 [main                     ] DEBUG GameApplication      - Logging settings
Title: Space_Game
Version: 1.0
Width: 1920
Height: 1080
Fullscreen: true
Intro: false
Profiling: true
Single step:false
App Mode: DEVELOPER
Menu Key: ESCAPE
Stage Style: DECORATED
Scene Factory: class main.spacegame.SpaceGameApp$1

18:00:55.546 [JavaFX Application Thread] DEBUG FXGLApplication      - Initializing FXGL
18:00:55.550 [JavaFX Application Thread] INFO  Engine               - FXGL-17.3 (30.03.2023 11.54) on WINDOWS (J:19 FX:20)
18:00:55.551 [JavaFX Application Thread] DEBUG Engine               - JRE Vendor Name: Oracle Corporation
18:00:55.551 [JavaFX Application Thread] DEBUG Engine               - Running on OS: Windows 11 version 10.0
18:00:55.551 [JavaFX Application Thread] DEBUG Engine               - Architecture: amd64
18:00:55.551 [JavaFX Application Thread] INFO  Engine               - Source code and latest versions at: https://github.com/AlmasB/FXGL
18:00:55.551 [JavaFX Application Thread] INFO  Engine               -       Ask questions and discuss at: https://github.com/AlmasB/FXGL/discussions
18:00:55.552 [JavaFX Application Thread] INFO  Engine               -              Join the FXGL chat at: https://gitter.im/AlmasB/FXGL
18:00:55.653 [JavaFX Application Thread] DEBUG PrimaryStageWindow   - Creating a JavaFX scene
18:00:55.654 [JavaFX Application Thread] DEBUG PrimaryStageWindow   - Target size > screen size
18:00:55.697 [JavaFX Application Thread] DEBUG PrimaryStageWindow   - Target settings size: 1920.0 x 1080.0
18:00:55.697 [JavaFX Application Thread] DEBUG PrimaryStageWindow   - Scaled scene size:    1511.0 x 864.0
18:00:55.697 [JavaFX Application Thread] DEBUG PrimaryStageWindow   - Scaled ratio: (0.7869791666666667, 0.8)
18:00:55.698 [JavaFX Application Thread] DEBUG PrimaryStageWindow   - Set initial scene to FXGLStartupScene
18:00:55.701 [JavaFX Application Thread] DEBUG PrimaryStageWindow   - Opening main window
18:00:55.779 [JavaFX Application Thread] DEBUG PrimaryStageWindow   - Window border size: (14.5999755859375, 37.5999755859375)
18:00:55.780 [JavaFX Application Thread] DEBUG PrimaryStageWindow   - Scaled size: 1511.0 x 864.0
18:00:55.780 [JavaFX Application Thread] DEBUG PrimaryStageWindow   - Scaled ratio: (0.7869791666666667, 0.8)
18:00:55.780 [JavaFX Application Thread] DEBUG PrimaryStageWindow   - Scene size: 1511.0 x 864.0
18:00:55.781 [JavaFX Application Thread] DEBUG PrimaryStageWindow   - Stage size: 1525.5999755859375 x 901.5999755859375
18:00:55.853 [JavaFX Application Thread] DEBUG PrimaryStageWindow   - Going fullscreen
18:00:55.864 [FXGL Background Thread 1 ] DEBUG Engine               - Initializing environment variables
18:00:55.916 [FXGL Background Thread 1 ] DEBUG FXGLAssetLoaderServi - User app class for loading assets: class main.spacegame.SpaceGameApp
18:00:55.917 [FXGL Background Thread 1 ] DEBUG GameApplicationServi - Applying CSS: fxgl_dark.css
18:00:55.917 [FXGL Background Thread 1 ] DEBUG FXGLAssetLoaderServi - Loading from file system: jar:file:/C:/Users/alprn/Downloads/fxgl-17.3-uber.jar!/fxglassets/ui/css/fxgl_dark.css
18:00:55.953 [FXGL Background Thread 1 ] DEBUG GameApplicationServi - Initializing application scenes
18:00:55.993 [FXGL Background Thread 1 ] DEBUG GameWorld            - Game world initialized
18:00:56.043 [FXGL Background Thread 1 ] DEBUG PhysicsWorld         - Physics world initialized: appHeight=1080, physics.ppm=50,0
18:00:56.044 [FXGL Background Thread 1 ] DEBUG PhysicsWorld         - Using strategy: GRID_INDEXING
18:00:56.048 [FXGL Background Thread 1 ] DEBUG GameScene            - Game scene initialized: 1920x1080
18:00:56.050 [FXGL Background Thread 1 ] DEBUG FXGLAssetLoaderServi - Loading from file system: file:/C:/Users/alprn/AppData/Roaming/Code/User/workspaceStorage/78d877b89292864788bc45c330f464d6/redhat.java/jdt_ws/CS102PROJECT_F-NAL-1_21edc4da/bin/assets/textures/mainmenu.png
18:00:56.182 [FXGL Background Thread 1 ] DEBUG FXGLAssetLoaderServi - Loading from file system: file:/C:/Users/alprn/AppData/Roaming/Code/User/workspaceStorage/78d877b89292864788bc45c330f464d6/redhat.java/jdt_ws/CS102PROJECT_F-NAL-1_21edc4da/bin/assets/textures/credits.png
18:00:56.216 [FXGL Background Thread 1 ] DEBUG FXGLAssetLoaderServi - Loading from file system: file:/C:/Users/alprn/AppData/Roaming/Code/User/workspaceStorage/78d877b89292864788bc45c330f464d6/redhat.java/jdt_ws/CS102PROJECT_F-NAL-1_21edc4da/bin/assets/textures/gameMenu.png
18:00:56.251 [FXGL Background Thread 1 ] DEBUG GameApplicationServi - Application scenes initialized
18:00:56.265 [FXGL Background Thread 1 ] DEBUG SystemBundleService  - Loading FXGL system data
18:00:56.268 [FXGL Background Thread 1 ] DEBUG FileSystemAccess     - Reading from: C:\Users\alprn\CS102PROJECT_F-NAL-1\system\fxgl.bundle
18:00:56.275 [FXGL Background Thread 1 ] DEBUG SystemBundleService  - Bundle FXGL: {}
18:00:56.276 [FXGL Background Thread 1 ] DEBUG UpdaterService       - Checking for updates
18:00:56.290 [FXGL Background Thread 4 ] DEBUG FXGLApplication      - Loading fonts
18:00:56.291 [FXGL Background Thread 4 ] DEBUG FXGLAssetLoaderServi - Loading from file system: jar:file:/C:/Users/alprn/Downloads/fxgl-17.3-uber.jar!/fxglassets/ui/fonts/VarelaRound-Regular.ttf
18:00:56.291 [FXGL Background Thread 1 ] DEBUG FXGLApplication      - Loading default localization
18:00:56.292 [FXGL Background Thread 1 ] WARN  FXGLAssetLoaderServi - Asset "/assets/languages/englısh.lang" was not found!
18:00:56.294 [FXGL Background Thread 1 ] WARN  FXGLAssetLoaderServi - Failed to load PROPERTY_MAP
18:00:56.304 [FXGL Background Thread 1 ] INFO  FXGLApplication      - FXGL initialization took: 0,439 sec
18:00:56.315 [JavaFX Application Thread] DEBUG Input                - Registered new binding: action0 - V
18:00:56.316 [JavaFX Application Thread] DEBUG Input                - Registered new binding: Up - W
18:00:56.316 [JavaFX Application Thread] DEBUG Input                - Registered new binding: Down - S
18:00:56.316 [JavaFX Application Thread] DEBUG Input                - Registered new binding: Left - A
18:00:56.317 [JavaFX Application Thread] DEBUG Input                - Registered new binding: Right - D
18:00:56.318 [JavaFX Application Thread] DEBUG Input                - Registered new binding: Shoot Mouse - LMB
18:00:56.319 [JavaFX Application Thread] DEBUG Input                - Registered new binding: MouseRight - RMB
18:00:56.320 [JavaFX Application Thread] WARN  FXGLAssetLoaderServi - Asset "/assets/music/dans eden sincap ama epilepsi garantili (100).mp3" was not found!
18:00:56.320 [JavaFX Application Thread] WARN  FXGLAssetLoaderServi - Failed to load MUSIC
18:00:56.321 [JavaFX Application Thread] DEBUG AudioPlayer          - Playing music com.almasb.fxgl.audio.Music@3dc73c27
18:00:56.322 [JavaFX Application Thread] DEBUG FXGLAssetLoaderServi - Loading from file system: jar:file:/C:/Users/alprn/Downloads/fxgl-17.3-uber.jar!/fxglassets/textures/fxgl_icon.png
18:00:56.348 [JavaFX Application Thread] DEBUG FXGLAssetLoaderServi - Loading from file system: jar:file:/C:/Users/alprn/Downloads/fxgl-17.3-uber.jar!/fxglassets/textures/fxgl_default_cursor.png
18:00:56.351 [JavaFX Application Thread] DEBUG Input                - Registered new binding: Screenshot - CTRL+8
18:00:56.351 [JavaFX Application Thread] DEBUG Input                - Registered new binding: System info dump - CTRL+9
18:00:56.352 [JavaFX Application Thread] DEBUG Input                - Registered new binding: Restart - CTRL+R
18:00:56.352 [JavaFX Application Thread] DEBUG Input                - Registered new binding: Toggle Debug Camera - CTRL+7
18:00:56.356 [FXGL Background Thread 4 ] DEBUG FXGLAssetLoaderServi - Loading from file system: jar:file:/C:/Users/alprn/Downloads/fxgl-17.3-uber.jar!/fxglassets/ui/fonts/Abel-Regular.ttf
18:00:56.356 [JavaFX Application Thread] DEBUG LoopRunner           - Starting loop
18:00:56.356 [JavaFX Application Thread] DEBUG LoopRunner           - Initializing JavaFX AnimationTimerLoop
18:00:56.361 [JavaFX Application Thread] DEBUG Input                - Clearing active input actions
18:00:56.368 [FXGL Background Thread 4 ] DEBUG FXGLAssetLoaderServi - Loading from file system: jar:file:/C:/Users/alprn/Downloads/fxgl-17.3-uber.jar!/fxglassets/ui/fonts/TerminalLandMono-Regular.otf
18:00:56.368 [JavaFX Application Thread] DEBUG GameApplicationServi - Removing overlay from FXGLStartupScene and adding to FXGLMainMenuDummyScene
18:00:56.371 [FXGL Background Thread 4 ] DEBUG FXGLAssetLoaderServi - Loading from file system: jar:file:/C:/Users/alprn/Downloads/fxgl-17.3-uber.jar!/fxglassets/ui/fonts/Courier-Prime.ttf
18:00:56.371 [JavaFX Application Thread] DEBUG PrimaryStageWindow   - FXGLStartupScene -> FXGLMainMenuDummyScene
18:00:56.372 [JavaFX Application Thread] DEBUG PrimaryStageWindow   - Push state: SpaceGameMainMenu
18:00:56.372 [JavaFX Application Thread] DEBUG Input                - Clearing active input actions
18:00:56.378 [JavaFX Application Thread] DEBUG GameApplicationServi - Removing overlay from FXGLMainMenuDummyScene and adding to SpaceGameMainMenu
18:00:56.384 [JavaFX Application Thread] DEBUG PrimaryStageWindow   - FXGLMainMenuDummyScene -> SpaceGameMainMenu
18:00:56.431 [JavaFX Application Thread] DEBUG FXGLApplication      - Registering font factories with UI factory
18:00:57.492 [JavaFX Application Thread] DEBUG Menu                 - fireNewGame()
18:00:57.492 [JavaFX Application Thread] DEBUG GameApplicationServi - Starting new game
18:00:57.493 [JavaFX Application Thread] DEBUG PrimaryStageWindow   - Pop state: SpaceGameMainMenu
18:00:57.493 [JavaFX Application Thread] DEBUG Input                - Clearing active input actions
18:00:57.493 [JavaFX Application Thread] DEBUG GameApplicationServi - Removing overlay from SpaceGameMainMenu and adding to FXGLMainMenuDummyScene
18:00:57.494 [JavaFX Application Thread] DEBUG PrimaryStageWindow   - FXGLMainMenuDummyScene <- SpaceGameMainMenu
18:00:57.494 [JavaFX Application Thread] DEBUG Input                - Clearing active input actions
18:00:57.502 [JavaFX Application Thread] DEBUG GameApplicationServi - Removing overlay from FXGLMainMenuDummyScene and adding to FXGLLoadingScene
18:00:57.504 [JavaFX Application Thread] DEBUG PrimaryStageWindow   - FXGLMainMenuDummyScene -> FXGLLoadingScene
18:00:57.504 [JavaFX Application Thread] DEBUG GameApplicationServi - Clearing previous game
18:00:57.504 [JavaFX Application Thread] DEBUG GameScene            - Clearing game scene
18:00:57.504 [JavaFX Application Thread] DEBUG GameWorld            - Clearing game world
18:00:57.504 [JavaFX Application Thread] DEBUG PhysicsWorld         - Clearing physics world
18:00:57.506 [FXGL Background Thread 2 ] DEBUG FXGLApplication      - Initializing game
18:00:57.514 [FXGL Background Thread 2 ] DEBUG FXGLAssetLoaderServi - Loading from file system: file:/C:/Users/alprn/AppData/Roaming/Code/User/workspaceStorage/78d877b89292864788bc45c330f464d6/redhat.java/jdt_ws/CS102PROJECT_F-NAL-1_21edc4da/bin/assets/textures/Bomb.png
18:00:57.516 [FXGL Background Thread 2 ] DEBUG FXGLAssetLoaderServi - Loading from file system: file:/C:/Users/alprn/AppData/Roaming/Code/User/workspaceStorage/78d877b89292864788bc45c330f464d6/redhat.java/jdt_ws/CS102PROJECT_F-NAL-1_21edc4da/bin/assets/textures/Bullet.png
18:00:57.523 [FXGL Background Thread 2 ] DEBUG FXGLAssetLoaderServi - Loading from file system: file:/C:/Users/alprn/AppData/Roaming/Code/User/workspaceStorage/78d877b89292864788bc45c330f464d6/redhat.java/jdt_ws/CS102PROJECT_F-NAL-1_21edc4da/bin/assets/textures/WingedAlien.png
18:00:57.532 [FXGL Background Thread 2 ] DEBUG FXGLAssetLoaderServi - Loading from file system: file:/C:/Users/alprn/AppData/Roaming/Code/User/workspaceStorage/78d877b89292864788bc45c330f464d6/redhat.java/jdt_ws/CS102PROJECT_F-NAL-1_21edc4da/bin/assets/textures/Bomber.png
18:00:57.539 [FXGL Background Thread 2 ] DEBUG FXGLAssetLoaderServi - Loading from file system: file:/C:/Users/alprn/AppData/Roaming/Code/User/workspaceStorage/78d877b89292864788bc45c330f464d6/redhat.java/jdt_ws/CS102PROJECT_F-NAL-1_21edc4da/bin/assets/textures/Boss.png
18:00:57.557 [FXGL Background Thread 2 ] DEBUG FXGLAssetLoaderServi - Loading from file system: file:/C:/Users/alprn/AppData/Roaming/Code/User/workspaceStorage/78d877b89292864788bc45c330f464d6/redhat.java/jdt_ws/CS102PROJECT_F-NAL-1_21edc4da/bin/assets/textures/AmongUs.png
18:00:57.578 [FXGL Background Thread 2 ] DEBUG FXGLAssetLoaderServi - Loading from file system: file:/C:/Users/alprn/AppData/Roaming/Code/User/workspaceStorage/78d877b89292864788bc45c330f464d6/redhat.java/jdt_ws/CS102PROJECT_F-NAL-1_21edc4da/bin/assets/textures/background/bg_0.png
18:00:57.715 [FXGL Background Thread 2 ] WARN  FXGLAssetLoaderServi - Asset "/assets/textures/PlayerNew.png" was not found!
18:00:57.716 [FXGL Background Thread 2 ] WARN  FXGLAssetLoaderServi - Failed to load RESIZABLE_IMAGE
18:00:57.786 [FXGL Background Thread 2 ] WARN  FXGLAssetLoaderServi - Asset "/assets/textures/PlayerNew.png" was not found!
18:00:57.787 [FXGL Background Thread 2 ] WARN  FXGLAssetLoaderServi - Failed to load RESIZABLE_IMAGE
18:00:57.787 [FXGL Background Thread 2 ] WARN  FXGLAssetLoaderServi - Asset "/assets/textures/PlayerNew.png" was not found!
18:00:57.787 [FXGL Background Thread 2 ] WARN  FXGLAssetLoaderServi - Failed to load RESIZABLE_IMAGE
18:00:57.788 [FXGL Background Thread 2 ] WARN  FXGLAssetLoaderServi - Asset "/assets/textures/PlayerNew.png" was not found!
18:00:57.789 [FXGL Background Thread 2 ] WARN  FXGLAssetLoaderServi - Failed to load RESIZABLE_IMAGE
18:00:57.792 [FXGL Background Thread 2 ] INFO  FXGLApplication      - Game initialization took: 0,287 sec
18:00:57.793 [JavaFX Application Thread] DEBUG Input                - Clearing active input actions
18:00:57.800 [JavaFX Application Thread] DEBUG GameApplicationServi - Removing overlay from FXGLLoadingScene and adding to GameScene
18:00:57.800 [JavaFX Application Thread] DEBUG PrimaryStageWindow   - FXGLLoadingScene -> GameScene
18:00:58.859 [JavaFX Application Thread] DEBUG LoopRunner           - Stopping loop
18:00:58.862 [JavaFX Application Thread] FATAL FXGLApplication      - Uncaught Exception:
java.lang.IllegalArgumentException: No EntityFactory has a method annotated @Spawns(WıngedAlıen)
	at com.almasb.fxgl.entity.GameWorld.create(GameWorld.kt:413)
	at com.almasb.fxgl.entity.GameWorld.spawn(GameWorld.kt:396)
	at com.almasb.fxgl.entity.GameWorld.spawn(GameWorld.kt:384)
	at com.almasb.fxgl.entity.GameWorld.spawn(GameWorld.kt:359)
	at com.almasb.fxgl.dsl.FXGL$Companion.spawn(FXGL.kt:555)
	at com.almasb.fxgl.dsl.FXGL.spawn(FXGL.kt)
	at main.spacegame.SpaceGameApp.lambda$8(SpaceGameApp.java:358)
	at com.almasb.fxgl.time.TimerAction.update(TimerAction.kt:69)
	at com.almasb.fxgl.time.Timer.update(Timer.kt:38)
	at com.almasb.fxgl.scene.Scene.update(Scene.kt:104)
	at com.almasb.fxgl.app.MainWindow$update$1.invoke(MainWindow.kt:115)
	at com.almasb.fxgl.app.MainWindow$update$1.invoke(MainWindow.kt:115)
	at com.almasb.fxgl.core.fsm.StateMachine.runOnActiveStates(StateMachine.kt:69)
	at com.almasb.fxgl.app.MainWindow.update(MainWindow.kt:115)
	at com.almasb.fxgl.app.FXGLApplication$GameApplicationService.onUpdate(FXGLApplication.kt:426)
	at com.almasb.fxgl.app.Engine.loop(Engine.kt:134)
	at com.almasb.fxgl.app.Engine.access$loop(Engine.kt:24)
	at com.almasb.fxgl.app.Engine$loop$1.invoke(Engine.kt:28)
	at com.almasb.fxgl.app.Engine$loop$1.invoke(Engine.kt:28)
	at com.almasb.fxgl.app.LoopRunner.frame(LoopRunner.kt:103)
	at com.almasb.fxgl.app.LoopRunner.access$frame(LoopRunner.kt:23)
	at com.almasb.fxgl.app.LoopRunner$impl$2$1.onTick(LoopRunner.kt:57)
	at com.almasb.fxgl.app.AnimationTimerLoop$timer$1.handle(LoopRunner.kt:137)
	at javafx.animation.AnimationTimer$AnimationTimerReceiver.lambda$handle$0(AnimationTimer.java:58)
	at java.base/java.security.AccessController.doPrivileged(AccessController.java:399)
	at javafx.animation.AnimationTimer$AnimationTimerReceiver.handle(AnimationTimer.java:57)
	at com.sun.scenario.animation.AbstractPrimaryTimer.timePulseImpl(AbstractPrimaryTimer.java:356)
	at com.sun.scenario.animation.AbstractPrimaryTimer$MainLoop.run(AbstractPrimaryTimer.java:266)
	at com.sun.javafx.tk.quantum.QuantumToolkit.pulse(QuantumToolkit.java:588)
	at com.sun.javafx.tk.quantum.QuantumToolkit.pulse(QuantumToolkit.java:572)
	at com.sun.javafx.tk.quantum.QuantumToolkit.pulseFromQueue(QuantumToolkit.java:565)
	at com.sun.javafx.tk.quantum.QuantumToolkit.lambda$runToolkit$11(QuantumToolkit.java:352)
	at com.sun.glass.ui.InvokeLaterDispatcher$Future.run(InvokeLaterDispatcher.java:95)
	at com.sun.glass.ui.win.WinApplication._runLoop(Native Method)
	at com.sun.glass.ui.win.WinApplication.lambda$runLoop$3(WinApplication.java:185)
	at java.base/java.lang.Thread.run(Thread.java:1589)

18:00:58.867 [JavaFX Application Thread] FATAL FXGLApplication      - Application will now exit
18:00:58.897 [JavaFX Application Thread] DEBUG PrimaryStageWindow   - Push state: ErrorSubScene
18:00:58.897 [JavaFX Application Thread] DEBUG Input                - Clearing active input actions
18:00:58.904 [JavaFX Application Thread] DEBUG GameApplicationServi - Removing overlay from GameScene and adding to ErrorSubScene
18:00:58.905 [JavaFX Application Thread] DEBUG PrimaryStageWindow   - GameScene -> ErrorSubScene
18:00:59.289 [FXGL Background Thread 3 ] DEBUG Engine               - Logging environment variables
18:00:59.291 [FXGL Background Thread 3 ] DEBUG Engine               - achievements: []
18:00:59.291 [FXGL Background Thread 3 ] DEBUG Engine               - actualHeight: 864.0
18:00:59.291 [FXGL Background Thread 3 ] DEBUG Engine               - actualHeightProperty: ReadOnlyDoubleProperty [value: 864.0]
18:00:59.291 [FXGL Background Thread 3 ] DEBUG Engine               - actualWidth: 1536.0
18:00:59.291 [FXGL Background Thread 3 ] DEBUG Engine               - actualWidthProperty: ReadOnlyDoubleProperty [value: 1536.0]
18:00:59.291 [FXGL Background Thread 3 ] DEBUG Engine               - appIcon: fxgl_icon.png
18:00:59.291 [FXGL Background Thread 3 ] DEBUG Engine               - applicationMode: DEVELOPER
18:00:59.291 [FXGL Background Thread 3 ] DEBUG Engine               - cSSList: [fxgl_dark.css]
18:00:59.291 [FXGL Background Thread 3 ] DEBUG Engine               - collisionDetectionStrategy: GRID_INDEXING
18:00:59.291 [FXGL Background Thread 3 ] DEBUG Engine               - configClass: Optional.empty
18:00:59.291 [FXGL Background Thread 3 ] DEBUG Engine               - credits: []
18:00:59.291 [FXGL Background Thread 3 ] DEBUG Engine               - defaultCursor: CursorInfo(imageName=fxgl_default_cursor.png, hotspotX=7.0, hotspotY=6.0)
18:00:59.291 [FXGL Background Thread 3 ] DEBUG Engine               - devBBoxColorProperty: ObjectProperty [value: 0xff0000ff]
18:00:59.291 [FXGL Background Thread 3 ] DEBUG Engine               - devEnableDebugCameraProperty: BooleanProperty [value: false]
18:00:59.291 [FXGL Background Thread 3 ] DEBUG Engine               - devSensorColorProperty: ObjectProperty [value: 0xffff00ff]
18:00:59.291 [FXGL Background Thread 3 ] DEBUG Engine               - devShowBBoxProperty: BooleanProperty [value: false]
18:00:59.291 [FXGL Background Thread 3 ] DEBUG Engine               - devShowPositionProperty: BooleanProperty [value: false]
18:00:59.291 [FXGL Background Thread 3 ] DEBUG Engine               - enabledMenuItems: []
18:00:59.291 [FXGL Background Thread 3 ] DEBUG Engine               - engineServices: [class com.almasb.fxgl.app.services.FXGLAssetLoaderService, class com.almasb.fxgl.app.FXGLApplication$GameApplicationService, class com.almasb.fxgl.app.services.FXGLDialogService, class com.almasb.fxgl.app.services.IOTaskExecutorService, class com.almasb.fxgl.io.FileSystemService, class com.almasb.fxgl.localization.LocalizationService, class com.almasb.fxgl.app.services.SystemBundleService, class com.almasb.fxgl.profile.SaveLoadService, class com.almasb.fxgl.ui.FXGLUIFactoryServiceProvider, class com.almasb.fxgl.ui.FXGLDialogFactoryServiceProvider, class com.almasb.fxgl.audio.AudioPlayer, class com.almasb.fxgl.notification.impl.NotificationServiceProvider, class com.almasb.fxgl.achievement.AchievementService, class com.almasb.fxgl.cutscene.CutsceneService, class com.almasb.fxgl.minigames.MiniGameService, class com.almasb.fxgl.net.NetService, class com.almasb.fxgl.app.services.UpdaterService, class com.almasb.fxgl.dev.DevService, class main.spacegame.service.HighScoreService, class main.spacegame.level.LevelService, class com.almasb.fxgl.dev.profiling.ProfilerService]
18:00:59.291 [FXGL Background Thread 3 ] DEBUG Engine               - fontGame: Abel-Regular.ttf
18:00:59.292 [FXGL Background Thread 3 ] DEBUG Engine               - fontMono: TerminalLandMono-Regular.otf
18:00:59.292 [FXGL Background Thread 3 ] DEBUG Engine               - fontSizeScaleUI: 1.0
18:00:59.292 [FXGL Background Thread 3 ] DEBUG Engine               - fontText: Courier-Prime.ttf
18:00:59.292 [FXGL Background Thread 3 ] DEBUG Engine               - fontUI: VarelaRound-Regular.ttf
18:00:59.292 [FXGL Background Thread 3 ] DEBUG Engine               - fullScreen: BooleanProperty [value: true]
18:00:59.292 [FXGL Background Thread 3 ] DEBUG Engine               - gameDifficulty: MEDIUM
18:00:59.292 [FXGL Background Thread 3 ] DEBUG Engine               - gameDifficultyProperty: ObjectProperty [value: MEDIUM]
18:00:59.292 [FXGL Background Thread 3 ] DEBUG Engine               - globalMusicVolume: 0.5
18:00:59.292 [FXGL Background Thread 3 ] DEBUG Engine               - globalMusicVolumeProperty: DoubleProperty [value: 0.7]
18:00:59.292 [FXGL Background Thread 3 ] DEBUG Engine               - globalSoundVolume: 0.5
18:00:59.292 [FXGL Background Thread 3 ] DEBUG Engine               - globalSoundVolumeProperty: DoubleProperty [value: 0.7]
18:00:59.292 [FXGL Background Thread 3 ] DEBUG Engine               - height: 1080
18:00:59.292 [FXGL Background Thread 3 ] DEBUG Engine               - is3D: false
18:00:59.292 [FXGL Background Thread 3 ] DEBUG Engine               - isAndroid: false
18:00:59.292 [FXGL Background Thread 3 ] DEBUG Engine               - isBrowser: false
18:00:59.292 [FXGL Background Thread 3 ] DEBUG Engine               - isClickFeedbackEnabled: false
18:00:59.292 [FXGL Background Thread 3 ] DEBUG Engine               - isCloseConfirmation: false
18:00:59.292 [FXGL Background Thread 3 ] DEBUG Engine               - isDesktop: true
18:00:59.292 [FXGL Background Thread 3 ] DEBUG Engine               - isDeveloperMenuEnabled: false
18:00:59.292 [FXGL Background Thread 3 ] DEBUG Engine               - isEmbedded: false
18:00:59.292 [FXGL Background Thread 3 ] DEBUG Engine               - isEntityPreloadEnabled: true
18:00:59.292 [FXGL Background Thread 3 ] DEBUG Engine               - isExperimentalTiledLargeMap: false
18:00:59.292 [FXGL Background Thread 3 ] DEBUG Engine               - isFileSystemWriteAllowed: true
18:00:59.292 [FXGL Background Thread 3 ] DEBUG Engine               - isFullScreenAllowed: true
18:00:59.292 [FXGL Background Thread 3 ] DEBUG Engine               - isFullScreenFromStart: true
18:00:59.292 [FXGL Background Thread 3 ] DEBUG Engine               - isGameMenuEnabled: true
18:00:59.292 [FXGL Background Thread 3 ] DEBUG Engine               - isIOS: false
18:00:59.292 [FXGL Background Thread 3 ] DEBUG Engine               - isIntroEnabled: false
18:00:59.292 [FXGL Background Thread 3 ] DEBUG Engine               - isLinux: false
18:00:59.292 [FXGL Background Thread 3 ] DEBUG Engine               - isMac: false
18:00:59.293 [FXGL Background Thread 3 ] DEBUG Engine               - isMainMenuEnabled: true
18:00:59.293 [FXGL Background Thread 3 ] DEBUG Engine               - isManualResizeEnabled: false
18:00:59.293 [FXGL Background Thread 3 ] DEBUG Engine               - isMobile: false
18:00:59.293 [FXGL Background Thread 3 ] DEBUG Engine               - isNative: false
18:00:59.293 [FXGL Background Thread 3 ] DEBUG Engine               - isPauseMusicWhenMinimized: true
18:00:59.293 [FXGL Background Thread 3 ] DEBUG Engine               - isPreserveResizeRatio: false
18:00:59.293 [FXGL Background Thread 3 ] DEBUG Engine               - isProfilingEnabled: true
18:00:59.293 [FXGL Background Thread 3 ] DEBUG Engine               - isScaleAffectedOnResize: true
18:00:59.293 [FXGL Background Thread 3 ] DEBUG Engine               - isSingleStep: false
18:00:59.293 [FXGL Background Thread 3 ] DEBUG Engine               - isUserProfileEnabled: false
18:00:59.293 [FXGL Background Thread 3 ] DEBUG Engine               - isWindows: true
18:00:59.293 [FXGL Background Thread 3 ] DEBUG Engine               - language: ObjectProperty [value: ENGLISH]
18:00:59.293 [FXGL Background Thread 3 ] DEBUG Engine               - menuKey: ESCAPE
18:00:59.293 [FXGL Background Thread 3 ] DEBUG Engine               - mouseSensitivity: 0.2
18:00:59.293 [FXGL Background Thread 3 ] DEBUG Engine               - notificationViewClass: class com.almasb.fxgl.notification.view.XboxNotificationView
18:00:59.293 [FXGL Background Thread 3 ] DEBUG Engine               - pixelsPerMeter: 50.0
18:00:59.293 [FXGL Background Thread 3 ] DEBUG Engine               - platform: WINDOWS
18:00:59.293 [FXGL Background Thread 3 ] DEBUG Engine               - prefHeightProperty: ReadOnlyDoubleProperty [value: 1080.0]
18:00:59.293 [FXGL Background Thread 3 ] DEBUG Engine               - prefWidthProperty: ReadOnlyDoubleProperty [value: 1920.0]
18:00:59.293 [FXGL Background Thread 3 ] DEBUG Engine               - profileDir: profiles/
18:00:59.293 [FXGL Background Thread 3 ] DEBUG Engine               - profileName: StringProperty [value: DEFAULT]
18:00:59.293 [FXGL Background Thread 3 ] DEBUG Engine               - randomSeed: -1
18:00:59.293 [FXGL Background Thread 3 ] DEBUG Engine               - runtimeInfo: RuntimeInfo(platform=WINDOWS, version=17.3, build=30.03.2023 11.54)
18:00:59.293 [FXGL Background Thread 3 ] DEBUG Engine               - saveFileExt: sav
18:00:59.293 [FXGL Background Thread 3 ] DEBUG Engine               - scaledHeightProp$fxgl: DoubleProperty [bound, value: 864.0]
18:00:59.293 [FXGL Background Thread 3 ] DEBUG Engine               - scaledWidthProp$fxgl: DoubleProperty [bound, value: 1536.0]
18:00:59.293 [FXGL Background Thread 3 ] DEBUG Engine               - sceneFactory: main.spacegame.SpaceGameApp$1@6a5e546f
18:00:59.293 [FXGL Background Thread 3 ] DEBUG Engine               - secondsIn24h: 60
18:00:59.293 [FXGL Background Thread 3 ] DEBUG Engine               - soundMenuBack: menu/back.wav
18:00:59.293 [FXGL Background Thread 3 ] DEBUG Engine               - soundMenuPress: menu/press.wav
18:00:59.294 [FXGL Background Thread 3 ] DEBUG Engine               - soundMenuSelect: menu/select.wav
18:00:59.294 [FXGL Background Thread 3 ] DEBUG Engine               - soundNotification: core/notification.wav
18:00:59.294 [FXGL Background Thread 3 ] DEBUG Engine               - stageStyle: DECORATED
18:00:59.294 [FXGL Background Thread 3 ] DEBUG Engine               - supportedLanguages: [ENGLISH, FRENCH, GERMAN, HUNGARIAN, RUSSIAN]
18:00:59.294 [FXGL Background Thread 3 ] DEBUG Engine               - ticksPerSecond: -1
18:00:59.294 [FXGL Background Thread 3 ] DEBUG Engine               - title: Space_Game
18:00:59.294 [FXGL Background Thread 3 ] DEBUG Engine               - urlGithub: https://github.com/AlmasB/FXGL
18:00:59.294 [FXGL Background Thread 3 ] DEBUG Engine               - urlLeaderboard: http://fxgl-top.herokuapp.com/
18:00:59.294 [FXGL Background Thread 3 ] DEBUG Engine               - urlPOM: https://raw.githubusercontent.com/AlmasB/FXGL/release/README.md
18:00:59.294 [FXGL Background Thread 3 ] DEBUG Engine               - userAppClass: class main.spacegame.SpaceGameApp
18:00:59.294 [FXGL Background Thread 3 ] DEBUG Engine               - version: 1.0
18:00:59.294 [FXGL Background Thread 3 ] DEBUG Engine               - versionCheckDays: 7
18:00:59.294 [FXGL Background Thread 3 ] DEBUG Engine               - width: 1920
18:00:59.294 [FXGL Background Thread 3 ] DEBUG Engine               - Logging services
18:00:59.294 [FXGL Background Thread 3 ] DEBUG Engine               - class com.almasb.fxgl.app.services.FXGLAssetLoaderService
18:00:59.294 [FXGL Background Thread 3 ] DEBUG Engine               - class com.almasb.fxgl.app.FXGLApplication$GameApplicationService
18:00:59.294 [FXGL Background Thread 3 ] DEBUG Engine               - class com.almasb.fxgl.app.services.FXGLDialogService
18:00:59.294 [FXGL Background Thread 3 ] DEBUG Engine               - class com.almasb.fxgl.app.services.IOTaskExecutorService
18:00:59.294 [FXGL Background Thread 3 ] DEBUG Engine               - class com.almasb.fxgl.io.FileSystemService
18:00:59.294 [FXGL Background Thread 3 ] DEBUG Engine               - class com.almasb.fxgl.localization.LocalizationService
18:00:59.294 [FXGL Background Thread 3 ] DEBUG Engine               - class com.almasb.fxgl.app.services.SystemBundleService
18:00:59.294 [FXGL Background Thread 3 ] DEBUG Engine               - class com.almasb.fxgl.profile.SaveLoadService
18:00:59.294 [FXGL Background Thread 3 ] DEBUG Engine               - class com.almasb.fxgl.ui.FXGLUIFactoryServiceProvider
18:00:59.294 [FXGL Background Thread 3 ] DEBUG Engine               - class com.almasb.fxgl.ui.FXGLDialogFactoryServiceProvider
18:00:59.294 [FXGL Background Thread 3 ] DEBUG Engine               - class com.almasb.fxgl.audio.AudioPlayer
18:00:59.294 [FXGL Background Thread 3 ] DEBUG Engine               - class com.almasb.fxgl.notification.impl.NotificationServiceProvider
18:00:59.294 [FXGL Background Thread 3 ] DEBUG Engine               - class com.almasb.fxgl.achievement.AchievementService
18:00:59.294 [FXGL Background Thread 3 ] DEBUG Engine               - class com.almasb.fxgl.cutscene.CutsceneService
18:00:59.294 [FXGL Background Thread 3 ] DEBUG Engine               - class com.almasb.fxgl.minigames.MiniGameService
18:00:59.294 [FXGL Background Thread 3 ] DEBUG Engine               - class com.almasb.fxgl.net.NetService
18:00:59.294 [FXGL Background Thread 3 ] DEBUG Engine               - class com.almasb.fxgl.app.services.UpdaterService
18:00:59.294 [FXGL Background Thread 3 ] DEBUG Engine               - class com.almasb.fxgl.dev.DevService
18:00:59.294 [FXGL Background Thread 3 ] DEBUG Engine               - class main.spacegame.service.HighScoreService
18:00:59.294 [FXGL Background Thread 3 ] DEBUG Engine               - class main.spacegame.level.LevelService
18:00:59.294 [FXGL Background Thread 3 ] DEBUG Engine               - class com.almasb.fxgl.dev.profiling.ProfilerService
18:01:12.814 [JavaFX Application Thread] DEBUG FXGLApplication      - Exiting FXGL
18:01:12.814 [JavaFX Application Thread] DEBUG Async                - Shutting down background threads
18:01:12.814 [JavaFX Application Thread] DEBUG PrimaryStageWindow   - Closing main window
18:01:12.830 [JavaFX Application Thread] DEBUG Logger               - Closing Logger
