16:18:15.801 [main                     ] DEBUG Logger               - Configured Logger
16:18:15.825 [main                     ] DEBUG GameApplication      - Logging settings
Title: Space_Game
Version: 1.0
Width: 1920
Height: 1080
Fullscreen: false
Intro: false
Profiling: false
Single step:false
App Mode: DEVELOPER
Menu Key: ESCAPE
Stage Style: DECORATED
Scene Factory: class main.spacegame.SpaceGameApp$1

16:18:16.113 [JavaFX Application Thread] DEBUG FXGLApplication      - Initializing FXGL
16:18:16.120 [JavaFX Application Thread] INFO  Engine               - FXGL-17.3 (30.03.2023 11.54) on WINDOWS (J:19 FX:20)
16:18:16.121 [JavaFX Application Thread] DEBUG Engine               - JRE Vendor Name: Oracle Corporation
16:18:16.121 [JavaFX Application Thread] DEBUG Engine               - Running on OS: Windows 11 version 10.0
16:18:16.121 [JavaFX Application Thread] DEBUG Engine               - Architecture: amd64
16:18:16.122 [JavaFX Application Thread] INFO  Engine               - Source code and latest versions at: https://github.com/AlmasB/FXGL
16:18:16.122 [JavaFX Application Thread] INFO  Engine               -       Ask questions and discuss at: https://github.com/AlmasB/FXGL/discussions
16:18:16.122 [JavaFX Application Thread] INFO  Engine               -              Join the FXGL chat at: https://gitter.im/AlmasB/FXGL
16:18:16.215 [JavaFX Application Thread] DEBUG PrimaryStageWindow   - Creating a JavaFX scene
16:18:16.215 [JavaFX Application Thread] DEBUG PrimaryStageWindow   - Target size > screen size
16:18:16.263 [JavaFX Application Thread] DEBUG PrimaryStageWindow   - Target settings size: 1920.0 x 1080.0
16:18:16.263 [JavaFX Application Thread] DEBUG PrimaryStageWindow   - Scaled scene size:    1425.0 x 815.0
16:18:16.264 [JavaFX Application Thread] DEBUG PrimaryStageWindow   - Scaled ratio: (0.7421875, 0.7546296296296297)
16:18:16.264 [JavaFX Application Thread] DEBUG PrimaryStageWindow   - Set initial scene to FXGLStartupScene
16:18:16.267 [JavaFX Application Thread] DEBUG PrimaryStageWindow   - Opening main window
16:18:16.324 [JavaFX Application Thread] DEBUG PrimaryStageWindow   - Window border size: (15.0, 37.79998779296875)
16:18:16.324 [JavaFX Application Thread] DEBUG PrimaryStageWindow   - Scaled size: 1425.0 x 815.0
16:18:16.325 [JavaFX Application Thread] DEBUG PrimaryStageWindow   - Scaled ratio: (0.7421875, 0.7546296296296297)
16:18:16.325 [JavaFX Application Thread] DEBUG PrimaryStageWindow   - Scene size: 1425.0 x 815.0
16:18:16.325 [JavaFX Application Thread] DEBUG PrimaryStageWindow   - Stage size: 1440.0 x 852.7999877929688
16:18:16.333 [FXGL Background Thread 1 ] DEBUG Engine               - Initializing environment variables
16:18:16.379 [FXGL Background Thread 1 ] DEBUG FXGLAssetLoaderServi - User app class for loading assets: class main.spacegame.SpaceGameApp
16:18:16.380 [FXGL Background Thread 1 ] DEBUG GameApplicationServi - Applying CSS: fxgl_dark.css
16:18:16.380 [FXGL Background Thread 1 ] DEBUG FXGLAssetLoaderServi - Loading from file system: jar:file:/C:/Users/alprn/Downloads/fxgl-17.3-uber.jar!/fxglassets/ui/css/fxgl_dark.css
16:18:16.412 [FXGL Background Thread 1 ] DEBUG GameApplicationServi - Initializing application scenes
16:18:16.449 [FXGL Background Thread 1 ] DEBUG GameWorld            - Game world initialized
16:18:16.493 [FXGL Background Thread 1 ] DEBUG PhysicsWorld         - Physics world initialized: appHeight=1080, physics.ppm=50,0
16:18:16.493 [FXGL Background Thread 1 ] DEBUG PhysicsWorld         - Using strategy: BRUTE_FORCE
16:18:16.497 [FXGL Background Thread 1 ] DEBUG GameScene            - Game scene initialized: 1920x1080
16:18:16.501 [FXGL Background Thread 1 ] DEBUG FXGLAssetLoaderServi - Loading from file system: file:/C:/Users/alprn/AppData/Roaming/Code/User/workspaceStorage/c8b7dba4efe1b0e459f97f065891f12a/redhat.java/jdt_ws/CS102PROJECT_F-NAL_41cfdb4e/bin/assets/textures/mainmenu.png
16:18:16.635 [FXGL Background Thread 1 ] DEBUG FXGL.DefaultMenu     - createMenuBodyGameMenu()
16:18:16.644 [FXGL Background Thread 1 ] DEBUG FXGL.DefaultMenu     - createOptionsMenu()
16:18:16.651 [FXGL Background Thread 1 ] DEBUG FXGLAssetLoaderServi - Loading from file system: jar:file:/C:/Users/alprn/Downloads/fxgl-17.3-uber.jar!/fxglassets/textures/particles/smoke.png
16:18:16.704 [FXGL Background Thread 1 ] DEBUG FXGLAssetLoaderServi - Loading from file system: jar:file:/C:/Users/alprn/Downloads/fxgl-17.3-uber.jar!/fxglassets/textures/particles/trace_horizontal.png
16:18:16.719 [FXGL Background Thread 1 ] DEBUG GameApplicationServi - Application scenes initialized
16:18:16.728 [FXGL Background Thread 1 ] DEBUG SystemBundleService  - Loading FXGL system data
16:18:16.731 [FXGL Background Thread 1 ] DEBUG FileSystemAccess     - Reading from: C:\Users\alprn\Desktop\Kafayı Yemeden proje bitirmece\CS102PROJECT_F-NAL\system\fxgl.bundle
16:18:16.738 [FXGL Background Thread 1 ] DEBUG SystemBundleService  - Bundle FXGL: {}
16:18:16.739 [FXGL Background Thread 1 ] DEBUG UpdaterService       - Checking for updates
16:18:16.741 [FXGL Background Thread 4 ] DEBUG FXGLApplication      - Loading fonts
16:18:16.742 [FXGL Background Thread 4 ] DEBUG FXGLAssetLoaderServi - Loading from file system: jar:file:/C:/Users/alprn/Downloads/fxgl-17.3-uber.jar!/fxglassets/ui/fonts/VarelaRound-Regular.ttf
16:18:16.742 [FXGL Background Thread 1 ] DEBUG FXGLApplication      - Loading default localization
16:18:16.743 [FXGL Background Thread 1 ] WARN  FXGLAssetLoaderServi - Asset "/assets/languages/englısh.lang" was not found!
16:18:16.744 [FXGL Background Thread 1 ] WARN  FXGLAssetLoaderServi - Failed to load PROPERTY_MAP
16:18:16.749 [FXGL Background Thread 1 ] WARN  LocalizationService  - menu.pressAnyKey is not localized for language ENGLISH
16:18:16.750 [FXGL Background Thread 1 ] INFO  FXGLApplication      - FXGL initialization took: 0,417 sec
16:18:16.753 [JavaFX Application Thread] DEBUG FXGLAssetLoaderServi - Loading from file system: jar:file:/C:/Users/alprn/Downloads/fxgl-17.3-uber.jar!/fxglassets/textures/fxgl_icon.png
16:18:16.761 [JavaFX Application Thread] DEBUG FXGLAssetLoaderServi - Loading from file system: jar:file:/C:/Users/alprn/Downloads/fxgl-17.3-uber.jar!/fxglassets/textures/fxgl_default_cursor.png
16:18:16.771 [JavaFX Application Thread] DEBUG Input                - Registered new binding: Screenshot - CTRL+8
16:18:16.771 [JavaFX Application Thread] DEBUG Input                - Registered new binding: System info dump - CTRL+9
16:18:16.772 [JavaFX Application Thread] DEBUG Input                - Registered new binding: Restart - CTRL+R
16:18:16.772 [JavaFX Application Thread] DEBUG Input                - Registered new binding: Toggle Debug Camera - CTRL+7
16:18:16.776 [JavaFX Application Thread] DEBUG LoopRunner           - Starting loop
16:18:16.776 [JavaFX Application Thread] DEBUG LoopRunner           - Initializing JavaFX AnimationTimerLoop
16:18:16.777 [JavaFX Application Thread] DEBUG Input                - Clearing active input actions
16:18:16.784 [JavaFX Application Thread] DEBUG GameApplicationServi - Removing overlay from FXGLStartupScene and adding to FXGLMainMenuDummyScene
16:18:16.784 [JavaFX Application Thread] DEBUG PrimaryStageWindow   - FXGLStartupScene -> FXGLMainMenuDummyScene
16:18:16.784 [JavaFX Application Thread] DEBUG PrimaryStageWindow   - Push state: SpaceGameMainMenu
16:18:16.785 [JavaFX Application Thread] DEBUG Input                - Clearing active input actions
16:18:16.792 [JavaFX Application Thread] DEBUG GameApplicationServi - Removing overlay from FXGLMainMenuDummyScene and adding to SpaceGameMainMenu
16:18:16.792 [JavaFX Application Thread] DEBUG PrimaryStageWindow   - FXGLMainMenuDummyScene -> SpaceGameMainMenu
16:18:16.797 [FXGL Background Thread 4 ] DEBUG FXGLAssetLoaderServi - Loading from file system: jar:file:/C:/Users/alprn/Downloads/fxgl-17.3-uber.jar!/fxglassets/ui/fonts/Abel-Regular.ttf
16:18:16.801 [FXGL Background Thread 4 ] DEBUG FXGLAssetLoaderServi - Loading from file system: jar:file:/C:/Users/alprn/Downloads/fxgl-17.3-uber.jar!/fxglassets/ui/fonts/TerminalLandMono-Regular.otf
16:18:16.806 [FXGL Background Thread 4 ] DEBUG FXGLAssetLoaderServi - Loading from file system: jar:file:/C:/Users/alprn/Downloads/fxgl-17.3-uber.jar!/fxglassets/ui/fonts/Courier-Prime.ttf
16:18:16.825 [JavaFX Application Thread] DEBUG FXGLApplication      - Registering font factories with UI factory
16:18:19.741 [FXGL Background Thread 3 ] DEBUG Engine               - Logging environment variables
16:18:19.744 [FXGL Background Thread 3 ] DEBUG Engine               - achievements: []
16:18:19.745 [FXGL Background Thread 3 ] DEBUG Engine               - actualHeight: 815.0
16:18:19.745 [FXGL Background Thread 3 ] DEBUG Engine               - actualHeightProperty: ReadOnlyDoubleProperty [value: 815.0]
16:18:19.746 [FXGL Background Thread 3 ] DEBUG Engine               - actualWidth: 1425.0
16:18:19.746 [FXGL Background Thread 3 ] DEBUG Engine               - actualWidthProperty: ReadOnlyDoubleProperty [value: 1425.0]
16:18:19.746 [FXGL Background Thread 3 ] DEBUG Engine               - appIcon: fxgl_icon.png
16:18:19.746 [FXGL Background Thread 3 ] DEBUG Engine               - applicationMode: DEVELOPER
16:18:19.747 [FXGL Background Thread 3 ] DEBUG Engine               - cSSList: [fxgl_dark.css]
16:18:19.747 [FXGL Background Thread 3 ] DEBUG Engine               - collisionDetectionStrategy: BRUTE_FORCE
16:18:19.747 [FXGL Background Thread 3 ] DEBUG Engine               - configClass: Optional.empty
16:18:19.747 [FXGL Background Thread 3 ] DEBUG Engine               - credits: []
16:18:19.748 [FXGL Background Thread 3 ] DEBUG Engine               - defaultCursor: CursorInfo(imageName=fxgl_default_cursor.png, hotspotX=7.0, hotspotY=6.0)
16:18:19.748 [FXGL Background Thread 3 ] DEBUG Engine               - devBBoxColorProperty: ObjectProperty [value: 0xff0000ff]
16:18:19.748 [FXGL Background Thread 3 ] DEBUG Engine               - devEnableDebugCameraProperty: BooleanProperty [value: false]
16:18:19.749 [FXGL Background Thread 3 ] DEBUG Engine               - devSensorColorProperty: ObjectProperty [value: 0xffff00ff]
16:18:19.749 [FXGL Background Thread 3 ] DEBUG Engine               - devShowBBoxProperty: BooleanProperty [value: false]
16:18:19.749 [FXGL Background Thread 3 ] DEBUG Engine               - devShowPositionProperty: BooleanProperty [value: false]
16:18:19.749 [FXGL Background Thread 3 ] DEBUG Engine               - enabledMenuItems: []
16:18:19.749 [FXGL Background Thread 3 ] DEBUG Engine               - engineServices: [class com.almasb.fxgl.app.services.FXGLAssetLoaderService, class com.almasb.fxgl.app.FXGLApplication$GameApplicationService, class com.almasb.fxgl.app.services.FXGLDialogService, class com.almasb.fxgl.app.services.IOTaskExecutorService, class com.almasb.fxgl.io.FileSystemService, class com.almasb.fxgl.localization.LocalizationService, class com.almasb.fxgl.app.services.SystemBundleService, class com.almasb.fxgl.profile.SaveLoadService, class com.almasb.fxgl.ui.FXGLUIFactoryServiceProvider, class com.almasb.fxgl.ui.FXGLDialogFactoryServiceProvider, class com.almasb.fxgl.audio.AudioPlayer, class com.almasb.fxgl.notification.impl.NotificationServiceProvider, class com.almasb.fxgl.achievement.AchievementService, class com.almasb.fxgl.cutscene.CutsceneService, class com.almasb.fxgl.minigames.MiniGameService, class com.almasb.fxgl.net.NetService, class com.almasb.fxgl.app.services.UpdaterService, class com.almasb.fxgl.dev.DevService]
16:18:19.749 [FXGL Background Thread 3 ] DEBUG Engine               - fontGame: Abel-Regular.ttf
16:18:19.749 [FXGL Background Thread 3 ] DEBUG Engine               - fontMono: TerminalLandMono-Regular.otf
16:18:19.749 [FXGL Background Thread 3 ] DEBUG Engine               - fontSizeScaleUI: 1.0
16:18:19.750 [FXGL Background Thread 3 ] DEBUG Engine               - fontText: Courier-Prime.ttf
16:18:19.750 [FXGL Background Thread 3 ] DEBUG Engine               - fontUI: VarelaRound-Regular.ttf
16:18:19.750 [FXGL Background Thread 3 ] DEBUG Engine               - fullScreen: BooleanProperty [value: false]
16:18:19.750 [FXGL Background Thread 3 ] DEBUG Engine               - gameDifficulty: MEDIUM
16:18:19.750 [FXGL Background Thread 3 ] DEBUG Engine               - gameDifficultyProperty: ObjectProperty [value: MEDIUM]
16:18:19.750 [FXGL Background Thread 3 ] DEBUG Engine               - globalMusicVolume: 0.5
16:18:19.750 [FXGL Background Thread 3 ] DEBUG Engine               - globalMusicVolumeProperty: DoubleProperty [value: 0.5]
16:18:19.750 [FXGL Background Thread 3 ] DEBUG Engine               - globalSoundVolume: 0.5
16:18:19.750 [FXGL Background Thread 3 ] DEBUG Engine               - globalSoundVolumeProperty: DoubleProperty [value: 0.5]
16:18:19.750 [FXGL Background Thread 3 ] DEBUG Engine               - height: 1080
16:18:19.750 [FXGL Background Thread 3 ] DEBUG Engine               - is3D: false
16:18:19.751 [FXGL Background Thread 3 ] DEBUG Engine               - isAndroid: false
16:18:19.751 [FXGL Background Thread 3 ] DEBUG Engine               - isBrowser: false
16:18:19.751 [FXGL Background Thread 3 ] DEBUG Engine               - isClickFeedbackEnabled: false
16:18:19.751 [FXGL Background Thread 3 ] DEBUG Engine               - isCloseConfirmation: false
16:18:19.751 [FXGL Background Thread 3 ] DEBUG Engine               - isDesktop: true
16:18:19.751 [FXGL Background Thread 3 ] DEBUG Engine               - isDeveloperMenuEnabled: false
16:18:19.751 [FXGL Background Thread 3 ] DEBUG Engine               - isEmbedded: false
16:18:19.751 [FXGL Background Thread 3 ] DEBUG Engine               - isEntityPreloadEnabled: true
16:18:19.751 [FXGL Background Thread 3 ] DEBUG Engine               - isExperimentalTiledLargeMap: false
16:18:19.751 [FXGL Background Thread 3 ] DEBUG Engine               - isFileSystemWriteAllowed: true
16:18:19.751 [FXGL Background Thread 3 ] DEBUG Engine               - isFullScreenAllowed: false
16:18:19.751 [FXGL Background Thread 3 ] DEBUG Engine               - isFullScreenFromStart: false
16:18:19.752 [FXGL Background Thread 3 ] DEBUG Engine               - isGameMenuEnabled: true
16:18:19.752 [FXGL Background Thread 3 ] DEBUG Engine               - isIOS: false
16:18:19.752 [FXGL Background Thread 3 ] DEBUG Engine               - isIntroEnabled: false
16:18:19.752 [FXGL Background Thread 3 ] DEBUG Engine               - isLinux: false
16:18:19.752 [FXGL Background Thread 3 ] DEBUG Engine               - isMac: false
16:18:19.752 [FXGL Background Thread 3 ] DEBUG Engine               - isMainMenuEnabled: true
16:18:19.752 [FXGL Background Thread 3 ] DEBUG Engine               - isManualResizeEnabled: false
16:18:19.752 [FXGL Background Thread 3 ] DEBUG Engine               - isMobile: false
16:18:19.752 [FXGL Background Thread 3 ] DEBUG Engine               - isNative: false
16:18:19.752 [FXGL Background Thread 3 ] DEBUG Engine               - isPauseMusicWhenMinimized: true
16:18:19.752 [FXGL Background Thread 3 ] DEBUG Engine               - isPreserveResizeRatio: false
16:18:19.752 [FXGL Background Thread 3 ] DEBUG Engine               - isProfilingEnabled: false
16:18:19.752 [FXGL Background Thread 3 ] DEBUG Engine               - isScaleAffectedOnResize: true
16:18:19.752 [FXGL Background Thread 3 ] DEBUG Engine               - isSingleStep: false
16:18:19.752 [FXGL Background Thread 3 ] DEBUG Engine               - isUserProfileEnabled: false
16:18:19.753 [FXGL Background Thread 3 ] DEBUG Engine               - isWindows: true
16:18:19.753 [FXGL Background Thread 3 ] DEBUG Engine               - language: ObjectProperty [value: ENGLISH]
16:18:19.753 [FXGL Background Thread 3 ] DEBUG Engine               - menuKey: ESCAPE
16:18:19.753 [FXGL Background Thread 3 ] DEBUG Engine               - mouseSensitivity: 0.2
16:18:19.753 [FXGL Background Thread 3 ] DEBUG Engine               - notificationViewClass: class com.almasb.fxgl.notification.view.XboxNotificationView
16:18:19.753 [FXGL Background Thread 3 ] DEBUG Engine               - pixelsPerMeter: 50.0
16:18:19.753 [FXGL Background Thread 3 ] DEBUG Engine               - platform: WINDOWS
16:18:19.753 [FXGL Background Thread 3 ] DEBUG Engine               - prefHeightProperty: ReadOnlyDoubleProperty [value: 1080.0]
16:18:19.753 [FXGL Background Thread 3 ] DEBUG Engine               - prefWidthProperty: ReadOnlyDoubleProperty [value: 1920.0]
16:18:19.753 [FXGL Background Thread 3 ] DEBUG Engine               - profileDir: profiles/
16:18:19.753 [FXGL Background Thread 3 ] DEBUG Engine               - profileName: StringProperty [value: DEFAULT]
16:18:19.753 [FXGL Background Thread 3 ] DEBUG Engine               - randomSeed: -1
16:18:19.753 [FXGL Background Thread 3 ] DEBUG Engine               - runtimeInfo: RuntimeInfo(platform=WINDOWS, version=17.3, build=30.03.2023 11.54)
16:18:19.753 [FXGL Background Thread 3 ] DEBUG Engine               - saveFileExt: sav
16:18:19.753 [FXGL Background Thread 3 ] DEBUG Engine               - scaledHeightProp$fxgl: DoubleProperty [bound, value: 815.0]
16:18:19.753 [FXGL Background Thread 3 ] DEBUG Engine               - scaledWidthProp$fxgl: DoubleProperty [bound, value: 1425.0]
16:18:19.753 [FXGL Background Thread 3 ] DEBUG Engine               - sceneFactory: main.spacegame.SpaceGameApp$1@12115897
16:18:19.753 [FXGL Background Thread 3 ] DEBUG Engine               - secondsIn24h: 60
16:18:19.753 [FXGL Background Thread 3 ] DEBUG Engine               - soundMenuBack: menu/back.wav
16:18:19.753 [FXGL Background Thread 3 ] DEBUG Engine               - soundMenuPress: menu/press.wav
16:18:19.753 [FXGL Background Thread 3 ] DEBUG Engine               - soundMenuSelect: menu/select.wav
16:18:19.753 [FXGL Background Thread 3 ] DEBUG Engine               - soundNotification: core/notification.wav
16:18:19.753 [FXGL Background Thread 3 ] DEBUG Engine               - stageStyle: DECORATED
16:18:19.753 [FXGL Background Thread 3 ] DEBUG Engine               - supportedLanguages: [ENGLISH, FRENCH, GERMAN, HUNGARIAN, RUSSIAN]
16:18:19.754 [FXGL Background Thread 3 ] DEBUG Engine               - ticksPerSecond: -1
16:18:19.754 [FXGL Background Thread 3 ] DEBUG Engine               - title: Space_Game
16:18:19.754 [FXGL Background Thread 3 ] DEBUG Engine               - urlGithub: https://github.com/AlmasB/FXGL
16:18:19.754 [FXGL Background Thread 3 ] DEBUG Engine               - urlLeaderboard: http://fxgl-top.herokuapp.com/
16:18:19.754 [FXGL Background Thread 3 ] DEBUG Engine               - urlPOM: https://raw.githubusercontent.com/AlmasB/FXGL/release/README.md
16:18:19.754 [FXGL Background Thread 3 ] DEBUG Engine               - userAppClass: class main.spacegame.SpaceGameApp
16:18:19.754 [FXGL Background Thread 3 ] DEBUG Engine               - version: 1.0
16:18:19.754 [FXGL Background Thread 3 ] DEBUG Engine               - versionCheckDays: 7
16:18:19.754 [FXGL Background Thread 3 ] DEBUG Engine               - width: 1920
16:18:19.754 [FXGL Background Thread 3 ] DEBUG Engine               - Logging services
16:18:19.754 [FXGL Background Thread 3 ] DEBUG Engine               - class com.almasb.fxgl.app.services.FXGLAssetLoaderService
16:18:19.754 [FXGL Background Thread 3 ] DEBUG Engine               - class com.almasb.fxgl.app.FXGLApplication$GameApplicationService
16:18:19.754 [FXGL Background Thread 3 ] DEBUG Engine               - class com.almasb.fxgl.app.services.FXGLDialogService
16:18:19.754 [FXGL Background Thread 3 ] DEBUG Engine               - class com.almasb.fxgl.app.services.IOTaskExecutorService
16:18:19.754 [FXGL Background Thread 3 ] DEBUG Engine               - class com.almasb.fxgl.io.FileSystemService
16:18:19.754 [FXGL Background Thread 3 ] DEBUG Engine               - class com.almasb.fxgl.localization.LocalizationService
16:18:19.754 [FXGL Background Thread 3 ] DEBUG Engine               - class com.almasb.fxgl.app.services.SystemBundleService
16:18:19.754 [FXGL Background Thread 3 ] DEBUG Engine               - class com.almasb.fxgl.profile.SaveLoadService
16:18:19.754 [FXGL Background Thread 3 ] DEBUG Engine               - class com.almasb.fxgl.ui.FXGLUIFactoryServiceProvider
16:18:19.754 [FXGL Background Thread 3 ] DEBUG Engine               - class com.almasb.fxgl.ui.FXGLDialogFactoryServiceProvider
16:18:19.754 [FXGL Background Thread 3 ] DEBUG Engine               - class com.almasb.fxgl.audio.AudioPlayer
16:18:19.754 [FXGL Background Thread 3 ] DEBUG Engine               - class com.almasb.fxgl.notification.impl.NotificationServiceProvider
16:18:19.754 [FXGL Background Thread 3 ] DEBUG Engine               - class com.almasb.fxgl.achievement.AchievementService
16:18:19.754 [FXGL Background Thread 3 ] DEBUG Engine               - class com.almasb.fxgl.cutscene.CutsceneService
16:18:19.754 [FXGL Background Thread 3 ] DEBUG Engine               - class com.almasb.fxgl.minigames.MiniGameService
16:18:19.754 [FXGL Background Thread 3 ] DEBUG Engine               - class com.almasb.fxgl.net.NetService
16:18:19.754 [FXGL Background Thread 3 ] DEBUG Engine               - class com.almasb.fxgl.app.services.UpdaterService
16:18:19.754 [FXGL Background Thread 3 ] DEBUG Engine               - class com.almasb.fxgl.dev.DevService
16:18:19.787 [JavaFX Application Thread] DEBUG FXGLApplication      - Exiting FXGL
16:18:19.788 [JavaFX Application Thread] DEBUG LoopRunner           - Stopping loop
16:18:19.788 [JavaFX Application Thread] DEBUG SystemBundleService  - Saving FXGL system data
16:18:19.791 [JavaFX Application Thread] DEBUG FileSystemAccess     - Writing to: C:\Users\alprn\Desktop\Kafayı Yemeden proje bitirmece\CS102PROJECT_F-NAL\system\fxgl.bundle
16:18:19.793 [JavaFX Application Thread] DEBUG Async                - Shutting down background threads
16:18:19.793 [JavaFX Application Thread] DEBUG PrimaryStageWindow   - Closing main window
16:18:19.801 [JavaFX Application Thread] DEBUG Logger               - Closing Logger
