19:43:07.195 [main                     ] DEBUG Logger               - Configured Logger
19:43:07.290 [main                     ] DEBUG GameApplication      - Logging settings
Title: Space_Game
Version: 1.0
Width: 1920
Height: 1080
Fullscreen: true
Intro: false
Profiling: true
Single step:false
App Mode: DEVELOPER
Menu Key: ESCAPE
Stage Style: DECORATED
Scene Factory: class main.spacegame.SpaceGameApp$1

19:43:08.468 [JavaFX Application Thread] DEBUG FXGLApplication      - Initializing FXGL
19:43:08.480 [JavaFX Application Thread] INFO  Engine               - FXGL-17.3 (30.03.2023 11.54) on WINDOWS (J:18.0.2.1 FX:20)
19:43:08.482 [JavaFX Application Thread] DEBUG Engine               - JRE Vendor Name: Oracle Corporation
19:43:08.483 [JavaFX Application Thread] DEBUG Engine               - Running on OS: Windows 10 version 10.0
19:43:08.483 [JavaFX Application Thread] DEBUG Engine               - Architecture: amd64
19:43:08.483 [JavaFX Application Thread] INFO  Engine               - Source code and latest versions at: https://github.com/AlmasB/FXGL
19:43:08.484 [JavaFX Application Thread] INFO  Engine               -       Ask questions and discuss at: https://github.com/AlmasB/FXGL/discussions
19:43:08.485 [JavaFX Application Thread] INFO  Engine               -              Join the FXGL chat at: https://gitter.im/AlmasB/FXGL
19:43:08.855 [JavaFX Application Thread] DEBUG PrimaryStageWindow   - Creating a JavaFX scene
19:43:08.855 [JavaFX Application Thread] DEBUG PrimaryStageWindow   - Target size > screen size
19:43:09.032 [JavaFX Application Thread] DEBUG PrimaryStageWindow   - Target settings size: 1920.0 x 1080.0
19:43:09.033 [JavaFX Application Thread] DEBUG PrimaryStageWindow   - Scaled scene size:    1511.0 x 864.0
19:43:09.034 [JavaFX Application Thread] DEBUG PrimaryStageWindow   - Scaled ratio: (0.7869791666666667, 0.8)
19:43:09.038 [JavaFX Application Thread] DEBUG PrimaryStageWindow   - Set initial scene to FXGLStartupScene
19:43:09.055 [JavaFX Application Thread] DEBUG PrimaryStageWindow   - Opening main window
19:43:09.315 [JavaFX Application Thread] DEBUG PrimaryStageWindow   - Window border size: (14.5999755859375, 37.5999755859375)
19:43:09.317 [JavaFX Application Thread] DEBUG PrimaryStageWindow   - Scaled size: 1511.0 x 864.0
19:43:09.318 [JavaFX Application Thread] DEBUG PrimaryStageWindow   - Scaled ratio: (0.7869791666666667, 0.8)
19:43:09.320 [JavaFX Application Thread] DEBUG PrimaryStageWindow   - Scene size: 1511.0 x 864.0
19:43:09.322 [JavaFX Application Thread] DEBUG PrimaryStageWindow   - Stage size: 1525.5999755859375 x 901.5999755859375
19:43:09.460 [JavaFX Application Thread] DEBUG PrimaryStageWindow   - Going fullscreen
19:43:09.499 [FXGL Background Thread 1 ] DEBUG Engine               - Initializing environment variables
19:43:09.641 [FXGL Background Thread 1 ] DEBUG FXGLAssetLoaderServi - User app class for loading assets: class main.spacegame.SpaceGameApp
19:43:09.642 [FXGL Background Thread 1 ] DEBUG GameApplicationServi - Applying CSS: fxgl_dark.css
19:43:09.645 [FXGL Background Thread 1 ] DEBUG FXGLAssetLoaderServi - Loading from file system: jar:file:/C:/Users/acer/Downloads/fxgl-17.3-uber.jar!/fxglassets/ui/css/fxgl_dark.css
19:43:09.746 [FXGL Background Thread 1 ] DEBUG GameApplicationServi - Initializing application scenes
19:43:09.841 [FXGL Background Thread 1 ] DEBUG GameWorld            - Game world initialized
19:43:09.996 [FXGL Background Thread 1 ] DEBUG PhysicsWorld         - Physics world initialized: appHeight=1080, physics.ppm=50,0
19:43:09.997 [FXGL Background Thread 1 ] DEBUG PhysicsWorld         - Using strategy: GRID_INDEXING
19:43:10.005 [FXGL Background Thread 1 ] DEBUG GameScene            - Game scene initialized: 1920x1080
19:43:10.016 [FXGL Background Thread 1 ] DEBUG FXGLAssetLoaderServi - Loading from file system: file:/C:/Users/acer/AppData/Roaming/Code/User/workspaceStorage/d4e31cc48637789aafa6fe6833a8970c/redhat.java/jdt_ws/CS102PROJECT_F-NAL-5_d3382592/bin/assets/textures/mainmenu.png
19:43:10.396 [FXGL Background Thread 1 ] DEBUG FXGLAssetLoaderServi - Loading from file system: file:/C:/Users/acer/AppData/Roaming/Code/User/workspaceStorage/d4e31cc48637789aafa6fe6833a8970c/redhat.java/jdt_ws/CS102PROJECT_F-NAL-5_d3382592/bin/assets/textures/credits.png
19:43:10.504 [FXGL Background Thread 1 ] DEBUG FXGLAssetLoaderServi - Loading from file system: file:/C:/Users/acer/AppData/Roaming/Code/User/workspaceStorage/d4e31cc48637789aafa6fe6833a8970c/redhat.java/jdt_ws/CS102PROJECT_F-NAL-5_d3382592/bin/assets/textures/gameMenu.png
19:43:10.594 [FXGL Background Thread 1 ] DEBUG GameApplicationServi - Application scenes initialized
19:43:10.620 [FXGL Background Thread 1 ] DEBUG SystemBundleService  - Loading FXGL system data
19:43:10.628 [FXGL Background Thread 1 ] DEBUG FileSystemAccess     - Reading from: C:\Users\acer\CS102PROJECT_F-NAL-5\system\fxgl.bundle
19:43:10.647 [FXGL Background Thread 1 ] DEBUG SystemBundleService  - Bundle FXGL: {}
19:43:10.647 [FXGL Background Thread 1 ] DEBUG UpdaterService       - Checking for updates
19:43:10.677 [FXGL Background Thread 4 ] DEBUG FXGLApplication      - Loading fonts
19:43:10.678 [FXGL Background Thread 4 ] DEBUG FXGLAssetLoaderServi - Loading from file system: jar:file:/C:/Users/acer/Downloads/fxgl-17.3-uber.jar!/fxglassets/ui/fonts/VarelaRound-Regular.ttf
19:43:10.679 [FXGL Background Thread 1 ] DEBUG FXGLApplication      - Loading default localization
19:43:10.692 [FXGL Background Thread 1 ] WARN  FXGLAssetLoaderServi - Asset "/assets/languages/englısh.lang" was not found!
19:43:10.694 [FXGL Background Thread 1 ] WARN  FXGLAssetLoaderServi - Failed to load PROPERTY_MAP
19:43:10.712 [FXGL Background Thread 1 ] INFO  FXGLApplication      - FXGL initialization took: 1,212 sec
19:43:10.748 [JavaFX Application Thread] DEBUG Input                - Registered new binding: action0 - V
19:43:10.750 [JavaFX Application Thread] DEBUG Input                - Registered new binding: Up - W
19:43:10.750 [JavaFX Application Thread] DEBUG Input                - Registered new binding: Down - S
19:43:10.750 [JavaFX Application Thread] DEBUG Input                - Registered new binding: Left - A
19:43:10.750 [JavaFX Application Thread] DEBUG Input                - Registered new binding: Right - D
19:43:10.754 [JavaFX Application Thread] DEBUG Input                - Registered new binding: Shoot Mouse - LMB
19:43:10.755 [JavaFX Application Thread] DEBUG Input                - Registered new binding: MouseRight - RMB
19:43:10.756 [JavaFX Application Thread] WARN  FXGLAssetLoaderServi - Asset "/assets/music/dans eden sincap ama epilepsi garantili (100).mp3" was not found!
19:43:10.757 [JavaFX Application Thread] WARN  FXGLAssetLoaderServi - Failed to load MUSIC
19:43:10.764 [JavaFX Application Thread] DEBUG AudioPlayer          - Playing music com.almasb.fxgl.audio.Music@6344ebeb
19:43:10.765 [JavaFX Application Thread] DEBUG FXGLAssetLoaderServi - Loading from file system: jar:file:/C:/Users/acer/Downloads/fxgl-17.3-uber.jar!/fxglassets/textures/fxgl_icon.png
19:43:10.809 [JavaFX Application Thread] DEBUG FXGLAssetLoaderServi - Loading from file system: jar:file:/C:/Users/acer/Downloads/fxgl-17.3-uber.jar!/fxglassets/textures/fxgl_default_cursor.png
19:43:10.815 [JavaFX Application Thread] DEBUG Input                - Registered new binding: Screenshot - CTRL+8
19:43:10.816 [JavaFX Application Thread] DEBUG Input                - Registered new binding: System info dump - CTRL+9
19:43:10.818 [JavaFX Application Thread] DEBUG Input                - Registered new binding: Restart - CTRL+R
19:43:10.820 [JavaFX Application Thread] DEBUG Input                - Registered new binding: Toggle Debug Camera - CTRL+7
19:43:10.829 [JavaFX Application Thread] DEBUG LoopRunner           - Starting loop
19:43:10.830 [JavaFX Application Thread] DEBUG LoopRunner           - Initializing JavaFX AnimationTimerLoop
19:43:10.837 [JavaFX Application Thread] DEBUG Input                - Clearing active input actions
19:43:10.859 [JavaFX Application Thread] DEBUG GameApplicationServi - Removing overlay from FXGLStartupScene and adding to FXGLMainMenuDummyScene
19:43:10.870 [JavaFX Application Thread] DEBUG PrimaryStageWindow   - FXGLStartupScene -> FXGLMainMenuDummyScene
19:43:10.870 [JavaFX Application Thread] DEBUG PrimaryStageWindow   - Push state: SpaceGameMainMenu
19:43:10.871 [JavaFX Application Thread] DEBUG Input                - Clearing active input actions
19:43:10.887 [JavaFX Application Thread] DEBUG GameApplicationServi - Removing overlay from FXGLMainMenuDummyScene and adding to SpaceGameMainMenu
19:43:10.887 [FXGL Background Thread 4 ] DEBUG FXGLAssetLoaderServi - Loading from file system: jar:file:/C:/Users/acer/Downloads/fxgl-17.3-uber.jar!/fxglassets/ui/fonts/Abel-Regular.ttf
19:43:10.896 [FXGL Background Thread 4 ] DEBUG FXGLAssetLoaderServi - Loading from file system: jar:file:/C:/Users/acer/Downloads/fxgl-17.3-uber.jar!/fxglassets/ui/fonts/TerminalLandMono-Regular.otf
19:43:10.904 [FXGL Background Thread 4 ] DEBUG FXGLAssetLoaderServi - Loading from file system: jar:file:/C:/Users/acer/Downloads/fxgl-17.3-uber.jar!/fxglassets/ui/fonts/Courier-Prime.ttf
19:43:10.920 [JavaFX Application Thread] DEBUG PrimaryStageWindow   - FXGLMainMenuDummyScene -> SpaceGameMainMenu
19:43:11.044 [JavaFX Application Thread] DEBUG FXGLApplication      - Registering font factories with UI factory
19:43:13.674 [FXGL Background Thread 3 ] DEBUG Engine               - Logging environment variables
19:43:13.676 [FXGL Background Thread 3 ] DEBUG Engine               - achievements: []
19:43:13.676 [FXGL Background Thread 3 ] DEBUG Engine               - actualHeight: 864.0
19:43:13.677 [FXGL Background Thread 3 ] DEBUG Engine               - actualHeightProperty: ReadOnlyDoubleProperty [value: 864.0]
19:43:13.677 [FXGL Background Thread 3 ] DEBUG Engine               - actualWidth: 1536.0
19:43:13.677 [FXGL Background Thread 3 ] DEBUG Engine               - actualWidthProperty: ReadOnlyDoubleProperty [value: 1536.0]
19:43:13.677 [FXGL Background Thread 3 ] DEBUG Engine               - appIcon: fxgl_icon.png
19:43:13.677 [FXGL Background Thread 3 ] DEBUG Engine               - applicationMode: DEVELOPER
19:43:13.677 [FXGL Background Thread 3 ] DEBUG Engine               - cSSList: [fxgl_dark.css]
19:43:13.677 [FXGL Background Thread 3 ] DEBUG Engine               - collisionDetectionStrategy: GRID_INDEXING
19:43:13.678 [FXGL Background Thread 3 ] DEBUG Engine               - configClass: Optional.empty
19:43:13.678 [FXGL Background Thread 3 ] DEBUG Engine               - credits: []
19:43:13.682 [FXGL Background Thread 3 ] DEBUG Engine               - defaultCursor: CursorInfo(imageName=fxgl_default_cursor.png, hotspotX=7.0, hotspotY=6.0)
19:43:13.682 [FXGL Background Thread 3 ] DEBUG Engine               - devBBoxColorProperty: ObjectProperty [value: 0xff0000ff]
19:43:13.683 [FXGL Background Thread 3 ] DEBUG Engine               - devEnableDebugCameraProperty: BooleanProperty [value: false]
19:43:13.683 [FXGL Background Thread 3 ] DEBUG Engine               - devSensorColorProperty: ObjectProperty [value: 0xffff00ff]
19:43:13.683 [FXGL Background Thread 3 ] DEBUG Engine               - devShowBBoxProperty: BooleanProperty [value: false]
19:43:13.683 [FXGL Background Thread 3 ] DEBUG Engine               - devShowPositionProperty: BooleanProperty [value: false]
19:43:13.683 [FXGL Background Thread 3 ] DEBUG Engine               - enabledMenuItems: []
19:43:13.684 [FXGL Background Thread 3 ] DEBUG Engine               - engineServices: [class com.almasb.fxgl.app.services.FXGLAssetLoaderService, class com.almasb.fxgl.app.FXGLApplication$GameApplicationService, class com.almasb.fxgl.app.services.FXGLDialogService, class com.almasb.fxgl.app.services.IOTaskExecutorService, class com.almasb.fxgl.io.FileSystemService, class com.almasb.fxgl.localization.LocalizationService, class com.almasb.fxgl.app.services.SystemBundleService, class com.almasb.fxgl.profile.SaveLoadService, class com.almasb.fxgl.ui.FXGLUIFactoryServiceProvider, class com.almasb.fxgl.ui.FXGLDialogFactoryServiceProvider, class com.almasb.fxgl.audio.AudioPlayer, class com.almasb.fxgl.notification.impl.NotificationServiceProvider, class com.almasb.fxgl.achievement.AchievementService, class com.almasb.fxgl.cutscene.CutsceneService, class com.almasb.fxgl.minigames.MiniGameService, class com.almasb.fxgl.net.NetService, class com.almasb.fxgl.app.services.UpdaterService, class com.almasb.fxgl.dev.DevService, class main.spacegame.service.HighScoreService, class main.spacegame.level.LevelService, class com.almasb.fxgl.dev.profiling.ProfilerService]
19:43:13.684 [FXGL Background Thread 3 ] DEBUG Engine               - fontGame: Abel-Regular.ttf
19:43:13.684 [FXGL Background Thread 3 ] DEBUG Engine               - fontMono: TerminalLandMono-Regular.otf
19:43:13.684 [FXGL Background Thread 3 ] DEBUG Engine               - fontSizeScaleUI: 1.0
19:43:13.684 [FXGL Background Thread 3 ] DEBUG Engine               - fontText: Courier-Prime.ttf
19:43:13.684 [FXGL Background Thread 3 ] DEBUG Engine               - fontUI: VarelaRound-Regular.ttf
19:43:13.684 [FXGL Background Thread 3 ] DEBUG Engine               - fullScreen: BooleanProperty [value: true]
19:43:13.685 [FXGL Background Thread 3 ] DEBUG Engine               - gameDifficulty: MEDIUM
19:43:13.685 [FXGL Background Thread 3 ] DEBUG Engine               - gameDifficultyProperty: ObjectProperty [value: MEDIUM]
19:43:13.685 [FXGL Background Thread 3 ] DEBUG Engine               - globalMusicVolume: 0.5
19:43:13.685 [FXGL Background Thread 3 ] DEBUG Engine               - globalMusicVolumeProperty: DoubleProperty [value: 0.7]
19:43:13.685 [FXGL Background Thread 3 ] DEBUG Engine               - globalSoundVolume: 0.5
19:43:13.686 [FXGL Background Thread 3 ] DEBUG Engine               - globalSoundVolumeProperty: DoubleProperty [value: 0.7]
19:43:13.686 [FXGL Background Thread 3 ] DEBUG Engine               - height: 1080
19:43:13.686 [FXGL Background Thread 3 ] DEBUG Engine               - is3D: false
19:43:13.686 [FXGL Background Thread 3 ] DEBUG Engine               - isAndroid: false
19:43:13.686 [FXGL Background Thread 3 ] DEBUG Engine               - isBrowser: false
19:43:13.686 [FXGL Background Thread 3 ] DEBUG Engine               - isClickFeedbackEnabled: false
19:43:13.686 [FXGL Background Thread 3 ] DEBUG Engine               - isCloseConfirmation: false
19:43:13.686 [FXGL Background Thread 3 ] DEBUG Engine               - isDesktop: true
19:43:13.686 [FXGL Background Thread 3 ] DEBUG Engine               - isDeveloperMenuEnabled: false
19:43:13.687 [FXGL Background Thread 3 ] DEBUG Engine               - isEmbedded: false
19:43:13.687 [FXGL Background Thread 3 ] DEBUG Engine               - isEntityPreloadEnabled: true
19:43:13.687 [FXGL Background Thread 3 ] DEBUG Engine               - isExperimentalTiledLargeMap: false
19:43:13.687 [FXGL Background Thread 3 ] DEBUG Engine               - isFileSystemWriteAllowed: true
19:43:13.687 [FXGL Background Thread 3 ] DEBUG Engine               - isFullScreenAllowed: true
19:43:13.687 [FXGL Background Thread 3 ] DEBUG Engine               - isFullScreenFromStart: true
19:43:13.687 [FXGL Background Thread 3 ] DEBUG Engine               - isGameMenuEnabled: true
19:43:13.687 [FXGL Background Thread 3 ] DEBUG Engine               - isIOS: false
19:43:13.688 [FXGL Background Thread 3 ] DEBUG Engine               - isIntroEnabled: false
19:43:13.688 [FXGL Background Thread 3 ] DEBUG Engine               - isLinux: false
19:43:13.688 [FXGL Background Thread 3 ] DEBUG Engine               - isMac: false
19:43:13.688 [FXGL Background Thread 3 ] DEBUG Engine               - isMainMenuEnabled: true
19:43:13.688 [FXGL Background Thread 3 ] DEBUG Engine               - isManualResizeEnabled: false
19:43:13.688 [FXGL Background Thread 3 ] DEBUG Engine               - isMobile: false
19:43:13.689 [FXGL Background Thread 3 ] DEBUG Engine               - isNative: false
19:43:13.689 [FXGL Background Thread 3 ] DEBUG Engine               - isPauseMusicWhenMinimized: true
19:43:13.689 [FXGL Background Thread 3 ] DEBUG Engine               - isPreserveResizeRatio: false
19:43:13.689 [FXGL Background Thread 3 ] DEBUG Engine               - isProfilingEnabled: true
19:43:13.689 [FXGL Background Thread 3 ] DEBUG Engine               - isScaleAffectedOnResize: true
19:43:13.689 [FXGL Background Thread 3 ] DEBUG Engine               - isSingleStep: false
19:43:13.689 [FXGL Background Thread 3 ] DEBUG Engine               - isUserProfileEnabled: false
19:43:13.690 [FXGL Background Thread 3 ] DEBUG Engine               - isWindows: true
19:43:13.690 [FXGL Background Thread 3 ] DEBUG Engine               - language: ObjectProperty [value: ENGLISH]
19:43:13.690 [FXGL Background Thread 3 ] DEBUG Engine               - menuKey: ESCAPE
19:43:13.690 [FXGL Background Thread 3 ] DEBUG Engine               - mouseSensitivity: 0.2
19:43:13.690 [FXGL Background Thread 3 ] DEBUG Engine               - notificationViewClass: class com.almasb.fxgl.notification.view.XboxNotificationView
19:43:13.690 [FXGL Background Thread 3 ] DEBUG Engine               - pixelsPerMeter: 50.0
19:43:13.690 [FXGL Background Thread 3 ] DEBUG Engine               - platform: WINDOWS
19:43:13.691 [FXGL Background Thread 3 ] DEBUG Engine               - prefHeightProperty: ReadOnlyDoubleProperty [value: 1080.0]
19:43:13.691 [FXGL Background Thread 3 ] DEBUG Engine               - prefWidthProperty: ReadOnlyDoubleProperty [value: 1920.0]
19:43:13.691 [FXGL Background Thread 3 ] DEBUG Engine               - profileDir: profiles/
19:43:13.691 [FXGL Background Thread 3 ] DEBUG Engine               - profileName: StringProperty [value: DEFAULT]
19:43:13.691 [FXGL Background Thread 3 ] DEBUG Engine               - randomSeed: -1
19:43:13.692 [FXGL Background Thread 3 ] DEBUG Engine               - runtimeInfo: RuntimeInfo(platform=WINDOWS, version=17.3, build=30.03.2023 11.54)
19:43:13.692 [FXGL Background Thread 3 ] DEBUG Engine               - saveFileExt: sav
19:43:13.692 [FXGL Background Thread 3 ] DEBUG Engine               - scaledHeightProp$fxgl: DoubleProperty [bound, value: 864.0]
19:43:13.692 [FXGL Background Thread 3 ] DEBUG Engine               - scaledWidthProp$fxgl: DoubleProperty [bound, value: 1536.0]
19:43:13.693 [FXGL Background Thread 3 ] DEBUG Engine               - sceneFactory: main.spacegame.SpaceGameApp$1@65d55b9e
19:43:13.693 [FXGL Background Thread 3 ] DEBUG Engine               - secondsIn24h: 60
19:43:13.693 [FXGL Background Thread 3 ] DEBUG Engine               - soundMenuBack: menu/back.wav
19:43:13.693 [FXGL Background Thread 3 ] DEBUG Engine               - soundMenuPress: menu/press.wav
19:43:13.693 [FXGL Background Thread 3 ] DEBUG Engine               - soundMenuSelect: menu/select.wav
19:43:13.693 [FXGL Background Thread 3 ] DEBUG Engine               - soundNotification: core/notification.wav
19:43:13.693 [FXGL Background Thread 3 ] DEBUG Engine               - stageStyle: DECORATED
19:43:13.694 [FXGL Background Thread 3 ] DEBUG Engine               - supportedLanguages: [ENGLISH, FRENCH, GERMAN, HUNGARIAN, RUSSIAN]
19:43:13.694 [FXGL Background Thread 3 ] DEBUG Engine               - ticksPerSecond: -1
19:43:13.694 [FXGL Background Thread 3 ] DEBUG Engine               - title: Space_Game
19:43:13.694 [FXGL Background Thread 3 ] DEBUG Engine               - urlGithub: https://github.com/AlmasB/FXGL
19:43:13.694 [FXGL Background Thread 3 ] DEBUG Engine               - urlLeaderboard: http://fxgl-top.herokuapp.com/
19:43:13.694 [FXGL Background Thread 3 ] DEBUG Engine               - urlPOM: https://raw.githubusercontent.com/AlmasB/FXGL/release/README.md
19:43:13.694 [FXGL Background Thread 3 ] DEBUG Engine               - userAppClass: class main.spacegame.SpaceGameApp
19:43:13.694 [FXGL Background Thread 3 ] DEBUG Engine               - version: 1.0
19:43:13.695 [FXGL Background Thread 3 ] DEBUG Engine               - versionCheckDays: 7
19:43:13.695 [FXGL Background Thread 3 ] DEBUG Engine               - width: 1920
19:43:13.695 [FXGL Background Thread 3 ] DEBUG Engine               - Logging services
19:43:13.695 [FXGL Background Thread 3 ] DEBUG Engine               - class com.almasb.fxgl.app.services.FXGLAssetLoaderService
19:43:13.695 [FXGL Background Thread 3 ] DEBUG Engine               - class com.almasb.fxgl.app.FXGLApplication$GameApplicationService
19:43:13.695 [FXGL Background Thread 3 ] DEBUG Engine               - class com.almasb.fxgl.app.services.FXGLDialogService
19:43:13.695 [FXGL Background Thread 3 ] DEBUG Engine               - class com.almasb.fxgl.app.services.IOTaskExecutorService
19:43:13.696 [FXGL Background Thread 3 ] DEBUG Engine               - class com.almasb.fxgl.io.FileSystemService
19:43:13.696 [FXGL Background Thread 3 ] DEBUG Engine               - class com.almasb.fxgl.localization.LocalizationService
19:43:13.696 [FXGL Background Thread 3 ] DEBUG Engine               - class com.almasb.fxgl.app.services.SystemBundleService
19:43:13.696 [FXGL Background Thread 3 ] DEBUG Engine               - class com.almasb.fxgl.profile.SaveLoadService
19:43:13.696 [FXGL Background Thread 3 ] DEBUG Engine               - class com.almasb.fxgl.ui.FXGLUIFactoryServiceProvider
19:43:13.696 [FXGL Background Thread 3 ] DEBUG Engine               - class com.almasb.fxgl.ui.FXGLDialogFactoryServiceProvider
19:43:13.696 [FXGL Background Thread 3 ] DEBUG Engine               - class com.almasb.fxgl.audio.AudioPlayer
19:43:13.696 [FXGL Background Thread 3 ] DEBUG Engine               - class com.almasb.fxgl.notification.impl.NotificationServiceProvider
19:43:13.696 [FXGL Background Thread 3 ] DEBUG Engine               - class com.almasb.fxgl.achievement.AchievementService
19:43:13.696 [FXGL Background Thread 3 ] DEBUG Engine               - class com.almasb.fxgl.cutscene.CutsceneService
19:43:13.697 [FXGL Background Thread 3 ] DEBUG Engine               - class com.almasb.fxgl.minigames.MiniGameService
19:43:13.697 [FXGL Background Thread 3 ] DEBUG Engine               - class com.almasb.fxgl.net.NetService
19:43:13.697 [FXGL Background Thread 3 ] DEBUG Engine               - class com.almasb.fxgl.app.services.UpdaterService
19:43:13.697 [FXGL Background Thread 3 ] DEBUG Engine               - class com.almasb.fxgl.dev.DevService
19:43:13.697 [FXGL Background Thread 3 ] DEBUG Engine               - class main.spacegame.service.HighScoreService
19:43:13.697 [FXGL Background Thread 3 ] DEBUG Engine               - class main.spacegame.level.LevelService
19:43:13.697 [FXGL Background Thread 3 ] DEBUG Engine               - class com.almasb.fxgl.dev.profiling.ProfilerService
19:43:13.964 [JavaFX Application Thread] DEBUG Menu                 - fireNewGame()
19:43:13.964 [JavaFX Application Thread] DEBUG GameApplicationServi - Starting new game
19:43:13.965 [JavaFX Application Thread] DEBUG PrimaryStageWindow   - Pop state: SpaceGameMainMenu
19:43:13.965 [JavaFX Application Thread] DEBUG Input                - Clearing active input actions
19:43:13.967 [JavaFX Application Thread] DEBUG GameApplicationServi - Removing overlay from SpaceGameMainMenu and adding to FXGLMainMenuDummyScene
19:43:13.969 [JavaFX Application Thread] DEBUG PrimaryStageWindow   - FXGLMainMenuDummyScene <- SpaceGameMainMenu
19:43:13.970 [JavaFX Application Thread] DEBUG Input                - Clearing active input actions
19:43:13.989 [JavaFX Application Thread] DEBUG GameApplicationServi - Removing overlay from FXGLMainMenuDummyScene and adding to FXGLLoadingScene
19:43:13.993 [JavaFX Application Thread] DEBUG PrimaryStageWindow   - FXGLMainMenuDummyScene -> FXGLLoadingScene
19:43:13.993 [JavaFX Application Thread] DEBUG GameApplicationServi - Clearing previous game
19:43:13.993 [JavaFX Application Thread] DEBUG GameScene            - Clearing game scene
19:43:13.994 [JavaFX Application Thread] DEBUG GameWorld            - Clearing game world
19:43:13.994 [JavaFX Application Thread] DEBUG PhysicsWorld         - Clearing physics world
19:43:13.998 [FXGL Background Thread 2 ] DEBUG FXGLApplication      - Initializing game
19:43:14.017 [FXGL Background Thread 2 ] DEBUG FXGLAssetLoaderServi - Loading from file system: file:/C:/Users/acer/AppData/Roaming/Code/User/workspaceStorage/d4e31cc48637789aafa6fe6833a8970c/redhat.java/jdt_ws/CS102PROJECT_F-NAL-5_d3382592/bin/assets/textures/Bomb.png
19:43:14.020 [FXGL Background Thread 2 ] DEBUG FXGLAssetLoaderServi - Loading from file system: file:/C:/Users/acer/AppData/Roaming/Code/User/workspaceStorage/d4e31cc48637789aafa6fe6833a8970c/redhat.java/jdt_ws/CS102PROJECT_F-NAL-5_d3382592/bin/assets/textures/Bullet.png
19:43:14.039 [FXGL Background Thread 2 ] DEBUG FXGLAssetLoaderServi - Loading from file system: file:/C:/Users/acer/AppData/Roaming/Code/User/workspaceStorage/d4e31cc48637789aafa6fe6833a8970c/redhat.java/jdt_ws/CS102PROJECT_F-NAL-5_d3382592/bin/assets/textures/WingedAlien.png
19:43:14.045 [FXGL Background Thread 2 ] DEBUG FXGLAssetLoaderServi - Loading from file system: file:/C:/Users/acer/AppData/Roaming/Code/User/workspaceStorage/d4e31cc48637789aafa6fe6833a8970c/redhat.java/jdt_ws/CS102PROJECT_F-NAL-5_d3382592/bin/assets/textures/Bomber.png
19:43:14.052 [FXGL Background Thread 2 ] DEBUG FXGLAssetLoaderServi - Loading from file system: file:/C:/Users/acer/AppData/Roaming/Code/User/workspaceStorage/d4e31cc48637789aafa6fe6833a8970c/redhat.java/jdt_ws/CS102PROJECT_F-NAL-5_d3382592/bin/assets/textures/Boss.png
19:43:14.106 [FXGL Background Thread 2 ] DEBUG FXGLAssetLoaderServi - Loading from file system: file:/C:/Users/acer/AppData/Roaming/Code/User/workspaceStorage/d4e31cc48637789aafa6fe6833a8970c/redhat.java/jdt_ws/CS102PROJECT_F-NAL-5_d3382592/bin/assets/textures/AmongUs.png
19:43:14.153 [FXGL Background Thread 2 ] DEBUG FXGLAssetLoaderServi - Loading from file system: file:/C:/Users/acer/AppData/Roaming/Code/User/workspaceStorage/d4e31cc48637789aafa6fe6833a8970c/redhat.java/jdt_ws/CS102PROJECT_F-NAL-5_d3382592/bin/assets/textures/background/bg_0.png
19:43:14.642 [FXGL Background Thread 2 ] DEBUG FXGLAssetLoaderServi - Loading from file system: file:/C:/Users/acer/AppData/Roaming/Code/User/workspaceStorage/d4e31cc48637789aafa6fe6833a8970c/redhat.java/jdt_ws/CS102PROJECT_F-NAL-5_d3382592/bin/assets/textures/front.png
19:43:14.835 [FXGL Background Thread 2 ] DEBUG FXGLAssetLoaderServi - Loading from file system: file:/C:/Users/acer/AppData/Roaming/Code/User/workspaceStorage/d4e31cc48637789aafa6fe6833a8970c/redhat.java/jdt_ws/CS102PROJECT_F-NAL-5_d3382592/bin/assets/textures/front.png
19:43:14.848 [FXGL Background Thread 2 ] INFO  FXGLApplication      - Game initialization took: 0,850 sec
19:43:14.862 [JavaFX Application Thread] DEBUG Input                - Clearing active input actions
19:43:14.883 [JavaFX Application Thread] DEBUG GameApplicationServi - Removing overlay from FXGLLoadingScene and adding to GameScene
19:43:14.885 [JavaFX Application Thread] DEBUG PrimaryStageWindow   - FXGLLoadingScene -> GameScene
19:43:20.485 [JavaFX Application Thread] DEBUG FXGLAssetLoaderServi - Loading from file system: file:/C:/Users/acer/AppData/Roaming/Code/User/workspaceStorage/d4e31cc48637789aafa6fe6833a8970c/redhat.java/jdt_ws/CS102PROJECT_F-NAL-5_d3382592/bin/assets/sounds/shoot4.wav
19:43:21.205 [JavaFX Application Thread] DEBUG FXGLAssetLoaderServi - Loading from file system: file:/C:/Users/acer/AppData/Roaming/Code/User/workspaceStorage/d4e31cc48637789aafa6fe6833a8970c/redhat.java/jdt_ws/CS102PROJECT_F-NAL-5_d3382592/bin/assets/sounds/shoot2.wav
19:43:23.060 [JavaFX Application Thread] DEBUG FXGLAssetLoaderServi - Loading from file system: file:/C:/Users/acer/AppData/Roaming/Code/User/workspaceStorage/d4e31cc48637789aafa6fe6833a8970c/redhat.java/jdt_ws/CS102PROJECT_F-NAL-5_d3382592/bin/assets/sounds/shoot3.wav
19:43:23.190 [JavaFX Application Thread] DEBUG FXGLAssetLoaderServi - Loading from file system: file:/C:/Users/acer/AppData/Roaming/Code/User/workspaceStorage/d4e31cc48637789aafa6fe6833a8970c/redhat.java/jdt_ws/CS102PROJECT_F-NAL-5_d3382592/bin/assets/sounds/shoot1.wav
19:43:29.621 [JavaFX Application Thread] DEBUG LoopRunner           - Stopping loop
19:43:29.625 [JavaFX Application Thread] FATAL FXGLApplication      - Uncaught Exception:
java.lang.IndexOutOfBoundsException: Index: 0, Size: 0
	at com.almasb.fxgl.core.collection.Array.checkRange(Array.java:612)
	at com.almasb.fxgl.core.collection.Array.get(Array.java:165)
	at main.spacegame.level.Level.onUpdate(Level.java:52)
	at main.spacegame.level.LevelService.onGameUpdate(LevelService.java:29)
	at com.almasb.fxgl.app.Engine.onGameUpdate(Engine.kt:138)
	at com.almasb.fxgl.app.FXGLApplication.postServicesInit$lambda$7(FXGLApplication.kt:182)
	at com.almasb.fxgl.scene.Scene.update(Scene.kt:113)
	at com.almasb.fxgl.app.MainWindow$update$1.invoke(MainWindow.kt:115)
	at com.almasb.fxgl.app.MainWindow$update$1.invoke(MainWindow.kt:115)
	at com.almasb.fxgl.core.fsm.StateMachine.runOnActiveStates(StateMachine.kt:69)
	at com.almasb.fxgl.app.MainWindow.update(MainWindow.kt:115)
	at com.almasb.fxgl.app.FXGLApplication$GameApplicationService.onUpdate(FXGLApplication.kt:426)
	at com.almasb.fxgl.app.Engine.loop(Engine.kt:134)
	at com.almasb.fxgl.app.Engine.access$loop(Engine.kt:24)
	at com.almasb.fxgl.app.Engine$loop$1.invoke(Engine.kt:28)
	at com.almasb.fxgl.app.Engine$loop$1.invoke(Engine.kt:28)
	at com.almasb.fxgl.app.LoopRunner.frame(LoopRunner.kt:103)
	at com.almasb.fxgl.app.LoopRunner.access$frame(LoopRunner.kt:23)
	at com.almasb.fxgl.app.LoopRunner$impl$2$1.onTick(LoopRunner.kt:57)
	at com.almasb.fxgl.app.AnimationTimerLoop$timer$1.handle(LoopRunner.kt:137)
	at javafx.animation.AnimationTimer$AnimationTimerReceiver.lambda$handle$0(AnimationTimer.java:58)
	at java.base/java.security.AccessController.doPrivileged(AccessController.java:399)
	at javafx.animation.AnimationTimer$AnimationTimerReceiver.handle(AnimationTimer.java:57)
	at com.sun.scenario.animation.AbstractPrimaryTimer.timePulseImpl(AbstractPrimaryTimer.java:356)
	at com.sun.scenario.animation.AbstractPrimaryTimer$MainLoop.run(AbstractPrimaryTimer.java:266)
	at com.sun.javafx.tk.quantum.QuantumToolkit.pulse(QuantumToolkit.java:588)
	at com.sun.javafx.tk.quantum.QuantumToolkit.pulse(QuantumToolkit.java:572)
	at com.sun.javafx.tk.quantum.QuantumToolkit.pulseFromQueue(QuantumToolkit.java:565)
	at com.sun.javafx.tk.quantum.QuantumToolkit.lambda$runToolkit$11(QuantumToolkit.java:352)
	at com.sun.glass.ui.InvokeLaterDispatcher$Future.run(InvokeLaterDispatcher.java:95)
	at com.sun.glass.ui.win.WinApplication._runLoop(Native Method)
	at com.sun.glass.ui.win.WinApplication.lambda$runLoop$3(WinApplication.java:185)
	at java.base/java.lang.Thread.run(Thread.java:833)

19:43:29.639 [JavaFX Application Thread] FATAL FXGLApplication      - Application will now exit
19:43:29.743 [JavaFX Application Thread] DEBUG PrimaryStageWindow   - Push state: ErrorSubScene
19:43:29.743 [JavaFX Application Thread] DEBUG Input                - Clearing active input actions
19:43:29.758 [JavaFX Application Thread] DEBUG GameApplicationServi - Removing overlay from GameScene and adding to ErrorSubScene
19:43:29.758 [JavaFX Application Thread] DEBUG PrimaryStageWindow   - GameScene -> ErrorSubScene
19:44:43.715 [JavaFX Application Thread] DEBUG FXGLApplication      - Exiting FXGL
19:44:43.715 [JavaFX Application Thread] DEBUG Async                - Shutting down background threads
19:44:43.715 [JavaFX Application Thread] DEBUG PrimaryStageWindow   - Closing main window
19:44:43.760 [JavaFX Application Thread] DEBUG Logger               - Closing Logger
